[0.675s] Invoking command in '/home/meric/f1tenth_ws_mpc_emergency/build/waypoint_generator': CMAKE_PREFIX_PATH=${CMAKE_PREFIX_PATH}:/home/meric/f1tenth_ws_mpc_emergency/install/f1tenth_stack:/home/meric/f1tenth_ws_mpc_emergency/install/joy_teleop:/home/meric/f1tenth_ws_mpc_emergency/install/stanley2_avoidance:/home/meric/f1tenth_ws_mpc_emergency/install/simple_teleop:/home/meric/f1tenth_ws_mpc_emergency/install/particle_filter:/home/meric/f1tenth_ws_mpc_emergency/install/mouse_teleop:/home/meric/f1tenth_ws_mpc_emergency/install/key_teleop:/opt/ros/foxy /snap/bin/cmake --build /home/meric/f1tenth_ws_mpc_emergency/build/waypoint_generator -- -j6 -l6
[0.808s] 2025/10/25 14:58:15.837425 cmd_run.go:1398: WARNING: cannot create user data directory: failed to verify SELinux context of /home/meric/snap: cannot locate "matchpathcon" executable
[0.890s] [ 50%] Built target waypoint_visualizer
[0.897s] [100%] Built target waypoint_generator
[0.929s] Invoked command in '/home/meric/f1tenth_ws_mpc_emergency/build/waypoint_generator' returned '0': CMAKE_PREFIX_PATH=${CMAKE_PREFIX_PATH}:/home/meric/f1tenth_ws_mpc_emergency/install/f1tenth_stack:/home/meric/f1tenth_ws_mpc_emergency/install/joy_teleop:/home/meric/f1tenth_ws_mpc_emergency/install/stanley2_avoidance:/home/meric/f1tenth_ws_mpc_emergency/install/simple_teleop:/home/meric/f1tenth_ws_mpc_emergency/install/particle_filter:/home/meric/f1tenth_ws_mpc_emergency/install/mouse_teleop:/home/meric/f1tenth_ws_mpc_emergency/install/key_teleop:/opt/ros/foxy /snap/bin/cmake --build /home/meric/f1tenth_ws_mpc_emergency/build/waypoint_generator -- -j6 -l6
[0.935s] Invoking command in '/home/meric/f1tenth_ws_mpc_emergency/build/waypoint_generator': CMAKE_PREFIX_PATH=${CMAKE_PREFIX_PATH}:/home/meric/f1tenth_ws_mpc_emergency/install/f1tenth_stack:/home/meric/f1tenth_ws_mpc_emergency/install/joy_teleop:/home/meric/f1tenth_ws_mpc_emergency/install/stanley2_avoidance:/home/meric/f1tenth_ws_mpc_emergency/install/simple_teleop:/home/meric/f1tenth_ws_mpc_emergency/install/particle_filter:/home/meric/f1tenth_ws_mpc_emergency/install/mouse_teleop:/home/meric/f1tenth_ws_mpc_emergency/install/key_teleop:/opt/ros/foxy /snap/bin/cmake --build /home/meric/f1tenth_ws_mpc_emergency/build/waypoint_generator --target install -- -j6 -l6
[1.057s] 2025/10/25 14:58:16.087107 cmd_run.go:1398: WARNING: cannot create user data directory: failed to verify SELinux context of /home/meric/snap: cannot locate "matchpathcon" executable
[1.138s] [100%] Built target waypoint_visualizer
[1.138s] [100%] Built target waypoint_generator
[1.150s] [36mInstall the project...[0m
[1.154s] -- Install configuration: ""
[1.155s] -- Up-to-date: /home/meric/f1tenth_ws_mpc_emergency/install/waypoint_generator/lib/waypoint_generator/waypoint_generator
[1.156s] -- Up-to-date: /home/meric/f1tenth_ws_mpc_emergency/install/waypoint_generator/lib/waypoint_generator/waypoint_visualizer
[1.157s] -- Up-to-date: /home/meric/f1tenth_ws_mpc_emergency/install/waypoint_generator/share/ament_index/resource_index/package_run_dependencies/waypoint_generator
[1.158s] -- Up-to-date: /home/meric/f1tenth_ws_mpc_emergency/install/waypoint_generator/share/ament_index/resource_index/parent_prefix_path/waypoint_generator
[1.158s] -- Up-to-date: /home/meric/f1tenth_ws_mpc_emergency/install/waypoint_generator/share/waypoint_generator/environment/ament_prefix_path.sh
[1.158s] -- Up-to-date: /home/meric/f1tenth_ws_mpc_emergency/install/waypoint_generator/share/waypoint_generator/environment/ament_prefix_path.dsv
[1.158s] -- Up-to-date: /home/meric/f1tenth_ws_mpc_emergency/install/waypoint_generator/share/waypoint_generator/environment/path.sh
[1.159s] -- Up-to-date: /home/meric/f1tenth_ws_mpc_emergency/install/waypoint_generator/share/waypoint_generator/environment/path.dsv
[1.159s] -- Up-to-date: /home/meric/f1tenth_ws_mpc_emergency/install/waypoint_generator/share/waypoint_generator/local_setup.bash
[1.160s] -- Up-to-date: /home/meric/f1tenth_ws_mpc_emergency/install/waypoint_generator/share/waypoint_generator/local_setup.sh
[1.161s] -- Up-to-date: /home/meric/f1tenth_ws_mpc_emergency/install/waypoint_generator/share/waypoint_generator/local_setup.zsh
[1.161s] -- Up-to-date: /home/meric/f1tenth_ws_mpc_emergency/install/waypoint_generator/share/waypoint_generator/local_setup.dsv
[1.161s] -- Installing: /home/meric/f1tenth_ws_mpc_emergency/install/waypoint_generator/share/waypoint_generator/package.dsv
[1.162s] -- Up-to-date: /home/meric/f1tenth_ws_mpc_emergency/install/waypoint_generator/share/ament_index/resource_index/packages/waypoint_generator
[1.162s] -- Up-to-date: /home/meric/f1tenth_ws_mpc_emergency/install/waypoint_generator/share/waypoint_generator/cmake/waypoint_generatorConfig.cmake
[1.162s] -- Up-to-date: /home/meric/f1tenth_ws_mpc_emergency/install/waypoint_generator/share/waypoint_generator/cmake/waypoint_generatorConfig-version.cmake
[1.162s] -- Up-to-date: /home/meric/f1tenth_ws_mpc_emergency/install/waypoint_generator/share/waypoint_generator/package.xml
[1.171s] Invoked command in '/home/meric/f1tenth_ws_mpc_emergency/build/waypoint_generator' returned '0': CMAKE_PREFIX_PATH=${CMAKE_PREFIX_PATH}:/home/meric/f1tenth_ws_mpc_emergency/install/f1tenth_stack:/home/meric/f1tenth_ws_mpc_emergency/install/joy_teleop:/home/meric/f1tenth_ws_mpc_emergency/install/stanley2_avoidance:/home/meric/f1tenth_ws_mpc_emergency/install/simple_teleop:/home/meric/f1tenth_ws_mpc_emergency/install/particle_filter:/home/meric/f1tenth_ws_mpc_emergency/install/mouse_teleop:/home/meric/f1tenth_ws_mpc_emergency/install/key_teleop:/opt/ros/foxy /snap/bin/cmake --build /home/meric/f1tenth_ws_mpc_emergency/build/waypoint_generator --target install -- -j6 -l6
