[3.000s] Invoking command in '/home/meric/f1tenth_ws_mpc_emergency/src/f1tenth_system/teleop_tools/mouse_teleop': PS1=\[\e]0;\u@\h: \w\a\]${debian_chroot:+($debian_chroot)}\[\033[01;32m\]\u@\h\[\033[00m\]:\[\033[01;34m\]\w\[\033[00m\]\$ PYTHONPATH=/home/meric/f1tenth_ws_mpc_emergency/build/mouse_teleop/prefix_override:/usr/lib/python3/dist-packages/colcon_core/task/python/colcon_distutils_commands:/home/meric/f1tenth_ws_mpc_emergency/install/mouse_teleop/lib/python3.8/site-packages:${PYTHONPATH} /usr/bin/python3 -W ignore:setup.py install is deprecated -W ignore:easy_install command is deprecated setup.py egg_info --egg-base ../../../../build/mouse_teleop build --build-base /home/meric/f1tenth_ws_mpc_emergency/build/mouse_teleop/build install --record /home/meric/f1tenth_ws_mpc_emergency/build/mouse_teleop/install.log --install-scripts $base/lib/mouse_teleop --single-version-externally-managed install_data
[3.624s] running egg_info
[3.624s] creating ../../../../build/mouse_teleop/mouse_teleop.egg-info
[3.624s] writing ../../../../build/mouse_teleop/mouse_teleop.egg-info/PKG-INFO
[3.624s] writing dependency_links to ../../../../build/mouse_teleop/mouse_teleop.egg-info/dependency_links.txt
[3.625s] writing entry points to ../../../../build/mouse_teleop/mouse_teleop.egg-info/entry_points.txt
[3.625s] writing requirements to ../../../../build/mouse_teleop/mouse_teleop.egg-info/requires.txt
[3.625s] writing top-level names to ../../../../build/mouse_teleop/mouse_teleop.egg-info/top_level.txt
[3.628s] writing manifest file '../../../../build/mouse_teleop/mouse_teleop.egg-info/SOURCES.txt'
[3.710s] reading manifest file '../../../../build/mouse_teleop/mouse_teleop.egg-info/SOURCES.txt'
[3.711s] writing manifest file '../../../../build/mouse_teleop/mouse_teleop.egg-info/SOURCES.txt'
[3.711s] running build
[3.711s] running build_py
[3.711s] creating /home/meric/f1tenth_ws_mpc_emergency/build/mouse_teleop/build
[3.712s] creating /home/meric/f1tenth_ws_mpc_emergency/build/mouse_teleop/build/lib
[3.712s] creating /home/meric/f1tenth_ws_mpc_emergency/build/mouse_teleop/build/lib/mouse_teleop
[3.713s] copying mouse_teleop/__init__.py -> /home/meric/f1tenth_ws_mpc_emergency/build/mouse_teleop/build/lib/mouse_teleop
[3.713s] copying mouse_teleop/mouse_teleop.py -> /home/meric/f1tenth_ws_mpc_emergency/build/mouse_teleop/build/lib/mouse_teleop
[3.715s] running install
[3.717s] running install_lib
[3.720s] creating /home/meric/f1tenth_ws_mpc_emergency/install/mouse_teleop/lib/python3.8/site-packages/mouse_teleop
[3.720s] copying /home/meric/f1tenth_ws_mpc_emergency/build/mouse_teleop/build/lib/mouse_teleop/__init__.py -> /home/meric/f1tenth_ws_mpc_emergency/install/mouse_teleop/lib/python3.8/site-packages/mouse_teleop
[3.720s] copying /home/meric/f1tenth_ws_mpc_emergency/build/mouse_teleop/build/lib/mouse_teleop/mouse_teleop.py -> /home/meric/f1tenth_ws_mpc_emergency/install/mouse_teleop/lib/python3.8/site-packages/mouse_teleop
[3.721s] byte-compiling /home/meric/f1tenth_ws_mpc_emergency/install/mouse_teleop/lib/python3.8/site-packages/mouse_teleop/__init__.py to __init__.cpython-38.pyc
[3.724s] byte-compiling /home/meric/f1tenth_ws_mpc_emergency/install/mouse_teleop/lib/python3.8/site-packages/mouse_teleop/mouse_teleop.py to mouse_teleop.cpython-38.pyc
[3.727s] running install_data
[3.727s] copying package.xml -> /home/meric/f1tenth_ws_mpc_emergency/install/mouse_teleop/share/mouse_teleop
[3.728s] creating /home/meric/f1tenth_ws_mpc_emergency/install/mouse_teleop/share/mouse_teleop/config
[3.728s] copying config/mouse_teleop.yaml -> /home/meric/f1tenth_ws_mpc_emergency/install/mouse_teleop/share/mouse_teleop/config
[3.740s] creating /home/meric/f1tenth_ws_mpc_emergency/install/mouse_teleop/share/mouse_teleop/launch
[3.740s] copying launch/mouse_teleop.launch.py -> /home/meric/f1tenth_ws_mpc_emergency/install/mouse_teleop/share/mouse_teleop/launch
[3.740s] creating /home/meric/f1tenth_ws_mpc_emergency/install/mouse_teleop/share/ament_index
[3.741s] creating /home/meric/f1tenth_ws_mpc_emergency/install/mouse_teleop/share/ament_index/resource_index
[3.741s] creating /home/meric/f1tenth_ws_mpc_emergency/install/mouse_teleop/share/ament_index/resource_index/packages
[3.741s] copying resource/mouse_teleop -> /home/meric/f1tenth_ws_mpc_emergency/install/mouse_teleop/share/ament_index/resource_index/packages
[3.741s] running install_egg_info
[3.746s] Copying ../../../../build/mouse_teleop/mouse_teleop.egg-info to /home/meric/f1tenth_ws_mpc_emergency/install/mouse_teleop/lib/python3.8/site-packages/mouse_teleop-0.3.0-py3.8.egg-info
[3.749s] running install_scripts
[3.802s] Installing mouse_teleop script to /home/meric/f1tenth_ws_mpc_emergency/install/mouse_teleop/lib/mouse_teleop
[3.803s] writing list of installed files to '/home/meric/f1tenth_ws_mpc_emergency/build/mouse_teleop/install.log'
[3.937s] Invoked command in '/home/meric/f1tenth_ws_mpc_emergency/src/f1tenth_system/teleop_tools/mouse_teleop' returned '0': PS1=\[\e]0;\u@\h: \w\a\]${debian_chroot:+($debian_chroot)}\[\033[01;32m\]\u@\h\[\033[00m\]:\[\033[01;34m\]\w\[\033[00m\]\$ PYTHONPATH=/home/meric/f1tenth_ws_mpc_emergency/build/mouse_teleop/prefix_override:/usr/lib/python3/dist-packages/colcon_core/task/python/colcon_distutils_commands:/home/meric/f1tenth_ws_mpc_emergency/install/mouse_teleop/lib/python3.8/site-packages:${PYTHONPATH} /usr/bin/python3 -W ignore:setup.py install is deprecated -W ignore:easy_install command is deprecated setup.py egg_info --egg-base ../../../../build/mouse_teleop build --build-base /home/meric/f1tenth_ws_mpc_emergency/build/mouse_teleop/build install --record /home/meric/f1tenth_ws_mpc_emergency/build/mouse_teleop/install.log --install-scripts $base/lib/mouse_teleop --single-version-externally-managed install_data
