[4.049s] Invoking command in '/home/meric/f1tenth_ws_mpc_emergency/src/f1tenth_system/teleop_tools/joy_teleop': CMAKE_PREFIX_PATH=/home/meric/f1tenth_ws_mpc_emergency/install/teleop_tools_msgs:/home/meric/f1tenth_ws_mpc_emergency/install/waypoint_generator:/home/meric/f1tenth_ws_mpc_emergency/install/vesc:/home/meric/f1tenth_ws_mpc_emergency/install/vesc_driver:/home/meric/f1tenth_ws_mpc_emergency/install/vesc_ackermann:/home/meric/f1tenth_ws_mpc_emergency/install/vesc_msgs:/home/meric/f1tenth_ws_mpc_emergency/install/teleop_tools:/home/meric/f1tenth_ws_mpc_emergency/install/safety_node:/home/meric/f1tenth_ws_mpc_emergency/install/pure_pursuit:/home/meric/f1tenth_ws_mpc_emergency/install/ackermann_mux:/home/meric/f1tenth_ws/install LD_LIBRARY_PATH=/home/meric/f1tenth_ws_mpc_emergency/install/teleop_tools_msgs/lib:/home/meric/f1tenth_ws_mpc_emergency/install/vesc_driver/lib:/home/meric/f1tenth_ws_mpc_emergency/install/vesc_ackermann/lib:/home/meric/f1tenth_ws_mpc_emergency/install/vesc_msgs/lib:/usr/local/cuda-11.4/lib64:/usr/local/cuda/lib64:/home/meric/ORBLIB/Pangolin/build/:/usr/local/cuda-11.4/lib64:/usr/local/cuda/lib64:/home/meric/f1tenth_ws/install/lib:/home/meric/ORBLIB/Pangolin/build/:/opt/ros/foxy/opt/yaml_cpp_vendor/lib:/opt/ros/foxy/opt/rviz_ogre_vendor/lib:/opt/ros/foxy/lib/aarch64-linux-gnu:/opt/ros/foxy/lib:/home/meric/ORBLIB/ORB_SLAM3/lib:/home/meric/ORBLIB/ORB_SLAM3/lib PS1=\[\e]0;\u@\h: \w\a\]${debian_chroot:+($debian_chroot)}\[\033[01;32m\]\u@\h\[\033[00m\]:\[\033[01;34m\]\w\[\033[00m\]\$ PYTHONPATH=/home/meric/f1tenth_ws_mpc_emergency/build/joy_teleop/prefix_override:/usr/lib/python3/dist-packages/colcon_core/task/python/colcon_distutils_commands:/home/meric/f1tenth_ws_mpc_emergency/install/joy_teleop/lib/python3.8/site-packages:/home/meric/f1tenth_ws_mpc_emergency/install/teleop_tools_msgs/lib/python3.8/site-packages:/home/meric/f1tenth_ws_mpc_emergency/install/f1tenth_stack/lib/python3.8/site-packages:/home/meric/f1tenth_ws_mpc_emergency/install/vesc_msgs/lib/python3.8/site-packages:/home/meric/f1tenth_ws_mpc_emergency/install/joy_teleop/lib/python3.8/site-packages:/home/meric/f1tenth_ws_mpc_emergency/install/stanley2_avoidance/lib/python3.8/site-packages:/home/meric/f1tenth_ws_mpc_emergency/install/simple_teleop/lib/python3.8/site-packages:/home/meric/f1tenth_ws_mpc_emergency/install/safety_node/lib/python3.8/site-packages:/home/meric/f1tenth_ws_mpc_emergency/install/particle_filter/lib/python3.8/site-packages:/home/meric/f1tenth_ws_mpc_emergency/install/mouse_teleop/lib/python3.8/site-packages:/home/meric/f1tenth_ws_mpc_emergency/install/key_teleop/lib/python3.8/site-packages:/home/meric/f1tenth_ws/build/f1tenth_stack:/home/meric/f1tenth_ws/build/joy_teleop:/home/meric/f1tenth_ws/build/stanley2_avoidance:/home/meric/f1tenth_ws/build/simple_teleop:/home/meric/f1tenth_ws/build/particle_filter:/home/meric/f1tenth_ws/build/mouse_teleop:/home/meric/f1tenth_ws/build/key_teleop:/home/meric/f1tenth_ws/install/lib/python3.8/site-packages:/opt/ros/foxy/lib/python3.8/site-packages /usr/bin/python3 -W ignore:setup.py install is deprecated -W ignore:easy_install command is deprecated setup.py egg_info --egg-base ../../../../build/joy_teleop build --build-base /home/meric/f1tenth_ws_mpc_emergency/build/joy_teleop/build install --record /home/meric/f1tenth_ws_mpc_emergency/build/joy_teleop/install.log --install-scripts $base/lib/joy_teleop --single-version-externally-managed install_data
[4.890s] running egg_info
[4.891s] creating ../../../../build/joy_teleop/joy_teleop.egg-info
[4.892s] writing ../../../../build/joy_teleop/joy_teleop.egg-info/PKG-INFO
[4.894s] writing dependency_links to ../../../../build/joy_teleop/joy_teleop.egg-info/dependency_links.txt
[4.894s] writing entry points to ../../../../build/joy_teleop/joy_teleop.egg-info/entry_points.txt
[4.894s] writing requirements to ../../../../build/joy_teleop/joy_teleop.egg-info/requires.txt
[4.894s] writing top-level names to ../../../../build/joy_teleop/joy_teleop.egg-info/top_level.txt
[4.898s] writing manifest file '../../../../build/joy_teleop/joy_teleop.egg-info/SOURCES.txt'
[4.985s] reading manifest file '../../../../build/joy_teleop/joy_teleop.egg-info/SOURCES.txt'
[4.987s] writing manifest file '../../../../build/joy_teleop/joy_teleop.egg-info/SOURCES.txt'
[4.990s] running build
[4.991s] running build_py
[4.991s] creating /home/meric/f1tenth_ws_mpc_emergency/build/joy_teleop/build
[4.991s] creating /home/meric/f1tenth_ws_mpc_emergency/build/joy_teleop/build/lib
[4.991s] creating /home/meric/f1tenth_ws_mpc_emergency/build/joy_teleop/build/lib/joy_teleop
[4.992s] copying joy_teleop/__init__.py -> /home/meric/f1tenth_ws_mpc_emergency/build/joy_teleop/build/lib/joy_teleop
[4.992s] copying joy_teleop/incrementer_server.py -> /home/meric/f1tenth_ws_mpc_emergency/build/joy_teleop/build/lib/joy_teleop
[4.993s] copying joy_teleop/joy_teleop.py -> /home/meric/f1tenth_ws_mpc_emergency/build/joy_teleop/build/lib/joy_teleop
[4.994s] running install
[4.996s] running install_lib
[4.999s] creating /home/meric/f1tenth_ws_mpc_emergency/install/joy_teleop/lib/python3.8/site-packages/joy_teleop
[5.000s] copying /home/meric/f1tenth_ws_mpc_emergency/build/joy_teleop/build/lib/joy_teleop/__init__.py -> /home/meric/f1tenth_ws_mpc_emergency/install/joy_teleop/lib/python3.8/site-packages/joy_teleop
[5.000s] copying /home/meric/f1tenth_ws_mpc_emergency/build/joy_teleop/build/lib/joy_teleop/incrementer_server.py -> /home/meric/f1tenth_ws_mpc_emergency/install/joy_teleop/lib/python3.8/site-packages/joy_teleop
[5.001s] copying /home/meric/f1tenth_ws_mpc_emergency/build/joy_teleop/build/lib/joy_teleop/joy_teleop.py -> /home/meric/f1tenth_ws_mpc_emergency/install/joy_teleop/lib/python3.8/site-packages/joy_teleop
[5.003s] byte-compiling /home/meric/f1tenth_ws_mpc_emergency/install/joy_teleop/lib/python3.8/site-packages/joy_teleop/__init__.py to __init__.cpython-38.pyc
[5.005s] byte-compiling /home/meric/f1tenth_ws_mpc_emergency/install/joy_teleop/lib/python3.8/site-packages/joy_teleop/incrementer_server.py to incrementer_server.cpython-38.pyc
[5.007s] byte-compiling /home/meric/f1tenth_ws_mpc_emergency/install/joy_teleop/lib/python3.8/site-packages/joy_teleop/joy_teleop.py to joy_teleop.cpython-38.pyc
[5.012s] running install_data
[5.012s] copying package.xml -> /home/meric/f1tenth_ws_mpc_emergency/install/joy_teleop/share/joy_teleop
[5.012s] creating /home/meric/f1tenth_ws_mpc_emergency/install/joy_teleop/share/joy_teleop/config
[5.013s] copying config/joy_teleop_example.yaml -> /home/meric/f1tenth_ws_mpc_emergency/install/joy_teleop/share/joy_teleop/config
[5.013s] creating /home/meric/f1tenth_ws_mpc_emergency/install/joy_teleop/share/joy_teleop/launch
[5.014s] copying launch/example.launch.py -> /home/meric/f1tenth_ws_mpc_emergency/install/joy_teleop/share/joy_teleop/launch
[5.015s] creating /home/meric/f1tenth_ws_mpc_emergency/install/joy_teleop/share/ament_index
[5.015s] creating /home/meric/f1tenth_ws_mpc_emergency/install/joy_teleop/share/ament_index/resource_index
[5.015s] creating /home/meric/f1tenth_ws_mpc_emergency/install/joy_teleop/share/ament_index/resource_index/packages
[5.015s] copying resource/joy_teleop -> /home/meric/f1tenth_ws_mpc_emergency/install/joy_teleop/share/ament_index/resource_index/packages
[5.016s] running install_egg_info
[5.021s] Copying ../../../../build/joy_teleop/joy_teleop.egg-info to /home/meric/f1tenth_ws_mpc_emergency/install/joy_teleop/lib/python3.8/site-packages/joy_teleop-0.3.0-py3.8.egg-info
[5.023s] running install_scripts
[5.098s] Installing incrementer_server script to /home/meric/f1tenth_ws_mpc_emergency/install/joy_teleop/lib/joy_teleop
[5.098s] Installing joy_teleop script to /home/meric/f1tenth_ws_mpc_emergency/install/joy_teleop/lib/joy_teleop
[5.101s] writing list of installed files to '/home/meric/f1tenth_ws_mpc_emergency/build/joy_teleop/install.log'
[5.206s] Invoked command in '/home/meric/f1tenth_ws_mpc_emergency/src/f1tenth_system/teleop_tools/joy_teleop' returned '0': CMAKE_PREFIX_PATH=/home/meric/f1tenth_ws_mpc_emergency/install/teleop_tools_msgs:/home/meric/f1tenth_ws_mpc_emergency/install/waypoint_generator:/home/meric/f1tenth_ws_mpc_emergency/install/vesc:/home/meric/f1tenth_ws_mpc_emergency/install/vesc_driver:/home/meric/f1tenth_ws_mpc_emergency/install/vesc_ackermann:/home/meric/f1tenth_ws_mpc_emergency/install/vesc_msgs:/home/meric/f1tenth_ws_mpc_emergency/install/teleop_tools:/home/meric/f1tenth_ws_mpc_emergency/install/safety_node:/home/meric/f1tenth_ws_mpc_emergency/install/pure_pursuit:/home/meric/f1tenth_ws_mpc_emergency/install/ackermann_mux:/home/meric/f1tenth_ws/install LD_LIBRARY_PATH=/home/meric/f1tenth_ws_mpc_emergency/install/teleop_tools_msgs/lib:/home/meric/f1tenth_ws_mpc_emergency/install/vesc_driver/lib:/home/meric/f1tenth_ws_mpc_emergency/install/vesc_ackermann/lib:/home/meric/f1tenth_ws_mpc_emergency/install/vesc_msgs/lib:/usr/local/cuda-11.4/lib64:/usr/local/cuda/lib64:/home/meric/ORBLIB/Pangolin/build/:/usr/local/cuda-11.4/lib64:/usr/local/cuda/lib64:/home/meric/f1tenth_ws/install/lib:/home/meric/ORBLIB/Pangolin/build/:/opt/ros/foxy/opt/yaml_cpp_vendor/lib:/opt/ros/foxy/opt/rviz_ogre_vendor/lib:/opt/ros/foxy/lib/aarch64-linux-gnu:/opt/ros/foxy/lib:/home/meric/ORBLIB/ORB_SLAM3/lib:/home/meric/ORBLIB/ORB_SLAM3/lib PS1=\[\e]0;\u@\h: \w\a\]${debian_chroot:+($debian_chroot)}\[\033[01;32m\]\u@\h\[\033[00m\]:\[\033[01;34m\]\w\[\033[00m\]\$ PYTHONPATH=/home/meric/f1tenth_ws_mpc_emergency/build/joy_teleop/prefix_override:/usr/lib/python3/dist-packages/colcon_core/task/python/colcon_distutils_commands:/home/meric/f1tenth_ws_mpc_emergency/install/joy_teleop/lib/python3.8/site-packages:/home/meric/f1tenth_ws_mpc_emergency/install/teleop_tools_msgs/lib/python3.8/site-packages:/home/meric/f1tenth_ws_mpc_emergency/install/f1tenth_stack/lib/python3.8/site-packages:/home/meric/f1tenth_ws_mpc_emergency/install/vesc_msgs/lib/python3.8/site-packages:/home/meric/f1tenth_ws_mpc_emergency/install/joy_teleop/lib/python3.8/site-packages:/home/meric/f1tenth_ws_mpc_emergency/install/stanley2_avoidance/lib/python3.8/site-packages:/home/meric/f1tenth_ws_mpc_emergency/install/simple_teleop/lib/python3.8/site-packages:/home/meric/f1tenth_ws_mpc_emergency/install/safety_node/lib/python3.8/site-packages:/home/meric/f1tenth_ws_mpc_emergency/install/particle_filter/lib/python3.8/site-packages:/home/meric/f1tenth_ws_mpc_emergency/install/mouse_teleop/lib/python3.8/site-packages:/home/meric/f1tenth_ws_mpc_emergency/install/key_teleop/lib/python3.8/site-packages:/home/meric/f1tenth_ws/build/f1tenth_stack:/home/meric/f1tenth_ws/build/joy_teleop:/home/meric/f1tenth_ws/build/stanley2_avoidance:/home/meric/f1tenth_ws/build/simple_teleop:/home/meric/f1tenth_ws/build/particle_filter:/home/meric/f1tenth_ws/build/mouse_teleop:/home/meric/f1tenth_ws/build/key_teleop:/home/meric/f1tenth_ws/install/lib/python3.8/site-packages:/opt/ros/foxy/lib/python3.8/site-packages /usr/bin/python3 -W ignore:setup.py install is deprecated -W ignore:easy_install command is deprecated setup.py egg_info --egg-base ../../../../build/joy_teleop build --build-base /home/meric/f1tenth_ws_mpc_emergency/build/joy_teleop/build install --record /home/meric/f1tenth_ws_mpc_emergency/build/joy_teleop/install.log --install-scripts $base/lib/joy_teleop --single-version-externally-managed install_data
