[0.108s] Invoking command in '/home/meric/f1tenth_ws_mpc_emergency/build/teleop_tools_msgs': CMAKE_PREFIX_PATH=${CMAKE_PREFIX_PATH}:/opt/ros/foxy /snap/bin/cmake --build /home/meric/f1tenth_ws_mpc_emergency/build/teleop_tools_msgs -- -j6 -l6
[1.683s] [  3%] Built target teleop_tools_msgs__cpp
[1.683s] [ 12%] Built target teleop_tools_msgs__rosidl_generator_c
[1.683s] [ 22%] Built target teleop_tools_msgs__rosidl_typesupport_cpp
[1.684s] [ 32%] Built target teleop_tools_msgs__rosidl_typesupport_fastrtps_cpp
[1.684s] [ 51%] Built target teleop_tools_msgs__rosidl_typesupport_introspection_c
[1.684s] [ 51%] Built target teleop_tools_msgs__rosidl_typesupport_introspection_cpp
[1.684s] [ 61%] Built target teleop_tools_msgs__rosidl_typesupport_c
[1.684s] [ 70%] Built target teleop_tools_msgs__rosidl_typesupport_fastrtps_c
[1.684s] [ 70%] Built target teleop_tools_msgs
[1.684s] [ 74%] Built target teleop_tools_msgs__py
[1.685s] [ 80%] Built target teleop_tools_msgs__python
[1.685s] [ 87%] Built target teleop_tools_msgs__rosidl_typesupport_fastrtps_c__pyext
[1.685s] [ 93%] Built target teleop_tools_msgs__rosidl_typesupport_c__pyext
[1.685s] [100%] Built target teleop_tools_msgs__rosidl_typesupport_introspection_c__pyext
[1.685s] 2025/10/23 13:51:06.952047 cmd_run.go:1398: WARNING: cannot create user data directory: failed to verify SELinux context of /home/meric/snap: cannot locate "matchpathcon" executable
[1.812s] Invoked command in '/home/meric/f1tenth_ws_mpc_emergency/build/teleop_tools_msgs' returned '0': CMAKE_PREFIX_PATH=${CMAKE_PREFIX_PATH}:/opt/ros/foxy /snap/bin/cmake --build /home/meric/f1tenth_ws_mpc_emergency/build/teleop_tools_msgs -- -j6 -l6
[1.821s] Invoking command in '/home/meric/f1tenth_ws_mpc_emergency/build/teleop_tools_msgs': CMAKE_PREFIX_PATH=${CMAKE_PREFIX_PATH}:/opt/ros/foxy /snap/bin/cmake --build /home/meric/f1tenth_ws_mpc_emergency/build/teleop_tools_msgs --target install -- -j6 -l6
[1.987s] 2025/10/23 13:51:08.719940 cmd_run.go:1398: WARNING: cannot create user data directory: failed to verify SELinux context of /home/meric/snap: cannot locate "matchpathcon" executable
[2.124s] [  3%] Built target teleop_tools_msgs__cpp
[2.129s] [ 12%] Built target teleop_tools_msgs__rosidl_generator_c
[2.177s] [ 22%] Built target teleop_tools_msgs__rosidl_typesupport_cpp
[2.199s] [ 32%] Built target teleop_tools_msgs__rosidl_typesupport_introspection_cpp
[2.209s] [ 41%] Built target teleop_tools_msgs__rosidl_typesupport_fastrtps_cpp
[2.230s] [ 51%] Built target teleop_tools_msgs__rosidl_typesupport_c
[2.238s] [ 61%] Built target teleop_tools_msgs__rosidl_typesupport_introspection_c
[2.239s] [ 70%] Built target teleop_tools_msgs__rosidl_typesupport_fastrtps_c
[2.271s] [ 70%] Built target teleop_tools_msgs
[2.286s] [ 74%] Built target teleop_tools_msgs__py
[2.316s] [ 80%] Built target teleop_tools_msgs__python
[2.367s] [ 87%] Built target teleop_tools_msgs__rosidl_typesupport_fastrtps_c__pyext
[2.368s] [ 93%] Built target teleop_tools_msgs__rosidl_typesupport_introspection_c__pyext
[2.372s] [100%] Built target teleop_tools_msgs__rosidl_typesupport_c__pyext
[2.394s] [36mInstall the project...[0m
[2.402s] -- Install configuration: ""
[2.402s] -- Up-to-date: /home/meric/f1tenth_ws_mpc_emergency/install/teleop_tools_msgs/share/ament_index/resource_index/rosidl_interfaces/teleop_tools_msgs
[2.403s] -- Up-to-date: /home/meric/f1tenth_ws_mpc_emergency/install/teleop_tools_msgs/include/teleop_tools_msgs
[2.403s] -- Up-to-date: /home/meric/f1tenth_ws_mpc_emergency/install/teleop_tools_msgs/include/teleop_tools_msgs/msg
[2.403s] -- Up-to-date: /home/meric/f1tenth_ws_mpc_emergency/install/teleop_tools_msgs/include/teleop_tools_msgs/msg/rosidl_generator_c__visibility_control.h
[2.403s] -- Up-to-date: /home/meric/f1tenth_ws_mpc_emergency/install/teleop_tools_msgs/include/teleop_tools_msgs/action
[2.403s] -- Up-to-date: /home/meric/f1tenth_ws_mpc_emergency/install/teleop_tools_msgs/include/teleop_tools_msgs/action/detail
[2.403s] -- Up-to-date: /home/meric/f1tenth_ws_mpc_emergency/install/teleop_tools_msgs/include/teleop_tools_msgs/action/detail/increment__functions.h
[2.404s] -- Up-to-date: /home/meric/f1tenth_ws_mpc_emergency/install/teleop_tools_msgs/include/teleop_tools_msgs/action/detail/increment__struct.h
[2.404s] -- Up-to-date: /home/meric/f1tenth_ws_mpc_emergency/install/teleop_tools_msgs/include/teleop_tools_msgs/action/detail/increment__type_support.h
[2.404s] -- Up-to-date: /home/meric/f1tenth_ws_mpc_emergency/install/teleop_tools_msgs/include/teleop_tools_msgs/action/detail/increment__functions.c
[2.404s] -- Up-to-date: /home/meric/f1tenth_ws_mpc_emergency/install/teleop_tools_msgs/include/teleop_tools_msgs/action/increment.h
[2.405s] -- Up-to-date: /home/meric/f1tenth_ws_mpc_emergency/install/teleop_tools_msgs/share/teleop_tools_msgs/environment/library_path.sh
[2.405s] -- Up-to-date: /home/meric/f1tenth_ws_mpc_emergency/install/teleop_tools_msgs/share/teleop_tools_msgs/environment/library_path.dsv
[2.405s] -- Up-to-date: /home/meric/f1tenth_ws_mpc_emergency/install/teleop_tools_msgs/lib/libteleop_tools_msgs__rosidl_generator_c.so
[2.406s] -- Up-to-date: /home/meric/f1tenth_ws_mpc_emergency/install/teleop_tools_msgs/include/teleop_tools_msgs
[2.406s] -- Up-to-date: /home/meric/f1tenth_ws_mpc_emergency/install/teleop_tools_msgs/include/teleop_tools_msgs/msg
[2.406s] -- Up-to-date: /home/meric/f1tenth_ws_mpc_emergency/install/teleop_tools_msgs/include/teleop_tools_msgs/msg/rosidl_typesupport_fastrtps_c__visibility_control.h
[2.406s] -- Up-to-date: /home/meric/f1tenth_ws_mpc_emergency/install/teleop_tools_msgs/include/teleop_tools_msgs/action
[2.407s] -- Up-to-date: /home/meric/f1tenth_ws_mpc_emergency/install/teleop_tools_msgs/include/teleop_tools_msgs/action/detail
[2.407s] -- Up-to-date: /home/meric/f1tenth_ws_mpc_emergency/install/teleop_tools_msgs/include/teleop_tools_msgs/action/detail/increment__rosidl_typesupport_fastrtps_c.h
[2.407s] -- Up-to-date: /home/meric/f1tenth_ws_mpc_emergency/install/teleop_tools_msgs/lib/libteleop_tools_msgs__rosidl_typesupport_fastrtps_c.so
[2.407s] -- Up-to-date: /home/meric/f1tenth_ws_mpc_emergency/install/teleop_tools_msgs/include/teleop_tools_msgs
[2.407s] -- Up-to-date: /home/meric/f1tenth_ws_mpc_emergency/install/teleop_tools_msgs/include/teleop_tools_msgs/msg
[2.410s] -- Up-to-date: /home/meric/f1tenth_ws_mpc_emergency/install/teleop_tools_msgs/include/teleop_tools_msgs/msg/rosidl_typesupport_fastrtps_cpp__visibility_control.h
[2.410s] -- Up-to-date: /home/meric/f1tenth_ws_mpc_emergency/install/teleop_tools_msgs/include/teleop_tools_msgs/action
[2.410s] -- Up-to-date: /home/meric/f1tenth_ws_mpc_emergency/install/teleop_tools_msgs/include/teleop_tools_msgs/action/detail
[2.411s] -- Up-to-date: /home/meric/f1tenth_ws_mpc_emergency/install/teleop_tools_msgs/include/teleop_tools_msgs/action/detail/increment__rosidl_typesupport_fastrtps_cpp.hpp
[2.411s] -- Up-to-date: /home/meric/f1tenth_ws_mpc_emergency/install/teleop_tools_msgs/include/teleop_tools_msgs/action/detail/dds_fastrtps
[2.411s] -- Up-to-date: /home/meric/f1tenth_ws_mpc_emergency/install/teleop_tools_msgs/lib/libteleop_tools_msgs__rosidl_typesupport_fastrtps_cpp.so
[2.411s] -- Up-to-date: /home/meric/f1tenth_ws_mpc_emergency/install/teleop_tools_msgs/include/teleop_tools_msgs
[2.411s] -- Up-to-date: /home/meric/f1tenth_ws_mpc_emergency/install/teleop_tools_msgs/include/teleop_tools_msgs/msg
[2.412s] -- Up-to-date: /home/meric/f1tenth_ws_mpc_emergency/install/teleop_tools_msgs/include/teleop_tools_msgs/msg/rosidl_typesupport_introspection_c__visibility_control.h
[2.412s] -- Up-to-date: /home/meric/f1tenth_ws_mpc_emergency/install/teleop_tools_msgs/include/teleop_tools_msgs/action
[2.412s] -- Up-to-date: /home/meric/f1tenth_ws_mpc_emergency/install/teleop_tools_msgs/include/teleop_tools_msgs/action/detail
[2.412s] -- Up-to-date: /home/meric/f1tenth_ws_mpc_emergency/install/teleop_tools_msgs/include/teleop_tools_msgs/action/detail/increment__rosidl_typesupport_introspection_c.h
[2.412s] -- Up-to-date: /home/meric/f1tenth_ws_mpc_emergency/install/teleop_tools_msgs/include/teleop_tools_msgs/action/detail/increment__type_support.c
[2.412s] -- Up-to-date: /home/meric/f1tenth_ws_mpc_emergency/install/teleop_tools_msgs/lib/libteleop_tools_msgs__rosidl_typesupport_introspection_c.so
[2.412s] -- Up-to-date: /home/meric/f1tenth_ws_mpc_emergency/install/teleop_tools_msgs/lib/libteleop_tools_msgs__rosidl_typesupport_c.so
[2.412s] -- Up-to-date: /home/meric/f1tenth_ws_mpc_emergency/install/teleop_tools_msgs/include/teleop_tools_msgs
[2.413s] -- Up-to-date: /home/meric/f1tenth_ws_mpc_emergency/install/teleop_tools_msgs/include/teleop_tools_msgs/msg
[2.413s] -- Up-to-date: /home/meric/f1tenth_ws_mpc_emergency/install/teleop_tools_msgs/include/teleop_tools_msgs/msg/rosidl_generator_cpp__visibility_control.hpp
[2.413s] -- Up-to-date: /home/meric/f1tenth_ws_mpc_emergency/install/teleop_tools_msgs/include/teleop_tools_msgs/action
[2.413s] -- Up-to-date: /home/meric/f1tenth_ws_mpc_emergency/install/teleop_tools_msgs/include/teleop_tools_msgs/action/increment.hpp
[2.413s] -- Up-to-date: /home/meric/f1tenth_ws_mpc_emergency/install/teleop_tools_msgs/include/teleop_tools_msgs/action/detail
[2.413s] -- Up-to-date: /home/meric/f1tenth_ws_mpc_emergency/install/teleop_tools_msgs/include/teleop_tools_msgs/action/detail/increment__struct.hpp
[2.413s] -- Up-to-date: /home/meric/f1tenth_ws_mpc_emergency/install/teleop_tools_msgs/include/teleop_tools_msgs/action/detail/increment__traits.hpp
[2.414s] -- Up-to-date: /home/meric/f1tenth_ws_mpc_emergency/install/teleop_tools_msgs/include/teleop_tools_msgs/action/detail/increment__type_support.hpp
[2.414s] -- Up-to-date: /home/meric/f1tenth_ws_mpc_emergency/install/teleop_tools_msgs/include/teleop_tools_msgs/action/detail/increment__builder.hpp
[2.414s] -- Up-to-date: /home/meric/f1tenth_ws_mpc_emergency/install/teleop_tools_msgs/include/teleop_tools_msgs
[2.414s] -- Up-to-date: /home/meric/f1tenth_ws_mpc_emergency/install/teleop_tools_msgs/include/teleop_tools_msgs/action
[2.414s] -- Up-to-date: /home/meric/f1tenth_ws_mpc_emergency/install/teleop_tools_msgs/include/teleop_tools_msgs/action/detail
[2.414s] -- Up-to-date: /home/meric/f1tenth_ws_mpc_emergency/install/teleop_tools_msgs/include/teleop_tools_msgs/action/detail/increment__rosidl_typesupport_introspection_cpp.hpp
[2.414s] -- Up-to-date: /home/meric/f1tenth_ws_mpc_emergency/install/teleop_tools_msgs/include/teleop_tools_msgs/action/detail/increment__type_support.cpp
[2.414s] -- Up-to-date: /home/meric/f1tenth_ws_mpc_emergency/install/teleop_tools_msgs/lib/libteleop_tools_msgs__rosidl_typesupport_introspection_cpp.so
[2.415s] -- Up-to-date: /home/meric/f1tenth_ws_mpc_emergency/install/teleop_tools_msgs/lib/libteleop_tools_msgs__rosidl_typesupport_cpp.so
[2.415s] -- Up-to-date: /home/meric/f1tenth_ws_mpc_emergency/install/teleop_tools_msgs/share/teleop_tools_msgs/environment/pythonpath.sh
[2.415s] -- Up-to-date: /home/meric/f1tenth_ws_mpc_emergency/install/teleop_tools_msgs/share/teleop_tools_msgs/environment/pythonpath.dsv
[2.415s] -- Up-to-date: /home/meric/f1tenth_ws_mpc_emergency/install/teleop_tools_msgs/lib/python3.8/site-packages/teleop_tools_msgs/__init__.py
[2.518s] -- Up-to-date: /home/meric/f1tenth_ws_mpc_emergency/install/teleop_tools_msgs/lib/python3.8/site-packages/teleop_tools_msgs/action
[2.518s] -- Up-to-date: /home/meric/f1tenth_ws_mpc_emergency/install/teleop_tools_msgs/lib/python3.8/site-packages/teleop_tools_msgs/action/_increment.py
[2.519s] -- Up-to-date: /home/meric/f1tenth_ws_mpc_emergency/install/teleop_tools_msgs/lib/python3.8/site-packages/teleop_tools_msgs/action/__init__.py
[2.519s] -- Up-to-date: /home/meric/f1tenth_ws_mpc_emergency/install/teleop_tools_msgs/lib/python3.8/site-packages/teleop_tools_msgs/action/_increment_s.c
[2.526s] -- Up-to-date: /home/meric/f1tenth_ws_mpc_emergency/install/teleop_tools_msgs/lib/python3.8/site-packages/teleop_tools_msgs/teleop_tools_msgs_s__rosidl_typesupport_fastrtps_c.cpython-38-aarch64-linux-gnu.so
[2.527s] -- Up-to-date: /home/meric/f1tenth_ws_mpc_emergency/install/teleop_tools_msgs/lib/python3.8/site-packages/teleop_tools_msgs/teleop_tools_msgs_s__rosidl_typesupport_introspection_c.cpython-38-aarch64-linux-gnu.so
[2.527s] -- Up-to-date: /home/meric/f1tenth_ws_mpc_emergency/install/teleop_tools_msgs/lib/python3.8/site-packages/teleop_tools_msgs/teleop_tools_msgs_s__rosidl_typesupport_c.cpython-38-aarch64-linux-gnu.so
[2.527s] -- Up-to-date: /home/meric/f1tenth_ws_mpc_emergency/install/teleop_tools_msgs/lib/libteleop_tools_msgs__python.so
[2.527s] -- Up-to-date: /home/meric/f1tenth_ws_mpc_emergency/install/teleop_tools_msgs/share/teleop_tools_msgs/action/Increment.idl
[2.527s] -- Up-to-date: /home/meric/f1tenth_ws_mpc_emergency/install/teleop_tools_msgs/share/teleop_tools_msgs/action/Increment.action
[2.527s] -- Up-to-date: /home/meric/f1tenth_ws_mpc_emergency/install/teleop_tools_msgs/share/ament_index/resource_index/package_run_dependencies/teleop_tools_msgs
[2.527s] -- Up-to-date: /home/meric/f1tenth_ws_mpc_emergency/install/teleop_tools_msgs/share/ament_index/resource_index/parent_prefix_path/teleop_tools_msgs
[2.528s] -- Up-to-date: /home/meric/f1tenth_ws_mpc_emergency/install/teleop_tools_msgs/share/teleop_tools_msgs/environment/ament_prefix_path.sh
[2.528s] -- Up-to-date: /home/meric/f1tenth_ws_mpc_emergency/install/teleop_tools_msgs/share/teleop_tools_msgs/environment/ament_prefix_path.dsv
[2.528s] -- Up-to-date: /home/meric/f1tenth_ws_mpc_emergency/install/teleop_tools_msgs/share/teleop_tools_msgs/environment/path.sh
[2.528s] -- Up-to-date: /home/meric/f1tenth_ws_mpc_emergency/install/teleop_tools_msgs/share/teleop_tools_msgs/environment/path.dsv
[2.528s] -- Up-to-date: /home/meric/f1tenth_ws_mpc_emergency/install/teleop_tools_msgs/share/teleop_tools_msgs/local_setup.bash
[2.528s] -- Up-to-date: /home/meric/f1tenth_ws_mpc_emergency/install/teleop_tools_msgs/share/teleop_tools_msgs/local_setup.sh
[2.528s] -- Up-to-date: /home/meric/f1tenth_ws_mpc_emergency/install/teleop_tools_msgs/share/teleop_tools_msgs/local_setup.zsh
[2.528s] -- Up-to-date: /home/meric/f1tenth_ws_mpc_emergency/install/teleop_tools_msgs/share/teleop_tools_msgs/local_setup.dsv
[2.528s] -- Installing: /home/meric/f1tenth_ws_mpc_emergency/install/teleop_tools_msgs/share/teleop_tools_msgs/package.dsv
[2.529s] -- Up-to-date: /home/meric/f1tenth_ws_mpc_emergency/install/teleop_tools_msgs/share/ament_index/resource_index/packages/teleop_tools_msgs
[2.529s] -- Up-to-date: /home/meric/f1tenth_ws_mpc_emergency/install/teleop_tools_msgs/share/teleop_tools_msgs/cmake/teleop_tools_msgs__rosidl_generator_cExport.cmake
[2.529s] -- Up-to-date: /home/meric/f1tenth_ws_mpc_emergency/install/teleop_tools_msgs/share/teleop_tools_msgs/cmake/teleop_tools_msgs__rosidl_generator_cExport-noconfig.cmake
[2.529s] -- Up-to-date: /home/meric/f1tenth_ws_mpc_emergency/install/teleop_tools_msgs/share/teleop_tools_msgs/cmake/teleop_tools_msgs__rosidl_typesupport_introspection_cExport.cmake
[2.529s] -- Up-to-date: /home/meric/f1tenth_ws_mpc_emergency/install/teleop_tools_msgs/share/teleop_tools_msgs/cmake/teleop_tools_msgs__rosidl_typesupport_introspection_cExport-noconfig.cmake
[2.529s] -- Up-to-date: /home/meric/f1tenth_ws_mpc_emergency/install/teleop_tools_msgs/share/teleop_tools_msgs/cmake/teleop_tools_msgs__rosidl_typesupport_cExport.cmake
[2.529s] -- Up-to-date: /home/meric/f1tenth_ws_mpc_emergency/install/teleop_tools_msgs/share/teleop_tools_msgs/cmake/teleop_tools_msgs__rosidl_typesupport_cExport-noconfig.cmake
[2.530s] -- Up-to-date: /home/meric/f1tenth_ws_mpc_emergency/install/teleop_tools_msgs/share/teleop_tools_msgs/cmake/teleop_tools_msgs__rosidl_generator_cppExport.cmake
[2.530s] -- Up-to-date: /home/meric/f1tenth_ws_mpc_emergency/install/teleop_tools_msgs/share/teleop_tools_msgs/cmake/teleop_tools_msgs__rosidl_typesupport_introspection_cppExport.cmake
[2.530s] -- Up-to-date: /home/meric/f1tenth_ws_mpc_emergency/install/teleop_tools_msgs/share/teleop_tools_msgs/cmake/teleop_tools_msgs__rosidl_typesupport_introspection_cppExport-noconfig.cmake
[2.530s] -- Up-to-date: /home/meric/f1tenth_ws_mpc_emergency/install/teleop_tools_msgs/share/teleop_tools_msgs/cmake/teleop_tools_msgs__rosidl_typesupport_cppExport.cmake
[2.530s] -- Up-to-date: /home/meric/f1tenth_ws_mpc_emergency/install/teleop_tools_msgs/share/teleop_tools_msgs/cmake/teleop_tools_msgs__rosidl_typesupport_cppExport-noconfig.cmake
[2.530s] -- Up-to-date: /home/meric/f1tenth_ws_mpc_emergency/install/teleop_tools_msgs/share/teleop_tools_msgs/cmake/rosidl_cmake-extras.cmake
[2.530s] -- Up-to-date: /home/meric/f1tenth_ws_mpc_emergency/install/teleop_tools_msgs/share/teleop_tools_msgs/cmake/ament_cmake_export_dependencies-extras.cmake
[2.530s] -- Up-to-date: /home/meric/f1tenth_ws_mpc_emergency/install/teleop_tools_msgs/share/teleop_tools_msgs/cmake/ament_cmake_export_libraries-extras.cmake
[2.531s] -- Up-to-date: /home/meric/f1tenth_ws_mpc_emergency/install/teleop_tools_msgs/share/teleop_tools_msgs/cmake/ament_cmake_export_targets-extras.cmake
[2.531s] -- Up-to-date: /home/meric/f1tenth_ws_mpc_emergency/install/teleop_tools_msgs/share/teleop_tools_msgs/cmake/ament_cmake_export_include_directories-extras.cmake
[2.536s] -- Up-to-date: /home/meric/f1tenth_ws_mpc_emergency/install/teleop_tools_msgs/share/teleop_tools_msgs/cmake/rosidl_cmake_export_typesupport_libraries-extras.cmake
[2.536s] -- Up-to-date: /home/meric/f1tenth_ws_mpc_emergency/install/teleop_tools_msgs/share/teleop_tools_msgs/cmake/rosidl_cmake_export_typesupport_targets-extras.cmake
[2.537s] -- Up-to-date: /home/meric/f1tenth_ws_mpc_emergency/install/teleop_tools_msgs/share/teleop_tools_msgs/cmake/teleop_tools_msgsConfig.cmake
[2.557s] -- Up-to-date: /home/meric/f1tenth_ws_mpc_emergency/install/teleop_tools_msgs/share/teleop_tools_msgs/cmake/teleop_tools_msgsConfig-version.cmake
[2.557s] -- Up-to-date: /home/meric/f1tenth_ws_mpc_emergency/install/teleop_tools_msgs/share/teleop_tools_msgs/package.xml
[2.558s] Invoked command in '/home/meric/f1tenth_ws_mpc_emergency/build/teleop_tools_msgs' returned '0': CMAKE_PREFIX_PATH=${CMAKE_PREFIX_PATH}:/opt/ros/foxy /snap/bin/cmake --build /home/meric/f1tenth_ws_mpc_emergency/build/teleop_tools_msgs --target install -- -j6 -l6
