2025/11/14 20:35:25.828018 cmd_run.go:1400: WARNING: cannot create user data directory: failed to verify SELinux context of /home/meric/snap: cannot locate "matchpathcon" executable
[0mCMake Deprecation Warning at CMakeLists.txt:1 (cmake_minimum_required):
  Compatibility with CMake < 3.10 will be removed from a future version of
  CMake.

  Update the VERSION argument <min> value.  Or, use the <min>...<max> syntax
  to tell CMake that the project requires at least <min> but has been updated
  to work with policies introduced by <max> or earlier.

[0m
-- The C compiler identification is GNU 9.4.0
-- The CXX compiler identification is GNU 9.4.0
-- Detecting C compiler ABI info
-- Detecting C compiler ABI info - done
-- Check for working C compiler: /usr/bin/cc - skipped
-- Detecting C compile features
-- Detecting C compile features - done
-- Detecting CXX compiler ABI info
-- Detecting CXX compiler ABI info - done
-- Check for working CXX compiler: /usr/bin/c++ - skipped
-- Detecting CXX compile features
-- Detecting CXX compile features - done
-- Found ament_cmake: 0.9.12 (/opt/ros/foxy/share/ament_cmake/cmake)
[33mCMake Warning (dev) at /opt/ros/foxy/share/ament_cmake_core/cmake/core/python.cmake:22 (find_package):
  Policy CMP0148 is not set: The FindPythonInterp and FindPythonLibs modules
  are removed.  Run "cmake --help-policy CMP0148" for policy details.  Use
  the cmake_policy command to set the policy and suppress this warning.

Call Stack (most recent call first):
  /opt/ros/foxy/share/ament_cmake_core/cmake/core/all.cmake:53 (include)
  /opt/ros/foxy/share/ament_cmake_core/cmake/ament_cmake_core-extras.cmake:17 (include)
  /opt/ros/foxy/share/ament_cmake_core/cmake/ament_cmake_coreConfig.cmake:41 (include)
  /opt/ros/foxy/share/ament_cmake/cmake/ament_cmake_export_dependencies-extras.cmake:15 (find_package)
  /opt/ros/foxy/share/ament_cmake/cmake/ament_cmakeConfig.cmake:41 (include)
  CMakeLists.txt:26 (find_package)
This warning is for project developers.  Use -Wno-dev to suppress it.
[0m
-- Found PythonInterp: /usr/bin/python3 (found suitable version "3.8.10", minimum required is "3")
-- Using PYTHON_EXECUTABLE: /usr/bin/python3
-- Found rclcpp: 2.4.3 (/opt/ros/foxy/share/rclcpp/cmake)
-- Using all available rosidl_typesupport_c: rosidl_typesupport_fastrtps_c;rosidl_typesupport_introspection_c
-- Found rosidl_adapter: 1.3.1 (/opt/ros/foxy/share/rosidl_adapter/cmake)
-- Found OpenSSL: /usr/lib/aarch64-linux-gnu/libcrypto.so (found version "1.1.1f")
-- Found FastRTPS: /opt/ros/foxy/include
-- Using all available rosidl_typesupport_cpp: rosidl_typesupport_fastrtps_cpp;rosidl_typesupport_introspection_cpp
-- Found rmw_implementation_cmake: 1.0.4 (/opt/ros/foxy/share/rmw_implementation_cmake/cmake)
-- Using RMW implementation 'rmw_fastrtps_cpp' as default
-- Performing Test CMAKE_HAVE_LIBC_PTHREAD
-- Performing Test CMAKE_HAVE_LIBC_PTHREAD - Failed
-- Looking for pthread_create in pthreads
-- Looking for pthread_create in pthreads - not found
-- Looking for pthread_create in pthread
-- Looking for pthread_create in pthread - found
-- Found Threads: TRUE
-- Found rclpy: 1.0.13 (/opt/ros/foxy/share/rclpy/cmake)
-- Found geometry_msgs: 2.0.5 (/opt/ros/foxy/share/geometry_msgs/cmake)
-- Found nav_msgs: 2.0.5 (/opt/ros/foxy/share/nav_msgs/cmake)
-- Found ackermann_msgs: 2.0.2 (/opt/ros/foxy/share/ackermann_msgs/cmake)
-- Found sensor_msgs: 2.0.5 (/opt/ros/foxy/share/sensor_msgs/cmake)
-- Found visualization_msgs: 2.0.5 (/opt/ros/foxy/share/visualization_msgs/cmake)
-- Found tf2_ros: 0.13.14 (/opt/ros/foxy/share/tf2_ros/cmake)
-- Configuring done (7.1s)
-- Generating done (0.1s)
-- Build files have been written to: /home/meric/f1tenth_ws_rl/build/waypoint_generator
2025/11/14 20:35:33.311907 cmd_run.go:1400: WARNING: cannot create user data directory: failed to verify SELinux context of /home/meric/snap: cannot locate "matchpathcon" executable
[ 25%] [32mBuilding CXX object CMakeFiles/waypoint_generator.dir/src/waypoint_generator.cpp.o[0m
[ 50%] [32mBuilding CXX object CMakeFiles/waypoint_visualizer.dir/src/waypoint_visualizer.cpp.o[0m
[ 75%] [1m[32mLinking CXX executable waypoint_visualizer[0m
[ 75%] Built target waypoint_visualizer
[100%] [1m[32mLinking CXX executable waypoint_generator[0m
[100%] Built target waypoint_generator
2025/11/14 20:35:49.793905 cmd_run.go:1400: WARNING: cannot create user data directory: failed to verify SELinux context of /home/meric/snap: cannot locate "matchpathcon" executable
[ 50%] Built target waypoint_generator
[100%] Built target waypoint_visualizer
[36mInstall the project...[0m
-- Install configuration: ""
-- Installing: /home/meric/f1tenth_ws_rl/install/waypoint_generator/lib/waypoint_generator/waypoint_generator
-- Set non-toolchain portion of runtime path of "/home/meric/f1tenth_ws_rl/install/waypoint_generator/lib/waypoint_generator/waypoint_generator" to ""
-- Installing: /home/meric/f1tenth_ws_rl/install/waypoint_generator/lib/waypoint_generator/waypoint_visualizer
-- Set non-toolchain portion of runtime path of "/home/meric/f1tenth_ws_rl/install/waypoint_generator/lib/waypoint_generator/waypoint_visualizer" to ""
-- Installing: /home/meric/f1tenth_ws_rl/install/waypoint_generator/share/ament_index/resource_index/package_run_dependencies/waypoint_generator
-- Installing: /home/meric/f1tenth_ws_rl/install/waypoint_generator/share/ament_index/resource_index/parent_prefix_path/waypoint_generator
-- Installing: /home/meric/f1tenth_ws_rl/install/waypoint_generator/share/waypoint_generator/environment/ament_prefix_path.sh
-- Installing: /home/meric/f1tenth_ws_rl/install/waypoint_generator/share/waypoint_generator/environment/ament_prefix_path.dsv
-- Installing: /home/meric/f1tenth_ws_rl/install/waypoint_generator/share/waypoint_generator/environment/path.sh
-- Installing: /home/meric/f1tenth_ws_rl/install/waypoint_generator/share/waypoint_generator/environment/path.dsv
-- Installing: /home/meric/f1tenth_ws_rl/install/waypoint_generator/share/waypoint_generator/local_setup.bash
-- Installing: /home/meric/f1tenth_ws_rl/install/waypoint_generator/share/waypoint_generator/local_setup.sh
-- Installing: /home/meric/f1tenth_ws_rl/install/waypoint_generator/share/waypoint_generator/local_setup.zsh
-- Installing: /home/meric/f1tenth_ws_rl/install/waypoint_generator/share/waypoint_generator/local_setup.dsv
-- Installing: /home/meric/f1tenth_ws_rl/install/waypoint_generator/share/waypoint_generator/package.dsv
-- Installing: /home/meric/f1tenth_ws_rl/install/waypoint_generator/share/ament_index/resource_index/packages/waypoint_generator
-- Installing: /home/meric/f1tenth_ws_rl/install/waypoint_generator/share/waypoint_generator/cmake/waypoint_generatorConfig.cmake
-- Installing: /home/meric/f1tenth_ws_rl/install/waypoint_generator/share/waypoint_generator/cmake/waypoint_generatorConfig-version.cmake
-- Installing: /home/meric/f1tenth_ws_rl/install/waypoint_generator/share/waypoint_generator/package.xml
