[0.044s] Invoking command in '/home/meric/f1tenth_ws_mpc_emergency/build/pure_pursuit': CMAKE_PREFIX_PATH=${CMAKE_PREFIX_PATH}:/home/meric/f1tenth_ws_mpc_emergency/install/f1tenth_stack:/home/meric/f1tenth_ws_mpc_emergency/install/joy_teleop:/home/meric/f1tenth_ws_mpc_emergency/install/stanley2_avoidance:/home/meric/f1tenth_ws_mpc_emergency/install/simple_teleop:/home/meric/f1tenth_ws_mpc_emergency/install/particle_filter:/home/meric/f1tenth_ws_mpc_emergency/install/mouse_teleop:/home/meric/f1tenth_ws_mpc_emergency/install/key_teleop:/opt/ros/foxy /snap/bin/cmake --build /home/meric/f1tenth_ws_mpc_emergency/build/pure_pursuit -- -j6 -l6
[0.225s] 2025/10/25 14:58:12.392996 cmd_run.go:1398: WARNING: cannot create user data directory: failed to verify SELinux context of /home/meric/snap: cannot locate "matchpathcon" executable
[0.347s] [ 50%] Built target waypoint_visualizer
[0.364s] [100%] Built target pure_pursuit
[0.500s] Invoked command in '/home/meric/f1tenth_ws_mpc_emergency/build/pure_pursuit' returned '0': CMAKE_PREFIX_PATH=${CMAKE_PREFIX_PATH}:/home/meric/f1tenth_ws_mpc_emergency/install/f1tenth_stack:/home/meric/f1tenth_ws_mpc_emergency/install/joy_teleop:/home/meric/f1tenth_ws_mpc_emergency/install/stanley2_avoidance:/home/meric/f1tenth_ws_mpc_emergency/install/simple_teleop:/home/meric/f1tenth_ws_mpc_emergency/install/particle_filter:/home/meric/f1tenth_ws_mpc_emergency/install/mouse_teleop:/home/meric/f1tenth_ws_mpc_emergency/install/key_teleop:/opt/ros/foxy /snap/bin/cmake --build /home/meric/f1tenth_ws_mpc_emergency/build/pure_pursuit -- -j6 -l6
[0.508s] Invoking command in '/home/meric/f1tenth_ws_mpc_emergency/build/pure_pursuit': CMAKE_PREFIX_PATH=${CMAKE_PREFIX_PATH}:/home/meric/f1tenth_ws_mpc_emergency/install/f1tenth_stack:/home/meric/f1tenth_ws_mpc_emergency/install/joy_teleop:/home/meric/f1tenth_ws_mpc_emergency/install/stanley2_avoidance:/home/meric/f1tenth_ws_mpc_emergency/install/simple_teleop:/home/meric/f1tenth_ws_mpc_emergency/install/particle_filter:/home/meric/f1tenth_ws_mpc_emergency/install/mouse_teleop:/home/meric/f1tenth_ws_mpc_emergency/install/key_teleop:/opt/ros/foxy /snap/bin/cmake --build /home/meric/f1tenth_ws_mpc_emergency/build/pure_pursuit --target install -- -j6 -l6
[0.721s] 2025/10/25 14:58:12.888036 cmd_run.go:1398: WARNING: cannot create user data directory: failed to verify SELinux context of /home/meric/snap: cannot locate "matchpathcon" executable
[0.836s] [ 50%] Built target waypoint_visualizer
[0.841s] [100%] Built target pure_pursuit
[0.852s] [36mInstall the project...[0m
[0.856s] -- Install configuration: ""
[0.856s] -- Up-to-date: /home/meric/f1tenth_ws_mpc_emergency/install/pure_pursuit/lib/pure_pursuit/pure_pursuit
[0.856s] -- Up-to-date: /home/meric/f1tenth_ws_mpc_emergency/install/pure_pursuit/lib/pure_pursuit/waypoint_visualizer
[0.857s] -- Up-to-date: /home/meric/f1tenth_ws_mpc_emergency/install/pure_pursuit/share/pure_pursuit/launch
[0.857s] -- Up-to-date: /home/meric/f1tenth_ws_mpc_emergency/install/pure_pursuit/share/pure_pursuit/launch/pure_pursuit_launch.py
[0.857s] -- Up-to-date: /home/meric/f1tenth_ws_mpc_emergency/install/pure_pursuit/share/pure_pursuit/launch/sim_pure_pursuit.rviz
[0.857s] -- Up-to-date: /home/meric/f1tenth_ws_mpc_emergency/install/pure_pursuit/share/pure_pursuit/launch/sim_pure_pursuit_launch.py
[0.858s] -- Up-to-date: /home/meric/f1tenth_ws_mpc_emergency/install/pure_pursuit/share/pure_pursuit/launch/pure_pursuit.rviz
[0.858s] -- Up-to-date: /home/meric/f1tenth_ws_mpc_emergency/install/pure_pursuit/share/pure_pursuit/config
[0.858s] -- Up-to-date: /home/meric/f1tenth_ws_mpc_emergency/install/pure_pursuit/share/pure_pursuit/config/config.yaml
[0.858s] -- Up-to-date: /home/meric/f1tenth_ws_mpc_emergency/install/pure_pursuit/share/pure_pursuit/config/sim_config.yaml
[0.858s] -- Up-to-date: /home/meric/f1tenth_ws_mpc_emergency/install/pure_pursuit/share/ament_index/resource_index/package_run_dependencies/pure_pursuit
[0.859s] -- Up-to-date: /home/meric/f1tenth_ws_mpc_emergency/install/pure_pursuit/share/ament_index/resource_index/parent_prefix_path/pure_pursuit
[0.859s] -- Up-to-date: /home/meric/f1tenth_ws_mpc_emergency/install/pure_pursuit/share/pure_pursuit/environment/ament_prefix_path.sh
[0.859s] -- Up-to-date: /home/meric/f1tenth_ws_mpc_emergency/install/pure_pursuit/share/pure_pursuit/environment/ament_prefix_path.dsv
[0.859s] -- Up-to-date: /home/meric/f1tenth_ws_mpc_emergency/install/pure_pursuit/share/pure_pursuit/environment/path.sh
[0.859s] -- Up-to-date: /home/meric/f1tenth_ws_mpc_emergency/install/pure_pursuit/share/pure_pursuit/environment/path.dsv
[0.859s] -- Up-to-date: /home/meric/f1tenth_ws_mpc_emergency/install/pure_pursuit/share/pure_pursuit/local_setup.bash
[0.859s] -- Up-to-date: /home/meric/f1tenth_ws_mpc_emergency/install/pure_pursuit/share/pure_pursuit/local_setup.sh
[0.859s] -- Up-to-date: /home/meric/f1tenth_ws_mpc_emergency/install/pure_pursuit/share/pure_pursuit/local_setup.zsh
[0.860s] -- Up-to-date: /home/meric/f1tenth_ws_mpc_emergency/install/pure_pursuit/share/pure_pursuit/local_setup.dsv
[0.860s] -- Installing: /home/meric/f1tenth_ws_mpc_emergency/install/pure_pursuit/share/pure_pursuit/package.dsv
[0.860s] -- Up-to-date: /home/meric/f1tenth_ws_mpc_emergency/install/pure_pursuit/share/ament_index/resource_index/packages/pure_pursuit
[0.860s] -- Up-to-date: /home/meric/f1tenth_ws_mpc_emergency/install/pure_pursuit/share/pure_pursuit/cmake/pure_pursuitConfig.cmake
[0.860s] -- Up-to-date: /home/meric/f1tenth_ws_mpc_emergency/install/pure_pursuit/share/pure_pursuit/cmake/pure_pursuitConfig-version.cmake
[0.860s] -- Up-to-date: /home/meric/f1tenth_ws_mpc_emergency/install/pure_pursuit/share/pure_pursuit/package.xml
[1.253s] Invoked command in '/home/meric/f1tenth_ws_mpc_emergency/build/pure_pursuit' returned '0': CMAKE_PREFIX_PATH=${CMAKE_PREFIX_PATH}:/home/meric/f1tenth_ws_mpc_emergency/install/f1tenth_stack:/home/meric/f1tenth_ws_mpc_emergency/install/joy_teleop:/home/meric/f1tenth_ws_mpc_emergency/install/stanley2_avoidance:/home/meric/f1tenth_ws_mpc_emergency/install/simple_teleop:/home/meric/f1tenth_ws_mpc_emergency/install/particle_filter:/home/meric/f1tenth_ws_mpc_emergency/install/mouse_teleop:/home/meric/f1tenth_ws_mpc_emergency/install/key_teleop:/opt/ros/foxy /snap/bin/cmake --build /home/meric/f1tenth_ws_mpc_emergency/build/pure_pursuit --target install -- -j6 -l6
