[0.090s] Invoking command in '/home/meric/f1tenth_ws_rl/build/safety_node': CMAKE_PREFIX_PATH=${CMAKE_PREFIX_PATH}:/home/meric/f1tenth_ws_rl/install/f1tenth_stack:/home/meric/f1tenth_ws_rl/install/joy_teleop:/home/meric/f1tenth_ws_rl/install/stanley2_avoidance:/home/meric/f1tenth_ws_rl/install/simple_teleop:/home/meric/f1tenth_ws_rl/install/particle_filter:/home/meric/f1tenth_ws_rl/install/mouse_teleop:/home/meric/f1tenth_ws_rl/install/key_teleop:/home/meric/f1tenth_ws_rl/install/f1tenth_rl:/home/meric/f1tenth_ws_mpc_emergency/install/f1tenth_stack:/home/meric/f1tenth_ws_mpc_emergency/install/joy_teleop:/home/meric/f1tenth_ws_mpc_emergency/install/stanley2_avoidance:/home/meric/f1tenth_ws_mpc_emergency/install/simple_teleop:/home/meric/f1tenth_ws_mpc_emergency/install/particle_filter:/home/meric/f1tenth_ws_mpc_emergency/install/mouse_teleop:/home/meric/f1tenth_ws_mpc_emergency/install/key_teleop:/home/meric/f1tenth_ws/install/f1tenth_stack:/home/meric/f1tenth_ws/install/joy_teleop:/home/meric/f1tenth_ws/install/stanley2_avoidance:/home/meric/f1tenth_ws/install/simple_teleop:/home/meric/f1tenth_ws/install/particle_filter:/home/meric/f1tenth_ws/install/mouse_teleop:/home/meric/f1tenth_ws/install/key_teleop:/opt/ros/foxy /snap/bin/cmake /home/meric/f1tenth_ws_rl/src/safety_node -DCMAKE_INSTALL_PREFIX=/home/meric/f1tenth_ws_rl/install/safety_node
[0.283s] 2025/11/14 20:35:05.876449 cmd_run.go:1400: WARNING: cannot create user data directory: failed to verify SELinux context of /home/meric/snap: cannot locate "matchpathcon" executable
[0.329s] [0mCMake Deprecation Warning at CMakeLists.txt:1 (cmake_minimum_required):
[0.329s]   Compatibility with CMake < 3.10 will be removed from a future version of
[0.329s]   CMake.
[0.329s] 
[0.329s]   Update the VERSION argument <min> value.  Or, use the <min>...<max> syntax
[0.330s]   to tell CMake that the project requires at least <min> but has been updated
[0.330s]   to work with policies introduced by <max> or earlier.
[0.330s] 
[0.330s] [0m
[0.521s] -- The C compiler identification is GNU 9.4.0
[0.747s] -- The CXX compiler identification is GNU 9.4.0
[0.795s] -- Detecting C compiler ABI info
[1.121s] -- Detecting C compiler ABI info - done
[1.203s] -- Check for working C compiler: /usr/bin/cc - skipped
[1.204s] -- Detecting C compile features
[1.204s] -- Detecting C compile features - done
[1.308s] -- Detecting CXX compiler ABI info
[1.763s] -- Detecting CXX compiler ABI info - done
[1.841s] -- Check for working CXX compiler: /usr/bin/c++ - skipped
[1.842s] -- Detecting CXX compile features
[1.843s] -- Detecting CXX compile features - done
[1.914s] -- Found ament_cmake: 0.9.12 (/opt/ros/foxy/share/ament_cmake/cmake)
[1.972s] [33mCMake Warning (dev) at /opt/ros/foxy/share/ament_cmake_core/cmake/core/python.cmake:22 (find_package):
[1.973s]   Policy CMP0148 is not set: The FindPythonInterp and FindPythonLibs modules
[1.973s]   are removed.  Run "cmake --help-policy CMP0148" for policy details.  Use
[1.973s]   the cmake_policy command to set the policy and suppress this warning.
[1.973s] 
[1.973s] Call Stack (most recent call first):
[1.973s]   /opt/ros/foxy/share/ament_cmake_core/cmake/core/all.cmake:53 (include)
[1.974s]   /opt/ros/foxy/share/ament_cmake_core/cmake/ament_cmake_core-extras.cmake:17 (include)
[1.974s]   /opt/ros/foxy/share/ament_cmake_core/cmake/ament_cmake_coreConfig.cmake:41 (include)
[1.974s]   /opt/ros/foxy/share/ament_cmake/cmake/ament_cmake_export_dependencies-extras.cmake:15 (find_package)
[1.974s]   /opt/ros/foxy/share/ament_cmake/cmake/ament_cmakeConfig.cmake:41 (include)
[1.974s]   CMakeLists.txt:24 (find_package)
[1.974s] This warning is for project developers.  Use -Wno-dev to suppress it.
[1.974s] [0m
[2.125s] -- Found PythonInterp: /usr/bin/python3 (found suitable version "3.8.10", minimum required is "3")
[2.126s] -- Using PYTHON_EXECUTABLE: /usr/bin/python3
[3.529s] -- Found rclcpp: 2.4.3 (/opt/ros/foxy/share/rclcpp/cmake)
[3.951s] -- Using all available rosidl_typesupport_c: rosidl_typesupport_fastrtps_c;rosidl_typesupport_introspection_c
[4.014s] -- Found rosidl_adapter: 1.3.1 (/opt/ros/foxy/share/rosidl_adapter/cmake)
[4.886s] -- Found OpenSSL: /usr/lib/aarch64-linux-gnu/libcrypto.so (found version "1.1.1f")
[5.178s] -- Found FastRTPS: /opt/ros/foxy/include
[5.945s] -- Using all available rosidl_typesupport_cpp: rosidl_typesupport_fastrtps_cpp;rosidl_typesupport_introspection_cpp
[6.551s] -- Found rmw_implementation_cmake: 1.0.4 (/opt/ros/foxy/share/rmw_implementation_cmake/cmake)
[6.572s] -- Using RMW implementation 'rmw_fastrtps_cpp' as default
[6.580s] -- Performing Test CMAKE_HAVE_LIBC_PTHREAD
[6.917s] -- Performing Test CMAKE_HAVE_LIBC_PTHREAD - Failed
[6.918s] -- Looking for pthread_create in pthreads
[7.290s] -- Looking for pthread_create in pthreads - not found
[7.290s] -- Looking for pthread_create in pthread
[7.686s] -- Looking for pthread_create in pthread - found
[7.689s] -- Found Threads: TRUE
[8.821s] -- Found rclpy: 1.0.13 (/opt/ros/foxy/share/rclpy/cmake)
[8.879s] -- Found nav_msgs: 2.0.5 (/opt/ros/foxy/share/nav_msgs/cmake)
[9.516s] -- Found ackermann_msgs: 2.0.2 (/opt/ros/foxy/share/ackermann_msgs/cmake)
[9.715s] -- Found sensor_msgs: 2.0.5 (/opt/ros/foxy/share/sensor_msgs/cmake)
[10.295s] -- Found ament_lint_auto: 0.9.8 (/opt/ros/foxy/share/ament_lint_auto/cmake)
[10.802s] -- Added test 'copyright' to check source files copyright and LICENSE
[10.809s] -- Added test 'cppcheck' to perform static code analysis on C / C++ code
[10.809s] -- Configured cppcheck include dirs: /home/meric/f1tenth_ws_rl/src/safety_node/include
[10.810s] -- Configured cppcheck exclude dirs and/or files: 
[10.816s] -- Added test 'cpplint' to check C / C++ code against the Google style
[10.816s] -- Configured cpplint exclude dirs and/or files: 
[10.821s] -- Added test 'flake8' to check Python code syntax and style conventions
[10.826s] -- Added test 'lint_cmake' to check CMake code style
[10.832s] -- Added test 'pep257' to check Python code against some of the style conventions in PEP 257
[10.838s] -- Added test 'uncrustify' to check C / C++ code style
[10.838s] -- Configured uncrustify additional arguments: 
[10.843s] -- Added test 'xmllint' to check XML markup files
[10.860s] -- Configuring done (10.5s)
[10.895s] -- Generating done (0.0s)
[10.902s] -- Build files have been written to: /home/meric/f1tenth_ws_rl/build/safety_node
[10.975s] Invoked command in '/home/meric/f1tenth_ws_rl/build/safety_node' returned '0': CMAKE_PREFIX_PATH=${CMAKE_PREFIX_PATH}:/home/meric/f1tenth_ws_rl/install/f1tenth_stack:/home/meric/f1tenth_ws_rl/install/joy_teleop:/home/meric/f1tenth_ws_rl/install/stanley2_avoidance:/home/meric/f1tenth_ws_rl/install/simple_teleop:/home/meric/f1tenth_ws_rl/install/particle_filter:/home/meric/f1tenth_ws_rl/install/mouse_teleop:/home/meric/f1tenth_ws_rl/install/key_teleop:/home/meric/f1tenth_ws_rl/install/f1tenth_rl:/home/meric/f1tenth_ws_mpc_emergency/install/f1tenth_stack:/home/meric/f1tenth_ws_mpc_emergency/install/joy_teleop:/home/meric/f1tenth_ws_mpc_emergency/install/stanley2_avoidance:/home/meric/f1tenth_ws_mpc_emergency/install/simple_teleop:/home/meric/f1tenth_ws_mpc_emergency/install/particle_filter:/home/meric/f1tenth_ws_mpc_emergency/install/mouse_teleop:/home/meric/f1tenth_ws_mpc_emergency/install/key_teleop:/home/meric/f1tenth_ws/install/f1tenth_stack:/home/meric/f1tenth_ws/install/joy_teleop:/home/meric/f1tenth_ws/install/stanley2_avoidance:/home/meric/f1tenth_ws/install/simple_teleop:/home/meric/f1tenth_ws/install/particle_filter:/home/meric/f1tenth_ws/install/mouse_teleop:/home/meric/f1tenth_ws/install/key_teleop:/opt/ros/foxy /snap/bin/cmake /home/meric/f1tenth_ws_rl/src/safety_node -DCMAKE_INSTALL_PREFIX=/home/meric/f1tenth_ws_rl/install/safety_node
[10.976s] Invoking command in '/home/meric/f1tenth_ws_rl/build/safety_node': CMAKE_PREFIX_PATH=${CMAKE_PREFIX_PATH}:/home/meric/f1tenth_ws_rl/install/f1tenth_stack:/home/meric/f1tenth_ws_rl/install/joy_teleop:/home/meric/f1tenth_ws_rl/install/stanley2_avoidance:/home/meric/f1tenth_ws_rl/install/simple_teleop:/home/meric/f1tenth_ws_rl/install/particle_filter:/home/meric/f1tenth_ws_rl/install/mouse_teleop:/home/meric/f1tenth_ws_rl/install/key_teleop:/home/meric/f1tenth_ws_rl/install/f1tenth_rl:/home/meric/f1tenth_ws_mpc_emergency/install/f1tenth_stack:/home/meric/f1tenth_ws_mpc_emergency/install/joy_teleop:/home/meric/f1tenth_ws_mpc_emergency/install/stanley2_avoidance:/home/meric/f1tenth_ws_mpc_emergency/install/simple_teleop:/home/meric/f1tenth_ws_mpc_emergency/install/particle_filter:/home/meric/f1tenth_ws_mpc_emergency/install/mouse_teleop:/home/meric/f1tenth_ws_mpc_emergency/install/key_teleop:/home/meric/f1tenth_ws/install/f1tenth_stack:/home/meric/f1tenth_ws/install/joy_teleop:/home/meric/f1tenth_ws/install/stanley2_avoidance:/home/meric/f1tenth_ws/install/simple_teleop:/home/meric/f1tenth_ws/install/particle_filter:/home/meric/f1tenth_ws/install/mouse_teleop:/home/meric/f1tenth_ws/install/key_teleop:/opt/ros/foxy /snap/bin/cmake --build /home/meric/f1tenth_ws_rl/build/safety_node -- -j6 -l6
[11.138s] 2025/11/14 20:35:16.731264 cmd_run.go:1400: WARNING: cannot create user data directory: failed to verify SELinux context of /home/meric/snap: cannot locate "matchpathcon" executable
[11.325s] [ 50%] [32mBuilding CXX object CMakeFiles/safety_node.dir/src/safety_node.cpp.o[0m
[33.741s] [100%] [1m[32mLinking CXX executable safety_node[0m
[35.253s] [100%] Built target safety_node
[35.282s] Invoked command in '/home/meric/f1tenth_ws_rl/build/safety_node' returned '0': CMAKE_PREFIX_PATH=${CMAKE_PREFIX_PATH}:/home/meric/f1tenth_ws_rl/install/f1tenth_stack:/home/meric/f1tenth_ws_rl/install/joy_teleop:/home/meric/f1tenth_ws_rl/install/stanley2_avoidance:/home/meric/f1tenth_ws_rl/install/simple_teleop:/home/meric/f1tenth_ws_rl/install/particle_filter:/home/meric/f1tenth_ws_rl/install/mouse_teleop:/home/meric/f1tenth_ws_rl/install/key_teleop:/home/meric/f1tenth_ws_rl/install/f1tenth_rl:/home/meric/f1tenth_ws_mpc_emergency/install/f1tenth_stack:/home/meric/f1tenth_ws_mpc_emergency/install/joy_teleop:/home/meric/f1tenth_ws_mpc_emergency/install/stanley2_avoidance:/home/meric/f1tenth_ws_mpc_emergency/install/simple_teleop:/home/meric/f1tenth_ws_mpc_emergency/install/particle_filter:/home/meric/f1tenth_ws_mpc_emergency/install/mouse_teleop:/home/meric/f1tenth_ws_mpc_emergency/install/key_teleop:/home/meric/f1tenth_ws/install/f1tenth_stack:/home/meric/f1tenth_ws/install/joy_teleop:/home/meric/f1tenth_ws/install/stanley2_avoidance:/home/meric/f1tenth_ws/install/simple_teleop:/home/meric/f1tenth_ws/install/particle_filter:/home/meric/f1tenth_ws/install/mouse_teleop:/home/meric/f1tenth_ws/install/key_teleop:/opt/ros/foxy /snap/bin/cmake --build /home/meric/f1tenth_ws_rl/build/safety_node -- -j6 -l6
[35.284s] Invoking command in '/home/meric/f1tenth_ws_rl/build/safety_node': CMAKE_PREFIX_PATH=${CMAKE_PREFIX_PATH}:/home/meric/f1tenth_ws_rl/install/f1tenth_stack:/home/meric/f1tenth_ws_rl/install/joy_teleop:/home/meric/f1tenth_ws_rl/install/stanley2_avoidance:/home/meric/f1tenth_ws_rl/install/simple_teleop:/home/meric/f1tenth_ws_rl/install/particle_filter:/home/meric/f1tenth_ws_rl/install/mouse_teleop:/home/meric/f1tenth_ws_rl/install/key_teleop:/home/meric/f1tenth_ws_rl/install/f1tenth_rl:/home/meric/f1tenth_ws_mpc_emergency/install/f1tenth_stack:/home/meric/f1tenth_ws_mpc_emergency/install/joy_teleop:/home/meric/f1tenth_ws_mpc_emergency/install/stanley2_avoidance:/home/meric/f1tenth_ws_mpc_emergency/install/simple_teleop:/home/meric/f1tenth_ws_mpc_emergency/install/particle_filter:/home/meric/f1tenth_ws_mpc_emergency/install/mouse_teleop:/home/meric/f1tenth_ws_mpc_emergency/install/key_teleop:/home/meric/f1tenth_ws/install/f1tenth_stack:/home/meric/f1tenth_ws/install/joy_teleop:/home/meric/f1tenth_ws/install/stanley2_avoidance:/home/meric/f1tenth_ws/install/simple_teleop:/home/meric/f1tenth_ws/install/particle_filter:/home/meric/f1tenth_ws/install/mouse_teleop:/home/meric/f1tenth_ws/install/key_teleop:/opt/ros/foxy /snap/bin/cmake --build /home/meric/f1tenth_ws_rl/build/safety_node --target install -- -j6 -l6
[35.619s] 2025/11/14 20:35:41.210876 cmd_run.go:1400: WARNING: cannot create user data directory: failed to verify SELinux context of /home/meric/snap: cannot locate "matchpathcon" executable
[35.901s] [100%] Built target safety_node
[35.969s] [36mInstall the project...[0m
[35.986s] -- Install configuration: ""
[35.991s] -- Installing: /home/meric/f1tenth_ws_rl/install/safety_node/lib/safety_node/safety_node
[36.006s] -- Set non-toolchain portion of runtime path of "/home/meric/f1tenth_ws_rl/install/safety_node/lib/safety_node/safety_node" to ""
[36.010s] -- Installing: /home/meric/f1tenth_ws_rl/install/safety_node/share/safety_node/environment/pythonpath.sh
[36.011s] -- Installing: /home/meric/f1tenth_ws_rl/install/safety_node/share/safety_node/environment/pythonpath.dsv
[36.012s] -- Installing: /home/meric/f1tenth_ws_rl/install/safety_node/lib/python3.8/site-packages/safety_node
[36.013s] -- Installing: /home/meric/f1tenth_ws_rl/install/safety_node/lib/python3.8/site-packages/safety_node/__init__.py
[36.291s] Listing '/home/meric/f1tenth_ws_rl/install/safety_node/lib/python3.8/site-packages/safety_node'...
[36.292s] Compiling '/home/meric/f1tenth_ws_rl/install/safety_node/lib/python3.8/site-packages/safety_node/__init__.py'...
[36.333s] -- Installing: /home/meric/f1tenth_ws_rl/install/safety_node/lib/safety_node/safety_node.py
[36.334s] -- Installing: /home/meric/f1tenth_ws_rl/install/safety_node/share/ament_index/resource_index/package_run_dependencies/safety_node
[36.334s] -- Installing: /home/meric/f1tenth_ws_rl/install/safety_node/share/ament_index/resource_index/parent_prefix_path/safety_node
[36.335s] -- Installing: /home/meric/f1tenth_ws_rl/install/safety_node/share/safety_node/environment/ament_prefix_path.sh
[36.335s] -- Installing: /home/meric/f1tenth_ws_rl/install/safety_node/share/safety_node/environment/ament_prefix_path.dsv
[36.335s] -- Installing: /home/meric/f1tenth_ws_rl/install/safety_node/share/safety_node/environment/path.sh
[36.335s] -- Installing: /home/meric/f1tenth_ws_rl/install/safety_node/share/safety_node/environment/path.dsv
[36.335s] -- Installing: /home/meric/f1tenth_ws_rl/install/safety_node/share/safety_node/local_setup.bash
[36.336s] -- Installing: /home/meric/f1tenth_ws_rl/install/safety_node/share/safety_node/local_setup.sh
[36.336s] -- Installing: /home/meric/f1tenth_ws_rl/install/safety_node/share/safety_node/local_setup.zsh
[36.336s] -- Installing: /home/meric/f1tenth_ws_rl/install/safety_node/share/safety_node/local_setup.dsv
[36.336s] -- Installing: /home/meric/f1tenth_ws_rl/install/safety_node/share/safety_node/package.dsv
[36.336s] -- Installing: /home/meric/f1tenth_ws_rl/install/safety_node/share/ament_index/resource_index/packages/safety_node
[36.337s] -- Installing: /home/meric/f1tenth_ws_rl/install/safety_node/share/safety_node/cmake/safety_nodeConfig.cmake
[36.337s] -- Installing: /home/meric/f1tenth_ws_rl/install/safety_node/share/safety_node/cmake/safety_nodeConfig-version.cmake
[36.337s] -- Installing: /home/meric/f1tenth_ws_rl/install/safety_node/share/safety_node/package.xml
[36.347s] Invoked command in '/home/meric/f1tenth_ws_rl/build/safety_node' returned '0': CMAKE_PREFIX_PATH=${CMAKE_PREFIX_PATH}:/home/meric/f1tenth_ws_rl/install/f1tenth_stack:/home/meric/f1tenth_ws_rl/install/joy_teleop:/home/meric/f1tenth_ws_rl/install/stanley2_avoidance:/home/meric/f1tenth_ws_rl/install/simple_teleop:/home/meric/f1tenth_ws_rl/install/particle_filter:/home/meric/f1tenth_ws_rl/install/mouse_teleop:/home/meric/f1tenth_ws_rl/install/key_teleop:/home/meric/f1tenth_ws_rl/install/f1tenth_rl:/home/meric/f1tenth_ws_mpc_emergency/install/f1tenth_stack:/home/meric/f1tenth_ws_mpc_emergency/install/joy_teleop:/home/meric/f1tenth_ws_mpc_emergency/install/stanley2_avoidance:/home/meric/f1tenth_ws_mpc_emergency/install/simple_teleop:/home/meric/f1tenth_ws_mpc_emergency/install/particle_filter:/home/meric/f1tenth_ws_mpc_emergency/install/mouse_teleop:/home/meric/f1tenth_ws_mpc_emergency/install/key_teleop:/home/meric/f1tenth_ws/install/f1tenth_stack:/home/meric/f1tenth_ws/install/joy_teleop:/home/meric/f1tenth_ws/install/stanley2_avoidance:/home/meric/f1tenth_ws/install/simple_teleop:/home/meric/f1tenth_ws/install/particle_filter:/home/meric/f1tenth_ws/install/mouse_teleop:/home/meric/f1tenth_ws/install/key_teleop:/opt/ros/foxy /snap/bin/cmake --build /home/meric/f1tenth_ws_rl/build/safety_node --target install -- -j6 -l6
