[3.455s] Invoking command in '/home/meric/f1tenth_ws_mpc_emergency/src/f1tenth_system/teleop_tools/mouse_teleop': PYTHONPATH=/home/meric/f1tenth_ws_mpc_emergency/build/mouse_teleop/prefix_override:/usr/lib/python3/dist-packages/colcon_core/task/python/colcon_distutils_commands:/home/meric/f1tenth_ws_mpc_emergency/install/mouse_teleop/lib/python3.8/site-packages:${PYTHONPATH} /usr/bin/python3 -W ignore:setup.py install is deprecated -W ignore:easy_install command is deprecated setup.py egg_info --egg-base ../../../../build/mouse_teleop build --build-base /home/meric/f1tenth_ws_mpc_emergency/build/mouse_teleop/build install --record /home/meric/f1tenth_ws_mpc_emergency/build/mouse_teleop/install.log --install-scripts $base/lib/mouse_teleop --single-version-externally-managed install_data
[4.066s] running egg_info
[4.067s] writing ../../../../build/mouse_teleop/mouse_teleop.egg-info/PKG-INFO
[4.069s] writing dependency_links to ../../../../build/mouse_teleop/mouse_teleop.egg-info/dependency_links.txt
[4.069s] writing entry points to ../../../../build/mouse_teleop/mouse_teleop.egg-info/entry_points.txt
[4.069s] writing requirements to ../../../../build/mouse_teleop/mouse_teleop.egg-info/requires.txt
[4.070s] writing top-level names to ../../../../build/mouse_teleop/mouse_teleop.egg-info/top_level.txt
[4.145s] reading manifest file '../../../../build/mouse_teleop/mouse_teleop.egg-info/SOURCES.txt'
[4.148s] writing manifest file '../../../../build/mouse_teleop/mouse_teleop.egg-info/SOURCES.txt'
[4.148s] running build
[4.148s] running build_py
[4.148s] running install
[4.151s] running install_lib
[4.155s] running install_data
[4.155s] running install_egg_info
[4.160s] removing '/home/meric/f1tenth_ws_mpc_emergency/install/mouse_teleop/lib/python3.8/site-packages/mouse_teleop-0.3.0-py3.8.egg-info' (and everything under it)
[4.161s] Copying ../../../../build/mouse_teleop/mouse_teleop.egg-info to /home/meric/f1tenth_ws_mpc_emergency/install/mouse_teleop/lib/python3.8/site-packages/mouse_teleop-0.3.0-py3.8.egg-info
[4.163s] running install_scripts
[4.220s] Installing mouse_teleop script to /home/meric/f1tenth_ws_mpc_emergency/install/mouse_teleop/lib/mouse_teleop
[4.221s] writing list of installed files to '/home/meric/f1tenth_ws_mpc_emergency/build/mouse_teleop/install.log'
[4.386s] Invoked command in '/home/meric/f1tenth_ws_mpc_emergency/src/f1tenth_system/teleop_tools/mouse_teleop' returned '0': PYTHONPATH=/home/meric/f1tenth_ws_mpc_emergency/build/mouse_teleop/prefix_override:/usr/lib/python3/dist-packages/colcon_core/task/python/colcon_distutils_commands:/home/meric/f1tenth_ws_mpc_emergency/install/mouse_teleop/lib/python3.8/site-packages:${PYTHONPATH} /usr/bin/python3 -W ignore:setup.py install is deprecated -W ignore:easy_install command is deprecated setup.py egg_info --egg-base ../../../../build/mouse_teleop build --build-base /home/meric/f1tenth_ws_mpc_emergency/build/mouse_teleop/build install --record /home/meric/f1tenth_ws_mpc_emergency/build/mouse_teleop/install.log --install-scripts $base/lib/mouse_teleop --single-version-externally-managed install_data
