[2.888s] Invoking command in '/home/meric/f1tenth_ws_mpc_emergency/src/f1tenth_system/teleop_tools/joy_teleop': AMENT_PREFIX_PATH=/home/meric/f1tenth_ws_mpc_emergency/install/teleop_tools_msgs:${AMENT_PREFIX_PATH} CMAKE_PREFIX_PATH=/home/meric/f1tenth_ws_mpc_emergency/install/teleop_tools_msgs:${CMAKE_PREFIX_PATH} LD_LIBRARY_PATH=/home/meric/f1tenth_ws_mpc_emergency/install/teleop_tools_msgs/lib:${LD_LIBRARY_PATH} PYTHONPATH=/home/meric/f1tenth_ws_mpc_emergency/build/joy_teleop/prefix_override:/usr/lib/python3/dist-packages/colcon_core/task/python/colcon_distutils_commands:/home/meric/f1tenth_ws_mpc_emergency/install/joy_teleop/lib/python3.8/site-packages:/home/meric/f1tenth_ws_mpc_emergency/install/teleop_tools_msgs/lib/python3.8/site-packages:${PYTHONPATH} /usr/bin/python3 -W ignore:setup.py install is deprecated -W ignore:easy_install command is deprecated setup.py egg_info --egg-base ../../../../build/joy_teleop build --build-base /home/meric/f1tenth_ws_mpc_emergency/build/joy_teleop/build install --record /home/meric/f1tenth_ws_mpc_emergency/build/joy_teleop/install.log --install-scripts $base/lib/joy_teleop --single-version-externally-managed install_data
[3.536s] running egg_info
[3.537s] writing ../../../../build/joy_teleop/joy_teleop.egg-info/PKG-INFO
[3.538s] writing dependency_links to ../../../../build/joy_teleop/joy_teleop.egg-info/dependency_links.txt
[3.538s] writing entry points to ../../../../build/joy_teleop/joy_teleop.egg-info/entry_points.txt
[3.539s] writing requirements to ../../../../build/joy_teleop/joy_teleop.egg-info/requires.txt
[3.539s] writing top-level names to ../../../../build/joy_teleop/joy_teleop.egg-info/top_level.txt
[3.610s] reading manifest file '../../../../build/joy_teleop/joy_teleop.egg-info/SOURCES.txt'
[3.612s] writing manifest file '../../../../build/joy_teleop/joy_teleop.egg-info/SOURCES.txt'
[3.613s] running build
[3.613s] running build_py
[3.613s] running install
[3.615s] running install_lib
[3.618s] running install_data
[3.619s] running install_egg_info
[3.623s] removing '/home/meric/f1tenth_ws_mpc_emergency/install/joy_teleop/lib/python3.8/site-packages/joy_teleop-0.3.0-py3.8.egg-info' (and everything under it)
[3.624s] Copying ../../../../build/joy_teleop/joy_teleop.egg-info to /home/meric/f1tenth_ws_mpc_emergency/install/joy_teleop/lib/python3.8/site-packages/joy_teleop-0.3.0-py3.8.egg-info
[3.626s] running install_scripts
[3.672s] Installing incrementer_server script to /home/meric/f1tenth_ws_mpc_emergency/install/joy_teleop/lib/joy_teleop
[3.672s] Installing joy_teleop script to /home/meric/f1tenth_ws_mpc_emergency/install/joy_teleop/lib/joy_teleop
[3.673s] writing list of installed files to '/home/meric/f1tenth_ws_mpc_emergency/build/joy_teleop/install.log'
[3.749s] Invoked command in '/home/meric/f1tenth_ws_mpc_emergency/src/f1tenth_system/teleop_tools/joy_teleop' returned '0': AMENT_PREFIX_PATH=/home/meric/f1tenth_ws_mpc_emergency/install/teleop_tools_msgs:${AMENT_PREFIX_PATH} CMAKE_PREFIX_PATH=/home/meric/f1tenth_ws_mpc_emergency/install/teleop_tools_msgs:${CMAKE_PREFIX_PATH} LD_LIBRARY_PATH=/home/meric/f1tenth_ws_mpc_emergency/install/teleop_tools_msgs/lib:${LD_LIBRARY_PATH} PYTHONPATH=/home/meric/f1tenth_ws_mpc_emergency/build/joy_teleop/prefix_override:/usr/lib/python3/dist-packages/colcon_core/task/python/colcon_distutils_commands:/home/meric/f1tenth_ws_mpc_emergency/install/joy_teleop/lib/python3.8/site-packages:/home/meric/f1tenth_ws_mpc_emergency/install/teleop_tools_msgs/lib/python3.8/site-packages:${PYTHONPATH} /usr/bin/python3 -W ignore:setup.py install is deprecated -W ignore:easy_install command is deprecated setup.py egg_info --egg-base ../../../../build/joy_teleop build --build-base /home/meric/f1tenth_ws_mpc_emergency/build/joy_teleop/build install --record /home/meric/f1tenth_ws_mpc_emergency/build/joy_teleop/install.log --install-scripts $base/lib/joy_teleop --single-version-externally-managed install_data
