[2.709s] Invoking command in '/home/meric/f1tenth_ws_rl/src/stanley2_avoidance': PYTHONPATH=/home/meric/f1tenth_ws_rl/build/stanley2_avoidance/prefix_override:/usr/lib/python3/dist-packages/colcon_core/task/python/colcon_distutils_commands:/home/meric/f1tenth_ws_rl/install/stanley2_avoidance/lib/python3.8/site-packages:${PYTHONPATH} /usr/bin/python3 -W ignore:setup.py install is deprecated -W ignore:easy_install command is deprecated setup.py egg_info --egg-base ../../build/stanley2_avoidance build --build-base /home/meric/f1tenth_ws_rl/build/stanley2_avoidance/build install --record /home/meric/f1tenth_ws_rl/build/stanley2_avoidance/install.log --install-scripts $base/lib/stanley2_avoidance --single-version-externally-managed install_data
[3.751s] running egg_info
[3.761s] creating ../../build/stanley2_avoidance/stanley2_avoidance.egg-info
[3.764s] writing ../../build/stanley2_avoidance/stanley2_avoidance.egg-info/PKG-INFO
[3.765s] writing dependency_links to ../../build/stanley2_avoidance/stanley2_avoidance.egg-info/dependency_links.txt
[3.765s] writing entry points to ../../build/stanley2_avoidance/stanley2_avoidance.egg-info/entry_points.txt
[3.765s] writing requirements to ../../build/stanley2_avoidance/stanley2_avoidance.egg-info/requires.txt
[3.766s] writing top-level names to ../../build/stanley2_avoidance/stanley2_avoidance.egg-info/top_level.txt
[3.770s] writing manifest file '../../build/stanley2_avoidance/stanley2_avoidance.egg-info/SOURCES.txt'
[3.957s] reading manifest file '../../build/stanley2_avoidance/stanley2_avoidance.egg-info/SOURCES.txt'
[3.959s] writing manifest file '../../build/stanley2_avoidance/stanley2_avoidance.egg-info/SOURCES.txt'
[3.962s] running build
[3.962s] running build_py
[3.963s] creating /home/meric/f1tenth_ws_rl/build/stanley2_avoidance/build
[3.963s] creating /home/meric/f1tenth_ws_rl/build/stanley2_avoidance/build/lib
[3.963s] creating /home/meric/f1tenth_ws_rl/build/stanley2_avoidance/build/lib/stanley2_avoidance
[3.964s] copying stanley2_avoidance/__init__.py -> /home/meric/f1tenth_ws_rl/build/stanley2_avoidance/build/lib/stanley2_avoidance
[3.964s] copying stanley2_avoidance/stanley2_avoidance.py -> /home/meric/f1tenth_ws_rl/build/stanley2_avoidance/build/lib/stanley2_avoidance
[3.971s] copying stanley2_avoidance/1stanley2_avoidance.py -> /home/meric/f1tenth_ws_rl/build/stanley2_avoidance/build/lib/stanley2_avoidance
[3.972s] running install
[3.977s] running install_lib
[3.993s] creating /home/meric/f1tenth_ws_rl/install/stanley2_avoidance/lib/python3.8/site-packages/stanley2_avoidance
[3.995s] copying /home/meric/f1tenth_ws_rl/build/stanley2_avoidance/build/lib/stanley2_avoidance/__init__.py -> /home/meric/f1tenth_ws_rl/install/stanley2_avoidance/lib/python3.8/site-packages/stanley2_avoidance
[3.996s] copying /home/meric/f1tenth_ws_rl/build/stanley2_avoidance/build/lib/stanley2_avoidance/stanley2_avoidance.py -> /home/meric/f1tenth_ws_rl/install/stanley2_avoidance/lib/python3.8/site-packages/stanley2_avoidance
[3.997s] copying /home/meric/f1tenth_ws_rl/build/stanley2_avoidance/build/lib/stanley2_avoidance/1stanley2_avoidance.py -> /home/meric/f1tenth_ws_rl/install/stanley2_avoidance/lib/python3.8/site-packages/stanley2_avoidance
[4.004s] byte-compiling /home/meric/f1tenth_ws_rl/install/stanley2_avoidance/lib/python3.8/site-packages/stanley2_avoidance/__init__.py to __init__.cpython-38.pyc
[4.007s] byte-compiling /home/meric/f1tenth_ws_rl/install/stanley2_avoidance/lib/python3.8/site-packages/stanley2_avoidance/stanley2_avoidance.py to stanley2_avoidance.cpython-38.pyc
[4.020s] byte-compiling /home/meric/f1tenth_ws_rl/install/stanley2_avoidance/lib/python3.8/site-packages/stanley2_avoidance/1stanley2_avoidance.py to 1stanley2_avoidance.cpython-38.pyc
[4.031s] running install_data
[4.032s] creating /home/meric/f1tenth_ws_rl/install/stanley2_avoidance/share/ament_index
[4.033s] creating /home/meric/f1tenth_ws_rl/install/stanley2_avoidance/share/ament_index/resource_index
[4.034s] creating /home/meric/f1tenth_ws_rl/install/stanley2_avoidance/share/ament_index/resource_index/packages
[4.034s] copying resource/stanley2_avoidance -> /home/meric/f1tenth_ws_rl/install/stanley2_avoidance/share/ament_index/resource_index/packages
[4.035s] copying package.xml -> /home/meric/f1tenth_ws_rl/install/stanley2_avoidance/share/stanley2_avoidance
[4.036s] creating /home/meric/f1tenth_ws_rl/install/stanley2_avoidance/share/stanley2_avoidance/racelines
[4.037s] creating /home/meric/f1tenth_ws_rl/install/stanley2_avoidance/share/stanley2_avoidance/launch
[4.037s] copying launch/stanley2_avoidance_launch.py -> /home/meric/f1tenth_ws_rl/install/stanley2_avoidance/share/stanley2_avoidance/launch
[4.038s] copying launch/sim_stanley_avoidance_launch.py -> /home/meric/f1tenth_ws_rl/install/stanley2_avoidance/share/stanley2_avoidance/launch
[4.039s] copying launch/sim_multi_agent_stanley_avoidance_launch.py -> /home/meric/f1tenth_ws_rl/install/stanley2_avoidance/share/stanley2_avoidance/launch
[4.040s] copying launch/stanley_avoidance.rviz -> /home/meric/f1tenth_ws_rl/install/stanley2_avoidance/share/stanley2_avoidance/launch
[4.041s] creating /home/meric/f1tenth_ws_rl/install/stanley2_avoidance/share/stanley2_avoidance/config
[4.041s] copying config/config.yaml -> /home/meric/f1tenth_ws_rl/install/stanley2_avoidance/share/stanley2_avoidance/config
[4.042s] copying config/sim_config.yaml -> /home/meric/f1tenth_ws_rl/install/stanley2_avoidance/share/stanley2_avoidance/config
[4.043s] running install_egg_info
[4.049s] Copying ../../build/stanley2_avoidance/stanley2_avoidance.egg-info to /home/meric/f1tenth_ws_rl/install/stanley2_avoidance/lib/python3.8/site-packages/stanley2_avoidance-0.0.0-py3.8.egg-info
[4.055s] running install_scripts
[4.161s] Installing stanley2_avoidance script to /home/meric/f1tenth_ws_rl/install/stanley2_avoidance/lib/stanley2_avoidance
[4.162s] writing list of installed files to '/home/meric/f1tenth_ws_rl/build/stanley2_avoidance/install.log'
[4.368s] Invoked command in '/home/meric/f1tenth_ws_rl/src/stanley2_avoidance' returned '0': PYTHONPATH=/home/meric/f1tenth_ws_rl/build/stanley2_avoidance/prefix_override:/usr/lib/python3/dist-packages/colcon_core/task/python/colcon_distutils_commands:/home/meric/f1tenth_ws_rl/install/stanley2_avoidance/lib/python3.8/site-packages:${PYTHONPATH} /usr/bin/python3 -W ignore:setup.py install is deprecated -W ignore:easy_install command is deprecated setup.py egg_info --egg-base ../../build/stanley2_avoidance build --build-base /home/meric/f1tenth_ws_rl/build/stanley2_avoidance/build install --record /home/meric/f1tenth_ws_rl/build/stanley2_avoidance/install.log --install-scripts $base/lib/stanley2_avoidance --single-version-externally-managed install_data
