[2.969s] Invoking command in '/home/meric/f1tenth_ws_rl/src/f1tenth_system/teleop_tools/mouse_teleop': PYTHONPATH=/home/meric/f1tenth_ws_rl/build/mouse_teleop/prefix_override:/usr/lib/python3/dist-packages/colcon_core/task/python/colcon_distutils_commands:/home/meric/f1tenth_ws_rl/install/mouse_teleop/lib/python3.8/site-packages:${PYTHONPATH} /usr/bin/python3 -W ignore:setup.py install is deprecated -W ignore:easy_install command is deprecated setup.py egg_info --egg-base ../../../../build/mouse_teleop build --build-base /home/meric/f1tenth_ws_rl/build/mouse_teleop/build install --record /home/meric/f1tenth_ws_rl/build/mouse_teleop/install.log --install-scripts $base/lib/mouse_teleop --single-version-externally-managed install_data
[3.516s] running egg_info
[3.517s] creating ../../../../build/mouse_teleop/mouse_teleop.egg-info
[3.518s] writing ../../../../build/mouse_teleop/mouse_teleop.egg-info/PKG-INFO
[3.519s] writing dependency_links to ../../../../build/mouse_teleop/mouse_teleop.egg-info/dependency_links.txt
[3.519s] writing entry points to ../../../../build/mouse_teleop/mouse_teleop.egg-info/entry_points.txt
[3.519s] writing requirements to ../../../../build/mouse_teleop/mouse_teleop.egg-info/requires.txt
[3.520s] writing top-level names to ../../../../build/mouse_teleop/mouse_teleop.egg-info/top_level.txt
[3.523s] writing manifest file '../../../../build/mouse_teleop/mouse_teleop.egg-info/SOURCES.txt'
[3.601s] reading manifest file '../../../../build/mouse_teleop/mouse_teleop.egg-info/SOURCES.txt'
[3.602s] writing manifest file '../../../../build/mouse_teleop/mouse_teleop.egg-info/SOURCES.txt'
[3.602s] running build
[3.603s] running build_py
[3.603s] creating /home/meric/f1tenth_ws_rl/build/mouse_teleop/build
[3.603s] creating /home/meric/f1tenth_ws_rl/build/mouse_teleop/build/lib
[3.603s] creating /home/meric/f1tenth_ws_rl/build/mouse_teleop/build/lib/mouse_teleop
[3.604s] copying mouse_teleop/__init__.py -> /home/meric/f1tenth_ws_rl/build/mouse_teleop/build/lib/mouse_teleop
[3.604s] copying mouse_teleop/mouse_teleop.py -> /home/meric/f1tenth_ws_rl/build/mouse_teleop/build/lib/mouse_teleop
[3.604s] running install
[3.606s] running install_lib
[3.608s] creating /home/meric/f1tenth_ws_rl/install/mouse_teleop/lib/python3.8/site-packages/mouse_teleop
[3.608s] copying /home/meric/f1tenth_ws_rl/build/mouse_teleop/build/lib/mouse_teleop/__init__.py -> /home/meric/f1tenth_ws_rl/install/mouse_teleop/lib/python3.8/site-packages/mouse_teleop
[3.609s] copying /home/meric/f1tenth_ws_rl/build/mouse_teleop/build/lib/mouse_teleop/mouse_teleop.py -> /home/meric/f1tenth_ws_rl/install/mouse_teleop/lib/python3.8/site-packages/mouse_teleop
[3.610s] byte-compiling /home/meric/f1tenth_ws_rl/install/mouse_teleop/lib/python3.8/site-packages/mouse_teleop/__init__.py to __init__.cpython-38.pyc
[3.612s] byte-compiling /home/meric/f1tenth_ws_rl/install/mouse_teleop/lib/python3.8/site-packages/mouse_teleop/mouse_teleop.py to mouse_teleop.cpython-38.pyc
[3.615s] running install_data
[3.615s] copying package.xml -> /home/meric/f1tenth_ws_rl/install/mouse_teleop/share/mouse_teleop
[3.616s] creating /home/meric/f1tenth_ws_rl/install/mouse_teleop/share/mouse_teleop/config
[3.616s] copying config/mouse_teleop.yaml -> /home/meric/f1tenth_ws_rl/install/mouse_teleop/share/mouse_teleop/config
[3.617s] creating /home/meric/f1tenth_ws_rl/install/mouse_teleop/share/mouse_teleop/launch
[3.618s] copying launch/mouse_teleop.launch.py -> /home/meric/f1tenth_ws_rl/install/mouse_teleop/share/mouse_teleop/launch
[3.620s] creating /home/meric/f1tenth_ws_rl/install/mouse_teleop/share/ament_index
[3.621s] creating /home/meric/f1tenth_ws_rl/install/mouse_teleop/share/ament_index/resource_index
[3.621s] creating /home/meric/f1tenth_ws_rl/install/mouse_teleop/share/ament_index/resource_index/packages
[3.621s] copying resource/mouse_teleop -> /home/meric/f1tenth_ws_rl/install/mouse_teleop/share/ament_index/resource_index/packages
[3.621s] running install_egg_info
[3.627s] Copying ../../../../build/mouse_teleop/mouse_teleop.egg-info to /home/meric/f1tenth_ws_rl/install/mouse_teleop/lib/python3.8/site-packages/mouse_teleop-0.3.0-py3.8.egg-info
[3.636s] running install_scripts
[3.687s] Installing mouse_teleop script to /home/meric/f1tenth_ws_rl/install/mouse_teleop/lib/mouse_teleop
[3.688s] writing list of installed files to '/home/meric/f1tenth_ws_rl/build/mouse_teleop/install.log'
[3.788s] Invoked command in '/home/meric/f1tenth_ws_rl/src/f1tenth_system/teleop_tools/mouse_teleop' returned '0': PYTHONPATH=/home/meric/f1tenth_ws_rl/build/mouse_teleop/prefix_override:/usr/lib/python3/dist-packages/colcon_core/task/python/colcon_distutils_commands:/home/meric/f1tenth_ws_rl/install/mouse_teleop/lib/python3.8/site-packages:${PYTHONPATH} /usr/bin/python3 -W ignore:setup.py install is deprecated -W ignore:easy_install command is deprecated setup.py egg_info --egg-base ../../../../build/mouse_teleop build --build-base /home/meric/f1tenth_ws_rl/build/mouse_teleop/build install --record /home/meric/f1tenth_ws_rl/build/mouse_teleop/install.log --install-scripts $base/lib/mouse_teleop --single-version-externally-managed install_data
