[0.073s] Invoking command in '/home/meric/f1tenth_ws_mpc_emergency/build/safety_node': CMAKE_PREFIX_PATH=${CMAKE_PREFIX_PATH}:/opt/ros/foxy /snap/bin/cmake --build /home/meric/f1tenth_ws_mpc_emergency/build/safety_node -- -j6 -l6
[0.239s] 2025/10/23 13:51:11.056054 cmd_run.go:1398: WARNING: cannot create user data directory: failed to verify SELinux context of /home/meric/snap: cannot locate "matchpathcon" executable
[0.332s] [100%] Built target safety_node
[1.401s] Invoked command in '/home/meric/f1tenth_ws_mpc_emergency/build/safety_node' returned '0': CMAKE_PREFIX_PATH=${CMAKE_PREFIX_PATH}:/opt/ros/foxy /snap/bin/cmake --build /home/meric/f1tenth_ws_mpc_emergency/build/safety_node -- -j6 -l6
[1.407s] Invoking command in '/home/meric/f1tenth_ws_mpc_emergency/build/safety_node': CMAKE_PREFIX_PATH=${CMAKE_PREFIX_PATH}:/opt/ros/foxy /snap/bin/cmake --build /home/meric/f1tenth_ws_mpc_emergency/build/safety_node --target install -- -j6 -l6
[1.533s] 2025/10/23 13:51:12.358274 cmd_run.go:1398: WARNING: cannot create user data directory: failed to verify SELinux context of /home/meric/snap: cannot locate "matchpathcon" executable
[1.646s] [100%] Built target safety_node
[1.667s] [36mInstall the project...[0m
[1.671s] -- Install configuration: ""
[1.672s] -- Up-to-date: /home/meric/f1tenth_ws_mpc_emergency/install/safety_node/lib/safety_node/safety_node
[1.673s] -- Up-to-date: /home/meric/f1tenth_ws_mpc_emergency/install/safety_node/share/safety_node/environment/pythonpath.sh
[1.673s] -- Up-to-date: /home/meric/f1tenth_ws_mpc_emergency/install/safety_node/share/safety_node/environment/pythonpath.dsv
[1.674s] -- Up-to-date: /home/meric/f1tenth_ws_mpc_emergency/install/safety_node/lib/python3.8/site-packages/safety_node
[1.674s] -- Up-to-date: /home/meric/f1tenth_ws_mpc_emergency/install/safety_node/lib/python3.8/site-packages/safety_node/__init__.py
[1.771s] Listing '/home/meric/f1tenth_ws_mpc_emergency/install/safety_node/lib/python3.8/site-packages/safety_node'...
[1.784s] -- Up-to-date: /home/meric/f1tenth_ws_mpc_emergency/install/safety_node/lib/safety_node/safety_node.py
[1.784s] -- Up-to-date: /home/meric/f1tenth_ws_mpc_emergency/install/safety_node/share/ament_index/resource_index/package_run_dependencies/safety_node
[1.785s] -- Up-to-date: /home/meric/f1tenth_ws_mpc_emergency/install/safety_node/share/ament_index/resource_index/parent_prefix_path/safety_node
[1.785s] -- Up-to-date: /home/meric/f1tenth_ws_mpc_emergency/install/safety_node/share/safety_node/environment/ament_prefix_path.sh
[1.785s] -- Up-to-date: /home/meric/f1tenth_ws_mpc_emergency/install/safety_node/share/safety_node/environment/ament_prefix_path.dsv
[1.785s] -- Up-to-date: /home/meric/f1tenth_ws_mpc_emergency/install/safety_node/share/safety_node/environment/path.sh
[1.785s] -- Up-to-date: /home/meric/f1tenth_ws_mpc_emergency/install/safety_node/share/safety_node/environment/path.dsv
[1.785s] -- Up-to-date: /home/meric/f1tenth_ws_mpc_emergency/install/safety_node/share/safety_node/local_setup.bash
[1.785s] -- Up-to-date: /home/meric/f1tenth_ws_mpc_emergency/install/safety_node/share/safety_node/local_setup.sh
[1.786s] -- Up-to-date: /home/meric/f1tenth_ws_mpc_emergency/install/safety_node/share/safety_node/local_setup.zsh
[1.786s] -- Up-to-date: /home/meric/f1tenth_ws_mpc_emergency/install/safety_node/share/safety_node/local_setup.dsv
[1.786s] -- Installing: /home/meric/f1tenth_ws_mpc_emergency/install/safety_node/share/safety_node/package.dsv
[1.786s] -- Up-to-date: /home/meric/f1tenth_ws_mpc_emergency/install/safety_node/share/ament_index/resource_index/packages/safety_node
[1.786s] -- Up-to-date: /home/meric/f1tenth_ws_mpc_emergency/install/safety_node/share/safety_node/cmake/safety_nodeConfig.cmake
[1.786s] -- Up-to-date: /home/meric/f1tenth_ws_mpc_emergency/install/safety_node/share/safety_node/cmake/safety_nodeConfig-version.cmake
[1.786s] -- Up-to-date: /home/meric/f1tenth_ws_mpc_emergency/install/safety_node/share/safety_node/package.xml
[1.797s] Invoked command in '/home/meric/f1tenth_ws_mpc_emergency/build/safety_node' returned '0': CMAKE_PREFIX_PATH=${CMAKE_PREFIX_PATH}:/opt/ros/foxy /snap/bin/cmake --build /home/meric/f1tenth_ws_mpc_emergency/build/safety_node --target install -- -j6 -l6
