[0.139s] Invoking command in '/home/meric/f1tenth_ws_mpc_emergency/build/vesc_msgs': CMAKE_PREFIX_PATH=${CMAKE_PREFIX_PATH}:/home/meric/f1tenth_ws_mpc_emergency/install/f1tenth_stack:/home/meric/f1tenth_ws_mpc_emergency/install/joy_teleop:/home/meric/f1tenth_ws_mpc_emergency/install/stanley2_avoidance:/home/meric/f1tenth_ws_mpc_emergency/install/simple_teleop:/home/meric/f1tenth_ws_mpc_emergency/install/particle_filter:/home/meric/f1tenth_ws_mpc_emergency/install/mouse_teleop:/home/meric/f1tenth_ws_mpc_emergency/install/key_teleop:/opt/ros/foxy /snap/bin/cmake --build /home/meric/f1tenth_ws_mpc_emergency/build/vesc_msgs -- -j6 -l6
[1.251s] 2025/10/25 14:15:02.001414 cmd_run.go:1398: WARNING: cannot create user data directory: failed to verify SELinux context of /home/meric/snap: cannot locate "matchpathcon" executable
[1.474s] [  1%] Built target vesc_msgs__cpp
[1.485s] [ 12%] Built target vesc_msgs__rosidl_generator_c
[1.525s] [ 23%] Built target vesc_msgs__rosidl_typesupport_cpp
[1.536s] [ 45%] Built target vesc_msgs__rosidl_typesupport_c
[1.537s] [ 45%] Built target vesc_msgs__rosidl_typesupport_introspection_cpp
[1.537s] [ 56%] Built target vesc_msgs__rosidl_typesupport_fastrtps_cpp
[1.545s] [ 67%] Built target vesc_msgs__rosidl_typesupport_introspection_c
[1.570s] [ 78%] Built target vesc_msgs__rosidl_typesupport_fastrtps_c
[1.587s] [ 78%] Built target vesc_msgs
[1.605s] [ 80%] Built target vesc_msgs__py
[1.634s] [ 89%] Built target vesc_msgs__python
[1.668s] [ 92%] Built target vesc_msgs__rosidl_typesupport_fastrtps_c__pyext
[1.669s] [ 96%] Built target vesc_msgs__rosidl_typesupport_introspection_c__pyext
[1.671s] [100%] Built target vesc_msgs__rosidl_typesupport_c__pyext
[1.985s] Invoked command in '/home/meric/f1tenth_ws_mpc_emergency/build/vesc_msgs' returned '0': CMAKE_PREFIX_PATH=${CMAKE_PREFIX_PATH}:/home/meric/f1tenth_ws_mpc_emergency/install/f1tenth_stack:/home/meric/f1tenth_ws_mpc_emergency/install/joy_teleop:/home/meric/f1tenth_ws_mpc_emergency/install/stanley2_avoidance:/home/meric/f1tenth_ws_mpc_emergency/install/simple_teleop:/home/meric/f1tenth_ws_mpc_emergency/install/particle_filter:/home/meric/f1tenth_ws_mpc_emergency/install/mouse_teleop:/home/meric/f1tenth_ws_mpc_emergency/install/key_teleop:/opt/ros/foxy /snap/bin/cmake --build /home/meric/f1tenth_ws_mpc_emergency/build/vesc_msgs -- -j6 -l6
[1.993s] Invoking command in '/home/meric/f1tenth_ws_mpc_emergency/build/vesc_msgs': CMAKE_PREFIX_PATH=${CMAKE_PREFIX_PATH}:/home/meric/f1tenth_ws_mpc_emergency/install/f1tenth_stack:/home/meric/f1tenth_ws_mpc_emergency/install/joy_teleop:/home/meric/f1tenth_ws_mpc_emergency/install/stanley2_avoidance:/home/meric/f1tenth_ws_mpc_emergency/install/simple_teleop:/home/meric/f1tenth_ws_mpc_emergency/install/particle_filter:/home/meric/f1tenth_ws_mpc_emergency/install/mouse_teleop:/home/meric/f1tenth_ws_mpc_emergency/install/key_teleop:/opt/ros/foxy /snap/bin/cmake --build /home/meric/f1tenth_ws_mpc_emergency/build/vesc_msgs --target install -- -j6 -l6
[2.155s] 2025/10/25 14:15:03.885646 cmd_run.go:1398: WARNING: cannot create user data directory: failed to verify SELinux context of /home/meric/snap: cannot locate "matchpathcon" executable
[2.285s] [  1%] Built target vesc_msgs__cpp
[2.287s] [ 12%] Built target vesc_msgs__rosidl_generator_c
[2.337s] [ 23%] Built target vesc_msgs__rosidl_typesupport_fastrtps_cpp
[2.338s] [ 34%] Built target vesc_msgs__rosidl_typesupport_cpp
[2.347s] [ 45%] Built target vesc_msgs__rosidl_typesupport_introspection_cpp
[2.391s] [ 56%] Built target vesc_msgs__rosidl_typesupport_c
[2.395s] [ 67%] Built target vesc_msgs__rosidl_typesupport_introspection_c
[2.396s] [ 78%] Built target vesc_msgs__rosidl_typesupport_fastrtps_c
[2.425s] [ 78%] Built target vesc_msgs
[2.475s] [ 80%] Built target vesc_msgs__py
[2.517s] [ 89%] Built target vesc_msgs__python
[2.551s] [ 92%] Built target vesc_msgs__rosidl_typesupport_introspection_c__pyext
[2.562s] [ 96%] Built target vesc_msgs__rosidl_typesupport_fastrtps_c__pyext
[2.567s] [100%] Built target vesc_msgs__rosidl_typesupport_c__pyext
[2.588s] [36mInstall the project...[0m
[2.595s] -- Install configuration: ""
[2.599s] -- Up-to-date: /home/meric/f1tenth_ws_mpc_emergency/install/vesc_msgs/share/ament_index/resource_index/rosidl_interfaces/vesc_msgs
[2.600s] -- Up-to-date: /home/meric/f1tenth_ws_mpc_emergency/install/vesc_msgs/include/vesc_msgs
[2.601s] -- Up-to-date: /home/meric/f1tenth_ws_mpc_emergency/install/vesc_msgs/include/vesc_msgs/msg
[2.602s] -- Up-to-date: /home/meric/f1tenth_ws_mpc_emergency/install/vesc_msgs/include/vesc_msgs/msg/rosidl_generator_c__visibility_control.h
[2.602s] -- Up-to-date: /home/meric/f1tenth_ws_mpc_emergency/install/vesc_msgs/include/vesc_msgs/msg/vesc_state_stamped.h
[2.603s] -- Up-to-date: /home/meric/f1tenth_ws_mpc_emergency/install/vesc_msgs/include/vesc_msgs/msg/vesc_state.h
[2.603s] -- Up-to-date: /home/meric/f1tenth_ws_mpc_emergency/install/vesc_msgs/include/vesc_msgs/msg/vesc_imu_stamped.h
[2.605s] -- Up-to-date: /home/meric/f1tenth_ws_mpc_emergency/install/vesc_msgs/include/vesc_msgs/msg/vesc_imu.h
[2.605s] -- Up-to-date: /home/meric/f1tenth_ws_mpc_emergency/install/vesc_msgs/include/vesc_msgs/msg/detail
[2.605s] -- Up-to-date: /home/meric/f1tenth_ws_mpc_emergency/install/vesc_msgs/include/vesc_msgs/msg/detail/vesc_imu_stamped__struct.h
[2.605s] -- Up-to-date: /home/meric/f1tenth_ws_mpc_emergency/install/vesc_msgs/include/vesc_msgs/msg/detail/vesc_imu_stamped__functions.c
[2.606s] -- Up-to-date: /home/meric/f1tenth_ws_mpc_emergency/install/vesc_msgs/include/vesc_msgs/msg/detail/vesc_state__functions.h
[2.607s] -- Up-to-date: /home/meric/f1tenth_ws_mpc_emergency/install/vesc_msgs/include/vesc_msgs/msg/detail/vesc_state__functions.c
[2.607s] -- Up-to-date: /home/meric/f1tenth_ws_mpc_emergency/install/vesc_msgs/include/vesc_msgs/msg/detail/vesc_imu__functions.h
[2.607s] -- Up-to-date: /home/meric/f1tenth_ws_mpc_emergency/install/vesc_msgs/include/vesc_msgs/msg/detail/vesc_imu_stamped__type_support.h
[2.607s] -- Up-to-date: /home/meric/f1tenth_ws_mpc_emergency/install/vesc_msgs/include/vesc_msgs/msg/detail/vesc_state_stamped__functions.h
[2.607s] -- Up-to-date: /home/meric/f1tenth_ws_mpc_emergency/install/vesc_msgs/include/vesc_msgs/msg/detail/vesc_state__type_support.h
[2.607s] -- Up-to-date: /home/meric/f1tenth_ws_mpc_emergency/install/vesc_msgs/include/vesc_msgs/msg/detail/vesc_state_stamped__struct.h
[2.607s] -- Up-to-date: /home/meric/f1tenth_ws_mpc_emergency/install/vesc_msgs/include/vesc_msgs/msg/detail/vesc_state__struct.h
[2.608s] -- Up-to-date: /home/meric/f1tenth_ws_mpc_emergency/install/vesc_msgs/include/vesc_msgs/msg/detail/vesc_imu__type_support.h
[2.608s] -- Up-to-date: /home/meric/f1tenth_ws_mpc_emergency/install/vesc_msgs/include/vesc_msgs/msg/detail/vesc_imu__struct.h
[2.608s] -- Up-to-date: /home/meric/f1tenth_ws_mpc_emergency/install/vesc_msgs/include/vesc_msgs/msg/detail/vesc_state_stamped__type_support.h
[2.608s] -- Up-to-date: /home/meric/f1tenth_ws_mpc_emergency/install/vesc_msgs/include/vesc_msgs/msg/detail/vesc_imu_stamped__functions.h
[2.608s] -- Up-to-date: /home/meric/f1tenth_ws_mpc_emergency/install/vesc_msgs/include/vesc_msgs/msg/detail/vesc_state_stamped__functions.c
[2.608s] -- Up-to-date: /home/meric/f1tenth_ws_mpc_emergency/install/vesc_msgs/include/vesc_msgs/msg/detail/vesc_imu__functions.c
[2.608s] -- Up-to-date: /home/meric/f1tenth_ws_mpc_emergency/install/vesc_msgs/share/vesc_msgs/environment/library_path.sh
[2.608s] -- Up-to-date: /home/meric/f1tenth_ws_mpc_emergency/install/vesc_msgs/share/vesc_msgs/environment/library_path.dsv
[2.610s] -- Up-to-date: /home/meric/f1tenth_ws_mpc_emergency/install/vesc_msgs/lib/libvesc_msgs__rosidl_generator_c.so
[2.610s] -- Up-to-date: /home/meric/f1tenth_ws_mpc_emergency/install/vesc_msgs/include/vesc_msgs
[2.610s] -- Up-to-date: /home/meric/f1tenth_ws_mpc_emergency/install/vesc_msgs/include/vesc_msgs/msg
[2.611s] -- Up-to-date: /home/meric/f1tenth_ws_mpc_emergency/install/vesc_msgs/include/vesc_msgs/msg/rosidl_typesupport_fastrtps_c__visibility_control.h
[2.611s] -- Up-to-date: /home/meric/f1tenth_ws_mpc_emergency/install/vesc_msgs/include/vesc_msgs/msg/detail
[2.612s] -- Up-to-date: /home/meric/f1tenth_ws_mpc_emergency/install/vesc_msgs/include/vesc_msgs/msg/detail/vesc_state__rosidl_typesupport_fastrtps_c.h
[2.612s] -- Up-to-date: /home/meric/f1tenth_ws_mpc_emergency/install/vesc_msgs/include/vesc_msgs/msg/detail/vesc_imu_stamped__rosidl_typesupport_fastrtps_c.h
[2.612s] -- Up-to-date: /home/meric/f1tenth_ws_mpc_emergency/install/vesc_msgs/include/vesc_msgs/msg/detail/vesc_state_stamped__rosidl_typesupport_fastrtps_c.h
[2.612s] -- Up-to-date: /home/meric/f1tenth_ws_mpc_emergency/install/vesc_msgs/include/vesc_msgs/msg/detail/vesc_imu__rosidl_typesupport_fastrtps_c.h
[2.613s] -- Up-to-date: /home/meric/f1tenth_ws_mpc_emergency/install/vesc_msgs/lib/libvesc_msgs__rosidl_typesupport_fastrtps_c.so
[2.613s] -- Up-to-date: /home/meric/f1tenth_ws_mpc_emergency/install/vesc_msgs/include/vesc_msgs
[2.613s] -- Up-to-date: /home/meric/f1tenth_ws_mpc_emergency/install/vesc_msgs/include/vesc_msgs/msg
[2.614s] -- Up-to-date: /home/meric/f1tenth_ws_mpc_emergency/install/vesc_msgs/include/vesc_msgs/msg/rosidl_typesupport_fastrtps_cpp__visibility_control.h
[2.615s] -- Up-to-date: /home/meric/f1tenth_ws_mpc_emergency/install/vesc_msgs/include/vesc_msgs/msg/detail
[2.615s] -- Up-to-date: /home/meric/f1tenth_ws_mpc_emergency/install/vesc_msgs/include/vesc_msgs/msg/detail/vesc_state__rosidl_typesupport_fastrtps_cpp.hpp
[2.615s] -- Up-to-date: /home/meric/f1tenth_ws_mpc_emergency/install/vesc_msgs/include/vesc_msgs/msg/detail/dds_fastrtps
[2.615s] -- Up-to-date: /home/meric/f1tenth_ws_mpc_emergency/install/vesc_msgs/include/vesc_msgs/msg/detail/vesc_imu__rosidl_typesupport_fastrtps_cpp.hpp
[2.615s] -- Up-to-date: /home/meric/f1tenth_ws_mpc_emergency/install/vesc_msgs/include/vesc_msgs/msg/detail/vesc_state_stamped__rosidl_typesupport_fastrtps_cpp.hpp
[2.615s] -- Up-to-date: /home/meric/f1tenth_ws_mpc_emergency/install/vesc_msgs/include/vesc_msgs/msg/detail/vesc_imu_stamped__rosidl_typesupport_fastrtps_cpp.hpp
[2.616s] -- Up-to-date: /home/meric/f1tenth_ws_mpc_emergency/install/vesc_msgs/lib/libvesc_msgs__rosidl_typesupport_fastrtps_cpp.so
[2.616s] -- Up-to-date: /home/meric/f1tenth_ws_mpc_emergency/install/vesc_msgs/include/vesc_msgs
[2.616s] -- Up-to-date: /home/meric/f1tenth_ws_mpc_emergency/install/vesc_msgs/include/vesc_msgs/msg
[2.616s] -- Up-to-date: /home/meric/f1tenth_ws_mpc_emergency/install/vesc_msgs/include/vesc_msgs/msg/detail
[2.616s] -- Up-to-date: /home/meric/f1tenth_ws_mpc_emergency/install/vesc_msgs/include/vesc_msgs/msg/detail/vesc_imu_stamped__rosidl_typesupport_introspection_c.h
[2.616s] -- Up-to-date: /home/meric/f1tenth_ws_mpc_emergency/install/vesc_msgs/include/vesc_msgs/msg/detail/vesc_imu__rosidl_typesupport_introspection_c.h
[2.617s] -- Up-to-date: /home/meric/f1tenth_ws_mpc_emergency/install/vesc_msgs/include/vesc_msgs/msg/detail/vesc_state__type_support.c
[2.617s] -- Up-to-date: /home/meric/f1tenth_ws_mpc_emergency/install/vesc_msgs/include/vesc_msgs/msg/detail/vesc_imu_stamped__type_support.c
[2.618s] -- Up-to-date: /home/meric/f1tenth_ws_mpc_emergency/install/vesc_msgs/include/vesc_msgs/msg/detail/vesc_state_stamped__rosidl_typesupport_introspection_c.h
[2.619s] -- Up-to-date: /home/meric/f1tenth_ws_mpc_emergency/install/vesc_msgs/include/vesc_msgs/msg/detail/vesc_state__rosidl_typesupport_introspection_c.h
[2.619s] -- Up-to-date: /home/meric/f1tenth_ws_mpc_emergency/install/vesc_msgs/include/vesc_msgs/msg/detail/vesc_state_stamped__type_support.c
[2.619s] -- Up-to-date: /home/meric/f1tenth_ws_mpc_emergency/install/vesc_msgs/include/vesc_msgs/msg/detail/vesc_imu__type_support.c
[2.619s] -- Up-to-date: /home/meric/f1tenth_ws_mpc_emergency/install/vesc_msgs/include/vesc_msgs/msg/rosidl_typesupport_introspection_c__visibility_control.h
[2.622s] -- Up-to-date: /home/meric/f1tenth_ws_mpc_emergency/install/vesc_msgs/lib/libvesc_msgs__rosidl_typesupport_introspection_c.so
[2.629s] -- Up-to-date: /home/meric/f1tenth_ws_mpc_emergency/install/vesc_msgs/lib/libvesc_msgs__rosidl_typesupport_c.so
[2.629s] -- Up-to-date: /home/meric/f1tenth_ws_mpc_emergency/install/vesc_msgs/include/vesc_msgs
[2.630s] -- Up-to-date: /home/meric/f1tenth_ws_mpc_emergency/install/vesc_msgs/include/vesc_msgs/msg
[2.630s] -- Up-to-date: /home/meric/f1tenth_ws_mpc_emergency/install/vesc_msgs/include/vesc_msgs/msg/vesc_state_stamped.hpp
[2.630s] -- Up-to-date: /home/meric/f1tenth_ws_mpc_emergency/install/vesc_msgs/include/vesc_msgs/msg/vesc_imu.hpp
[2.630s] -- Up-to-date: /home/meric/f1tenth_ws_mpc_emergency/install/vesc_msgs/include/vesc_msgs/msg/vesc_imu_stamped.hpp
[2.630s] -- Up-to-date: /home/meric/f1tenth_ws_mpc_emergency/install/vesc_msgs/include/vesc_msgs/msg/detail
[2.630s] -- Up-to-date: /home/meric/f1tenth_ws_mpc_emergency/install/vesc_msgs/include/vesc_msgs/msg/detail/vesc_imu_stamped__struct.hpp
[2.630s] -- Up-to-date: /home/meric/f1tenth_ws_mpc_emergency/install/vesc_msgs/include/vesc_msgs/msg/detail/vesc_state_stamped__traits.hpp
[2.631s] -- Up-to-date: /home/meric/f1tenth_ws_mpc_emergency/install/vesc_msgs/include/vesc_msgs/msg/detail/vesc_imu__traits.hpp
[2.631s] -- Up-to-date: /home/meric/f1tenth_ws_mpc_emergency/install/vesc_msgs/include/vesc_msgs/msg/detail/vesc_state_stamped__builder.hpp
[2.631s] -- Up-to-date: /home/meric/f1tenth_ws_mpc_emergency/install/vesc_msgs/include/vesc_msgs/msg/detail/vesc_imu__builder.hpp
[2.631s] -- Up-to-date: /home/meric/f1tenth_ws_mpc_emergency/install/vesc_msgs/include/vesc_msgs/msg/detail/vesc_state__type_support.hpp
[2.631s] -- Up-to-date: /home/meric/f1tenth_ws_mpc_emergency/install/vesc_msgs/include/vesc_msgs/msg/detail/vesc_state_stamped__type_support.hpp
[2.631s] -- Up-to-date: /home/meric/f1tenth_ws_mpc_emergency/install/vesc_msgs/include/vesc_msgs/msg/detail/vesc_state__builder.hpp
[2.631s] -- Up-to-date: /home/meric/f1tenth_ws_mpc_emergency/install/vesc_msgs/include/vesc_msgs/msg/detail/vesc_imu_stamped__traits.hpp
[2.631s] -- Up-to-date: /home/meric/f1tenth_ws_mpc_emergency/install/vesc_msgs/include/vesc_msgs/msg/detail/vesc_state_stamped__struct.hpp
[2.632s] -- Up-to-date: /home/meric/f1tenth_ws_mpc_emergency/install/vesc_msgs/include/vesc_msgs/msg/detail/vesc_imu_stamped__type_support.hpp
[2.632s] -- Up-to-date: /home/meric/f1tenth_ws_mpc_emergency/install/vesc_msgs/include/vesc_msgs/msg/detail/vesc_imu_stamped__builder.hpp
[2.632s] -- Up-to-date: /home/meric/f1tenth_ws_mpc_emergency/install/vesc_msgs/include/vesc_msgs/msg/detail/vesc_imu__type_support.hpp
[2.632s] -- Up-to-date: /home/meric/f1tenth_ws_mpc_emergency/install/vesc_msgs/include/vesc_msgs/msg/detail/vesc_state__traits.hpp
[2.632s] -- Up-to-date: /home/meric/f1tenth_ws_mpc_emergency/install/vesc_msgs/include/vesc_msgs/msg/detail/vesc_state__struct.hpp
[2.632s] -- Up-to-date: /home/meric/f1tenth_ws_mpc_emergency/install/vesc_msgs/include/vesc_msgs/msg/detail/vesc_imu__struct.hpp
[2.632s] -- Up-to-date: /home/meric/f1tenth_ws_mpc_emergency/install/vesc_msgs/include/vesc_msgs/msg/rosidl_generator_cpp__visibility_control.hpp
[2.632s] -- Up-to-date: /home/meric/f1tenth_ws_mpc_emergency/install/vesc_msgs/include/vesc_msgs/msg/vesc_state.hpp
[2.633s] -- Up-to-date: /home/meric/f1tenth_ws_mpc_emergency/install/vesc_msgs/include/vesc_msgs
[2.633s] -- Up-to-date: /home/meric/f1tenth_ws_mpc_emergency/install/vesc_msgs/include/vesc_msgs/msg
[2.633s] -- Up-to-date: /home/meric/f1tenth_ws_mpc_emergency/install/vesc_msgs/include/vesc_msgs/msg/detail
[2.633s] -- Up-to-date: /home/meric/f1tenth_ws_mpc_emergency/install/vesc_msgs/include/vesc_msgs/msg/detail/vesc_imu_stamped__rosidl_typesupport_introspection_cpp.hpp
[2.633s] -- Up-to-date: /home/meric/f1tenth_ws_mpc_emergency/install/vesc_msgs/include/vesc_msgs/msg/detail/vesc_state_stamped__type_support.cpp
[2.633s] -- Up-to-date: /home/meric/f1tenth_ws_mpc_emergency/install/vesc_msgs/include/vesc_msgs/msg/detail/vesc_imu__type_support.cpp
[2.633s] -- Up-to-date: /home/meric/f1tenth_ws_mpc_emergency/install/vesc_msgs/include/vesc_msgs/msg/detail/vesc_imu_stamped__type_support.cpp
[2.633s] -- Up-to-date: /home/meric/f1tenth_ws_mpc_emergency/install/vesc_msgs/include/vesc_msgs/msg/detail/vesc_imu__rosidl_typesupport_introspection_cpp.hpp
[2.633s] -- Up-to-date: /home/meric/f1tenth_ws_mpc_emergency/install/vesc_msgs/include/vesc_msgs/msg/detail/vesc_state__rosidl_typesupport_introspection_cpp.hpp
[2.634s] -- Up-to-date: /home/meric/f1tenth_ws_mpc_emergency/install/vesc_msgs/include/vesc_msgs/msg/detail/vesc_state__type_support.cpp
[2.634s] -- Up-to-date: /home/meric/f1tenth_ws_mpc_emergency/install/vesc_msgs/include/vesc_msgs/msg/detail/vesc_state_stamped__rosidl_typesupport_introspection_cpp.hpp
[2.634s] -- Up-to-date: /home/meric/f1tenth_ws_mpc_emergency/install/vesc_msgs/lib/libvesc_msgs__rosidl_typesupport_introspection_cpp.so
[2.634s] -- Up-to-date: /home/meric/f1tenth_ws_mpc_emergency/install/vesc_msgs/lib/libvesc_msgs__rosidl_typesupport_cpp.so
[2.634s] -- Up-to-date: /home/meric/f1tenth_ws_mpc_emergency/install/vesc_msgs/share/vesc_msgs/environment/pythonpath.sh
[2.634s] -- Up-to-date: /home/meric/f1tenth_ws_mpc_emergency/install/vesc_msgs/share/vesc_msgs/environment/pythonpath.dsv
[2.634s] -- Up-to-date: /home/meric/f1tenth_ws_mpc_emergency/install/vesc_msgs/lib/python3.8/site-packages/vesc_msgs/__init__.py
[2.759s] -- Up-to-date: /home/meric/f1tenth_ws_mpc_emergency/install/vesc_msgs/lib/python3.8/site-packages/vesc_msgs/msg
[2.760s] -- Up-to-date: /home/meric/f1tenth_ws_mpc_emergency/install/vesc_msgs/lib/python3.8/site-packages/vesc_msgs/msg/_vesc_imu_stamped_s.c
[2.760s] -- Up-to-date: /home/meric/f1tenth_ws_mpc_emergency/install/vesc_msgs/lib/python3.8/site-packages/vesc_msgs/msg/__init__.py
[2.760s] -- Up-to-date: /home/meric/f1tenth_ws_mpc_emergency/install/vesc_msgs/lib/python3.8/site-packages/vesc_msgs/msg/_vesc_imu_s.c
[2.760s] -- Up-to-date: /home/meric/f1tenth_ws_mpc_emergency/install/vesc_msgs/lib/python3.8/site-packages/vesc_msgs/msg/_vesc_state.py
[2.760s] -- Up-to-date: /home/meric/f1tenth_ws_mpc_emergency/install/vesc_msgs/lib/python3.8/site-packages/vesc_msgs/msg/_vesc_state_stamped_s.c
[2.761s] -- Up-to-date: /home/meric/f1tenth_ws_mpc_emergency/install/vesc_msgs/lib/python3.8/site-packages/vesc_msgs/msg/_vesc_imu_stamped.py
[2.761s] -- Up-to-date: /home/meric/f1tenth_ws_mpc_emergency/install/vesc_msgs/lib/python3.8/site-packages/vesc_msgs/msg/_vesc_imu.py
[2.761s] -- Up-to-date: /home/meric/f1tenth_ws_mpc_emergency/install/vesc_msgs/lib/python3.8/site-packages/vesc_msgs/msg/_vesc_state_s.c
[2.761s] -- Up-to-date: /home/meric/f1tenth_ws_mpc_emergency/install/vesc_msgs/lib/python3.8/site-packages/vesc_msgs/msg/_vesc_state_stamped.py
[2.761s] -- Up-to-date: /home/meric/f1tenth_ws_mpc_emergency/install/vesc_msgs/lib/python3.8/site-packages/vesc_msgs/vesc_msgs_s__rosidl_typesupport_fastrtps_c.cpython-38-aarch64-linux-gnu.so
[2.764s] -- Up-to-date: /home/meric/f1tenth_ws_mpc_emergency/install/vesc_msgs/lib/python3.8/site-packages/vesc_msgs/vesc_msgs_s__rosidl_typesupport_introspection_c.cpython-38-aarch64-linux-gnu.so
[2.766s] -- Up-to-date: /home/meric/f1tenth_ws_mpc_emergency/install/vesc_msgs/lib/python3.8/site-packages/vesc_msgs/vesc_msgs_s__rosidl_typesupport_c.cpython-38-aarch64-linux-gnu.so
[2.770s] -- Up-to-date: /home/meric/f1tenth_ws_mpc_emergency/install/vesc_msgs/lib/libvesc_msgs__python.so
[2.770s] -- Up-to-date: /home/meric/f1tenth_ws_mpc_emergency/install/vesc_msgs/share/vesc_msgs/msg/VescState.idl
[2.771s] -- Up-to-date: /home/meric/f1tenth_ws_mpc_emergency/install/vesc_msgs/share/vesc_msgs/msg/VescStateStamped.idl
[2.772s] -- Up-to-date: /home/meric/f1tenth_ws_mpc_emergency/install/vesc_msgs/share/vesc_msgs/msg/VescImu.idl
[2.773s] -- Up-to-date: /home/meric/f1tenth_ws_mpc_emergency/install/vesc_msgs/share/vesc_msgs/msg/VescImuStamped.idl
[2.773s] -- Up-to-date: /home/meric/f1tenth_ws_mpc_emergency/install/vesc_msgs/share/vesc_msgs/msg/VescState.msg
[2.773s] -- Up-to-date: /home/meric/f1tenth_ws_mpc_emergency/install/vesc_msgs/share/vesc_msgs/msg/VescStateStamped.msg
[2.773s] -- Up-to-date: /home/meric/f1tenth_ws_mpc_emergency/install/vesc_msgs/share/vesc_msgs/msg/VescImu.msg
[2.774s] -- Up-to-date: /home/meric/f1tenth_ws_mpc_emergency/install/vesc_msgs/share/vesc_msgs/msg/VescImuStamped.msg
[2.774s] -- Up-to-date: /home/meric/f1tenth_ws_mpc_emergency/install/vesc_msgs/share/ament_index/resource_index/package_run_dependencies/vesc_msgs
[2.774s] -- Up-to-date: /home/meric/f1tenth_ws_mpc_emergency/install/vesc_msgs/share/ament_index/resource_index/parent_prefix_path/vesc_msgs
[2.774s] -- Up-to-date: /home/meric/f1tenth_ws_mpc_emergency/install/vesc_msgs/share/vesc_msgs/environment/ament_prefix_path.sh
[2.774s] -- Up-to-date: /home/meric/f1tenth_ws_mpc_emergency/install/vesc_msgs/share/vesc_msgs/environment/ament_prefix_path.dsv
[2.774s] -- Up-to-date: /home/meric/f1tenth_ws_mpc_emergency/install/vesc_msgs/share/vesc_msgs/environment/path.sh
[2.775s] -- Up-to-date: /home/meric/f1tenth_ws_mpc_emergency/install/vesc_msgs/share/vesc_msgs/environment/path.dsv
[2.775s] -- Up-to-date: /home/meric/f1tenth_ws_mpc_emergency/install/vesc_msgs/share/vesc_msgs/local_setup.bash
[2.775s] -- Up-to-date: /home/meric/f1tenth_ws_mpc_emergency/install/vesc_msgs/share/vesc_msgs/local_setup.sh
[2.775s] -- Up-to-date: /home/meric/f1tenth_ws_mpc_emergency/install/vesc_msgs/share/vesc_msgs/local_setup.zsh
[2.775s] -- Up-to-date: /home/meric/f1tenth_ws_mpc_emergency/install/vesc_msgs/share/vesc_msgs/local_setup.dsv
[2.775s] -- Installing: /home/meric/f1tenth_ws_mpc_emergency/install/vesc_msgs/share/vesc_msgs/package.dsv
[2.776s] -- Up-to-date: /home/meric/f1tenth_ws_mpc_emergency/install/vesc_msgs/share/ament_index/resource_index/packages/vesc_msgs
[2.778s] -- Up-to-date: /home/meric/f1tenth_ws_mpc_emergency/install/vesc_msgs/share/vesc_msgs/cmake/vesc_msgs__rosidl_generator_cExport.cmake
[2.778s] -- Up-to-date: /home/meric/f1tenth_ws_mpc_emergency/install/vesc_msgs/share/vesc_msgs/cmake/vesc_msgs__rosidl_generator_cExport-noconfig.cmake
[2.784s] -- Up-to-date: /home/meric/f1tenth_ws_mpc_emergency/install/vesc_msgs/share/vesc_msgs/cmake/vesc_msgs__rosidl_typesupport_introspection_cExport.cmake
[2.787s] -- Up-to-date: /home/meric/f1tenth_ws_mpc_emergency/install/vesc_msgs/share/vesc_msgs/cmake/vesc_msgs__rosidl_typesupport_introspection_cExport-noconfig.cmake
[2.787s] -- Up-to-date: /home/meric/f1tenth_ws_mpc_emergency/install/vesc_msgs/share/vesc_msgs/cmake/vesc_msgs__rosidl_typesupport_cExport.cmake
[2.788s] -- Up-to-date: /home/meric/f1tenth_ws_mpc_emergency/install/vesc_msgs/share/vesc_msgs/cmake/vesc_msgs__rosidl_typesupport_cExport-noconfig.cmake
[2.788s] -- Up-to-date: /home/meric/f1tenth_ws_mpc_emergency/install/vesc_msgs/share/vesc_msgs/cmake/vesc_msgs__rosidl_generator_cppExport.cmake
[2.789s] -- Up-to-date: /home/meric/f1tenth_ws_mpc_emergency/install/vesc_msgs/share/vesc_msgs/cmake/vesc_msgs__rosidl_typesupport_introspection_cppExport.cmake
[2.789s] -- Up-to-date: /home/meric/f1tenth_ws_mpc_emergency/install/vesc_msgs/share/vesc_msgs/cmake/vesc_msgs__rosidl_typesupport_introspection_cppExport-noconfig.cmake
[2.789s] -- Up-to-date: /home/meric/f1tenth_ws_mpc_emergency/install/vesc_msgs/share/vesc_msgs/cmake/vesc_msgs__rosidl_typesupport_cppExport.cmake
[2.789s] -- Up-to-date: /home/meric/f1tenth_ws_mpc_emergency/install/vesc_msgs/share/vesc_msgs/cmake/vesc_msgs__rosidl_typesupport_cppExport-noconfig.cmake
[2.789s] -- Up-to-date: /home/meric/f1tenth_ws_mpc_emergency/install/vesc_msgs/share/vesc_msgs/cmake/rosidl_cmake-extras.cmake
[2.789s] -- Up-to-date: /home/meric/f1tenth_ws_mpc_emergency/install/vesc_msgs/share/vesc_msgs/cmake/ament_cmake_export_dependencies-extras.cmake
[2.790s] -- Up-to-date: /home/meric/f1tenth_ws_mpc_emergency/install/vesc_msgs/share/vesc_msgs/cmake/ament_cmake_export_libraries-extras.cmake
[2.790s] -- Up-to-date: /home/meric/f1tenth_ws_mpc_emergency/install/vesc_msgs/share/vesc_msgs/cmake/ament_cmake_export_targets-extras.cmake
[2.790s] -- Up-to-date: /home/meric/f1tenth_ws_mpc_emergency/install/vesc_msgs/share/vesc_msgs/cmake/ament_cmake_export_include_directories-extras.cmake
[2.790s] -- Up-to-date: /home/meric/f1tenth_ws_mpc_emergency/install/vesc_msgs/share/vesc_msgs/cmake/rosidl_cmake_export_typesupport_libraries-extras.cmake
[2.790s] -- Up-to-date: /home/meric/f1tenth_ws_mpc_emergency/install/vesc_msgs/share/vesc_msgs/cmake/rosidl_cmake_export_typesupport_targets-extras.cmake
[2.791s] -- Up-to-date: /home/meric/f1tenth_ws_mpc_emergency/install/vesc_msgs/share/vesc_msgs/cmake/vesc_msgsConfig.cmake
[2.791s] -- Up-to-date: /home/meric/f1tenth_ws_mpc_emergency/install/vesc_msgs/share/vesc_msgs/cmake/vesc_msgsConfig-version.cmake
[2.791s] -- Up-to-date: /home/meric/f1tenth_ws_mpc_emergency/install/vesc_msgs/share/vesc_msgs/package.xml
[2.887s] Invoked command in '/home/meric/f1tenth_ws_mpc_emergency/build/vesc_msgs' returned '0': CMAKE_PREFIX_PATH=${CMAKE_PREFIX_PATH}:/home/meric/f1tenth_ws_mpc_emergency/install/f1tenth_stack:/home/meric/f1tenth_ws_mpc_emergency/install/joy_teleop:/home/meric/f1tenth_ws_mpc_emergency/install/stanley2_avoidance:/home/meric/f1tenth_ws_mpc_emergency/install/simple_teleop:/home/meric/f1tenth_ws_mpc_emergency/install/particle_filter:/home/meric/f1tenth_ws_mpc_emergency/install/mouse_teleop:/home/meric/f1tenth_ws_mpc_emergency/install/key_teleop:/opt/ros/foxy /snap/bin/cmake --build /home/meric/f1tenth_ws_mpc_emergency/build/vesc_msgs --target install -- -j6 -l6
