-- The C compiler identification is GNU 9.4.0
-- The CXX compiler identification is GNU 9.4.0
-- Detecting C compiler ABI info
-- Detecting C compiler ABI info - done
-- Check for working C compiler: /usr/bin/cc - skipped
-- Detecting C compile features
-- Detecting C compile features - done
-- Detecting CXX compiler ABI info
-- Detecting CXX compiler ABI info - done
-- Check for working CXX compiler: /usr/bin/c++ - skipped
-- Detecting CXX compile features
-- Detecting CXX compile features - done
-- Found ament_cmake_auto: 0.9.12 (/opt/ros/foxy/share/ament_cmake_auto/cmake)
-- Found PythonInterp: /usr/bin/python3 (found suitable version "3.8.10", minimum required is "3")
-- Using PYTHON_EXECUTABLE: /usr/bin/python3
-- Using all available rosidl_typesupport_c: rosidl_typesupport_fastrtps_c;rosidl_typesupport_introspection_c
-- Found rosidl_adapter: 1.3.1 (/opt/ros/foxy/share/rosidl_adapter/cmake)
2025/10/10 21:10:37.253097 cmd_run.go:1398: WARNING: cannot create user data directory: failed to verify SELinux context of /home/meric/snap: cannot locate "matchpathcon" executable
[0mCMake Deprecation Warning at CMakeLists.txt:1 (cmake_minimum_required):
  Compatibility with CMake < 3.10 will be removed from a future version of
  CMake.

  Update the VERSION argument <min> value.  Or, use the <min>...<max> syntax
  to tell CMake that the project requires at least <min> but has been updated
  to work with policies introduced by <max> or earlier.

[0m
[33mCMake Warning (dev) at /opt/ros/foxy/share/ament_cmake_core/cmake/core/python.cmake:22 (find_package):
  Policy CMP0148 is not set: The FindPythonInterp and FindPythonLibs modules
  are removed.  Run "cmake --help-policy CMP0148" for policy details.  Use
  the cmake_policy command to set the policy and suppress this warning.

Call Stack (most recent call first):
  /opt/ros/foxy/share/ament_cmake_core/cmake/core/all.cmake:53 (include)
  /opt/ros/foxy/share/ament_cmake_core/cmake/ament_cmake_core-extras.cmake:17 (include)
  /opt/ros/foxy/share/ament_cmake_core/cmake/ament_cmake_coreConfig.cmake:41 (include)
  /opt/ros/foxy/share/ament_cmake/cmake/ament_cmake_export_dependencies-extras.cmake:15 (find_package)
  /opt/ros/foxy/share/ament_cmake/cmake/ament_cmakeConfig.cmake:41 (include)
  /opt/ros/foxy/share/ament_cmake_auto/cmake/ament_cmake_auto-extras.cmake:17 (find_package)
  /opt/ros/foxy/share/ament_cmake_auto/cmake/ament_cmake_autoConfig.cmake:41 (include)
  CMakeLists.txt:4 (find_package)
This warning is for project developers.  Use -Wno-dev to suppress it.
[0m
-- Found OpenSSL: /usr/lib/aarch64-linux-gnu/libcrypto.so (found version "1.1.1f")
-- Found FastRTPS: /opt/ros/foxy/include
-- Using all available rosidl_typesupport_cpp: rosidl_typesupport_fastrtps_cpp;rosidl_typesupport_introspection_cpp
[33mCMake Warning (dev) at /opt/ros/foxy/share/rosidl_adapter/cmake/rosidl_adapt_interfaces.cmake:40 (find_package):
  Policy CMP0148 is not set: The FindPythonInterp and FindPythonLibs modules
  are removed.  Run "cmake --help-policy CMP0148" for policy details.  Use
  the cmake_policy command to set the policy and suppress this warning.

Call Stack (most recent call first):
  /opt/ros/foxy/share/rosidl_cmake/cmake/rosidl_generate_interfaces.cmake:130 (rosidl_adapt_interfaces)
  CMakeLists.txt:7 (rosidl_generate_interfaces)
This warning is for project developers.  Use -Wno-dev to suppress it.
[0m
-- Found PythonInterp: /usr/bin/python3 (found version "3.8.10")
-- Found ament_cmake_ros: 0.9.2 (/opt/ros/foxy/share/ament_cmake_ros/cmake)
-- Using all available rosidl_typesupport_c: rosidl_typesupport_fastrtps_c;rosidl_typesupport_introspection_c
-- Using all available rosidl_typesupport_cpp: rosidl_typesupport_fastrtps_cpp;rosidl_typesupport_introspection_cpp
[33mCMake Warning (dev) at /opt/ros/foxy/share/rosidl_generator_py/cmake/rosidl_generator_py_generate_interfaces.cmake:20 (find_package):
  Policy CMP0148 is not set: The FindPythonInterp and FindPythonLibs modules
  are removed.  Run "cmake --help-policy CMP0148" for policy details.  Use
  the cmake_policy command to set the policy and suppress this warning.

Call Stack (most recent call first):
  /opt/ros/foxy/share/ament_cmake_core/cmake/core/ament_execute_extensions.cmake:48 (include)
  /opt/ros/foxy/share/rosidl_cmake/cmake/rosidl_generate_interfaces.cmake:286 (ament_execute_extensions)
  CMakeLists.txt:7 (rosidl_generate_interfaces)
This warning is for project developers.  Use -Wno-dev to suppress it.
[0m
-- Found PythonInterp: /usr/bin/python3 (found suitable version "3.8.10", minimum required is "3.5")
-- Found python_cmake_module: 0.8.1 (/opt/ros/foxy/share/python_cmake_module/cmake)
[33mCMake Warning (dev) at /opt/ros/foxy/share/python_cmake_module/cmake/Modules/FindPythonExtra.cmake:45 (find_package):
  Policy CMP0148 is not set: The FindPythonInterp and FindPythonLibs modules
  are removed.  Run "cmake --help-policy CMP0148" for policy details.  Use
  the cmake_policy command to set the policy and suppress this warning.

Call Stack (most recent call first):
  /opt/ros/foxy/share/rosidl_generator_py/cmake/rosidl_generator_py_generate_interfaces.cmake:23 (find_package)
  /opt/ros/foxy/share/ament_cmake_core/cmake/core/ament_execute_extensions.cmake:48 (include)
  /opt/ros/foxy/share/rosidl_cmake/cmake/rosidl_generate_interfaces.cmake:286 (ament_execute_extensions)
  CMakeLists.txt:7 (rosidl_generate_interfaces)
This warning is for project developers.  Use -Wno-dev to suppress it.
[0m
[33mCMake Warning (dev) at /opt/ros/foxy/share/python_cmake_module/cmake/Modules/FindPythonExtra.cmake:133 (find_package):
  Policy CMP0148 is not set: The FindPythonInterp and FindPythonLibs modules
  are removed.  Run "cmake --help-policy CMP0148" for policy details.  Use
  the cmake_policy command to set the policy and suppress this warning.

Call Stack (most recent call first):
  /opt/ros/foxy/share/rosidl_generator_py/cmake/rosidl_generator_py_generate_interfaces.cmake:23 (find_package)
  /opt/ros/foxy/share/ament_cmake_core/cmake/core/ament_execute_extensions.cmake:48 (include)
  /opt/ros/foxy/share/rosidl_cmake/cmake/rosidl_generate_interfaces.cmake:286 (ament_execute_extensions)
  CMakeLists.txt:7 (rosidl_generate_interfaces)
This warning is for project developers.  Use -Wno-dev to suppress it.
[0m
-- Found PythonLibs: /usr/lib/aarch64-linux-gnu/libpython3.8.so (found suitable version "3.8.10", minimum required is "3.5")
-- Using PYTHON_EXECUTABLE: /usr/bin/python3
-- Using PYTHON_INCLUDE_DIRS: /usr/include/python3.8
-- Using PYTHON_LIBRARIES: /usr/lib/aarch64-linux-gnu/libpython3.8.so
-- Found PythonExtra: .so
-- Found ament_lint_auto: 0.9.8 (/opt/ros/foxy/share/ament_lint_auto/cmake)
-- Added test 'copyright' to check source files copyright and LICENSE
-- Added test 'lint_cmake' to check CMake code style
-- Added test 'xmllint' to check XML markup files
-- Configuring done (4.9s)
-- Generating done (0.2s)
-- Build files have been written to: /home/meric/f1tenth_ws_mpc_emergency/build/vesc_msgs
2025/10/10 21:10:42.691997 cmd_run.go:1398: WARNING: cannot create user data directory: failed to verify SELinux context of /home/meric/snap: cannot locate "matchpathcon" executable
[  1%] [1m[34mGenerating C code for ROS interfaces[0m
[  3%] [1m[34mGenerating C++ code for ROS interfaces[0m
[  3%] Built target vesc_msgs__cpp
[  5%] [1m[34mGenerating C++ type support dispatch for ROS interfaces[0m
[  7%] [32mBuilding C object CMakeFiles/vesc_msgs__rosidl_generator_c.dir/rosidl_generator_c/vesc_msgs/msg/detail/vesc_state_stamped__functions.c.o[0m
[  9%] [1m[34mGenerating C++ introspection for ROS interfaces[0m
[ 10%] [1m[34mGenerating C++ type support for eProsima Fast-RTPS[0m
[ 12%] [32mBuilding C object CMakeFiles/vesc_msgs__rosidl_generator_c.dir/rosidl_generator_c/vesc_msgs/msg/detail/vesc_state__functions.c.o[0m
[ 14%] [32mBuilding C object CMakeFiles/vesc_msgs__rosidl_generator_c.dir/rosidl_generator_c/vesc_msgs/msg/detail/vesc_imu__functions.c.o[0m
[ 16%] [32mBuilding C object CMakeFiles/vesc_msgs__rosidl_generator_c.dir/rosidl_generator_c/vesc_msgs/msg/detail/vesc_imu_stamped__functions.c.o[0m
[ 18%] [1m[32mLinking C shared library libvesc_msgs__rosidl_generator_c.so[0m
[ 18%] Built target vesc_msgs__rosidl_generator_c
[ 20%] [1m[34mGenerating C introspection for ROS interfaces[0m
[ 21%] [1m[34mGenerating C type support dispatch for ROS interfaces[0m
[ 23%] [32mBuilding CXX object CMakeFiles/vesc_msgs__rosidl_typesupport_cpp.dir/rosidl_typesupport_cpp/vesc_msgs/msg/vesc_state_stamped__type_support.cpp.o[0m
[ 25%] [32mBuilding CXX object CMakeFiles/vesc_msgs__rosidl_typesupport_cpp.dir/rosidl_typesupport_cpp/vesc_msgs/msg/vesc_state__type_support.cpp.o[0m
[ 27%] [32mBuilding CXX object CMakeFiles/vesc_msgs__rosidl_typesupport_cpp.dir/rosidl_typesupport_cpp/vesc_msgs/msg/vesc_imu__type_support.cpp.o[0m
[ 29%] [32mBuilding CXX object CMakeFiles/vesc_msgs__rosidl_typesupport_cpp.dir/rosidl_typesupport_cpp/vesc_msgs/msg/vesc_imu_stamped__type_support.cpp.o[0m
[ 30%] [32mBuilding CXX object CMakeFiles/vesc_msgs__rosidl_typesupport_fastrtps_cpp.dir/rosidl_typesupport_fastrtps_cpp/vesc_msgs/msg/detail/dds_fastrtps/vesc_state__type_support.cpp.o[0m
[ 32%] [32mBuilding C object CMakeFiles/vesc_msgs__rosidl_typesupport_introspection_c.dir/rosidl_typesupport_introspection_c/vesc_msgs/msg/detail/vesc_state__type_support.c.o[0m
[ 34%] [32mBuilding CXX object CMakeFiles/vesc_msgs__rosidl_typesupport_introspection_cpp.dir/rosidl_typesupport_introspection_cpp/vesc_msgs/msg/detail/vesc_state__type_support.cpp.o[0m
[ 36%] [32mBuilding C object CMakeFiles/vesc_msgs__rosidl_typesupport_introspection_c.dir/rosidl_typesupport_introspection_c/vesc_msgs/msg/detail/vesc_state_stamped__type_support.c.o[0m
[ 38%] [32mBuilding CXX object CMakeFiles/vesc_msgs__rosidl_typesupport_c.dir/rosidl_typesupport_c/vesc_msgs/msg/vesc_state__type_support.cpp.o[0m
[ 40%] [32mBuilding C object CMakeFiles/vesc_msgs__rosidl_typesupport_introspection_c.dir/rosidl_typesupport_introspection_c/vesc_msgs/msg/detail/vesc_imu__type_support.c.o[0m
[ 41%] [32mBuilding CXX object CMakeFiles/vesc_msgs__rosidl_typesupport_c.dir/rosidl_typesupport_c/vesc_msgs/msg/vesc_state_stamped__type_support.cpp.o[0m
[ 43%] [32mBuilding CXX object CMakeFiles/vesc_msgs__rosidl_typesupport_c.dir/rosidl_typesupport_c/vesc_msgs/msg/vesc_imu__type_support.cpp.o[0m
[ 45%] [32mBuilding C object CMakeFiles/vesc_msgs__rosidl_typesupport_introspection_c.dir/rosidl_typesupport_introspection_c/vesc_msgs/msg/detail/vesc_imu_stamped__type_support.c.o[0m
[ 47%] [32mBuilding CXX object CMakeFiles/vesc_msgs__rosidl_typesupport_c.dir/rosidl_typesupport_c/vesc_msgs/msg/vesc_imu_stamped__type_support.cpp.o[0m
[ 49%] [1m[32mLinking C shared library libvesc_msgs__rosidl_typesupport_introspection_c.so[0m
[ 50%] [1m[32mLinking CXX shared library libvesc_msgs__rosidl_typesupport_c.so[0m
[ 50%] Built target vesc_msgs__rosidl_typesupport_introspection_c
[ 52%] [32mBuilding CXX object CMakeFiles/vesc_msgs__rosidl_typesupport_fastrtps_cpp.dir/rosidl_typesupport_fastrtps_cpp/vesc_msgs/msg/detail/dds_fastrtps/vesc_state_stamped__type_support.cpp.o[0m
[ 54%] [32mBuilding CXX object CMakeFiles/vesc_msgs__rosidl_typesupport_fastrtps_cpp.dir/rosidl_typesupport_fastrtps_cpp/vesc_msgs/msg/detail/dds_fastrtps/vesc_imu__type_support.cpp.o[0m
[ 54%] Built target vesc_msgs__rosidl_typesupport_c
[ 56%] [32mBuilding CXX object CMakeFiles/vesc_msgs__rosidl_typesupport_fastrtps_cpp.dir/rosidl_typesupport_fastrtps_cpp/vesc_msgs/msg/detail/dds_fastrtps/vesc_imu_stamped__type_support.cpp.o[0m
[ 58%] [1m[32mLinking CXX shared library libvesc_msgs__rosidl_typesupport_cpp.so[0m
[ 58%] Built target vesc_msgs__rosidl_typesupport_cpp
[ 60%] [32mBuilding CXX object CMakeFiles/vesc_msgs__rosidl_typesupport_introspection_cpp.dir/rosidl_typesupport_introspection_cpp/vesc_msgs/msg/detail/vesc_state_stamped__type_support.cpp.o[0m
[ 61%] [32mBuilding CXX object CMakeFiles/vesc_msgs__rosidl_typesupport_introspection_cpp.dir/rosidl_typesupport_introspection_cpp/vesc_msgs/msg/detail/vesc_imu__type_support.cpp.o[0m
[ 63%] [32mBuilding CXX object CMakeFiles/vesc_msgs__rosidl_typesupport_introspection_cpp.dir/rosidl_typesupport_introspection_cpp/vesc_msgs/msg/detail/vesc_imu_stamped__type_support.cpp.o[0m
[ 65%] [1m[32mLinking CXX shared library libvesc_msgs__rosidl_typesupport_fastrtps_cpp.so[0m
[ 67%] [1m[32mLinking CXX shared library libvesc_msgs__rosidl_typesupport_introspection_cpp.so[0m
[ 67%] Built target vesc_msgs__rosidl_typesupport_fastrtps_cpp
[ 69%] [1m[34mGenerating C type support for eProsima Fast-RTPS[0m
[ 69%] Built target vesc_msgs__rosidl_typesupport_introspection_cpp
[ 70%] [32mBuilding CXX object CMakeFiles/vesc_msgs__rosidl_typesupport_fastrtps_c.dir/rosidl_typesupport_fastrtps_c/vesc_msgs/msg/detail/vesc_state__type_support_c.cpp.o[0m
[ 72%] [32mBuilding CXX object CMakeFiles/vesc_msgs__rosidl_typesupport_fastrtps_c.dir/rosidl_typesupport_fastrtps_c/vesc_msgs/msg/detail/vesc_state_stamped__type_support_c.cpp.o[0m
[ 74%] [32mBuilding CXX object CMakeFiles/vesc_msgs__rosidl_typesupport_fastrtps_c.dir/rosidl_typesupport_fastrtps_c/vesc_msgs/msg/detail/vesc_imu_stamped__type_support_c.cpp.o[0m
[ 76%] [32mBuilding CXX object CMakeFiles/vesc_msgs__rosidl_typesupport_fastrtps_c.dir/rosidl_typesupport_fastrtps_c/vesc_msgs/msg/detail/vesc_imu__type_support_c.cpp.o[0m
[ 78%] [1m[32mLinking CXX shared library libvesc_msgs__rosidl_typesupport_fastrtps_c.so[0m
[ 78%] Built target vesc_msgs__rosidl_typesupport_fastrtps_c
[ 78%] Built target vesc_msgs
[ 80%] [1m[34mGenerating Python code for ROS interfaces[0m
[ 80%] Built target vesc_msgs__py
[ 81%] [32mBuilding C object CMakeFiles/vesc_msgs__python.dir/rosidl_generator_py/vesc_msgs/msg/_vesc_state_s.c.o[0m
[ 85%] [32mBuilding C object CMakeFiles/vesc_msgs__python.dir/rosidl_generator_py/vesc_msgs/msg/_vesc_state_stamped_s.c.o[0m
[ 83%] [32mBuilding C object CMakeFiles/vesc_msgs__python.dir/rosidl_generator_py/vesc_msgs/msg/_vesc_imu_stamped_s.c.o[0m
[ 87%] [32mBuilding C object CMakeFiles/vesc_msgs__python.dir/rosidl_generator_py/vesc_msgs/msg/_vesc_imu_s.c.o[0m
[ 89%] [1m[32mLinking C shared library rosidl_generator_py/vesc_msgs/libvesc_msgs__python.so[0m
[ 89%] Built target vesc_msgs__python
[ 90%] [32mBuilding C object CMakeFiles/vesc_msgs__rosidl_typesupport_introspection_c__pyext.dir/rosidl_generator_py/vesc_msgs/_vesc_msgs_s.ep.rosidl_typesupport_introspection_c.c.o[0m
[ 92%] [32mBuilding C object CMakeFiles/vesc_msgs__rosidl_typesupport_fastrtps_c__pyext.dir/rosidl_generator_py/vesc_msgs/_vesc_msgs_s.ep.rosidl_typesupport_fastrtps_c.c.o[0m
[ 94%] [32mBuilding C object CMakeFiles/vesc_msgs__rosidl_typesupport_c__pyext.dir/rosidl_generator_py/vesc_msgs/_vesc_msgs_s.ep.rosidl_typesupport_c.c.o[0m
[ 96%] [1m[32mLinking C shared library rosidl_generator_py/vesc_msgs/vesc_msgs_s__rosidl_typesupport_introspection_c.cpython-38-aarch64-linux-gnu.so[0m
[ 98%] [1m[32mLinking CXX shared library rosidl_generator_py/vesc_msgs/vesc_msgs_s__rosidl_typesupport_fastrtps_c.cpython-38-aarch64-linux-gnu.so[0m
[ 98%] Built target vesc_msgs__rosidl_typesupport_introspection_c__pyext
[100%] [1m[32mLinking C shared library rosidl_generator_py/vesc_msgs/vesc_msgs_s__rosidl_typesupport_c.cpython-38-aarch64-linux-gnu.so[0m
[100%] Built target vesc_msgs__rosidl_typesupport_fastrtps_c__pyext
[100%] Built target vesc_msgs__rosidl_typesupport_c__pyext
2025/10/10 21:11:05.442365 cmd_run.go:1398: WARNING: cannot create user data directory: failed to verify SELinux context of /home/meric/snap: cannot locate "matchpathcon" executable
[  1%] Built target vesc_msgs__cpp
[ 12%] Built target vesc_msgs__rosidl_generator_c
[ 23%] Built target vesc_msgs__rosidl_typesupport_cpp
[ 34%] Built target vesc_msgs__rosidl_typesupport_fastrtps_cpp
[ 45%] Built target vesc_msgs__rosidl_typesupport_introspection_cpp
[ 56%] Built target vesc_msgs__rosidl_typesupport_c
[ 67%] Built target vesc_msgs__rosidl_typesupport_introspection_c
[ 78%] Built target vesc_msgs__rosidl_typesupport_fastrtps_c
[ 78%] Built target vesc_msgs
[ 80%] Built target vesc_msgs__py
[ 89%] Built target vesc_msgs__python
[ 92%] Built target vesc_msgs__rosidl_typesupport_fastrtps_c__pyext
[ 96%] Built target vesc_msgs__rosidl_typesupport_c__pyext
[100%] Built target vesc_msgs__rosidl_typesupport_introspection_c__pyext
[36mInstall the project...[0m
-- Install configuration: ""
-- Installing: /home/meric/f1tenth_ws_mpc_emergency/install/vesc_msgs/share/ament_index/resource_index/rosidl_interfaces/vesc_msgs
-- Installing: /home/meric/f1tenth_ws_mpc_emergency/install/vesc_msgs/include/vesc_msgs
-- Installing: /home/meric/f1tenth_ws_mpc_emergency/install/vesc_msgs/include/vesc_msgs/msg
-- Installing: /home/meric/f1tenth_ws_mpc_emergency/install/vesc_msgs/include/vesc_msgs/msg/rosidl_generator_c__visibility_control.h
-- Installing: /home/meric/f1tenth_ws_mpc_emergency/install/vesc_msgs/include/vesc_msgs/msg/vesc_state_stamped.h
-- Installing: /home/meric/f1tenth_ws_mpc_emergency/install/vesc_msgs/include/vesc_msgs/msg/vesc_state.h
-- Installing: /home/meric/f1tenth_ws_mpc_emergency/install/vesc_msgs/include/vesc_msgs/msg/vesc_imu_stamped.h
-- Installing: /home/meric/f1tenth_ws_mpc_emergency/install/vesc_msgs/include/vesc_msgs/msg/vesc_imu.h
-- Installing: /home/meric/f1tenth_ws_mpc_emergency/install/vesc_msgs/include/vesc_msgs/msg/detail
-- Installing: /home/meric/f1tenth_ws_mpc_emergency/install/vesc_msgs/include/vesc_msgs/msg/detail/vesc_imu_stamped__struct.h
-- Installing: /home/meric/f1tenth_ws_mpc_emergency/install/vesc_msgs/include/vesc_msgs/msg/detail/vesc_imu_stamped__functions.c
-- Installing: /home/meric/f1tenth_ws_mpc_emergency/install/vesc_msgs/include/vesc_msgs/msg/detail/vesc_state__functions.h
-- Installing: /home/meric/f1tenth_ws_mpc_emergency/install/vesc_msgs/include/vesc_msgs/msg/detail/vesc_state__functions.c
-- Installing: /home/meric/f1tenth_ws_mpc_emergency/install/vesc_msgs/include/vesc_msgs/msg/detail/vesc_imu__functions.h
-- Installing: /home/meric/f1tenth_ws_mpc_emergency/install/vesc_msgs/include/vesc_msgs/msg/detail/vesc_imu_stamped__type_support.h
-- Installing: /home/meric/f1tenth_ws_mpc_emergency/install/vesc_msgs/include/vesc_msgs/msg/detail/vesc_state_stamped__functions.h
-- Installing: /home/meric/f1tenth_ws_mpc_emergency/install/vesc_msgs/include/vesc_msgs/msg/detail/vesc_state__type_support.h
-- Installing: /home/meric/f1tenth_ws_mpc_emergency/install/vesc_msgs/include/vesc_msgs/msg/detail/vesc_state_stamped__struct.h
-- Installing: /home/meric/f1tenth_ws_mpc_emergency/install/vesc_msgs/include/vesc_msgs/msg/detail/vesc_state__struct.h
-- Installing: /home/meric/f1tenth_ws_mpc_emergency/install/vesc_msgs/include/vesc_msgs/msg/detail/vesc_imu__type_support.h
-- Installing: /home/meric/f1tenth_ws_mpc_emergency/install/vesc_msgs/include/vesc_msgs/msg/detail/vesc_imu__struct.h
-- Installing: /home/meric/f1tenth_ws_mpc_emergency/install/vesc_msgs/include/vesc_msgs/msg/detail/vesc_state_stamped__type_support.h
-- Installing: /home/meric/f1tenth_ws_mpc_emergency/install/vesc_msgs/include/vesc_msgs/msg/detail/vesc_imu_stamped__functions.h
-- Installing: /home/meric/f1tenth_ws_mpc_emergency/install/vesc_msgs/include/vesc_msgs/msg/detail/vesc_state_stamped__functions.c
-- Installing: /home/meric/f1tenth_ws_mpc_emergency/install/vesc_msgs/include/vesc_msgs/msg/detail/vesc_imu__functions.c
-- Installing: /home/meric/f1tenth_ws_mpc_emergency/install/vesc_msgs/share/vesc_msgs/environment/library_path.sh
-- Installing: /home/meric/f1tenth_ws_mpc_emergency/install/vesc_msgs/share/vesc_msgs/environment/library_path.dsv
-- Installing: /home/meric/f1tenth_ws_mpc_emergency/install/vesc_msgs/lib/libvesc_msgs__rosidl_generator_c.so
-- Set non-toolchain portion of runtime path of "/home/meric/f1tenth_ws_mpc_emergency/install/vesc_msgs/lib/libvesc_msgs__rosidl_generator_c.so" to ""
-- Up-to-date: /home/meric/f1tenth_ws_mpc_emergency/install/vesc_msgs/include/vesc_msgs
-- Up-to-date: /home/meric/f1tenth_ws_mpc_emergency/install/vesc_msgs/include/vesc_msgs/msg
-- Installing: /home/meric/f1tenth_ws_mpc_emergency/install/vesc_msgs/include/vesc_msgs/msg/rosidl_typesupport_fastrtps_c__visibility_control.h
-- Up-to-date: /home/meric/f1tenth_ws_mpc_emergency/install/vesc_msgs/include/vesc_msgs/msg/detail
-- Installing: /home/meric/f1tenth_ws_mpc_emergency/install/vesc_msgs/include/vesc_msgs/msg/detail/vesc_state__rosidl_typesupport_fastrtps_c.h
-- Installing: /home/meric/f1tenth_ws_mpc_emergency/install/vesc_msgs/include/vesc_msgs/msg/detail/vesc_imu_stamped__rosidl_typesupport_fastrtps_c.h
-- Installing: /home/meric/f1tenth_ws_mpc_emergency/install/vesc_msgs/include/vesc_msgs/msg/detail/vesc_state_stamped__rosidl_typesupport_fastrtps_c.h
-- Installing: /home/meric/f1tenth_ws_mpc_emergency/install/vesc_msgs/include/vesc_msgs/msg/detail/vesc_imu__rosidl_typesupport_fastrtps_c.h
-- Installing: /home/meric/f1tenth_ws_mpc_emergency/install/vesc_msgs/lib/libvesc_msgs__rosidl_typesupport_fastrtps_c.so
-- Set non-toolchain portion of runtime path of "/home/meric/f1tenth_ws_mpc_emergency/install/vesc_msgs/lib/libvesc_msgs__rosidl_typesupport_fastrtps_c.so" to ""
-- Up-to-date: /home/meric/f1tenth_ws_mpc_emergency/install/vesc_msgs/include/vesc_msgs
-- Up-to-date: /home/meric/f1tenth_ws_mpc_emergency/install/vesc_msgs/include/vesc_msgs/msg
-- Installing: /home/meric/f1tenth_ws_mpc_emergency/install/vesc_msgs/include/vesc_msgs/msg/rosidl_typesupport_fastrtps_cpp__visibility_control.h
-- Up-to-date: /home/meric/f1tenth_ws_mpc_emergency/install/vesc_msgs/include/vesc_msgs/msg/detail
-- Installing: /home/meric/f1tenth_ws_mpc_emergency/install/vesc_msgs/include/vesc_msgs/msg/detail/vesc_state__rosidl_typesupport_fastrtps_cpp.hpp
-- Installing: /home/meric/f1tenth_ws_mpc_emergency/install/vesc_msgs/include/vesc_msgs/msg/detail/dds_fastrtps
-- Installing: /home/meric/f1tenth_ws_mpc_emergency/install/vesc_msgs/include/vesc_msgs/msg/detail/vesc_imu__rosidl_typesupport_fastrtps_cpp.hpp
-- Installing: /home/meric/f1tenth_ws_mpc_emergency/install/vesc_msgs/include/vesc_msgs/msg/detail/vesc_state_stamped__rosidl_typesupport_fastrtps_cpp.hpp
-- Installing: /home/meric/f1tenth_ws_mpc_emergency/install/vesc_msgs/include/vesc_msgs/msg/detail/vesc_imu_stamped__rosidl_typesupport_fastrtps_cpp.hpp
-- Installing: /home/meric/f1tenth_ws_mpc_emergency/install/vesc_msgs/lib/libvesc_msgs__rosidl_typesupport_fastrtps_cpp.so
-- Set non-toolchain portion of runtime path of "/home/meric/f1tenth_ws_mpc_emergency/install/vesc_msgs/lib/libvesc_msgs__rosidl_typesupport_fastrtps_cpp.so" to ""
-- Up-to-date: /home/meric/f1tenth_ws_mpc_emergency/install/vesc_msgs/include/vesc_msgs
-- Up-to-date: /home/meric/f1tenth_ws_mpc_emergency/install/vesc_msgs/include/vesc_msgs/msg
-- Up-to-date: /home/meric/f1tenth_ws_mpc_emergency/install/vesc_msgs/include/vesc_msgs/msg/detail
-- Installing: /home/meric/f1tenth_ws_mpc_emergency/install/vesc_msgs/include/vesc_msgs/msg/detail/vesc_imu_stamped__rosidl_typesupport_introspection_c.h
-- Installing: /home/meric/f1tenth_ws_mpc_emergency/install/vesc_msgs/include/vesc_msgs/msg/detail/vesc_imu__rosidl_typesupport_introspection_c.h
-- Installing: /home/meric/f1tenth_ws_mpc_emergency/install/vesc_msgs/include/vesc_msgs/msg/detail/vesc_state__type_support.c
-- Installing: /home/meric/f1tenth_ws_mpc_emergency/install/vesc_msgs/include/vesc_msgs/msg/detail/vesc_imu_stamped__type_support.c
-- Installing: /home/meric/f1tenth_ws_mpc_emergency/install/vesc_msgs/include/vesc_msgs/msg/detail/vesc_state_stamped__rosidl_typesupport_introspection_c.h
-- Installing: /home/meric/f1tenth_ws_mpc_emergency/install/vesc_msgs/include/vesc_msgs/msg/detail/vesc_state__rosidl_typesupport_introspection_c.h
-- Installing: /home/meric/f1tenth_ws_mpc_emergency/install/vesc_msgs/include/vesc_msgs/msg/detail/vesc_state_stamped__type_support.c
-- Installing: /home/meric/f1tenth_ws_mpc_emergency/install/vesc_msgs/include/vesc_msgs/msg/detail/vesc_imu__type_support.c
-- Installing: /home/meric/f1tenth_ws_mpc_emergency/install/vesc_msgs/include/vesc_msgs/msg/rosidl_typesupport_introspection_c__visibility_control.h
-- Installing: /home/meric/f1tenth_ws_mpc_emergency/install/vesc_msgs/lib/libvesc_msgs__rosidl_typesupport_introspection_c.so
-- Set non-toolchain portion of runtime path of "/home/meric/f1tenth_ws_mpc_emergency/install/vesc_msgs/lib/libvesc_msgs__rosidl_typesupport_introspection_c.so" to ""
-- Installing: /home/meric/f1tenth_ws_mpc_emergency/install/vesc_msgs/lib/libvesc_msgs__rosidl_typesupport_c.so
-- Set non-toolchain portion of runtime path of "/home/meric/f1tenth_ws_mpc_emergency/install/vesc_msgs/lib/libvesc_msgs__rosidl_typesupport_c.so" to ""
-- Up-to-date: /home/meric/f1tenth_ws_mpc_emergency/install/vesc_msgs/include/vesc_msgs
-- Up-to-date: /home/meric/f1tenth_ws_mpc_emergency/install/vesc_msgs/include/vesc_msgs/msg
-- Installing: /home/meric/f1tenth_ws_mpc_emergency/install/vesc_msgs/include/vesc_msgs/msg/vesc_state_stamped.hpp
-- Installing: /home/meric/f1tenth_ws_mpc_emergency/install/vesc_msgs/include/vesc_msgs/msg/vesc_imu.hpp
-- Installing: /home/meric/f1tenth_ws_mpc_emergency/install/vesc_msgs/include/vesc_msgs/msg/vesc_imu_stamped.hpp
-- Up-to-date: /home/meric/f1tenth_ws_mpc_emergency/install/vesc_msgs/include/vesc_msgs/msg/detail
-- Installing: /home/meric/f1tenth_ws_mpc_emergency/install/vesc_msgs/include/vesc_msgs/msg/detail/vesc_imu_stamped__struct.hpp
-- Installing: /home/meric/f1tenth_ws_mpc_emergency/install/vesc_msgs/include/vesc_msgs/msg/detail/vesc_state_stamped__traits.hpp
-- Installing: /home/meric/f1tenth_ws_mpc_emergency/install/vesc_msgs/include/vesc_msgs/msg/detail/vesc_imu__traits.hpp
-- Installing: /home/meric/f1tenth_ws_mpc_emergency/install/vesc_msgs/include/vesc_msgs/msg/detail/vesc_state_stamped__builder.hpp
-- Installing: /home/meric/f1tenth_ws_mpc_emergency/install/vesc_msgs/include/vesc_msgs/msg/detail/vesc_imu__builder.hpp
-- Installing: /home/meric/f1tenth_ws_mpc_emergency/install/vesc_msgs/include/vesc_msgs/msg/detail/vesc_state__type_support.hpp
-- Installing: /home/meric/f1tenth_ws_mpc_emergency/install/vesc_msgs/include/vesc_msgs/msg/detail/vesc_state_stamped__type_support.hpp
-- Installing: /home/meric/f1tenth_ws_mpc_emergency/install/vesc_msgs/include/vesc_msgs/msg/detail/vesc_state__builder.hpp
-- Installing: /home/meric/f1tenth_ws_mpc_emergency/install/vesc_msgs/include/vesc_msgs/msg/detail/vesc_imu_stamped__traits.hpp
-- Installing: /home/meric/f1tenth_ws_mpc_emergency/install/vesc_msgs/include/vesc_msgs/msg/detail/vesc_state_stamped__struct.hpp
-- Installing: /home/meric/f1tenth_ws_mpc_emergency/install/vesc_msgs/include/vesc_msgs/msg/detail/vesc_imu_stamped__type_support.hpp
-- Installing: /home/meric/f1tenth_ws_mpc_emergency/install/vesc_msgs/include/vesc_msgs/msg/detail/vesc_imu_stamped__builder.hpp
-- Installing: /home/meric/f1tenth_ws_mpc_emergency/install/vesc_msgs/include/vesc_msgs/msg/detail/vesc_imu__type_support.hpp
-- Installing: /home/meric/f1tenth_ws_mpc_emergency/install/vesc_msgs/include/vesc_msgs/msg/detail/vesc_state__traits.hpp
-- Installing: /home/meric/f1tenth_ws_mpc_emergency/install/vesc_msgs/include/vesc_msgs/msg/detail/vesc_state__struct.hpp
-- Installing: /home/meric/f1tenth_ws_mpc_emergency/install/vesc_msgs/include/vesc_msgs/msg/detail/vesc_imu__struct.hpp
-- Installing: /home/meric/f1tenth_ws_mpc_emergency/install/vesc_msgs/include/vesc_msgs/msg/rosidl_generator_cpp__visibility_control.hpp
-- Installing: /home/meric/f1tenth_ws_mpc_emergency/install/vesc_msgs/include/vesc_msgs/msg/vesc_state.hpp
-- Up-to-date: /home/meric/f1tenth_ws_mpc_emergency/install/vesc_msgs/include/vesc_msgs
-- Up-to-date: /home/meric/f1tenth_ws_mpc_emergency/install/vesc_msgs/include/vesc_msgs/msg
-- Up-to-date: /home/meric/f1tenth_ws_mpc_emergency/install/vesc_msgs/include/vesc_msgs/msg/detail
-- Installing: /home/meric/f1tenth_ws_mpc_emergency/install/vesc_msgs/include/vesc_msgs/msg/detail/vesc_imu_stamped__rosidl_typesupport_introspection_cpp.hpp
-- Installing: /home/meric/f1tenth_ws_mpc_emergency/install/vesc_msgs/include/vesc_msgs/msg/detail/vesc_state_stamped__type_support.cpp
-- Installing: /home/meric/f1tenth_ws_mpc_emergency/install/vesc_msgs/include/vesc_msgs/msg/detail/vesc_imu__type_support.cpp
-- Installing: /home/meric/f1tenth_ws_mpc_emergency/install/vesc_msgs/include/vesc_msgs/msg/detail/vesc_imu_stamped__type_support.cpp
-- Installing: /home/meric/f1tenth_ws_mpc_emergency/install/vesc_msgs/include/vesc_msgs/msg/detail/vesc_imu__rosidl_typesupport_introspection_cpp.hpp
-- Installing: /home/meric/f1tenth_ws_mpc_emergency/install/vesc_msgs/include/vesc_msgs/msg/detail/vesc_state__rosidl_typesupport_introspection_cpp.hpp
-- Installing: /home/meric/f1tenth_ws_mpc_emergency/install/vesc_msgs/include/vesc_msgs/msg/detail/vesc_state__type_support.cpp
-- Installing: /home/meric/f1tenth_ws_mpc_emergency/install/vesc_msgs/include/vesc_msgs/msg/detail/vesc_state_stamped__rosidl_typesupport_introspection_cpp.hpp
-- Installing: /home/meric/f1tenth_ws_mpc_emergency/install/vesc_msgs/lib/libvesc_msgs__rosidl_typesupport_introspection_cpp.so
-- Set non-toolchain portion of runtime path of "/home/meric/f1tenth_ws_mpc_emergency/install/vesc_msgs/lib/libvesc_msgs__rosidl_typesupport_introspection_cpp.so" to ""
-- Installing: /home/meric/f1tenth_ws_mpc_emergency/install/vesc_msgs/lib/libvesc_msgs__rosidl_typesupport_cpp.so
-- Set non-toolchain portion of runtime path of "/home/meric/f1tenth_ws_mpc_emergency/install/vesc_msgs/lib/libvesc_msgs__rosidl_typesupport_cpp.so" to ""
-- Installing: /home/meric/f1tenth_ws_mpc_emergency/install/vesc_msgs/share/vesc_msgs/environment/pythonpath.sh
-- Installing: /home/meric/f1tenth_ws_mpc_emergency/install/vesc_msgs/share/vesc_msgs/environment/pythonpath.dsv
-- Installing: /home/meric/f1tenth_ws_mpc_emergency/install/vesc_msgs/lib/python3.8/site-packages/vesc_msgs/__init__.py
Compiling '/home/meric/f1tenth_ws_mpc_emergency/install/vesc_msgs/lib/python3.8/site-packages/vesc_msgs/__init__.py'...
-- Installing: /home/meric/f1tenth_ws_mpc_emergency/install/vesc_msgs/lib/python3.8/site-packages/vesc_msgs/msg
-- Installing: /home/meric/f1tenth_ws_mpc_emergency/install/vesc_msgs/lib/python3.8/site-packages/vesc_msgs/msg/_vesc_imu_stamped_s.c
-- Installing: /home/meric/f1tenth_ws_mpc_emergency/install/vesc_msgs/lib/python3.8/site-packages/vesc_msgs/msg/__init__.py
-- Installing: /home/meric/f1tenth_ws_mpc_emergency/install/vesc_msgs/lib/python3.8/site-packages/vesc_msgs/msg/_vesc_imu_s.c
-- Installing: /home/meric/f1tenth_ws_mpc_emergency/install/vesc_msgs/lib/python3.8/site-packages/vesc_msgs/msg/_vesc_state.py
-- Installing: /home/meric/f1tenth_ws_mpc_emergency/install/vesc_msgs/lib/python3.8/site-packages/vesc_msgs/msg/_vesc_state_stamped_s.c
-- Installing: /home/meric/f1tenth_ws_mpc_emergency/install/vesc_msgs/lib/python3.8/site-packages/vesc_msgs/msg/_vesc_imu_stamped.py
-- Installing: /home/meric/f1tenth_ws_mpc_emergency/install/vesc_msgs/lib/python3.8/site-packages/vesc_msgs/msg/_vesc_imu.py
-- Installing: /home/meric/f1tenth_ws_mpc_emergency/install/vesc_msgs/lib/python3.8/site-packages/vesc_msgs/msg/_vesc_state_s.c
-- Installing: /home/meric/f1tenth_ws_mpc_emergency/install/vesc_msgs/lib/python3.8/site-packages/vesc_msgs/msg/_vesc_state_stamped.py
-- Installing: /home/meric/f1tenth_ws_mpc_emergency/install/vesc_msgs/lib/python3.8/site-packages/vesc_msgs/vesc_msgs_s__rosidl_typesupport_fastrtps_c.cpython-38-aarch64-linux-gnu.so
-- Set non-toolchain portion of runtime path of "/home/meric/f1tenth_ws_mpc_emergency/install/vesc_msgs/lib/python3.8/site-packages/vesc_msgs/vesc_msgs_s__rosidl_typesupport_fastrtps_c.cpython-38-aarch64-linux-gnu.so" to ""
-- Installing: /home/meric/f1tenth_ws_mpc_emergency/install/vesc_msgs/lib/python3.8/site-packages/vesc_msgs/vesc_msgs_s__rosidl_typesupport_introspection_c.cpython-38-aarch64-linux-gnu.so
-- Set non-toolchain portion of runtime path of "/home/meric/f1tenth_ws_mpc_emergency/install/vesc_msgs/lib/python3.8/site-packages/vesc_msgs/vesc_msgs_s__rosidl_typesupport_introspection_c.cpython-38-aarch64-linux-gnu.so" to ""
-- Installing: /home/meric/f1tenth_ws_mpc_emergency/install/vesc_msgs/lib/python3.8/site-packages/vesc_msgs/vesc_msgs_s__rosidl_typesupport_c.cpython-38-aarch64-linux-gnu.so
-- Set non-toolchain portion of runtime path of "/home/meric/f1tenth_ws_mpc_emergency/install/vesc_msgs/lib/python3.8/site-packages/vesc_msgs/vesc_msgs_s__rosidl_typesupport_c.cpython-38-aarch64-linux-gnu.so" to ""
-- Installing: /home/meric/f1tenth_ws_mpc_emergency/install/vesc_msgs/lib/libvesc_msgs__python.so
-- Set non-toolchain portion of runtime path of "/home/meric/f1tenth_ws_mpc_emergency/install/vesc_msgs/lib/libvesc_msgs__python.so" to ""
-- Installing: /home/meric/f1tenth_ws_mpc_emergency/install/vesc_msgs/share/vesc_msgs/msg/VescState.idl
-- Installing: /home/meric/f1tenth_ws_mpc_emergency/install/vesc_msgs/share/vesc_msgs/msg/VescStateStamped.idl
-- Installing: /home/meric/f1tenth_ws_mpc_emergency/install/vesc_msgs/share/vesc_msgs/msg/VescImu.idl
-- Installing: /home/meric/f1tenth_ws_mpc_emergency/install/vesc_msgs/share/vesc_msgs/msg/VescImuStamped.idl
-- Installing: /home/meric/f1tenth_ws_mpc_emergency/install/vesc_msgs/share/vesc_msgs/msg/VescState.msg
-- Installing: /home/meric/f1tenth_ws_mpc_emergency/install/vesc_msgs/share/vesc_msgs/msg/VescStateStamped.msg
-- Installing: /home/meric/f1tenth_ws_mpc_emergency/install/vesc_msgs/share/vesc_msgs/msg/VescImu.msg
-- Installing: /home/meric/f1tenth_ws_mpc_emergency/install/vesc_msgs/share/vesc_msgs/msg/VescImuStamped.msg
-- Installing: /home/meric/f1tenth_ws_mpc_emergency/install/vesc_msgs/share/ament_index/resource_index/package_run_dependencies/vesc_msgs
-- Installing: /home/meric/f1tenth_ws_mpc_emergency/install/vesc_msgs/share/ament_index/resource_index/parent_prefix_path/vesc_msgs
-- Installing: /home/meric/f1tenth_ws_mpc_emergency/install/vesc_msgs/share/vesc_msgs/environment/ament_prefix_path.sh
-- Installing: /home/meric/f1tenth_ws_mpc_emergency/install/vesc_msgs/share/vesc_msgs/environment/ament_prefix_path.dsv
-- Installing: /home/meric/f1tenth_ws_mpc_emergency/install/vesc_msgs/share/vesc_msgs/environment/path.sh
-- Installing: /home/meric/f1tenth_ws_mpc_emergency/install/vesc_msgs/share/vesc_msgs/environment/path.dsv
-- Installing: /home/meric/f1tenth_ws_mpc_emergency/install/vesc_msgs/share/vesc_msgs/local_setup.bash
-- Installing: /home/meric/f1tenth_ws_mpc_emergency/install/vesc_msgs/share/vesc_msgs/local_setup.sh
-- Installing: /home/meric/f1tenth_ws_mpc_emergency/install/vesc_msgs/share/vesc_msgs/local_setup.zsh
-- Installing: /home/meric/f1tenth_ws_mpc_emergency/install/vesc_msgs/share/vesc_msgs/local_setup.dsv
-- Installing: /home/meric/f1tenth_ws_mpc_emergency/install/vesc_msgs/share/vesc_msgs/package.dsv
-- Installing: /home/meric/f1tenth_ws_mpc_emergency/install/vesc_msgs/share/ament_index/resource_index/packages/vesc_msgs
-- Installing: /home/meric/f1tenth_ws_mpc_emergency/install/vesc_msgs/share/vesc_msgs/cmake/vesc_msgs__rosidl_generator_cExport.cmake
-- Installing: /home/meric/f1tenth_ws_mpc_emergency/install/vesc_msgs/share/vesc_msgs/cmake/vesc_msgs__rosidl_generator_cExport-noconfig.cmake
-- Installing: /home/meric/f1tenth_ws_mpc_emergency/install/vesc_msgs/share/vesc_msgs/cmake/vesc_msgs__rosidl_typesupport_introspection_cExport.cmake
-- Installing: /home/meric/f1tenth_ws_mpc_emergency/install/vesc_msgs/share/vesc_msgs/cmake/vesc_msgs__rosidl_typesupport_introspection_cExport-noconfig.cmake
-- Installing: /home/meric/f1tenth_ws_mpc_emergency/install/vesc_msgs/share/vesc_msgs/cmake/vesc_msgs__rosidl_typesupport_cExport.cmake
-- Installing: /home/meric/f1tenth_ws_mpc_emergency/install/vesc_msgs/share/vesc_msgs/cmake/vesc_msgs__rosidl_typesupport_cExport-noconfig.cmake
-- Installing: /home/meric/f1tenth_ws_mpc_emergency/install/vesc_msgs/share/vesc_msgs/cmake/vesc_msgs__rosidl_generator_cppExport.cmake
-- Installing: /home/meric/f1tenth_ws_mpc_emergency/install/vesc_msgs/share/vesc_msgs/cmake/vesc_msgs__rosidl_typesupport_introspection_cppExport.cmake
-- Installing: /home/meric/f1tenth_ws_mpc_emergency/install/vesc_msgs/share/vesc_msgs/cmake/vesc_msgs__rosidl_typesupport_introspection_cppExport-noconfig.cmake
-- Installing: /home/meric/f1tenth_ws_mpc_emergency/install/vesc_msgs/share/vesc_msgs/cmake/vesc_msgs__rosidl_typesupport_cppExport.cmake
-- Installing: /home/meric/f1tenth_ws_mpc_emergency/install/vesc_msgs/share/vesc_msgs/cmake/vesc_msgs__rosidl_typesupport_cppExport-noconfig.cmake
-- Installing: /home/meric/f1tenth_ws_mpc_emergency/install/vesc_msgs/share/vesc_msgs/cmake/rosidl_cmake-extras.cmake
-- Installing: /home/meric/f1tenth_ws_mpc_emergency/install/vesc_msgs/share/vesc_msgs/cmake/ament_cmake_export_dependencies-extras.cmake
-- Installing: /home/meric/f1tenth_ws_mpc_emergency/install/vesc_msgs/share/vesc_msgs/cmake/ament_cmake_export_libraries-extras.cmake
-- Installing: /home/meric/f1tenth_ws_mpc_emergency/install/vesc_msgs/share/vesc_msgs/cmake/ament_cmake_export_targets-extras.cmake
-- Installing: /home/meric/f1tenth_ws_mpc_emergency/install/vesc_msgs/share/vesc_msgs/cmake/ament_cmake_export_include_directories-extras.cmake
-- Installing: /home/meric/f1tenth_ws_mpc_emergency/install/vesc_msgs/share/vesc_msgs/cmake/rosidl_cmake_export_typesupport_libraries-extras.cmake
-- Installing: /home/meric/f1tenth_ws_mpc_emergency/install/vesc_msgs/share/vesc_msgs/cmake/rosidl_cmake_export_typesupport_targets-extras.cmake
-- Installing: /home/meric/f1tenth_ws_mpc_emergency/install/vesc_msgs/share/vesc_msgs/cmake/vesc_msgsConfig.cmake
-- Installing: /home/meric/f1tenth_ws_mpc_emergency/install/vesc_msgs/share/vesc_msgs/cmake/vesc_msgsConfig-version.cmake
-- Installing: /home/meric/f1tenth_ws_mpc_emergency/install/vesc_msgs/share/vesc_msgs/package.xml
