2025/11/14 20:36:06.494114 cmd_run.go:1400: WARNING: cannot create user data directory: failed to verify SELinux context of /home/meric/snap: cannot locate "matchpathcon" executable
[0mCMake Deprecation Warning at CMakeLists.txt:1 (cmake_minimum_required):
  Compatibility with CMake < 3.10 will be removed from a future version of
  CMake.

  Update the VERSION argument <min> value.  Or, use the <min>...<max> syntax
  to tell CMake that the project requires at least <min> but has been updated
  to work with policies introduced by <max> or earlier.

[0m
-- The C compiler identification is GNU 9.4.0
-- The CXX compiler identification is GNU 9.4.0
-- Detecting C compiler ABI info
-- Detecting C compiler ABI info - done
-- Check for working C compiler: /usr/bin/cc - skipped
-- Detecting C compile features
-- Detecting C compile features - done
-- Detecting CXX compiler ABI info
-- Detecting CXX compiler ABI info - done
-- Check for working CXX compiler: /usr/bin/c++ - skipped
-- Detecting CXX compile features
-- Detecting CXX compile features - done
-- Found ament_cmake_auto: 0.9.12 (/opt/ros/foxy/share/ament_cmake_auto/cmake)
[33mCMake Warning (dev) at /opt/ros/foxy/share/ament_cmake_core/cmake/core/python.cmake:22 (find_package):
  Policy CMP0148 is not set: The FindPythonInterp and FindPythonLibs modules
  are removed.  Run "cmake --help-policy CMP0148" for policy details.  Use
  the cmake_policy command to set the policy and suppress this warning.

Call Stack (most recent call first):
  /opt/ros/foxy/share/ament_cmake_core/cmake/core/all.cmake:53 (include)
  /opt/ros/foxy/share/ament_cmake_core/cmake/ament_cmake_core-extras.cmake:17 (include)
  /opt/ros/foxy/share/ament_cmake_core/cmake/ament_cmake_coreConfig.cmake:41 (include)
  /opt/ros/foxy/share/ament_cmake/cmake/ament_cmake_export_dependencies-extras.cmake:15 (find_package)
  /opt/ros/foxy/share/ament_cmake/cmake/ament_cmakeConfig.cmake:41 (include)
  /opt/ros/foxy/share/ament_cmake_auto/cmake/ament_cmake_auto-extras.cmake:17 (find_package)
  /opt/ros/foxy/share/ament_cmake_auto/cmake/ament_cmake_autoConfig.cmake:41 (include)
  CMakeLists.txt:3 (find_package)
This warning is for project developers.  Use -Wno-dev to suppress it.
[0m
-- Found PythonInterp: /usr/bin/python3 (found suitable version "3.8.10", minimum required is "3")
-- Using PYTHON_EXECUTABLE: /usr/bin/python3
-- Configuring done (1.6s)
-- Generating done (0.0s)
-- Build files have been written to: /home/meric/f1tenth_ws_rl/build/vesc
2025/11/14 20:36:08.225208 cmd_run.go:1400: WARNING: cannot create user data directory: failed to verify SELinux context of /home/meric/snap: cannot locate "matchpathcon" executable
2025/11/14 20:36:08.372569 cmd_run.go:1400: WARNING: cannot create user data directory: failed to verify SELinux context of /home/meric/snap: cannot locate "matchpathcon" executable
[36mInstall the project...[0m
-- Install configuration: ""
-- Installing: /home/meric/f1tenth_ws_rl/install/vesc/share/ament_index/resource_index/package_run_dependencies/vesc
-- Installing: /home/meric/f1tenth_ws_rl/install/vesc/share/ament_index/resource_index/parent_prefix_path/vesc
-- Installing: /home/meric/f1tenth_ws_rl/install/vesc/share/vesc/environment/ament_prefix_path.sh
-- Installing: /home/meric/f1tenth_ws_rl/install/vesc/share/vesc/environment/ament_prefix_path.dsv
-- Installing: /home/meric/f1tenth_ws_rl/install/vesc/share/vesc/environment/path.sh
-- Installing: /home/meric/f1tenth_ws_rl/install/vesc/share/vesc/environment/path.dsv
-- Installing: /home/meric/f1tenth_ws_rl/install/vesc/share/vesc/local_setup.bash
-- Installing: /home/meric/f1tenth_ws_rl/install/vesc/share/vesc/local_setup.sh
-- Installing: /home/meric/f1tenth_ws_rl/install/vesc/share/vesc/local_setup.zsh
-- Installing: /home/meric/f1tenth_ws_rl/install/vesc/share/vesc/local_setup.dsv
-- Installing: /home/meric/f1tenth_ws_rl/install/vesc/share/vesc/package.dsv
-- Installing: /home/meric/f1tenth_ws_rl/install/vesc/share/ament_index/resource_index/packages/vesc
-- Installing: /home/meric/f1tenth_ws_rl/install/vesc/share/vesc/cmake/vescConfig.cmake
-- Installing: /home/meric/f1tenth_ws_rl/install/vesc/share/vesc/cmake/vescConfig-version.cmake
-- Installing: /home/meric/f1tenth_ws_rl/install/vesc/share/vesc/package.xml
