[1.203s] Invoking command in '/home/meric/f1tenth_ws_mpc_emergency/build/waypoint_generator': CMAKE_PREFIX_PATH=${CMAKE_PREFIX_PATH}:/home/meric/f1tenth_ws_mpc_emergency/install/f1tenth_stack:/home/meric/f1tenth_ws_mpc_emergency/install/joy_teleop:/home/meric/f1tenth_ws_mpc_emergency/install/stanley2_avoidance:/home/meric/f1tenth_ws_mpc_emergency/install/simple_teleop:/home/meric/f1tenth_ws_mpc_emergency/install/particle_filter:/home/meric/f1tenth_ws_mpc_emergency/install/mouse_teleop:/home/meric/f1tenth_ws_mpc_emergency/install/key_teleop:/opt/ros/foxy /snap/bin/cmake --build /home/meric/f1tenth_ws_mpc_emergency/build/waypoint_generator -- -j6 -l6
[1.324s] 2025/10/25 12:53:24.869823 cmd_run.go:1398: WARNING: cannot create user data directory: failed to verify SELinux context of /home/meric/snap: cannot locate "matchpathcon" executable
[1.448s] [ 50%] Built target waypoint_generator
[1.476s] [100%] Built target waypoint_visualizer
[1.488s] Invoked command in '/home/meric/f1tenth_ws_mpc_emergency/build/waypoint_generator' returned '0': CMAKE_PREFIX_PATH=${CMAKE_PREFIX_PATH}:/home/meric/f1tenth_ws_mpc_emergency/install/f1tenth_stack:/home/meric/f1tenth_ws_mpc_emergency/install/joy_teleop:/home/meric/f1tenth_ws_mpc_emergency/install/stanley2_avoidance:/home/meric/f1tenth_ws_mpc_emergency/install/simple_teleop:/home/meric/f1tenth_ws_mpc_emergency/install/particle_filter:/home/meric/f1tenth_ws_mpc_emergency/install/mouse_teleop:/home/meric/f1tenth_ws_mpc_emergency/install/key_teleop:/opt/ros/foxy /snap/bin/cmake --build /home/meric/f1tenth_ws_mpc_emergency/build/waypoint_generator -- -j6 -l6
[1.497s] Invoking command in '/home/meric/f1tenth_ws_mpc_emergency/build/waypoint_generator': CMAKE_PREFIX_PATH=${CMAKE_PREFIX_PATH}:/home/meric/f1tenth_ws_mpc_emergency/install/f1tenth_stack:/home/meric/f1tenth_ws_mpc_emergency/install/joy_teleop:/home/meric/f1tenth_ws_mpc_emergency/install/stanley2_avoidance:/home/meric/f1tenth_ws_mpc_emergency/install/simple_teleop:/home/meric/f1tenth_ws_mpc_emergency/install/particle_filter:/home/meric/f1tenth_ws_mpc_emergency/install/mouse_teleop:/home/meric/f1tenth_ws_mpc_emergency/install/key_teleop:/opt/ros/foxy /snap/bin/cmake --build /home/meric/f1tenth_ws_mpc_emergency/build/waypoint_generator --target install -- -j6 -l6
[1.674s] 2025/10/25 12:53:25.220665 cmd_run.go:1398: WARNING: cannot create user data directory: failed to verify SELinux context of /home/meric/snap: cannot locate "matchpathcon" executable
[1.803s] [ 50%] Built target waypoint_visualizer
[1.812s] [100%] Built target waypoint_generator
[1.824s] [36mInstall the project...[0m
[1.829s] -- Install configuration: ""
[1.831s] -- Up-to-date: /home/meric/f1tenth_ws_mpc_emergency/install/waypoint_generator/lib/waypoint_generator/waypoint_generator
[1.833s] -- Up-to-date: /home/meric/f1tenth_ws_mpc_emergency/install/waypoint_generator/lib/waypoint_generator/waypoint_visualizer
[1.834s] -- Up-to-date: /home/meric/f1tenth_ws_mpc_emergency/install/waypoint_generator/share/ament_index/resource_index/package_run_dependencies/waypoint_generator
[1.834s] -- Up-to-date: /home/meric/f1tenth_ws_mpc_emergency/install/waypoint_generator/share/ament_index/resource_index/parent_prefix_path/waypoint_generator
[1.834s] -- Up-to-date: /home/meric/f1tenth_ws_mpc_emergency/install/waypoint_generator/share/waypoint_generator/environment/ament_prefix_path.sh
[1.835s] -- Up-to-date: /home/meric/f1tenth_ws_mpc_emergency/install/waypoint_generator/share/waypoint_generator/environment/ament_prefix_path.dsv
[1.836s] -- Up-to-date: /home/meric/f1tenth_ws_mpc_emergency/install/waypoint_generator/share/waypoint_generator/environment/path.sh
[1.838s] -- Up-to-date: /home/meric/f1tenth_ws_mpc_emergency/install/waypoint_generator/share/waypoint_generator/environment/path.dsv
[1.840s] -- Up-to-date: /home/meric/f1tenth_ws_mpc_emergency/install/waypoint_generator/share/waypoint_generator/local_setup.bash
[1.841s] -- Up-to-date: /home/meric/f1tenth_ws_mpc_emergency/install/waypoint_generator/share/waypoint_generator/local_setup.sh
[1.841s] -- Up-to-date: /home/meric/f1tenth_ws_mpc_emergency/install/waypoint_generator/share/waypoint_generator/local_setup.zsh
[1.842s] -- Up-to-date: /home/meric/f1tenth_ws_mpc_emergency/install/waypoint_generator/share/waypoint_generator/local_setup.dsv
[1.842s] -- Installing: /home/meric/f1tenth_ws_mpc_emergency/install/waypoint_generator/share/waypoint_generator/package.dsv
[1.843s] -- Up-to-date: /home/meric/f1tenth_ws_mpc_emergency/install/waypoint_generator/share/ament_index/resource_index/packages/waypoint_generator
[1.844s] -- Up-to-date: /home/meric/f1tenth_ws_mpc_emergency/install/waypoint_generator/share/waypoint_generator/cmake/waypoint_generatorConfig.cmake
[1.845s] -- Up-to-date: /home/meric/f1tenth_ws_mpc_emergency/install/waypoint_generator/share/waypoint_generator/cmake/waypoint_generatorConfig-version.cmake
[1.846s] -- Up-to-date: /home/meric/f1tenth_ws_mpc_emergency/install/waypoint_generator/share/waypoint_generator/package.xml
[1.855s] Invoked command in '/home/meric/f1tenth_ws_mpc_emergency/build/waypoint_generator' returned '0': CMAKE_PREFIX_PATH=${CMAKE_PREFIX_PATH}:/home/meric/f1tenth_ws_mpc_emergency/install/f1tenth_stack:/home/meric/f1tenth_ws_mpc_emergency/install/joy_teleop:/home/meric/f1tenth_ws_mpc_emergency/install/stanley2_avoidance:/home/meric/f1tenth_ws_mpc_emergency/install/simple_teleop:/home/meric/f1tenth_ws_mpc_emergency/install/particle_filter:/home/meric/f1tenth_ws_mpc_emergency/install/mouse_teleop:/home/meric/f1tenth_ws_mpc_emergency/install/key_teleop:/opt/ros/foxy /snap/bin/cmake --build /home/meric/f1tenth_ws_mpc_emergency/build/waypoint_generator --target install -- -j6 -l6
