[1.833s] Invoking command in '/home/meric/f1tenth_ws_mpc_emergency/src/simple_teleop': PYTHONPATH=/home/meric/f1tenth_ws_mpc_emergency/build/simple_teleop/prefix_override:/usr/lib/python3/dist-packages/colcon_core/task/python/colcon_distutils_commands:/home/meric/f1tenth_ws_mpc_emergency/install/simple_teleop/lib/python3.8/site-packages:${PYTHONPATH} /usr/bin/python3 -W ignore:setup.py install is deprecated -W ignore:easy_install command is deprecated setup.py egg_info --egg-base ../../build/simple_teleop build --build-base /home/meric/f1tenth_ws_mpc_emergency/build/simple_teleop/build install --record /home/meric/f1tenth_ws_mpc_emergency/build/simple_teleop/install.log --install-scripts $base/lib/simple_teleop --single-version-externally-managed install_data
[2.359s] running egg_info
[2.360s] writing ../../build/simple_teleop/simple_teleop.egg-info/PKG-INFO
[2.362s] writing dependency_links to ../../build/simple_teleop/simple_teleop.egg-info/dependency_links.txt
[2.363s] writing entry points to ../../build/simple_teleop/simple_teleop.egg-info/entry_points.txt
[2.363s] writing requirements to ../../build/simple_teleop/simple_teleop.egg-info/requires.txt
[2.364s] writing top-level names to ../../build/simple_teleop/simple_teleop.egg-info/top_level.txt
[2.437s] reading manifest file '../../build/simple_teleop/simple_teleop.egg-info/SOURCES.txt'
[2.440s] writing manifest file '../../build/simple_teleop/simple_teleop.egg-info/SOURCES.txt'
[2.440s] running build
[2.440s] running build_py
[2.442s] running install
[2.444s] running install_lib
[2.449s] running install_data
[2.449s] running install_egg_info
[2.453s] removing '/home/meric/f1tenth_ws_mpc_emergency/install/simple_teleop/lib/python3.8/site-packages/simple_teleop-0.0.0-py3.8.egg-info' (and everything under it)
[2.454s] Copying ../../build/simple_teleop/simple_teleop.egg-info to /home/meric/f1tenth_ws_mpc_emergency/install/simple_teleop/lib/python3.8/site-packages/simple_teleop-0.0.0-py3.8.egg-info
[2.458s] running install_scripts
[2.497s] Installing simple_teleop script to /home/meric/f1tenth_ws_mpc_emergency/install/simple_teleop/lib/simple_teleop
[2.498s] writing list of installed files to '/home/meric/f1tenth_ws_mpc_emergency/build/simple_teleop/install.log'
[2.700s] Invoked command in '/home/meric/f1tenth_ws_mpc_emergency/src/simple_teleop' returned '0': PYTHONPATH=/home/meric/f1tenth_ws_mpc_emergency/build/simple_teleop/prefix_override:/usr/lib/python3/dist-packages/colcon_core/task/python/colcon_distutils_commands:/home/meric/f1tenth_ws_mpc_emergency/install/simple_teleop/lib/python3.8/site-packages:${PYTHONPATH} /usr/bin/python3 -W ignore:setup.py install is deprecated -W ignore:easy_install command is deprecated setup.py egg_info --egg-base ../../build/simple_teleop build --build-base /home/meric/f1tenth_ws_mpc_emergency/build/simple_teleop/build install --record /home/meric/f1tenth_ws_mpc_emergency/build/simple_teleop/install.log --install-scripts $base/lib/simple_teleop --single-version-externally-managed install_data
