[1.548s] Invoking command in '/home/meric/f1tenth_ws_mpc_emergency/src/f1tenth_system/f1tenth_stack': AMENT_PREFIX_PATH=/home/meric/f1tenth_ws_mpc_emergency/install/joy_teleop:/home/meric/f1tenth_ws_mpc_emergency/install/waypoint_generator:/home/meric/f1tenth_ws_mpc_emergency/install/f1tenth_stack:/home/meric/f1tenth_ws_mpc_emergency/install/vesc:/home/meric/f1tenth_ws_mpc_emergency/install/vesc_driver:/home/meric/f1tenth_ws_mpc_emergency/install/vesc_ackermann:/home/meric/f1tenth_ws_mpc_emergency/install/vesc_msgs:/home/meric/f1tenth_ws_mpc_emergency/install/teleop_tools:/home/meric/f1tenth_ws_mpc_emergency/install/teleop_tools_msgs:/home/meric/f1tenth_ws_mpc_emergency/install/stanley2_avoidance:/home/meric/f1tenth_ws_mpc_emergency/install/simple_teleop:/home/meric/f1tenth_ws_mpc_emergency/install/safety_node:/home/meric/f1tenth_ws_mpc_emergency/install/pure_pursuit:/home/meric/f1tenth_ws_mpc_emergency/install/particle_filter:/home/meric/f1tenth_ws_mpc_emergency/install/mouse_teleop:/home/meric/f1tenth_ws_mpc_emergency/install/key_teleop:/home/meric/f1tenth_ws_mpc_emergency/install/ackermann_mux:/home/meric/f1tenth_ws/install:/home/meric/f1tenth_ws/install:/home/meric/f1tenth_ws/install:/home/meric/f1tenth_ws/install:/home/meric/f1tenth_ws/install:/home/meric/f1tenth_ws/install:/home/meric/f1tenth_ws/install:/opt/ros/foxy CMAKE_PREFIX_PATH=/home/meric/f1tenth_ws_mpc_emergency/install/vesc:/home/meric/f1tenth_ws_mpc_emergency/install/vesc_driver:/home/meric/f1tenth_ws_mpc_emergency/install/vesc_ackermann:/home/meric/f1tenth_ws_mpc_emergency/install/vesc_msgs:/home/meric/f1tenth_ws_mpc_emergency/install/teleop_tools_msgs:/home/meric/f1tenth_ws_mpc_emergency/install/ackermann_mux:/home/meric/f1tenth_ws_mpc_emergency/install/waypoint_generator:/home/meric/f1tenth_ws_mpc_emergency/install/teleop_tools:/home/meric/f1tenth_ws_mpc_emergency/install/safety_node:/home/meric/f1tenth_ws_mpc_emergency/install/pure_pursuit:/home/meric/f1tenth_ws/install PS1=\[\e]0;\u@\h: \w\a\]${debian_chroot:+($debian_chroot)}\[\033[01;32m\]\u@\h\[\033[00m\]:\[\033[01;34m\]\w\[\033[00m\]\$ PYTHONPATH=/home/meric/f1tenth_ws_mpc_emergency/build/f1tenth_stack/prefix_override:/usr/lib/python3/dist-packages/colcon_core/task/python/colcon_distutils_commands:/home/meric/f1tenth_ws_mpc_emergency/install/f1tenth_stack/lib/python3.8/site-packages:/home/meric/f1tenth_ws_mpc_emergency/install/joy_teleop/lib/python3.8/site-packages:/home/meric/f1tenth_ws_mpc_emergency/install/vesc_msgs/lib/python3.8/site-packages:/home/meric/f1tenth_ws_mpc_emergency/install/teleop_tools_msgs/lib/python3.8/site-packages:/home/meric/f1tenth_ws_mpc_emergency/install/f1tenth_stack/lib/python3.8/site-packages:/home/meric/f1tenth_ws_mpc_emergency/install/stanley2_avoidance/lib/python3.8/site-packages:/home/meric/f1tenth_ws_mpc_emergency/install/simple_teleop/lib/python3.8/site-packages:/home/meric/f1tenth_ws_mpc_emergency/install/safety_node/lib/python3.8/site-packages:/home/meric/f1tenth_ws_mpc_emergency/install/particle_filter/lib/python3.8/site-packages:/home/meric/f1tenth_ws_mpc_emergency/install/mouse_teleop/lib/python3.8/site-packages:/home/meric/f1tenth_ws_mpc_emergency/install/key_teleop/lib/python3.8/site-packages:/home/meric/f1tenth_ws/build/f1tenth_stack:/home/meric/f1tenth_ws/build/joy_teleop:/home/meric/f1tenth_ws/build/stanley2_avoidance:/home/meric/f1tenth_ws/build/simple_teleop:/home/meric/f1tenth_ws/build/particle_filter:/home/meric/f1tenth_ws/build/mouse_teleop:/home/meric/f1tenth_ws/build/key_teleop:/home/meric/f1tenth_ws/install/lib/python3.8/site-packages:/opt/ros/foxy/lib/python3.8/site-packages /usr/bin/python3 -W ignore:setup.py install is deprecated -W ignore:easy_install command is deprecated setup.py egg_info --egg-base ../../../build/f1tenth_stack build --build-base /home/meric/f1tenth_ws_mpc_emergency/build/f1tenth_stack/build install --record /home/meric/f1tenth_ws_mpc_emergency/build/f1tenth_stack/install.log --install-scripts $base/lib/f1tenth_stack --single-version-externally-managed install_data
[2.041s] running egg_info
[2.041s] creating ../../../build/f1tenth_stack/f1tenth_stack.egg-info
[2.042s] writing ../../../build/f1tenth_stack/f1tenth_stack.egg-info/PKG-INFO
[2.043s] writing dependency_links to ../../../build/f1tenth_stack/f1tenth_stack.egg-info/dependency_links.txt
[2.043s] writing entry points to ../../../build/f1tenth_stack/f1tenth_stack.egg-info/entry_points.txt
[2.043s] writing requirements to ../../../build/f1tenth_stack/f1tenth_stack.egg-info/requires.txt
[2.043s] writing top-level names to ../../../build/f1tenth_stack/f1tenth_stack.egg-info/top_level.txt
[2.046s] writing manifest file '../../../build/f1tenth_stack/f1tenth_stack.egg-info/SOURCES.txt'
[2.111s] reading manifest file '../../../build/f1tenth_stack/f1tenth_stack.egg-info/SOURCES.txt'
[2.112s] writing manifest file '../../../build/f1tenth_stack/f1tenth_stack.egg-info/SOURCES.txt'
[2.112s] running build
[2.112s] running build_py
[2.113s] creating /home/meric/f1tenth_ws_mpc_emergency/build/f1tenth_stack/build
[2.113s] creating /home/meric/f1tenth_ws_mpc_emergency/build/f1tenth_stack/build/lib
[2.113s] creating /home/meric/f1tenth_ws_mpc_emergency/build/f1tenth_stack/build/lib/f1tenth_stack
[2.113s] copying f1tenth_stack/__init__.py -> /home/meric/f1tenth_ws_mpc_emergency/build/f1tenth_stack/build/lib/f1tenth_stack
[2.113s] copying f1tenth_stack/imu_tf_broadcaster.py -> /home/meric/f1tenth_ws_mpc_emergency/build/f1tenth_stack/build/lib/f1tenth_stack
[2.114s] copying f1tenth_stack/tf_publisher.py -> /home/meric/f1tenth_ws_mpc_emergency/build/f1tenth_stack/build/lib/f1tenth_stack
[2.114s] copying f1tenth_stack/throttle_interpolator.py -> /home/meric/f1tenth_ws_mpc_emergency/build/f1tenth_stack/build/lib/f1tenth_stack
[2.114s] running install
[2.116s] running install_lib
[2.118s] creating /home/meric/f1tenth_ws_mpc_emergency/install/f1tenth_stack/lib/python3.8/site-packages/f1tenth_stack
[2.118s] copying /home/meric/f1tenth_ws_mpc_emergency/build/f1tenth_stack/build/lib/f1tenth_stack/__init__.py -> /home/meric/f1tenth_ws_mpc_emergency/install/f1tenth_stack/lib/python3.8/site-packages/f1tenth_stack
[2.118s] copying /home/meric/f1tenth_ws_mpc_emergency/build/f1tenth_stack/build/lib/f1tenth_stack/imu_tf_broadcaster.py -> /home/meric/f1tenth_ws_mpc_emergency/install/f1tenth_stack/lib/python3.8/site-packages/f1tenth_stack
[2.119s] copying /home/meric/f1tenth_ws_mpc_emergency/build/f1tenth_stack/build/lib/f1tenth_stack/tf_publisher.py -> /home/meric/f1tenth_ws_mpc_emergency/install/f1tenth_stack/lib/python3.8/site-packages/f1tenth_stack
[2.119s] copying /home/meric/f1tenth_ws_mpc_emergency/build/f1tenth_stack/build/lib/f1tenth_stack/throttle_interpolator.py -> /home/meric/f1tenth_ws_mpc_emergency/install/f1tenth_stack/lib/python3.8/site-packages/f1tenth_stack
[2.120s] byte-compiling /home/meric/f1tenth_ws_mpc_emergency/install/f1tenth_stack/lib/python3.8/site-packages/f1tenth_stack/__init__.py to __init__.cpython-38.pyc
[2.122s] byte-compiling /home/meric/f1tenth_ws_mpc_emergency/install/f1tenth_stack/lib/python3.8/site-packages/f1tenth_stack/imu_tf_broadcaster.py to imu_tf_broadcaster.cpython-38.pyc
[2.123s] byte-compiling /home/meric/f1tenth_ws_mpc_emergency/install/f1tenth_stack/lib/python3.8/site-packages/f1tenth_stack/tf_publisher.py to tf_publisher.cpython-38.pyc
[2.124s] byte-compiling /home/meric/f1tenth_ws_mpc_emergency/install/f1tenth_stack/lib/python3.8/site-packages/f1tenth_stack/throttle_interpolator.py to throttle_interpolator.cpython-38.pyc
[2.125s] running install_data
[2.126s] creating /home/meric/f1tenth_ws_mpc_emergency/install/f1tenth_stack/share/ament_index
[2.126s] creating /home/meric/f1tenth_ws_mpc_emergency/install/f1tenth_stack/share/ament_index/resource_index
[2.126s] creating /home/meric/f1tenth_ws_mpc_emergency/install/f1tenth_stack/share/ament_index/resource_index/packages
[2.126s] copying resource/f1tenth_stack -> /home/meric/f1tenth_ws_mpc_emergency/install/f1tenth_stack/share/ament_index/resource_index/packages
[2.126s] copying package.xml -> /home/meric/f1tenth_ws_mpc_emergency/install/f1tenth_stack/share/f1tenth_stack
[2.126s] creating /home/meric/f1tenth_ws_mpc_emergency/install/f1tenth_stack/share/f1tenth_stack/launch
[2.127s] copying launch/bringup_launch.py -> /home/meric/f1tenth_ws_mpc_emergency/install/f1tenth_stack/share/f1tenth_stack/launch
[2.127s] creating /home/meric/f1tenth_ws_mpc_emergency/install/f1tenth_stack/share/f1tenth_stack/config
[2.127s] copying config/2025_joy_teleop.yaml -> /home/meric/f1tenth_ws_mpc_emergency/install/f1tenth_stack/share/f1tenth_stack/config
[2.127s] copying config/vesc.yaml -> /home/meric/f1tenth_ws_mpc_emergency/install/f1tenth_stack/share/f1tenth_stack/config
[2.127s] copying config/sensors.yaml -> /home/meric/f1tenth_ws_mpc_emergency/install/f1tenth_stack/share/f1tenth_stack/config
[2.128s] copying config/mux.yaml -> /home/meric/f1tenth_ws_mpc_emergency/install/f1tenth_stack/share/f1tenth_stack/config
[2.128s] copying config/joy_teleop.yaml -> /home/meric/f1tenth_ws_mpc_emergency/install/f1tenth_stack/share/f1tenth_stack/config
[2.128s] copying config/f1tenth_online_async.yaml -> /home/meric/f1tenth_ws_mpc_emergency/install/f1tenth_stack/share/f1tenth_stack/config
[2.128s] running install_egg_info
[2.132s] Copying ../../../build/f1tenth_stack/f1tenth_stack.egg-info to /home/meric/f1tenth_ws_mpc_emergency/install/f1tenth_stack/lib/python3.8/site-packages/f1tenth_stack-0.0.1-py3.8.egg-info
[2.134s] running install_scripts
[2.174s] Installing imu_recorder script to /home/meric/f1tenth_ws_mpc_emergency/install/f1tenth_stack/lib/f1tenth_stack
[2.175s] Installing imu_tf_broadcaster script to /home/meric/f1tenth_ws_mpc_emergency/install/f1tenth_stack/lib/f1tenth_stack
[2.175s] Installing tf_publisher script to /home/meric/f1tenth_ws_mpc_emergency/install/f1tenth_stack/lib/f1tenth_stack
[2.175s] Installing throttle_interpolator script to /home/meric/f1tenth_ws_mpc_emergency/install/f1tenth_stack/lib/f1tenth_stack
[2.176s] writing list of installed files to '/home/meric/f1tenth_ws_mpc_emergency/build/f1tenth_stack/install.log'
[2.240s] Invoked command in '/home/meric/f1tenth_ws_mpc_emergency/src/f1tenth_system/f1tenth_stack' returned '0': AMENT_PREFIX_PATH=/home/meric/f1tenth_ws_mpc_emergency/install/joy_teleop:/home/meric/f1tenth_ws_mpc_emergency/install/waypoint_generator:/home/meric/f1tenth_ws_mpc_emergency/install/f1tenth_stack:/home/meric/f1tenth_ws_mpc_emergency/install/vesc:/home/meric/f1tenth_ws_mpc_emergency/install/vesc_driver:/home/meric/f1tenth_ws_mpc_emergency/install/vesc_ackermann:/home/meric/f1tenth_ws_mpc_emergency/install/vesc_msgs:/home/meric/f1tenth_ws_mpc_emergency/install/teleop_tools:/home/meric/f1tenth_ws_mpc_emergency/install/teleop_tools_msgs:/home/meric/f1tenth_ws_mpc_emergency/install/stanley2_avoidance:/home/meric/f1tenth_ws_mpc_emergency/install/simple_teleop:/home/meric/f1tenth_ws_mpc_emergency/install/safety_node:/home/meric/f1tenth_ws_mpc_emergency/install/pure_pursuit:/home/meric/f1tenth_ws_mpc_emergency/install/particle_filter:/home/meric/f1tenth_ws_mpc_emergency/install/mouse_teleop:/home/meric/f1tenth_ws_mpc_emergency/install/key_teleop:/home/meric/f1tenth_ws_mpc_emergency/install/ackermann_mux:/home/meric/f1tenth_ws/install:/home/meric/f1tenth_ws/install:/home/meric/f1tenth_ws/install:/home/meric/f1tenth_ws/install:/home/meric/f1tenth_ws/install:/home/meric/f1tenth_ws/install:/home/meric/f1tenth_ws/install:/opt/ros/foxy CMAKE_PREFIX_PATH=/home/meric/f1tenth_ws_mpc_emergency/install/vesc:/home/meric/f1tenth_ws_mpc_emergency/install/vesc_driver:/home/meric/f1tenth_ws_mpc_emergency/install/vesc_ackermann:/home/meric/f1tenth_ws_mpc_emergency/install/vesc_msgs:/home/meric/f1tenth_ws_mpc_emergency/install/teleop_tools_msgs:/home/meric/f1tenth_ws_mpc_emergency/install/ackermann_mux:/home/meric/f1tenth_ws_mpc_emergency/install/waypoint_generator:/home/meric/f1tenth_ws_mpc_emergency/install/teleop_tools:/home/meric/f1tenth_ws_mpc_emergency/install/safety_node:/home/meric/f1tenth_ws_mpc_emergency/install/pure_pursuit:/home/meric/f1tenth_ws/install PS1=\[\e]0;\u@\h: \w\a\]${debian_chroot:+($debian_chroot)}\[\033[01;32m\]\u@\h\[\033[00m\]:\[\033[01;34m\]\w\[\033[00m\]\$ PYTHONPATH=/home/meric/f1tenth_ws_mpc_emergency/build/f1tenth_stack/prefix_override:/usr/lib/python3/dist-packages/colcon_core/task/python/colcon_distutils_commands:/home/meric/f1tenth_ws_mpc_emergency/install/f1tenth_stack/lib/python3.8/site-packages:/home/meric/f1tenth_ws_mpc_emergency/install/joy_teleop/lib/python3.8/site-packages:/home/meric/f1tenth_ws_mpc_emergency/install/vesc_msgs/lib/python3.8/site-packages:/home/meric/f1tenth_ws_mpc_emergency/install/teleop_tools_msgs/lib/python3.8/site-packages:/home/meric/f1tenth_ws_mpc_emergency/install/f1tenth_stack/lib/python3.8/site-packages:/home/meric/f1tenth_ws_mpc_emergency/install/stanley2_avoidance/lib/python3.8/site-packages:/home/meric/f1tenth_ws_mpc_emergency/install/simple_teleop/lib/python3.8/site-packages:/home/meric/f1tenth_ws_mpc_emergency/install/safety_node/lib/python3.8/site-packages:/home/meric/f1tenth_ws_mpc_emergency/install/particle_filter/lib/python3.8/site-packages:/home/meric/f1tenth_ws_mpc_emergency/install/mouse_teleop/lib/python3.8/site-packages:/home/meric/f1tenth_ws_mpc_emergency/install/key_teleop/lib/python3.8/site-packages:/home/meric/f1tenth_ws/build/f1tenth_stack:/home/meric/f1tenth_ws/build/joy_teleop:/home/meric/f1tenth_ws/build/stanley2_avoidance:/home/meric/f1tenth_ws/build/simple_teleop:/home/meric/f1tenth_ws/build/particle_filter:/home/meric/f1tenth_ws/build/mouse_teleop:/home/meric/f1tenth_ws/build/key_teleop:/home/meric/f1tenth_ws/install/lib/python3.8/site-packages:/opt/ros/foxy/lib/python3.8/site-packages /usr/bin/python3 -W ignore:setup.py install is deprecated -W ignore:easy_install command is deprecated setup.py egg_info --egg-base ../../../build/f1tenth_stack build --build-base /home/meric/f1tenth_ws_mpc_emergency/build/f1tenth_stack/build install --record /home/meric/f1tenth_ws_mpc_emergency/build/f1tenth_stack/install.log --install-scripts $base/lib/f1tenth_stack --single-version-externally-managed install_data
