running egg_info
creating ../../build/f1tenth_rl/f1tenth_rl.egg-info
writing ../../build/f1tenth_rl/f1tenth_rl.egg-info/PKG-INFO
writing dependency_links to ../../build/f1tenth_rl/f1tenth_rl.egg-info/dependency_links.txt
writing entry points to ../../build/f1tenth_rl/f1tenth_rl.egg-info/entry_points.txt
writing requirements to ../../build/f1tenth_rl/f1tenth_rl.egg-info/requires.txt
writing top-level names to ../../build/f1tenth_rl/f1tenth_rl.egg-info/top_level.txt
writing manifest file '../../build/f1tenth_rl/f1tenth_rl.egg-info/SOURCES.txt'
reading manifest file '../../build/f1tenth_rl/f1tenth_rl.egg-info/SOURCES.txt'
writing manifest file '../../build/f1tenth_rl/f1tenth_rl.egg-info/SOURCES.txt'
running build
running build_py
creating /home/meric/f1tenth_ws_rl/build/f1tenth_rl/build
creating /home/meric/f1tenth_ws_rl/build/f1tenth_rl/build/lib
creating /home/meric/f1tenth_ws_rl/build/f1tenth_rl/build/lib/f1tenth_rl
copying f1tenth_rl/environment.py -> /home/meric/f1tenth_ws_rl/build/f1tenth_rl/build/lib/f1tenth_rl
copying f1tenth_rl/__init__.py -> /home/meric/f1tenth_ws_rl/build/f1tenth_rl/build/lib/f1tenth_rl
copying f1tenth_rl/rl_agent_node.py -> /home/meric/f1tenth_ws_rl/build/f1tenth_rl/build/lib/f1tenth_rl
creating /home/meric/f1tenth_ws_rl/build/f1tenth_rl/build/lib/f1tenth_rl/models
copying f1tenth_rl/models/dqn.py -> /home/meric/f1tenth_ws_rl/build/f1tenth_rl/build/lib/f1tenth_rl/models
copying f1tenth_rl/models/__init__.py -> /home/meric/f1tenth_ws_rl/build/f1tenth_rl/build/lib/f1tenth_rl/models
copying f1tenth_rl/models/ppo.py -> /home/meric/f1tenth_ws_rl/build/f1tenth_rl/build/lib/f1tenth_rl/models
creating /home/meric/f1tenth_ws_rl/build/f1tenth_rl/build/lib/f1tenth_rl/utils
copying f1tenth_rl/utils/rewards.py -> /home/meric/f1tenth_ws_rl/build/f1tenth_rl/build/lib/f1tenth_rl/utils
copying f1tenth_rl/utils/__init__.py -> /home/meric/f1tenth_ws_rl/build/f1tenth_rl/build/lib/f1tenth_rl/utils
running install
running install_lib
creating /home/meric/f1tenth_ws_rl/install/f1tenth_rl/lib/python3.8/site-packages/f1tenth_rl
creating /home/meric/f1tenth_ws_rl/install/f1tenth_rl/lib/python3.8/site-packages/f1tenth_rl/models
copying /home/meric/f1tenth_ws_rl/build/f1tenth_rl/build/lib/f1tenth_rl/models/dqn.py -> /home/meric/f1tenth_ws_rl/install/f1tenth_rl/lib/python3.8/site-packages/f1tenth_rl/models
copying /home/meric/f1tenth_ws_rl/build/f1tenth_rl/build/lib/f1tenth_rl/models/__init__.py -> /home/meric/f1tenth_ws_rl/install/f1tenth_rl/lib/python3.8/site-packages/f1tenth_rl/models
copying /home/meric/f1tenth_ws_rl/build/f1tenth_rl/build/lib/f1tenth_rl/models/ppo.py -> /home/meric/f1tenth_ws_rl/install/f1tenth_rl/lib/python3.8/site-packages/f1tenth_rl/models
creating /home/meric/f1tenth_ws_rl/install/f1tenth_rl/lib/python3.8/site-packages/f1tenth_rl/utils
copying /home/meric/f1tenth_ws_rl/build/f1tenth_rl/build/lib/f1tenth_rl/utils/rewards.py -> /home/meric/f1tenth_ws_rl/install/f1tenth_rl/lib/python3.8/site-packages/f1tenth_rl/utils
copying /home/meric/f1tenth_ws_rl/build/f1tenth_rl/build/lib/f1tenth_rl/utils/__init__.py -> /home/meric/f1tenth_ws_rl/install/f1tenth_rl/lib/python3.8/site-packages/f1tenth_rl/utils
copying /home/meric/f1tenth_ws_rl/build/f1tenth_rl/build/lib/f1tenth_rl/environment.py -> /home/meric/f1tenth_ws_rl/install/f1tenth_rl/lib/python3.8/site-packages/f1tenth_rl
copying /home/meric/f1tenth_ws_rl/build/f1tenth_rl/build/lib/f1tenth_rl/__init__.py -> /home/meric/f1tenth_ws_rl/install/f1tenth_rl/lib/python3.8/site-packages/f1tenth_rl
copying /home/meric/f1tenth_ws_rl/build/f1tenth_rl/build/lib/f1tenth_rl/rl_agent_node.py -> /home/meric/f1tenth_ws_rl/install/f1tenth_rl/lib/python3.8/site-packages/f1tenth_rl
byte-compiling /home/meric/f1tenth_ws_rl/install/f1tenth_rl/lib/python3.8/site-packages/f1tenth_rl/models/dqn.py to dqn.cpython-38.pyc
byte-compiling /home/meric/f1tenth_ws_rl/install/f1tenth_rl/lib/python3.8/site-packages/f1tenth_rl/models/__init__.py to __init__.cpython-38.pyc
byte-compiling /home/meric/f1tenth_ws_rl/install/f1tenth_rl/lib/python3.8/site-packages/f1tenth_rl/models/ppo.py to ppo.cpython-38.pyc
byte-compiling /home/meric/f1tenth_ws_rl/install/f1tenth_rl/lib/python3.8/site-packages/f1tenth_rl/utils/rewards.py to rewards.cpython-38.pyc
byte-compiling /home/meric/f1tenth_ws_rl/install/f1tenth_rl/lib/python3.8/site-packages/f1tenth_rl/utils/__init__.py to __init__.cpython-38.pyc
byte-compiling /home/meric/f1tenth_ws_rl/install/f1tenth_rl/lib/python3.8/site-packages/f1tenth_rl/environment.py to environment.cpython-38.pyc
byte-compiling /home/meric/f1tenth_ws_rl/install/f1tenth_rl/lib/python3.8/site-packages/f1tenth_rl/__init__.py to __init__.cpython-38.pyc
byte-compiling /home/meric/f1tenth_ws_rl/install/f1tenth_rl/lib/python3.8/site-packages/f1tenth_rl/rl_agent_node.py to rl_agent_node.cpython-38.pyc
running install_data
creating /home/meric/f1tenth_ws_rl/install/f1tenth_rl/share/ament_index
creating /home/meric/f1tenth_ws_rl/install/f1tenth_rl/share/ament_index/resource_index
creating /home/meric/f1tenth_ws_rl/install/f1tenth_rl/share/ament_index/resource_index/packages
copying resource/f1tenth_rl -> /home/meric/f1tenth_ws_rl/install/f1tenth_rl/share/ament_index/resource_index/packages
copying package.xml -> /home/meric/f1tenth_ws_rl/install/f1tenth_rl/share/f1tenth_rl
creating /home/meric/f1tenth_ws_rl/install/f1tenth_rl/share/f1tenth_rl/launch
copying launch/rl_agent_launch.py -> /home/meric/f1tenth_ws_rl/install/f1tenth_rl/share/f1tenth_rl/launch
creating /home/meric/f1tenth_ws_rl/install/f1tenth_rl/share/f1tenth_rl/config
copying config/agent_params.yaml -> /home/meric/f1tenth_ws_rl/install/f1tenth_rl/share/f1tenth_rl/config
running install_egg_info
Copying ../../build/f1tenth_rl/f1tenth_rl.egg-info to /home/meric/f1tenth_ws_rl/install/f1tenth_rl/lib/python3.8/site-packages/f1tenth_rl-0.1.0-py3.8.egg-info
running install_scripts
Installing eval_rl_agent script to /home/meric/f1tenth_ws_rl/install/f1tenth_rl/lib/f1tenth_rl
Installing rl_agent script to /home/meric/f1tenth_ws_rl/install/f1tenth_rl/lib/f1tenth_rl
Installing train_rl_agent script to /home/meric/f1tenth_ws_rl/install/f1tenth_rl/lib/f1tenth_rl
writing list of installed files to '/home/meric/f1tenth_ws_rl/build/f1tenth_rl/install.log'
