[0.621s] Invoking command in '/home/meric/f1tenth_ws_mpc_emergency/build/vesc_ackermann': AMENT_PREFIX_PATH=/home/meric/f1tenth_ws_mpc_emergency/install/vesc_msgs:${AMENT_PREFIX_PATH} CMAKE_PREFIX_PATH=/home/meric/f1tenth_ws_mpc_emergency/install/vesc_msgs:/home/meric/f1tenth_ws/install:/opt/ros/foxy LD_LIBRARY_PATH=/home/meric/f1tenth_ws_mpc_emergency/install/vesc_msgs/lib:${LD_LIBRARY_PATH} PYTHONPATH=/home/meric/f1tenth_ws_mpc_emergency/install/vesc_msgs/lib/python3.8/site-packages:${PYTHONPATH} /snap/bin/cmake --build /home/meric/f1tenth_ws_mpc_emergency/build/vesc_ackermann -- -j6 -l6
[0.765s] 2025/10/23 12:59:56.978959 cmd_run.go:1398: WARNING: cannot create user data directory: failed to verify SELinux context of /home/meric/snap: cannot locate "matchpathcon" executable
[0.938s] [ 28%] Built target ackermann_to_vesc_node
[0.942s] [ 57%] Built target vesc_to_odom_node
[0.942s] [100%] Built target vesc_ackermann
[0.951s] Invoked command in '/home/meric/f1tenth_ws_mpc_emergency/build/vesc_ackermann' returned '0': AMENT_PREFIX_PATH=/home/meric/f1tenth_ws_mpc_emergency/install/vesc_msgs:${AMENT_PREFIX_PATH} CMAKE_PREFIX_PATH=/home/meric/f1tenth_ws_mpc_emergency/install/vesc_msgs:/home/meric/f1tenth_ws/install:/opt/ros/foxy LD_LIBRARY_PATH=/home/meric/f1tenth_ws_mpc_emergency/install/vesc_msgs/lib:${LD_LIBRARY_PATH} PYTHONPATH=/home/meric/f1tenth_ws_mpc_emergency/install/vesc_msgs/lib/python3.8/site-packages:${PYTHONPATH} /snap/bin/cmake --build /home/meric/f1tenth_ws_mpc_emergency/build/vesc_ackermann -- -j6 -l6
[0.956s] Invoking command in '/home/meric/f1tenth_ws_mpc_emergency/build/vesc_ackermann': AMENT_PREFIX_PATH=/home/meric/f1tenth_ws_mpc_emergency/install/vesc_msgs:${AMENT_PREFIX_PATH} CMAKE_PREFIX_PATH=/home/meric/f1tenth_ws_mpc_emergency/install/vesc_msgs:/home/meric/f1tenth_ws/install:/opt/ros/foxy LD_LIBRARY_PATH=/home/meric/f1tenth_ws_mpc_emergency/install/vesc_msgs/lib:${LD_LIBRARY_PATH} PYTHONPATH=/home/meric/f1tenth_ws_mpc_emergency/install/vesc_msgs/lib/python3.8/site-packages:${PYTHONPATH} /snap/bin/cmake --build /home/meric/f1tenth_ws_mpc_emergency/build/vesc_ackermann --target install -- -j6 -l6
[1.136s] 2025/10/23 12:59:57.349773 cmd_run.go:1398: WARNING: cannot create user data directory: failed to verify SELinux context of /home/meric/snap: cannot locate "matchpathcon" executable
[1.283s] [ 42%] Built target vesc_ackermann
[1.293s] [ 71%] Built target ackermann_to_vesc_node
[1.298s] [100%] Built target vesc_to_odom_node
[1.319s] [36mInstall the project...[0m
[1.330s] -- Install configuration: ""
[1.331s] -- Up-to-date: /home/meric/f1tenth_ws_mpc_emergency/install/vesc_ackermann/lib/vesc_ackermann/ackermann_to_vesc_node
[1.332s] -- Up-to-date: /home/meric/f1tenth_ws_mpc_emergency/install/vesc_ackermann/lib/vesc_ackermann/vesc_to_odom_node
[1.332s] -- Up-to-date: /home/meric/f1tenth_ws_mpc_emergency/install/vesc_ackermann/include
[1.333s] -- Up-to-date: /home/meric/f1tenth_ws_mpc_emergency/install/vesc_ackermann/include/vesc_ackermann
[1.333s] -- Up-to-date: /home/meric/f1tenth_ws_mpc_emergency/install/vesc_ackermann/include/vesc_ackermann/ackermann_to_vesc.hpp
[1.333s] -- Up-to-date: /home/meric/f1tenth_ws_mpc_emergency/install/vesc_ackermann/include/vesc_ackermann/vesc_to_odom.hpp
[1.333s] -- Up-to-date: /home/meric/f1tenth_ws_mpc_emergency/install/vesc_ackermann/share/vesc_ackermann/environment/library_path.sh
[1.333s] -- Up-to-date: /home/meric/f1tenth_ws_mpc_emergency/install/vesc_ackermann/share/vesc_ackermann/environment/library_path.dsv
[1.335s] -- Up-to-date: /home/meric/f1tenth_ws_mpc_emergency/install/vesc_ackermann/lib/libvesc_ackermann.so
[1.335s] -- Up-to-date: /home/meric/f1tenth_ws_mpc_emergency/install/vesc_ackermann/share/vesc_ackermann/launch
[1.335s] -- Up-to-date: /home/meric/f1tenth_ws_mpc_emergency/install/vesc_ackermann/share/vesc_ackermann/launch/vesc_to_odom_node.launch.xml
[1.335s] -- Up-to-date: /home/meric/f1tenth_ws_mpc_emergency/install/vesc_ackermann/share/vesc_ackermann/launch/ackermann_to_vesc_node.launch.xml
[1.336s] -- Up-to-date: /home/meric/f1tenth_ws_mpc_emergency/install/vesc_ackermann/share/ament_index/resource_index/package_run_dependencies/vesc_ackermann
[1.336s] -- Up-to-date: /home/meric/f1tenth_ws_mpc_emergency/install/vesc_ackermann/share/ament_index/resource_index/parent_prefix_path/vesc_ackermann
[1.336s] -- Up-to-date: /home/meric/f1tenth_ws_mpc_emergency/install/vesc_ackermann/share/vesc_ackermann/environment/ament_prefix_path.sh
[1.337s] -- Up-to-date: /home/meric/f1tenth_ws_mpc_emergency/install/vesc_ackermann/share/vesc_ackermann/environment/ament_prefix_path.dsv
[1.337s] -- Up-to-date: /home/meric/f1tenth_ws_mpc_emergency/install/vesc_ackermann/share/vesc_ackermann/environment/path.sh
[1.337s] -- Up-to-date: /home/meric/f1tenth_ws_mpc_emergency/install/vesc_ackermann/share/vesc_ackermann/environment/path.dsv
[1.337s] -- Up-to-date: /home/meric/f1tenth_ws_mpc_emergency/install/vesc_ackermann/share/vesc_ackermann/local_setup.bash
[1.337s] -- Up-to-date: /home/meric/f1tenth_ws_mpc_emergency/install/vesc_ackermann/share/vesc_ackermann/local_setup.sh
[1.338s] -- Up-to-date: /home/meric/f1tenth_ws_mpc_emergency/install/vesc_ackermann/share/vesc_ackermann/local_setup.zsh
[1.338s] -- Up-to-date: /home/meric/f1tenth_ws_mpc_emergency/install/vesc_ackermann/share/vesc_ackermann/local_setup.dsv
[1.338s] -- Installing: /home/meric/f1tenth_ws_mpc_emergency/install/vesc_ackermann/share/vesc_ackermann/package.dsv
[1.338s] -- Up-to-date: /home/meric/f1tenth_ws_mpc_emergency/install/vesc_ackermann/share/ament_index/resource_index/packages/vesc_ackermann
[1.338s] -- Up-to-date: /home/meric/f1tenth_ws_mpc_emergency/install/vesc_ackermann/share/ament_index/resource_index/rclcpp_components/vesc_ackermann
[1.339s] -- Up-to-date: /home/meric/f1tenth_ws_mpc_emergency/install/vesc_ackermann/share/vesc_ackermann/cmake/ament_cmake_export_dependencies-extras.cmake
[1.339s] -- Up-to-date: /home/meric/f1tenth_ws_mpc_emergency/install/vesc_ackermann/share/vesc_ackermann/cmake/ament_cmake_export_include_directories-extras.cmake
[1.339s] -- Up-to-date: /home/meric/f1tenth_ws_mpc_emergency/install/vesc_ackermann/share/vesc_ackermann/cmake/ament_cmake_export_libraries-extras.cmake
[1.339s] -- Up-to-date: /home/meric/f1tenth_ws_mpc_emergency/install/vesc_ackermann/share/vesc_ackermann/cmake/vesc_ackermannConfig.cmake
[1.339s] -- Up-to-date: /home/meric/f1tenth_ws_mpc_emergency/install/vesc_ackermann/share/vesc_ackermann/cmake/vesc_ackermannConfig-version.cmake
[1.350s] -- Up-to-date: /home/meric/f1tenth_ws_mpc_emergency/install/vesc_ackermann/share/vesc_ackermann/package.xml
[1.351s] Invoked command in '/home/meric/f1tenth_ws_mpc_emergency/build/vesc_ackermann' returned '0': AMENT_PREFIX_PATH=/home/meric/f1tenth_ws_mpc_emergency/install/vesc_msgs:${AMENT_PREFIX_PATH} CMAKE_PREFIX_PATH=/home/meric/f1tenth_ws_mpc_emergency/install/vesc_msgs:/home/meric/f1tenth_ws/install:/opt/ros/foxy LD_LIBRARY_PATH=/home/meric/f1tenth_ws_mpc_emergency/install/vesc_msgs/lib:${LD_LIBRARY_PATH} PYTHONPATH=/home/meric/f1tenth_ws_mpc_emergency/install/vesc_msgs/lib/python3.8/site-packages:${PYTHONPATH} /snap/bin/cmake --build /home/meric/f1tenth_ws_mpc_emergency/build/vesc_ackermann --target install -- -j6 -l6
