[3.708s] Invoking command in '/home/meric/f1tenth_ws_mpc_emergency/src/f1tenth_system/teleop_tools/mouse_teleop': PYTHONPATH=/home/meric/f1tenth_ws_mpc_emergency/build/mouse_teleop/prefix_override:/usr/lib/python3/dist-packages/colcon_core/task/python/colcon_distutils_commands:/home/meric/f1tenth_ws_mpc_emergency/install/mouse_teleop/lib/python3.8/site-packages:${PYTHONPATH} /usr/bin/python3 -W ignore:setup.py install is deprecated -W ignore:easy_install command is deprecated setup.py egg_info --egg-base ../../../../build/mouse_teleop build --build-base /home/meric/f1tenth_ws_mpc_emergency/build/mouse_teleop/build install --record /home/meric/f1tenth_ws_mpc_emergency/build/mouse_teleop/install.log --install-scripts $base/lib/mouse_teleop --single-version-externally-managed install_data
[4.349s] running egg_info
[4.350s] writing ../../../../build/mouse_teleop/mouse_teleop.egg-info/PKG-INFO
[4.352s] writing dependency_links to ../../../../build/mouse_teleop/mouse_teleop.egg-info/dependency_links.txt
[4.353s] writing entry points to ../../../../build/mouse_teleop/mouse_teleop.egg-info/entry_points.txt
[4.354s] writing requirements to ../../../../build/mouse_teleop/mouse_teleop.egg-info/requires.txt
[4.354s] writing top-level names to ../../../../build/mouse_teleop/mouse_teleop.egg-info/top_level.txt
[4.444s] reading manifest file '../../../../build/mouse_teleop/mouse_teleop.egg-info/SOURCES.txt'
[4.446s] writing manifest file '../../../../build/mouse_teleop/mouse_teleop.egg-info/SOURCES.txt'
[4.446s] running build
[4.446s] running build_py
[4.447s] running install
[4.450s] running install_lib
[4.456s] running install_data
[4.457s] running install_egg_info
[4.463s] removing '/home/meric/f1tenth_ws_mpc_emergency/install/mouse_teleop/lib/python3.8/site-packages/mouse_teleop-0.3.0-py3.8.egg-info' (and everything under it)
[4.464s] Copying ../../../../build/mouse_teleop/mouse_teleop.egg-info to /home/meric/f1tenth_ws_mpc_emergency/install/mouse_teleop/lib/python3.8/site-packages/mouse_teleop-0.3.0-py3.8.egg-info
[4.473s] running install_scripts
[4.544s] Installing mouse_teleop script to /home/meric/f1tenth_ws_mpc_emergency/install/mouse_teleop/lib/mouse_teleop
[4.546s] writing list of installed files to '/home/meric/f1tenth_ws_mpc_emergency/build/mouse_teleop/install.log'
[5.297s] Invoked command in '/home/meric/f1tenth_ws_mpc_emergency/src/f1tenth_system/teleop_tools/mouse_teleop' returned '0': PYTHONPATH=/home/meric/f1tenth_ws_mpc_emergency/build/mouse_teleop/prefix_override:/usr/lib/python3/dist-packages/colcon_core/task/python/colcon_distutils_commands:/home/meric/f1tenth_ws_mpc_emergency/install/mouse_teleop/lib/python3.8/site-packages:${PYTHONPATH} /usr/bin/python3 -W ignore:setup.py install is deprecated -W ignore:easy_install command is deprecated setup.py egg_info --egg-base ../../../../build/mouse_teleop build --build-base /home/meric/f1tenth_ws_mpc_emergency/build/mouse_teleop/build install --record /home/meric/f1tenth_ws_mpc_emergency/build/mouse_teleop/install.log --install-scripts $base/lib/mouse_teleop --single-version-externally-managed install_data
