[0.431s] DEBUG:colcon:Command line arguments: ['/usr/bin/colcon', 'build']
[0.432s] DEBUG:colcon:Parsed command line arguments: Namespace(allow_overriding=[], ament_cmake_args=None, base_paths=['.'], build_base='build', catkin_cmake_args=None, catkin_skip_building_tests=False, cmake_args=None, cmake_clean_cache=False, cmake_clean_first=False, cmake_force_configure=False, cmake_target=None, cmake_target_skip_unavailable=False, continue_on_error=False, event_handlers=None, executor='parallel', ignore_user_meta=False, install_base='install', log_base=None, log_level=None, main=<bound method BuildVerb.main of <colcon_core.verb.build.BuildVerb object at 0xffffb25d16a0>>, merge_install=False, metas=['./colcon.meta'], mixin=None, mixin_files=None, mixin_verb=('build',), packages_above=None, packages_above_and_dependencies=None, packages_above_depth=None, packages_end=None, packages_ignore=None, packages_ignore_regex=None, packages_select=None, packages_select_build_failed=False, packages_select_by_dep=None, packages_select_regex=None, packages_select_test_failures=False, packages_skip=None, packages_skip_build_finished=False, packages_skip_by_dep=None, packages_skip_regex=None, packages_skip_test_passed=False, packages_skip_up_to=None, packages_start=None, packages_up_to=None, packages_up_to_regex=None, parallel_workers=6, paths=None, symlink_install=False, test_result_base=None, verb_extension=<colcon_core.verb.build.BuildVerb object at 0xffffb25d16a0>, verb_name='build', verb_parser=<colcon_mixin.mixin.mixin_argument.MixinArgumentDecorator object at 0xffffb25e28e0>)
[0.761s] Level 1:colcon.colcon_core.package_discovery:discover_packages(colcon_meta) check parameters
[0.761s] Level 1:colcon.colcon_core.package_discovery:discover_packages(recursive) check parameters
[0.761s] Level 1:colcon.colcon_core.package_discovery:discover_packages(ignore) check parameters
[0.761s] Level 1:colcon.colcon_core.package_discovery:discover_packages(path) check parameters
[0.762s] Level 1:colcon.colcon_core.package_discovery:discover_packages(colcon_meta) discover
[0.762s] Level 1:colcon.colcon_core.package_discovery:discover_packages(recursive) discover
[0.762s] INFO:colcon.colcon_core.package_discovery:Crawling recursively for packages in '/home/meric/f1tenth_ws_mpc_emergency/range_libc/pywrapper'
[0.762s] Level 1:colcon.colcon_core.package_identification:_identify(.) by extensions ['ignore', 'ignore_ament_install']
[0.762s] Level 1:colcon.colcon_core.package_identification:_identify(.) by extension 'ignore'
[0.762s] Level 1:colcon.colcon_core.package_identification:_identify(.) by extension 'ignore_ament_install'
[0.763s] Level 1:colcon.colcon_core.package_identification:_identify(.) by extensions ['colcon_pkg']
[0.763s] Level 1:colcon.colcon_core.package_identification:_identify(.) by extension 'colcon_pkg'
[0.763s] Level 1:colcon.colcon_core.package_identification:_identify(.) by extensions ['colcon_meta']
[0.763s] Level 1:colcon.colcon_core.package_identification:_identify(.) by extension 'colcon_meta'
[0.763s] Level 1:colcon.colcon_core.package_identification:_identify(.) by extensions ['ros']
[0.763s] Level 1:colcon.colcon_core.package_identification:_identify(.) by extension 'ros'
[0.786s] Level 1:colcon.colcon_core.package_identification:_identify(.) by extensions ['cmake', 'python']
[0.787s] Level 1:colcon.colcon_core.package_identification:_identify(.) by extension 'cmake'
[0.787s] Level 1:colcon.colcon_core.package_identification:_identify(.) by extension 'python'
[0.787s] Level 1:colcon.colcon_core.package_identification:_identify(.) by extensions ['python_setup_py']
[0.787s] Level 1:colcon.colcon_core.package_identification:_identify(.) by extension 'python_setup_py'
[1.856s] ERROR:colcon.colcon_core.package_identification:Exception in package identification extension 'python_setup_py' in '.': invalid syntax (<unknown>, line 1)
Traceback (most recent call last):
  File "/usr/lib/python3/dist-packages/colcon_core/package_identification/__init__.py", line 144, in _identify
    retval = extension.identify(_reused_descriptor_instance)
  File "/usr/lib/python3/dist-packages/colcon_python_setup_py/package_identification/python_setup_py.py", line 48, in identify
    config = get_setup_information(setup_py)
  File "/usr/lib/python3/dist-packages/colcon_python_setup_py/package_identification/python_setup_py.py", line 249, in get_setup_information
    _setup_information_cache[hashable_env] = _get_setup_information(
  File "/usr/lib/python3/dist-packages/colcon_python_setup_py/package_identification/python_setup_py.py", line 301, in _get_setup_information
    return ast.literal_eval(output)
  File "/usr/lib/python3.8/ast.py", line 59, in literal_eval
    node_or_string = parse(node_or_string, mode='eval')
  File "/usr/lib/python3.8/ast.py", line 47, in parse
    return compile(source, filename, mode, flags,
  File "<unknown>", line 1
    {'package_data': {}, 'require_features': [], 'features': {}, 'dist_files': [], 'src_root': None, 'dependency_links': [], 'setup_requires': [], 'convert_2to3_doctests': [], 'eager_resources': None, 'entry_points': None, 'exclude_package_data': None, 'extras_require': {}, 'include_package_data': None, 'install_requires': [], 'namespace_packages': None, 'packages': None, 'python_requires': None, 'test_loader': None, 'test_runner': None, 'test_suite': None, 'tests_require': None, 'use_2to3': None, 'use_2to3_exclude_fixers': None, 'use_2to3_fixers': None, 'zip_safe': None, 'pbr': None, 'use_incremental': None, 'verbose': 1, 'dry_run': 0, 'help': 0, 'command_packages': None, 'script_name': 'setup.py', 'script_args': ['--dry-run'], 'command_options': {}, 'package_dir': None, 'py_modules': None, 'libraries': None, 'headers': None, 'ext_package': None, 'include_dirs': None, 'extra_path': None, 'scripts': None, 'data_files': None, 'password': '', 'command_obj': {}, 'have_run': {}, 'want_user_cfg': True, 'metadata': {'name': 'range_libc', 'version': '0.1', 'author': 'Corey Walsh', 'author_email': None, 'maintainer': None, 'maintainer_email': None, 'url': None, 'license': None, 'description': None, 'long_description': None, 'keywords': None, 'platforms': None, 'classifiers': None, 'download_url': None, 'provides': None, 'requires': None, 'obsoletes': None, 'long_description_content_type': None, 'project_urls': {}}}Compiling without CUDA support. To enable CUDA use:
                                                                                                                                                                                                                                                                                                                                                                                                                                                                                                                                                                                                                                                                                                                                                                                                                                                                                                                                                                                                                                                                                                                                                                                                                                                                                                                                                                                                                                                                                      ^
SyntaxError: invalid syntax

[1.857s] Level 1:colcon.colcon_core.package_identification:_identify(__pycache__) by extensions ['ignore', 'ignore_ament_install']
[1.858s] Level 1:colcon.colcon_core.package_identification:_identify(__pycache__) by extension 'ignore'
[1.858s] Level 1:colcon.colcon_core.package_identification:_identify(__pycache__) by extension 'ignore_ament_install'
[1.858s] Level 1:colcon.colcon_core.package_identification:_identify(__pycache__) by extensions ['colcon_pkg']
[1.858s] Level 1:colcon.colcon_core.package_identification:_identify(__pycache__) by extension 'colcon_pkg'
[1.859s] Level 1:colcon.colcon_core.package_identification:_identify(__pycache__) by extensions ['colcon_meta']
[1.859s] Level 1:colcon.colcon_core.package_identification:_identify(__pycache__) by extension 'colcon_meta'
[1.859s] Level 1:colcon.colcon_core.package_identification:_identify(__pycache__) by extensions ['ros']
[1.859s] Level 1:colcon.colcon_core.package_identification:_identify(__pycache__) by extension 'ros'
[1.859s] Level 1:colcon.colcon_core.package_identification:_identify(__pycache__) by extensions ['cmake', 'python']
[1.859s] Level 1:colcon.colcon_core.package_identification:_identify(__pycache__) by extension 'cmake'
[1.860s] Level 1:colcon.colcon_core.package_identification:_identify(__pycache__) by extension 'python'
[1.860s] Level 1:colcon.colcon_core.package_identification:_identify(__pycache__) by extensions ['python_setup_py']
[1.860s] Level 1:colcon.colcon_core.package_identification:_identify(__pycache__) by extension 'python_setup_py'
[1.860s] Level 1:colcon.colcon_core.package_identification:_identify(backups) by extensions ['ignore', 'ignore_ament_install']
[1.860s] Level 1:colcon.colcon_core.package_identification:_identify(backups) by extension 'ignore'
[1.860s] Level 1:colcon.colcon_core.package_identification:_identify(backups) by extension 'ignore_ament_install'
[1.861s] Level 1:colcon.colcon_core.package_identification:_identify(backups) by extensions ['colcon_pkg']
[1.861s] Level 1:colcon.colcon_core.package_identification:_identify(backups) by extension 'colcon_pkg'
[1.861s] Level 1:colcon.colcon_core.package_identification:_identify(backups) by extensions ['colcon_meta']
[1.861s] Level 1:colcon.colcon_core.package_identification:_identify(backups) by extension 'colcon_meta'
[1.861s] Level 1:colcon.colcon_core.package_identification:_identify(backups) by extensions ['ros']
[1.861s] Level 1:colcon.colcon_core.package_identification:_identify(backups) by extension 'ros'
[1.861s] Level 1:colcon.colcon_core.package_identification:_identify(backups) by extensions ['cmake', 'python']
[1.861s] Level 1:colcon.colcon_core.package_identification:_identify(backups) by extension 'cmake'
[1.862s] Level 1:colcon.colcon_core.package_identification:_identify(backups) by extension 'python'
[1.862s] Level 1:colcon.colcon_core.package_identification:_identify(backups) by extensions ['python_setup_py']
[1.862s] Level 1:colcon.colcon_core.package_identification:_identify(backups) by extension 'python_setup_py'
[1.862s] Level 1:colcon.colcon_core.package_identification:_identify(backups/build) by extensions ['ignore', 'ignore_ament_install']
[1.862s] Level 1:colcon.colcon_core.package_identification:_identify(backups/build) by extension 'ignore'
[1.863s] Level 1:colcon.colcon_core.package_identification:_identify(backups/build) by extension 'ignore_ament_install'
[1.863s] Level 1:colcon.colcon_core.package_identification:_identify(backups/build) by extensions ['colcon_pkg']
[1.863s] Level 1:colcon.colcon_core.package_identification:_identify(backups/build) by extension 'colcon_pkg'
[1.863s] Level 1:colcon.colcon_core.package_identification:_identify(backups/build) by extensions ['colcon_meta']
[1.863s] Level 1:colcon.colcon_core.package_identification:_identify(backups/build) by extension 'colcon_meta'
[1.863s] Level 1:colcon.colcon_core.package_identification:_identify(backups/build) by extensions ['ros']
[1.863s] Level 1:colcon.colcon_core.package_identification:_identify(backups/build) by extension 'ros'
[1.863s] Level 1:colcon.colcon_core.package_identification:_identify(backups/build) by extensions ['cmake', 'python']
[1.864s] Level 1:colcon.colcon_core.package_identification:_identify(backups/build) by extension 'cmake'
[1.864s] Level 1:colcon.colcon_core.package_identification:_identify(backups/build) by extension 'python'
[1.864s] Level 1:colcon.colcon_core.package_identification:_identify(backups/build) by extensions ['python_setup_py']
[1.864s] Level 1:colcon.colcon_core.package_identification:_identify(backups/build) by extension 'python_setup_py'
[1.864s] Level 1:colcon.colcon_core.package_identification:_identify(backups/build/includes) by extensions ['ignore', 'ignore_ament_install']
[1.864s] Level 1:colcon.colcon_core.package_identification:_identify(backups/build/includes) by extension 'ignore'
[1.865s] Level 1:colcon.colcon_core.package_identification:_identify(backups/build/includes) by extension 'ignore_ament_install'
[1.865s] Level 1:colcon.colcon_core.package_identification:_identify(backups/build/includes) by extensions ['colcon_pkg']
[1.865s] Level 1:colcon.colcon_core.package_identification:_identify(backups/build/includes) by extension 'colcon_pkg'
[1.865s] Level 1:colcon.colcon_core.package_identification:_identify(backups/build/includes) by extensions ['colcon_meta']
[1.865s] Level 1:colcon.colcon_core.package_identification:_identify(backups/build/includes) by extension 'colcon_meta'
[1.865s] Level 1:colcon.colcon_core.package_identification:_identify(backups/build/includes) by extensions ['ros']
[1.865s] Level 1:colcon.colcon_core.package_identification:_identify(backups/build/includes) by extension 'ros'
[1.866s] Level 1:colcon.colcon_core.package_identification:_identify(backups/build/includes) by extensions ['cmake', 'python']
[1.866s] Level 1:colcon.colcon_core.package_identification:_identify(backups/build/includes) by extension 'cmake'
[1.866s] Level 1:colcon.colcon_core.package_identification:_identify(backups/build/includes) by extension 'python'
[1.866s] Level 1:colcon.colcon_core.package_identification:_identify(backups/build/includes) by extensions ['python_setup_py']
[1.866s] Level 1:colcon.colcon_core.package_identification:_identify(backups/build/includes) by extension 'python_setup_py'
[1.866s] Level 1:colcon.colcon_core.package_identification:_identify(backups/build/lib.linux-aarch64-3.8) by extensions ['ignore', 'ignore_ament_install']
[1.867s] Level 1:colcon.colcon_core.package_identification:_identify(backups/build/lib.linux-aarch64-3.8) by extension 'ignore'
[1.867s] Level 1:colcon.colcon_core.package_identification:_identify(backups/build/lib.linux-aarch64-3.8) by extension 'ignore_ament_install'
[1.867s] Level 1:colcon.colcon_core.package_identification:_identify(backups/build/lib.linux-aarch64-3.8) by extensions ['colcon_pkg']
[1.867s] Level 1:colcon.colcon_core.package_identification:_identify(backups/build/lib.linux-aarch64-3.8) by extension 'colcon_pkg'
[1.867s] Level 1:colcon.colcon_core.package_identification:_identify(backups/build/lib.linux-aarch64-3.8) by extensions ['colcon_meta']
[1.867s] Level 1:colcon.colcon_core.package_identification:_identify(backups/build/lib.linux-aarch64-3.8) by extension 'colcon_meta'
[1.867s] Level 1:colcon.colcon_core.package_identification:_identify(backups/build/lib.linux-aarch64-3.8) by extensions ['ros']
[1.867s] Level 1:colcon.colcon_core.package_identification:_identify(backups/build/lib.linux-aarch64-3.8) by extension 'ros'
[1.868s] Level 1:colcon.colcon_core.package_identification:_identify(backups/build/lib.linux-aarch64-3.8) by extensions ['cmake', 'python']
[1.868s] Level 1:colcon.colcon_core.package_identification:_identify(backups/build/lib.linux-aarch64-3.8) by extension 'cmake'
[1.868s] Level 1:colcon.colcon_core.package_identification:_identify(backups/build/lib.linux-aarch64-3.8) by extension 'python'
[1.868s] Level 1:colcon.colcon_core.package_identification:_identify(backups/build/lib.linux-aarch64-3.8) by extensions ['python_setup_py']
[1.868s] Level 1:colcon.colcon_core.package_identification:_identify(backups/build/lib.linux-aarch64-3.8) by extension 'python_setup_py'
[1.868s] Level 1:colcon.colcon_core.package_identification:_identify(backups/build/temp.linux-aarch64-3.8) by extensions ['ignore', 'ignore_ament_install']
[1.869s] Level 1:colcon.colcon_core.package_identification:_identify(backups/build/temp.linux-aarch64-3.8) by extension 'ignore'
[1.869s] Level 1:colcon.colcon_core.package_identification:_identify(backups/build/temp.linux-aarch64-3.8) by extension 'ignore_ament_install'
[1.869s] Level 1:colcon.colcon_core.package_identification:_identify(backups/build/temp.linux-aarch64-3.8) by extensions ['colcon_pkg']
[1.869s] Level 1:colcon.colcon_core.package_identification:_identify(backups/build/temp.linux-aarch64-3.8) by extension 'colcon_pkg'
[1.869s] Level 1:colcon.colcon_core.package_identification:_identify(backups/build/temp.linux-aarch64-3.8) by extensions ['colcon_meta']
[1.869s] Level 1:colcon.colcon_core.package_identification:_identify(backups/build/temp.linux-aarch64-3.8) by extension 'colcon_meta'
[1.869s] Level 1:colcon.colcon_core.package_identification:_identify(backups/build/temp.linux-aarch64-3.8) by extensions ['ros']
[1.870s] Level 1:colcon.colcon_core.package_identification:_identify(backups/build/temp.linux-aarch64-3.8) by extension 'ros'
[1.870s] Level 1:colcon.colcon_core.package_identification:_identify(backups/build/temp.linux-aarch64-3.8) by extensions ['cmake', 'python']
[1.870s] Level 1:colcon.colcon_core.package_identification:_identify(backups/build/temp.linux-aarch64-3.8) by extension 'cmake'
[1.870s] Level 1:colcon.colcon_core.package_identification:_identify(backups/build/temp.linux-aarch64-3.8) by extension 'python'
[1.870s] Level 1:colcon.colcon_core.package_identification:_identify(backups/build/temp.linux-aarch64-3.8) by extensions ['python_setup_py']
[1.870s] Level 1:colcon.colcon_core.package_identification:_identify(backups/build/temp.linux-aarch64-3.8) by extension 'python_setup_py'
[1.871s] Level 1:colcon.colcon_core.package_identification:_identify(backups/build/vendor) by extensions ['ignore', 'ignore_ament_install']
[1.871s] Level 1:colcon.colcon_core.package_identification:_identify(backups/build/vendor) by extension 'ignore'
[1.871s] Level 1:colcon.colcon_core.package_identification:_identify(backups/build/vendor) by extension 'ignore_ament_install'
[1.871s] Level 1:colcon.colcon_core.package_identification:_identify(backups/build/vendor) by extensions ['colcon_pkg']
[1.871s] Level 1:colcon.colcon_core.package_identification:_identify(backups/build/vendor) by extension 'colcon_pkg'
[1.871s] Level 1:colcon.colcon_core.package_identification:_identify(backups/build/vendor) by extensions ['colcon_meta']
[1.871s] Level 1:colcon.colcon_core.package_identification:_identify(backups/build/vendor) by extension 'colcon_meta'
[1.872s] Level 1:colcon.colcon_core.package_identification:_identify(backups/build/vendor) by extensions ['ros']
[1.872s] Level 1:colcon.colcon_core.package_identification:_identify(backups/build/vendor) by extension 'ros'
[1.872s] Level 1:colcon.colcon_core.package_identification:_identify(backups/build/vendor) by extensions ['cmake', 'python']
[1.872s] Level 1:colcon.colcon_core.package_identification:_identify(backups/build/vendor) by extension 'cmake'
[1.872s] Level 1:colcon.colcon_core.package_identification:_identify(backups/build/vendor) by extension 'python'
[1.872s] Level 1:colcon.colcon_core.package_identification:_identify(backups/build/vendor) by extensions ['python_setup_py']
[1.872s] Level 1:colcon.colcon_core.package_identification:_identify(backups/build/vendor) by extension 'python_setup_py'
[1.872s] Level 1:colcon.colcon_core.package_identification:_identify(backups/build/vendor/lodepng) by extensions ['ignore', 'ignore_ament_install']
[1.872s] Level 1:colcon.colcon_core.package_identification:_identify(backups/build/vendor/lodepng) by extension 'ignore'
[1.873s] Level 1:colcon.colcon_core.package_identification:_identify(backups/build/vendor/lodepng) by extension 'ignore_ament_install'
[1.873s] Level 1:colcon.colcon_core.package_identification:_identify(backups/build/vendor/lodepng) by extensions ['colcon_pkg']
[1.873s] Level 1:colcon.colcon_core.package_identification:_identify(backups/build/vendor/lodepng) by extension 'colcon_pkg'
[1.873s] Level 1:colcon.colcon_core.package_identification:_identify(backups/build/vendor/lodepng) by extensions ['colcon_meta']
[1.873s] Level 1:colcon.colcon_core.package_identification:_identify(backups/build/vendor/lodepng) by extension 'colcon_meta'
[1.873s] Level 1:colcon.colcon_core.package_identification:_identify(backups/build/vendor/lodepng) by extensions ['ros']
[1.873s] Level 1:colcon.colcon_core.package_identification:_identify(backups/build/vendor/lodepng) by extension 'ros'
[1.873s] Level 1:colcon.colcon_core.package_identification:_identify(backups/build/vendor/lodepng) by extensions ['cmake', 'python']
[1.873s] Level 1:colcon.colcon_core.package_identification:_identify(backups/build/vendor/lodepng) by extension 'cmake'
[1.873s] Level 1:colcon.colcon_core.package_identification:_identify(backups/build/vendor/lodepng) by extension 'python'
[1.874s] Level 1:colcon.colcon_core.package_identification:_identify(backups/build/vendor/lodepng) by extensions ['python_setup_py']
[1.874s] Level 1:colcon.colcon_core.package_identification:_identify(backups/build/vendor/lodepng) by extension 'python_setup_py'
[1.874s] Level 1:colcon.colcon_core.package_identification:_identify(build) by extensions ['ignore', 'ignore_ament_install']
[1.874s] Level 1:colcon.colcon_core.package_identification:_identify(build) by extension 'ignore'
[1.874s] Level 1:colcon.colcon_core.package_identification:_identify(build) ignored
[1.874s] Level 1:colcon.colcon_core.package_identification:_identify(install) by extensions ['ignore', 'ignore_ament_install']
[1.875s] Level 1:colcon.colcon_core.package_identification:_identify(install) by extension 'ignore'
[1.875s] Level 1:colcon.colcon_core.package_identification:_identify(install) ignored
[1.875s] Level 1:colcon.colcon_core.package_identification:_identify(log) by extensions ['ignore', 'ignore_ament_install']
[1.875s] Level 1:colcon.colcon_core.package_identification:_identify(log) by extension 'ignore'
[1.875s] Level 1:colcon.colcon_core.package_identification:_identify(log) ignored
[1.876s] Level 1:colcon.colcon_core.package_discovery:discover_packages(recursive) using defaults
[1.876s] Level 1:colcon.colcon_core.package_discovery:discover_packages(ignore) discover
[1.876s] Level 1:colcon.colcon_core.package_discovery:discover_packages(ignore) using defaults
[1.876s] Level 1:colcon.colcon_core.package_discovery:discover_packages(path) discover
[1.876s] Level 1:colcon.colcon_core.package_discovery:discover_packages(path) using defaults
[1.917s] Level 1:colcon.colcon_core.package_discovery:discover_packages(prefix_path) check parameters
[1.918s] Level 1:colcon.colcon_core.package_discovery:discover_packages(prefix_path) discover
[1.924s] DEBUG:colcon.colcon_installed_package_information.package_discovery:Found 17 installed packages in /home/meric/f1tenth_ws_mpc_emergency/install
[1.925s] DEBUG:colcon.colcon_installed_package_information.package_discovery:Found 17 installed packages in /home/meric/f1tenth_ws/install
[1.929s] DEBUG:colcon.colcon_installed_package_information.package_discovery:Found 241 installed packages in /opt/ros/foxy
[1.934s] Level 1:colcon.colcon_core.package_discovery:discover_packages(prefix_path) using defaults
[2.054s] INFO:colcon.colcon_core.executor:Executing jobs using 'parallel' executor
[2.056s] DEBUG:colcon.colcon_parallel_executor.executor.parallel:run_until_complete
[2.057s] DEBUG:colcon.colcon_parallel_executor.executor.parallel:closing loop
[2.057s] DEBUG:colcon.colcon_parallel_executor.executor.parallel:loop closed
[2.057s] DEBUG:colcon.colcon_parallel_executor.executor.parallel:run_until_complete finished with '0'
[2.057s] DEBUG:colcon.colcon_core.event_reactor:joining thread
[2.067s] INFO:colcon.colcon_core.plugin_system:Skipping extension 'colcon_notification.desktop_notification.terminal_notifier': Not used on non-Darwin systems
[2.068s] INFO:colcon.colcon_core.plugin_system:Skipping extension 'colcon_notification.desktop_notification.win32': Not used on non-Windows systems
[2.068s] INFO:colcon.colcon_notification.desktop_notification:Sending desktop notification using 'notify2'
[2.100s] DEBUG:colcon.colcon_core.event_reactor:joined thread
[2.105s] INFO:colcon.colcon_core.plugin_system:Skipping extension 'colcon_core.shell.bat': Not used on non-Windows systems
[2.105s] INFO:colcon.colcon_core.shell:Creating prefix script '/home/meric/f1tenth_ws_mpc_emergency/range_libc/pywrapper/install/local_setup.ps1'
[2.108s] INFO:colcon.colcon_core.shell:Creating prefix util module '/home/meric/f1tenth_ws_mpc_emergency/range_libc/pywrapper/install/_local_setup_util_ps1.py'
[2.110s] INFO:colcon.colcon_core.shell:Creating prefix chain script '/home/meric/f1tenth_ws_mpc_emergency/range_libc/pywrapper/install/setup.ps1'
[2.114s] INFO:colcon.colcon_core.shell:Creating prefix script '/home/meric/f1tenth_ws_mpc_emergency/range_libc/pywrapper/install/local_setup.sh'
[2.116s] INFO:colcon.colcon_core.shell:Creating prefix util module '/home/meric/f1tenth_ws_mpc_emergency/range_libc/pywrapper/install/_local_setup_util_sh.py'
[2.117s] INFO:colcon.colcon_core.shell:Creating prefix chain script '/home/meric/f1tenth_ws_mpc_emergency/range_libc/pywrapper/install/setup.sh'
[2.120s] INFO:colcon.colcon_core.shell:Creating prefix script '/home/meric/f1tenth_ws_mpc_emergency/range_libc/pywrapper/install/local_setup.bash'
[2.121s] INFO:colcon.colcon_core.shell:Creating prefix chain script '/home/meric/f1tenth_ws_mpc_emergency/range_libc/pywrapper/install/setup.bash'
[2.125s] INFO:colcon.colcon_core.shell:Creating prefix script '/home/meric/f1tenth_ws_mpc_emergency/range_libc/pywrapper/install/local_setup.zsh'
[2.126s] INFO:colcon.colcon_core.shell:Creating prefix chain script '/home/meric/f1tenth_ws_mpc_emergency/range_libc/pywrapper/install/setup.zsh'
