/home/meric/f1tenth_ws_rl/install/f1tenth_rl/lib/python3.8/site-packages/f1tenth_rl/environment.py
/home/meric/f1tenth_ws_rl/install/f1tenth_rl/lib/python3.8/site-packages/f1tenth_rl/__init__.py
/home/meric/f1tenth_ws_rl/install/f1tenth_rl/lib/python3.8/site-packages/f1tenth_rl/rl_agent_node.py
/home/meric/f1tenth_ws_rl/install/f1tenth_rl/lib/python3.8/site-packages/f1tenth_rl/models/dqn.py
/home/meric/f1tenth_ws_rl/install/f1tenth_rl/lib/python3.8/site-packages/f1tenth_rl/models/__init__.py
/home/meric/f1tenth_ws_rl/install/f1tenth_rl/lib/python3.8/site-packages/f1tenth_rl/models/ppo.py
/home/meric/f1tenth_ws_rl/install/f1tenth_rl/lib/python3.8/site-packages/f1tenth_rl/utils/rewards.py
/home/meric/f1tenth_ws_rl/install/f1tenth_rl/lib/python3.8/site-packages/f1tenth_rl/utils/__init__.py
/home/meric/f1tenth_ws_rl/install/f1tenth_rl/lib/python3.8/site-packages/f1tenth_rl/__pycache__/environment.cpython-38.pyc
/home/meric/f1tenth_ws_rl/install/f1tenth_rl/lib/python3.8/site-packages/f1tenth_rl/__pycache__/__init__.cpython-38.pyc
/home/meric/f1tenth_ws_rl/install/f1tenth_rl/lib/python3.8/site-packages/f1tenth_rl/__pycache__/rl_agent_node.cpython-38.pyc
/home/meric/f1tenth_ws_rl/install/f1tenth_rl/lib/python3.8/site-packages/f1tenth_rl/models/__pycache__/dqn.cpython-38.pyc
/home/meric/f1tenth_ws_rl/install/f1tenth_rl/lib/python3.8/site-packages/f1tenth_rl/models/__pycache__/__init__.cpython-38.pyc
/home/meric/f1tenth_ws_rl/install/f1tenth_rl/lib/python3.8/site-packages/f1tenth_rl/models/__pycache__/ppo.cpython-38.pyc
/home/meric/f1tenth_ws_rl/install/f1tenth_rl/lib/python3.8/site-packages/f1tenth_rl/utils/__pycache__/rewards.cpython-38.pyc
/home/meric/f1tenth_ws_rl/install/f1tenth_rl/lib/python3.8/site-packages/f1tenth_rl/utils/__pycache__/__init__.cpython-38.pyc
/home/meric/f1tenth_ws_rl/install/f1tenth_rl/share/ament_index/resource_index/packages/f1tenth_rl
/home/meric/f1tenth_ws_rl/install/f1tenth_rl/share/f1tenth_rl/package.xml
/home/meric/f1tenth_ws_rl/install/f1tenth_rl/share/f1tenth_rl/launch/rl_agent_launch.py
/home/meric/f1tenth_ws_rl/install/f1tenth_rl/share/f1tenth_rl/config/agent_params.yaml
/home/meric/f1tenth_ws_rl/install/f1tenth_rl/lib/python3.8/site-packages/f1tenth_rl-0.1.0-py3.8.egg-info/top_level.txt
/home/meric/f1tenth_ws_rl/install/f1tenth_rl/lib/python3.8/site-packages/f1tenth_rl-0.1.0-py3.8.egg-info/zip-safe
/home/meric/f1tenth_ws_rl/install/f1tenth_rl/lib/python3.8/site-packages/f1tenth_rl-0.1.0-py3.8.egg-info/PKG-INFO
/home/meric/f1tenth_ws_rl/install/f1tenth_rl/lib/python3.8/site-packages/f1tenth_rl-0.1.0-py3.8.egg-info/requires.txt
/home/meric/f1tenth_ws_rl/install/f1tenth_rl/lib/python3.8/site-packages/f1tenth_rl-0.1.0-py3.8.egg-info/dependency_links.txt
/home/meric/f1tenth_ws_rl/install/f1tenth_rl/lib/python3.8/site-packages/f1tenth_rl-0.1.0-py3.8.egg-info/entry_points.txt
/home/meric/f1tenth_ws_rl/install/f1tenth_rl/lib/python3.8/site-packages/f1tenth_rl-0.1.0-py3.8.egg-info/SOURCES.txt
/home/meric/f1tenth_ws_rl/install/f1tenth_rl/lib/f1tenth_rl/eval_rl_agent
/home/meric/f1tenth_ws_rl/install/f1tenth_rl/lib/f1tenth_rl/rl_agent
/home/meric/f1tenth_ws_rl/install/f1tenth_rl/lib/f1tenth_rl/train_rl_agent
