[0.150s] Invoking command in '/home/meric/f1tenth_ws_rl/build/vesc_msgs': CMAKE_PREFIX_PATH=${CMAKE_PREFIX_PATH}:/home/meric/f1tenth_ws_rl/install/f1tenth_stack:/home/meric/f1tenth_ws_rl/install/joy_teleop:/home/meric/f1tenth_ws_rl/install/stanley2_avoidance:/home/meric/f1tenth_ws_rl/install/simple_teleop:/home/meric/f1tenth_ws_rl/install/particle_filter:/home/meric/f1tenth_ws_rl/install/mouse_teleop:/home/meric/f1tenth_ws_rl/install/key_teleop:/home/meric/f1tenth_ws_rl/install/f1tenth_rl:/home/meric/f1tenth_ws_mpc_emergency/install/f1tenth_stack:/home/meric/f1tenth_ws_mpc_emergency/install/joy_teleop:/home/meric/f1tenth_ws_mpc_emergency/install/stanley2_avoidance:/home/meric/f1tenth_ws_mpc_emergency/install/simple_teleop:/home/meric/f1tenth_ws_mpc_emergency/install/particle_filter:/home/meric/f1tenth_ws_mpc_emergency/install/mouse_teleop:/home/meric/f1tenth_ws_mpc_emergency/install/key_teleop:/home/meric/f1tenth_ws/install/f1tenth_stack:/home/meric/f1tenth_ws/install/joy_teleop:/home/meric/f1tenth_ws/install/stanley2_avoidance:/home/meric/f1tenth_ws/install/simple_teleop:/home/meric/f1tenth_ws/install/particle_filter:/home/meric/f1tenth_ws/install/mouse_teleop:/home/meric/f1tenth_ws/install/key_teleop:/opt/ros/foxy /snap/bin/cmake /home/meric/f1tenth_ws_rl/src/f1tenth_system/vesc/vesc_msgs -DCMAKE_INSTALL_PREFIX=/home/meric/f1tenth_ws_rl/install/vesc_msgs
[1.472s] -- The C compiler identification is GNU 9.4.0
[1.473s] -- The CXX compiler identification is GNU 9.4.0
[1.474s] -- Detecting C compiler ABI info
[1.477s] -- Detecting C compiler ABI info - done
[1.477s] -- Check for working C compiler: /usr/bin/cc - skipped
[1.478s] -- Detecting C compile features
[1.478s] -- Detecting C compile features - done
[1.478s] -- Detecting CXX compiler ABI info
[1.478s] -- Detecting CXX compiler ABI info - done
[1.478s] -- Check for working CXX compiler: /usr/bin/c++ - skipped
[1.478s] -- Detecting CXX compile features
[1.478s] -- Detecting CXX compile features - done
[1.478s] -- Found ament_cmake_auto: 0.9.12 (/opt/ros/foxy/share/ament_cmake_auto/cmake)
[1.479s] -- Found PythonInterp: /usr/bin/python3 (found suitable version "3.8.10", minimum required is "3")
[1.479s] -- Using PYTHON_EXECUTABLE: /usr/bin/python3
[1.479s] 2025/11/14 20:35:01.169353 cmd_run.go:1400: WARNING: cannot create user data directory: failed to verify SELinux context of /home/meric/snap: cannot locate "matchpathcon" executable
[1.479s] [0mCMake Deprecation Warning at CMakeLists.txt:1 (cmake_minimum_required):
[1.479s]   Compatibility with CMake < 3.10 will be removed from a future version of
[1.479s]   CMake.
[1.479s] 
[1.480s]   Update the VERSION argument <min> value.  Or, use the <min>...<max> syntax
[1.480s]   to tell CMake that the project requires at least <min> but has been updated
[1.480s]   to work with policies introduced by <max> or earlier.
[1.480s] 
[1.480s] [0m
[1.480s] [33mCMake Warning (dev) at /opt/ros/foxy/share/ament_cmake_core/cmake/core/python.cmake:22 (find_package):
[1.480s]   Policy CMP0148 is not set: The FindPythonInterp and FindPythonLibs modules
[1.480s]   are removed.  Run "cmake --help-policy CMP0148" for policy details.  Use
[1.481s]   the cmake_policy command to set the policy and suppress this warning.
[1.481s] 
[1.481s] Call Stack (most recent call first):
[1.481s]   /opt/ros/foxy/share/ament_cmake_core/cmake/core/all.cmake:53 (include)
[1.481s]   /opt/ros/foxy/share/ament_cmake_core/cmake/ament_cmake_core-extras.cmake:17 (include)
[1.481s]   /opt/ros/foxy/share/ament_cmake_core/cmake/ament_cmake_coreConfig.cmake:41 (include)
[1.481s]   /opt/ros/foxy/share/ament_cmake/cmake/ament_cmake_export_dependencies-extras.cmake:15 (find_package)
[1.481s]   /opt/ros/foxy/share/ament_cmake/cmake/ament_cmakeConfig.cmake:41 (include)
[1.481s]   /opt/ros/foxy/share/ament_cmake_auto/cmake/ament_cmake_auto-extras.cmake:17 (find_package)
[1.482s]   /opt/ros/foxy/share/ament_cmake_auto/cmake/ament_cmake_autoConfig.cmake:41 (include)
[1.482s]   CMakeLists.txt:4 (find_package)
[1.482s] This warning is for project developers.  Use -Wno-dev to suppress it.
[1.482s] [0m
[1.979s] -- Using all available rosidl_typesupport_c: rosidl_typesupport_fastrtps_c;rosidl_typesupport_introspection_c
[2.019s] -- Found rosidl_adapter: 1.3.1 (/opt/ros/foxy/share/rosidl_adapter/cmake)
[2.497s] -- Found OpenSSL: /usr/lib/aarch64-linux-gnu/libcrypto.so (found version "1.1.1f")
[2.615s] -- Found FastRTPS: /opt/ros/foxy/include
[2.972s] -- Using all available rosidl_typesupport_cpp: rosidl_typesupport_fastrtps_cpp;rosidl_typesupport_introspection_cpp
[3.305s] [33mCMake Warning (dev) at /opt/ros/foxy/share/rosidl_adapter/cmake/rosidl_adapt_interfaces.cmake:40 (find_package):
[3.305s]   Policy CMP0148 is not set: The FindPythonInterp and FindPythonLibs modules
[3.305s]   are removed.  Run "cmake --help-policy CMP0148" for policy details.  Use
[3.306s]   the cmake_policy command to set the policy and suppress this warning.
[3.306s] 
[3.306s] Call Stack (most recent call first):
[3.306s]   /opt/ros/foxy/share/rosidl_cmake/cmake/rosidl_generate_interfaces.cmake:130 (rosidl_adapt_interfaces)
[3.307s]   CMakeLists.txt:7 (rosidl_generate_interfaces)
[3.307s] This warning is for project developers.  Use -Wno-dev to suppress it.
[3.307s] [0m
[3.375s] -- Found PythonInterp: /usr/bin/python3 (found version "3.8.10")
[3.776s] -- Found ament_cmake_ros: 0.9.2 (/opt/ros/foxy/share/ament_cmake_ros/cmake)
[4.498s] -- Using all available rosidl_typesupport_c: rosidl_typesupport_fastrtps_c;rosidl_typesupport_introspection_c
[4.762s] -- Using all available rosidl_typesupport_cpp: rosidl_typesupport_fastrtps_cpp;rosidl_typesupport_introspection_cpp
[4.787s] [33mCMake Warning (dev) at /opt/ros/foxy/share/rosidl_generator_py/cmake/rosidl_generator_py_generate_interfaces.cmake:20 (find_package):
[4.788s]   Policy CMP0148 is not set: The FindPythonInterp and FindPythonLibs modules
[4.788s]   are removed.  Run "cmake --help-policy CMP0148" for policy details.  Use
[4.788s]   the cmake_policy command to set the policy and suppress this warning.
[4.788s] 
[4.788s] Call Stack (most recent call first):
[4.789s]   /opt/ros/foxy/share/ament_cmake_core/cmake/core/ament_execute_extensions.cmake:48 (include)
[4.789s]   /opt/ros/foxy/share/rosidl_cmake/cmake/rosidl_generate_interfaces.cmake:286 (ament_execute_extensions)
[4.789s]   CMakeLists.txt:7 (rosidl_generate_interfaces)
[4.789s] This warning is for project developers.  Use -Wno-dev to suppress it.
[4.789s] [0m
[4.880s] -- Found PythonInterp: /usr/bin/python3 (found suitable version "3.8.10", minimum required is "3.5")
[4.899s] -- Found python_cmake_module: 0.8.1 (/opt/ros/foxy/share/python_cmake_module/cmake)
[4.903s] [33mCMake Warning (dev) at /opt/ros/foxy/share/python_cmake_module/cmake/Modules/FindPythonExtra.cmake:45 (find_package):
[4.904s]   Policy CMP0148 is not set: The FindPythonInterp and FindPythonLibs modules
[4.904s]   are removed.  Run "cmake --help-policy CMP0148" for policy details.  Use
[4.904s]   the cmake_policy command to set the policy and suppress this warning.
[4.904s] 
[4.904s] Call Stack (most recent call first):
[4.904s]   /opt/ros/foxy/share/rosidl_generator_py/cmake/rosidl_generator_py_generate_interfaces.cmake:23 (find_package)
[4.904s]   /opt/ros/foxy/share/ament_cmake_core/cmake/core/ament_execute_extensions.cmake:48 (include)
[4.904s]   /opt/ros/foxy/share/rosidl_cmake/cmake/rosidl_generate_interfaces.cmake:286 (ament_execute_extensions)
[4.905s]   CMakeLists.txt:7 (rosidl_generate_interfaces)
[4.905s] This warning is for project developers.  Use -Wno-dev to suppress it.
[4.905s] [0m
[4.989s] [33mCMake Warning (dev) at /opt/ros/foxy/share/python_cmake_module/cmake/Modules/FindPythonExtra.cmake:133 (find_package):
[4.989s]   Policy CMP0148 is not set: The FindPythonInterp and FindPythonLibs modules
[4.989s]   are removed.  Run "cmake --help-policy CMP0148" for policy details.  Use
[4.990s]   the cmake_policy command to set the policy and suppress this warning.
[4.990s] 
[4.990s] Call Stack (most recent call first):
[4.990s]   /opt/ros/foxy/share/rosidl_generator_py/cmake/rosidl_generator_py_generate_interfaces.cmake:23 (find_package)
[4.990s]   /opt/ros/foxy/share/ament_cmake_core/cmake/core/ament_execute_extensions.cmake:48 (include)
[4.990s]   /opt/ros/foxy/share/rosidl_cmake/cmake/rosidl_generate_interfaces.cmake:286 (ament_execute_extensions)
[4.990s]   CMakeLists.txt:7 (rosidl_generate_interfaces)
[4.990s] This warning is for project developers.  Use -Wno-dev to suppress it.
[4.991s] [0m
[5.025s] -- Found PythonLibs: /usr/lib/aarch64-linux-gnu/libpython3.8.so (found suitable version "3.8.10", minimum required is "3.5")
[5.026s] -- Using PYTHON_EXECUTABLE: /usr/bin/python3
[5.026s] -- Using PYTHON_INCLUDE_DIRS: /usr/include/python3.8
[5.026s] -- Using PYTHON_LIBRARIES: /usr/lib/aarch64-linux-gnu/libpython3.8.so
[5.101s] -- Found PythonExtra: .so
[5.410s] -- Found ament_lint_auto: 0.9.8 (/opt/ros/foxy/share/ament_lint_auto/cmake)
[5.592s] -- Added test 'copyright' to check source files copyright and LICENSE
[5.608s] -- Added test 'lint_cmake' to check CMake code style
[5.626s] -- Added test 'xmllint' to check XML markup files
[5.666s] -- Configuring done (5.4s)
[5.905s] -- Generating done (0.2s)
[5.933s] -- Build files have been written to: /home/meric/f1tenth_ws_rl/build/vesc_msgs
[6.004s] Invoked command in '/home/meric/f1tenth_ws_rl/build/vesc_msgs' returned '0': CMAKE_PREFIX_PATH=${CMAKE_PREFIX_PATH}:/home/meric/f1tenth_ws_rl/install/f1tenth_stack:/home/meric/f1tenth_ws_rl/install/joy_teleop:/home/meric/f1tenth_ws_rl/install/stanley2_avoidance:/home/meric/f1tenth_ws_rl/install/simple_teleop:/home/meric/f1tenth_ws_rl/install/particle_filter:/home/meric/f1tenth_ws_rl/install/mouse_teleop:/home/meric/f1tenth_ws_rl/install/key_teleop:/home/meric/f1tenth_ws_rl/install/f1tenth_rl:/home/meric/f1tenth_ws_mpc_emergency/install/f1tenth_stack:/home/meric/f1tenth_ws_mpc_emergency/install/joy_teleop:/home/meric/f1tenth_ws_mpc_emergency/install/stanley2_avoidance:/home/meric/f1tenth_ws_mpc_emergency/install/simple_teleop:/home/meric/f1tenth_ws_mpc_emergency/install/particle_filter:/home/meric/f1tenth_ws_mpc_emergency/install/mouse_teleop:/home/meric/f1tenth_ws_mpc_emergency/install/key_teleop:/home/meric/f1tenth_ws/install/f1tenth_stack:/home/meric/f1tenth_ws/install/joy_teleop:/home/meric/f1tenth_ws/install/stanley2_avoidance:/home/meric/f1tenth_ws/install/simple_teleop:/home/meric/f1tenth_ws/install/particle_filter:/home/meric/f1tenth_ws/install/mouse_teleop:/home/meric/f1tenth_ws/install/key_teleop:/opt/ros/foxy /snap/bin/cmake /home/meric/f1tenth_ws_rl/src/f1tenth_system/vesc/vesc_msgs -DCMAKE_INSTALL_PREFIX=/home/meric/f1tenth_ws_rl/install/vesc_msgs
[6.006s] Invoking command in '/home/meric/f1tenth_ws_rl/build/vesc_msgs': CMAKE_PREFIX_PATH=${CMAKE_PREFIX_PATH}:/home/meric/f1tenth_ws_rl/install/f1tenth_stack:/home/meric/f1tenth_ws_rl/install/joy_teleop:/home/meric/f1tenth_ws_rl/install/stanley2_avoidance:/home/meric/f1tenth_ws_rl/install/simple_teleop:/home/meric/f1tenth_ws_rl/install/particle_filter:/home/meric/f1tenth_ws_rl/install/mouse_teleop:/home/meric/f1tenth_ws_rl/install/key_teleop:/home/meric/f1tenth_ws_rl/install/f1tenth_rl:/home/meric/f1tenth_ws_mpc_emergency/install/f1tenth_stack:/home/meric/f1tenth_ws_mpc_emergency/install/joy_teleop:/home/meric/f1tenth_ws_mpc_emergency/install/stanley2_avoidance:/home/meric/f1tenth_ws_mpc_emergency/install/simple_teleop:/home/meric/f1tenth_ws_mpc_emergency/install/particle_filter:/home/meric/f1tenth_ws_mpc_emergency/install/mouse_teleop:/home/meric/f1tenth_ws_mpc_emergency/install/key_teleop:/home/meric/f1tenth_ws/install/f1tenth_stack:/home/meric/f1tenth_ws/install/joy_teleop:/home/meric/f1tenth_ws/install/stanley2_avoidance:/home/meric/f1tenth_ws/install/simple_teleop:/home/meric/f1tenth_ws/install/particle_filter:/home/meric/f1tenth_ws/install/mouse_teleop:/home/meric/f1tenth_ws/install/key_teleop:/opt/ros/foxy /snap/bin/cmake --build /home/meric/f1tenth_ws_rl/build/vesc_msgs -- -j6 -l6
[6.190s] 2025/11/14 20:35:07.081475 cmd_run.go:1400: WARNING: cannot create user data directory: failed to verify SELinux context of /home/meric/snap: cannot locate "matchpathcon" executable
[6.410s] [  1%] [1m[34mGenerating C code for ROS interfaces[0m
[6.453s] [  3%] [1m[34mGenerating C++ code for ROS interfaces[0m
[9.340s] [  5%] [32mBuilding C object CMakeFiles/vesc_msgs__rosidl_generator_c.dir/rosidl_generator_c/vesc_msgs/msg/detail/vesc_state__functions.c.o[0m
[9.369s] [  7%] [32mBuilding C object CMakeFiles/vesc_msgs__rosidl_generator_c.dir/rosidl_generator_c/vesc_msgs/msg/detail/vesc_state_stamped__functions.c.o[0m
[9.382s] [  9%] [32mBuilding C object CMakeFiles/vesc_msgs__rosidl_generator_c.dir/rosidl_generator_c/vesc_msgs/msg/detail/vesc_imu__functions.c.o[0m
[9.406s] [ 10%] [32mBuilding C object CMakeFiles/vesc_msgs__rosidl_generator_c.dir/rosidl_generator_c/vesc_msgs/msg/detail/vesc_imu_stamped__functions.c.o[0m
[9.690s] [ 12%] [1m[32mLinking C shared library libvesc_msgs__rosidl_generator_c.so[0m
[9.775s] [ 12%] Built target vesc_msgs__cpp
[9.802s] [ 14%] [1m[34mGenerating C++ type support dispatch for ROS interfaces[0m
[9.834s] [ 16%] [1m[34mGenerating C++ type support for eProsima Fast-RTPS[0m
[9.837s] [ 16%] Built target vesc_msgs__rosidl_generator_c
[9.857s] [ 18%] [1m[34mGenerating C++ introspection for ROS interfaces[0m
[9.880s] [ 20%] [1m[34mGenerating C introspection for ROS interfaces[0m
[9.910s] [ 21%] [1m[34mGenerating C type support dispatch for ROS interfaces[0m
[11.673s] [ 23%] [32mBuilding CXX object CMakeFiles/vesc_msgs__rosidl_typesupport_c.dir/rosidl_typesupport_c/vesc_msgs/msg/vesc_state__type_support.cpp.o[0m
[11.703s] [ 25%] [32mBuilding CXX object CMakeFiles/vesc_msgs__rosidl_typesupport_c.dir/rosidl_typesupport_c/vesc_msgs/msg/vesc_state_stamped__type_support.cpp.o[0m
[11.842s] [ 27%] [32mBuilding CXX object CMakeFiles/vesc_msgs__rosidl_typesupport_c.dir/rosidl_typesupport_c/vesc_msgs/msg/vesc_imu__type_support.cpp.o[0m
[11.878s] [ 29%] [32mBuilding CXX object CMakeFiles/vesc_msgs__rosidl_typesupport_c.dir/rosidl_typesupport_c/vesc_msgs/msg/vesc_imu_stamped__type_support.cpp.o[0m
[11.981s] [ 30%] [32mBuilding CXX object CMakeFiles/vesc_msgs__rosidl_typesupport_cpp.dir/rosidl_typesupport_cpp/vesc_msgs/msg/vesc_state__type_support.cpp.o[0m
[12.001s] [ 32%] [32mBuilding CXX object CMakeFiles/vesc_msgs__rosidl_typesupport_introspection_cpp.dir/rosidl_typesupport_introspection_cpp/vesc_msgs/msg/detail/vesc_state__type_support.cpp.o[0m
[12.008s] [ 34%] [32mBuilding CXX object CMakeFiles/vesc_msgs__rosidl_typesupport_cpp.dir/rosidl_typesupport_cpp/vesc_msgs/msg/vesc_state_stamped__type_support.cpp.o[0m
[12.030s] [ 36%] [1m[32mLinking CXX shared library libvesc_msgs__rosidl_typesupport_c.so[0m
[12.216s] [ 36%] Built target vesc_msgs__rosidl_typesupport_c
[12.239s] [ 38%] [32mBuilding CXX object CMakeFiles/vesc_msgs__rosidl_typesupport_fastrtps_cpp.dir/rosidl_typesupport_fastrtps_cpp/vesc_msgs/msg/detail/dds_fastrtps/vesc_state__type_support.cpp.o[0m
[12.242s] [ 40%] [32mBuilding CXX object CMakeFiles/vesc_msgs__rosidl_typesupport_cpp.dir/rosidl_typesupport_cpp/vesc_msgs/msg/vesc_imu__type_support.cpp.o[0m
[12.739s] [ 41%] [32mBuilding C object CMakeFiles/vesc_msgs__rosidl_typesupport_introspection_c.dir/rosidl_typesupport_introspection_c/vesc_msgs/msg/detail/vesc_state__type_support.c.o[0m
[12.919s] [ 43%] [32mBuilding C object CMakeFiles/vesc_msgs__rosidl_typesupport_introspection_c.dir/rosidl_typesupport_introspection_c/vesc_msgs/msg/detail/vesc_state_stamped__type_support.c.o[0m
[13.094s] [ 45%] [32mBuilding C object CMakeFiles/vesc_msgs__rosidl_typesupport_introspection_c.dir/rosidl_typesupport_introspection_c/vesc_msgs/msg/detail/vesc_imu__type_support.c.o[0m
[13.128s] [ 47%] [32mBuilding CXX object CMakeFiles/vesc_msgs__rosidl_typesupport_cpp.dir/rosidl_typesupport_cpp/vesc_msgs/msg/vesc_imu_stamped__type_support.cpp.o[0m
[13.186s] [ 49%] [32mBuilding C object CMakeFiles/vesc_msgs__rosidl_typesupport_introspection_c.dir/rosidl_typesupport_introspection_c/vesc_msgs/msg/detail/vesc_imu_stamped__type_support.c.o[0m
[13.276s] [ 50%] [32mBuilding CXX object CMakeFiles/vesc_msgs__rosidl_typesupport_fastrtps_cpp.dir/rosidl_typesupport_fastrtps_cpp/vesc_msgs/msg/detail/dds_fastrtps/vesc_state_stamped__type_support.cpp.o[0m
[13.374s] [ 52%] [1m[32mLinking C shared library libvesc_msgs__rosidl_typesupport_introspection_c.so[0m
[13.575s] [ 52%] Built target vesc_msgs__rosidl_typesupport_introspection_c
[13.614s] [ 54%] [32mBuilding CXX object CMakeFiles/vesc_msgs__rosidl_typesupport_fastrtps_cpp.dir/rosidl_typesupport_fastrtps_cpp/vesc_msgs/msg/detail/dds_fastrtps/vesc_imu__type_support.cpp.o[0m
[13.782s] [ 56%] [32mBuilding CXX object CMakeFiles/vesc_msgs__rosidl_typesupport_introspection_cpp.dir/rosidl_typesupport_introspection_cpp/vesc_msgs/msg/detail/vesc_state_stamped__type_support.cpp.o[0m
[13.920s] [ 58%] [32mBuilding CXX object CMakeFiles/vesc_msgs__rosidl_typesupport_fastrtps_cpp.dir/rosidl_typesupport_fastrtps_cpp/vesc_msgs/msg/detail/dds_fastrtps/vesc_imu_stamped__type_support.cpp.o[0m
[14.070s] [ 60%] [32mBuilding CXX object CMakeFiles/vesc_msgs__rosidl_typesupport_introspection_cpp.dir/rosidl_typesupport_introspection_cpp/vesc_msgs/msg/detail/vesc_imu__type_support.cpp.o[0m
[14.150s] [ 61%] [1m[32mLinking CXX shared library libvesc_msgs__rosidl_typesupport_cpp.so[0m
[14.335s] [ 61%] Built target vesc_msgs__rosidl_typesupport_cpp
[14.363s] [ 63%] [32mBuilding CXX object CMakeFiles/vesc_msgs__rosidl_typesupport_introspection_cpp.dir/rosidl_typesupport_introspection_cpp/vesc_msgs/msg/detail/vesc_imu_stamped__type_support.cpp.o[0m
[15.522s] [ 65%] [1m[32mLinking CXX shared library libvesc_msgs__rosidl_typesupport_introspection_cpp.so[0m
[15.715s] [ 65%] Built target vesc_msgs__rosidl_typesupport_introspection_cpp
[15.853s] [ 67%] [1m[32mLinking CXX shared library libvesc_msgs__rosidl_typesupport_fastrtps_cpp.so[0m
[16.187s] [ 67%] Built target vesc_msgs__rosidl_typesupport_fastrtps_cpp
[16.233s] [ 69%] [1m[34mGenerating C type support for eProsima Fast-RTPS[0m
[17.638s] [ 70%] [32mBuilding CXX object CMakeFiles/vesc_msgs__rosidl_typesupport_fastrtps_c.dir/rosidl_typesupport_fastrtps_c/vesc_msgs/msg/detail/vesc_state__type_support_c.cpp.o[0m
[17.645s] [ 72%] [32mBuilding CXX object CMakeFiles/vesc_msgs__rosidl_typesupport_fastrtps_c.dir/rosidl_typesupport_fastrtps_c/vesc_msgs/msg/detail/vesc_state_stamped__type_support_c.cpp.o[0m
[17.655s] [ 74%] [32mBuilding CXX object CMakeFiles/vesc_msgs__rosidl_typesupport_fastrtps_c.dir/rosidl_typesupport_fastrtps_c/vesc_msgs/msg/detail/vesc_imu__type_support_c.cpp.o[0m
[17.667s] [ 76%] [32mBuilding CXX object CMakeFiles/vesc_msgs__rosidl_typesupport_fastrtps_c.dir/rosidl_typesupport_fastrtps_c/vesc_msgs/msg/detail/vesc_imu_stamped__type_support_c.cpp.o[0m
[19.530s] [ 78%] [1m[32mLinking CXX shared library libvesc_msgs__rosidl_typesupport_fastrtps_c.so[0m
[19.841s] [ 78%] Built target vesc_msgs__rosidl_typesupport_fastrtps_c
[19.871s] [ 78%] Built target vesc_msgs
[19.922s] [ 80%] [1m[34mGenerating Python code for ROS interfaces[0m
[23.655s] [ 80%] Built target vesc_msgs__py
[23.762s] [ 81%] [32mBuilding C object CMakeFiles/vesc_msgs__python.dir/rosidl_generator_py/vesc_msgs/msg/_vesc_state_s.c.o[0m
[23.782s] [ 83%] [32mBuilding C object CMakeFiles/vesc_msgs__python.dir/rosidl_generator_py/vesc_msgs/msg/_vesc_state_stamped_s.c.o[0m
[23.803s] [ 85%] [32mBuilding C object CMakeFiles/vesc_msgs__python.dir/rosidl_generator_py/vesc_msgs/msg/_vesc_imu_s.c.o[0m
[23.818s] [ 87%] [32mBuilding C object CMakeFiles/vesc_msgs__python.dir/rosidl_generator_py/vesc_msgs/msg/_vesc_imu_stamped_s.c.o[0m
[24.310s] [ 89%] [1m[32mLinking C shared library rosidl_generator_py/vesc_msgs/libvesc_msgs__python.so[0m
[24.413s] [ 89%] Built target vesc_msgs__python
[24.451s] [ 90%] [32mBuilding C object CMakeFiles/vesc_msgs__rosidl_typesupport_fastrtps_c__pyext.dir/rosidl_generator_py/vesc_msgs/_vesc_msgs_s.ep.rosidl_typesupport_fastrtps_c.c.o[0m
[24.456s] [ 92%] [32mBuilding C object CMakeFiles/vesc_msgs__rosidl_typesupport_c__pyext.dir/rosidl_generator_py/vesc_msgs/_vesc_msgs_s.ep.rosidl_typesupport_c.c.o[0m
[24.512s] [ 94%] [32mBuilding C object CMakeFiles/vesc_msgs__rosidl_typesupport_introspection_c__pyext.dir/rosidl_generator_py/vesc_msgs/_vesc_msgs_s.ep.rosidl_typesupport_introspection_c.c.o[0m
[24.712s] [ 96%] [1m[32mLinking C shared library rosidl_generator_py/vesc_msgs/vesc_msgs_s__rosidl_typesupport_c.cpython-38-aarch64-linux-gnu.so[0m
[24.835s] [ 96%] Built target vesc_msgs__rosidl_typesupport_c__pyext
[24.858s] [ 98%] [1m[32mLinking C shared library rosidl_generator_py/vesc_msgs/vesc_msgs_s__rosidl_typesupport_introspection_c.cpython-38-aarch64-linux-gnu.so[0m
[24.926s] [100%] [1m[32mLinking CXX shared library rosidl_generator_py/vesc_msgs/vesc_msgs_s__rosidl_typesupport_fastrtps_c.cpython-38-aarch64-linux-gnu.so[0m
[24.979s] [100%] Built target vesc_msgs__rosidl_typesupport_introspection_c__pyext
[25.143s] [100%] Built target vesc_msgs__rosidl_typesupport_fastrtps_c__pyext
[25.169s] Invoked command in '/home/meric/f1tenth_ws_rl/build/vesc_msgs' returned '0': CMAKE_PREFIX_PATH=${CMAKE_PREFIX_PATH}:/home/meric/f1tenth_ws_rl/install/f1tenth_stack:/home/meric/f1tenth_ws_rl/install/joy_teleop:/home/meric/f1tenth_ws_rl/install/stanley2_avoidance:/home/meric/f1tenth_ws_rl/install/simple_teleop:/home/meric/f1tenth_ws_rl/install/particle_filter:/home/meric/f1tenth_ws_rl/install/mouse_teleop:/home/meric/f1tenth_ws_rl/install/key_teleop:/home/meric/f1tenth_ws_rl/install/f1tenth_rl:/home/meric/f1tenth_ws_mpc_emergency/install/f1tenth_stack:/home/meric/f1tenth_ws_mpc_emergency/install/joy_teleop:/home/meric/f1tenth_ws_mpc_emergency/install/stanley2_avoidance:/home/meric/f1tenth_ws_mpc_emergency/install/simple_teleop:/home/meric/f1tenth_ws_mpc_emergency/install/particle_filter:/home/meric/f1tenth_ws_mpc_emergency/install/mouse_teleop:/home/meric/f1tenth_ws_mpc_emergency/install/key_teleop:/home/meric/f1tenth_ws/install/f1tenth_stack:/home/meric/f1tenth_ws/install/joy_teleop:/home/meric/f1tenth_ws/install/stanley2_avoidance:/home/meric/f1tenth_ws/install/simple_teleop:/home/meric/f1tenth_ws/install/particle_filter:/home/meric/f1tenth_ws/install/mouse_teleop:/home/meric/f1tenth_ws/install/key_teleop:/opt/ros/foxy /snap/bin/cmake --build /home/meric/f1tenth_ws_rl/build/vesc_msgs -- -j6 -l6
[25.176s] Invoking command in '/home/meric/f1tenth_ws_rl/build/vesc_msgs': CMAKE_PREFIX_PATH=${CMAKE_PREFIX_PATH}:/home/meric/f1tenth_ws_rl/install/f1tenth_stack:/home/meric/f1tenth_ws_rl/install/joy_teleop:/home/meric/f1tenth_ws_rl/install/stanley2_avoidance:/home/meric/f1tenth_ws_rl/install/simple_teleop:/home/meric/f1tenth_ws_rl/install/particle_filter:/home/meric/f1tenth_ws_rl/install/mouse_teleop:/home/meric/f1tenth_ws_rl/install/key_teleop:/home/meric/f1tenth_ws_rl/install/f1tenth_rl:/home/meric/f1tenth_ws_mpc_emergency/install/f1tenth_stack:/home/meric/f1tenth_ws_mpc_emergency/install/joy_teleop:/home/meric/f1tenth_ws_mpc_emergency/install/stanley2_avoidance:/home/meric/f1tenth_ws_mpc_emergency/install/simple_teleop:/home/meric/f1tenth_ws_mpc_emergency/install/particle_filter:/home/meric/f1tenth_ws_mpc_emergency/install/mouse_teleop:/home/meric/f1tenth_ws_mpc_emergency/install/key_teleop:/home/meric/f1tenth_ws/install/f1tenth_stack:/home/meric/f1tenth_ws/install/joy_teleop:/home/meric/f1tenth_ws/install/stanley2_avoidance:/home/meric/f1tenth_ws/install/simple_teleop:/home/meric/f1tenth_ws/install/particle_filter:/home/meric/f1tenth_ws/install/mouse_teleop:/home/meric/f1tenth_ws/install/key_teleop:/opt/ros/foxy /snap/bin/cmake --build /home/meric/f1tenth_ws_rl/build/vesc_msgs --target install -- -j6 -l6
[26.348s] [  1%] Built target vesc_msgs__cpp
[26.348s] [ 12%] Built target vesc_msgs__rosidl_generator_c
[26.348s] [ 23%] Built target vesc_msgs__rosidl_typesupport_cpp
[26.349s] [ 34%] Built target vesc_msgs__rosidl_typesupport_introspection_c
[26.349s] [ 45%] Built target vesc_msgs__rosidl_typesupport_introspection_cpp
[26.349s] [ 56%] Built target vesc_msgs__rosidl_typesupport_fastrtps_cpp
[26.349s] [ 67%] Built target vesc_msgs__rosidl_typesupport_c
[26.349s] [ 78%] Built target vesc_msgs__rosidl_typesupport_fastrtps_c
[26.349s] [ 78%] Built target vesc_msgs
[26.349s] [ 80%] Built target vesc_msgs__py
[26.349s] [ 89%] Built target vesc_msgs__python
[26.350s] [ 92%] Built target vesc_msgs__rosidl_typesupport_fastrtps_c__pyext
[26.350s] [ 96%] Built target vesc_msgs__rosidl_typesupport_introspection_c__pyext
[26.350s] [100%] Built target vesc_msgs__rosidl_typesupport_c__pyext
[26.350s] [36mInstall the project...[0m
[26.350s] 2025/11/14 20:35:26.318337 cmd_run.go:1400: WARNING: cannot create user data directory: failed to verify SELinux context of /home/meric/snap: cannot locate "matchpathcon" executable
[26.351s] -- Install configuration: ""
[26.382s] -- Installing: /home/meric/f1tenth_ws_rl/install/vesc_msgs/share/ament_index/resource_index/rosidl_interfaces/vesc_msgs
[26.382s] -- Installing: /home/meric/f1tenth_ws_rl/install/vesc_msgs/include/vesc_msgs
[26.383s] -- Installing: /home/meric/f1tenth_ws_rl/install/vesc_msgs/include/vesc_msgs/msg
[26.383s] -- Installing: /home/meric/f1tenth_ws_rl/install/vesc_msgs/include/vesc_msgs/msg/rosidl_generator_c__visibility_control.h
[26.383s] -- Installing: /home/meric/f1tenth_ws_rl/install/vesc_msgs/include/vesc_msgs/msg/vesc_state_stamped.h
[26.383s] -- Installing: /home/meric/f1tenth_ws_rl/install/vesc_msgs/include/vesc_msgs/msg/vesc_state.h
[26.383s] -- Installing: /home/meric/f1tenth_ws_rl/install/vesc_msgs/include/vesc_msgs/msg/vesc_imu_stamped.h
[26.384s] -- Installing: /home/meric/f1tenth_ws_rl/install/vesc_msgs/include/vesc_msgs/msg/vesc_imu.h
[26.384s] -- Installing: /home/meric/f1tenth_ws_rl/install/vesc_msgs/include/vesc_msgs/msg/detail
[26.384s] -- Installing: /home/meric/f1tenth_ws_rl/install/vesc_msgs/include/vesc_msgs/msg/detail/vesc_imu_stamped__struct.h
[26.384s] -- Installing: /home/meric/f1tenth_ws_rl/install/vesc_msgs/include/vesc_msgs/msg/detail/vesc_imu_stamped__functions.c
[26.384s] -- Installing: /home/meric/f1tenth_ws_rl/install/vesc_msgs/include/vesc_msgs/msg/detail/vesc_state__functions.h
[26.384s] -- Installing: /home/meric/f1tenth_ws_rl/install/vesc_msgs/include/vesc_msgs/msg/detail/vesc_state__functions.c
[26.384s] -- Installing: /home/meric/f1tenth_ws_rl/install/vesc_msgs/include/vesc_msgs/msg/detail/vesc_imu__functions.h
[26.385s] -- Installing: /home/meric/f1tenth_ws_rl/install/vesc_msgs/include/vesc_msgs/msg/detail/vesc_imu_stamped__type_support.h
[26.385s] -- Installing: /home/meric/f1tenth_ws_rl/install/vesc_msgs/include/vesc_msgs/msg/detail/vesc_state_stamped__functions.h
[26.385s] -- Installing: /home/meric/f1tenth_ws_rl/install/vesc_msgs/include/vesc_msgs/msg/detail/vesc_state__type_support.h
[26.385s] -- Installing: /home/meric/f1tenth_ws_rl/install/vesc_msgs/include/vesc_msgs/msg/detail/vesc_state_stamped__struct.h
[26.385s] -- Installing: /home/meric/f1tenth_ws_rl/install/vesc_msgs/include/vesc_msgs/msg/detail/vesc_state__struct.h
[26.385s] -- Installing: /home/meric/f1tenth_ws_rl/install/vesc_msgs/include/vesc_msgs/msg/detail/vesc_imu__type_support.h
[26.385s] -- Installing: /home/meric/f1tenth_ws_rl/install/vesc_msgs/include/vesc_msgs/msg/detail/vesc_imu__struct.h
[26.385s] -- Installing: /home/meric/f1tenth_ws_rl/install/vesc_msgs/include/vesc_msgs/msg/detail/vesc_state_stamped__type_support.h
[26.386s] -- Installing: /home/meric/f1tenth_ws_rl/install/vesc_msgs/include/vesc_msgs/msg/detail/vesc_imu_stamped__functions.h
[26.386s] -- Installing: /home/meric/f1tenth_ws_rl/install/vesc_msgs/include/vesc_msgs/msg/detail/vesc_state_stamped__functions.c
[26.386s] -- Installing: /home/meric/f1tenth_ws_rl/install/vesc_msgs/include/vesc_msgs/msg/detail/vesc_imu__functions.c
[26.386s] -- Installing: /home/meric/f1tenth_ws_rl/install/vesc_msgs/share/vesc_msgs/environment/library_path.sh
[26.386s] -- Installing: /home/meric/f1tenth_ws_rl/install/vesc_msgs/share/vesc_msgs/environment/library_path.dsv
[26.386s] -- Installing: /home/meric/f1tenth_ws_rl/install/vesc_msgs/lib/libvesc_msgs__rosidl_generator_c.so
[26.386s] -- Set non-toolchain portion of runtime path of "/home/meric/f1tenth_ws_rl/install/vesc_msgs/lib/libvesc_msgs__rosidl_generator_c.so" to ""
[26.386s] -- Up-to-date: /home/meric/f1tenth_ws_rl/install/vesc_msgs/include/vesc_msgs
[26.386s] -- Up-to-date: /home/meric/f1tenth_ws_rl/install/vesc_msgs/include/vesc_msgs/msg
[26.387s] -- Installing: /home/meric/f1tenth_ws_rl/install/vesc_msgs/include/vesc_msgs/msg/rosidl_typesupport_fastrtps_c__visibility_control.h
[26.387s] -- Up-to-date: /home/meric/f1tenth_ws_rl/install/vesc_msgs/include/vesc_msgs/msg/detail
[26.387s] -- Installing: /home/meric/f1tenth_ws_rl/install/vesc_msgs/include/vesc_msgs/msg/detail/vesc_state__rosidl_typesupport_fastrtps_c.h
[26.387s] -- Installing: /home/meric/f1tenth_ws_rl/install/vesc_msgs/include/vesc_msgs/msg/detail/vesc_imu_stamped__rosidl_typesupport_fastrtps_c.h
[26.387s] -- Installing: /home/meric/f1tenth_ws_rl/install/vesc_msgs/include/vesc_msgs/msg/detail/vesc_state_stamped__rosidl_typesupport_fastrtps_c.h
[26.387s] -- Installing: /home/meric/f1tenth_ws_rl/install/vesc_msgs/include/vesc_msgs/msg/detail/vesc_imu__rosidl_typesupport_fastrtps_c.h
[26.388s] -- Installing: /home/meric/f1tenth_ws_rl/install/vesc_msgs/lib/libvesc_msgs__rosidl_typesupport_fastrtps_c.so
[26.433s] -- Set non-toolchain portion of runtime path of "/home/meric/f1tenth_ws_rl/install/vesc_msgs/lib/libvesc_msgs__rosidl_typesupport_fastrtps_c.so" to ""
[26.434s] -- Up-to-date: /home/meric/f1tenth_ws_rl/install/vesc_msgs/include/vesc_msgs
[26.435s] -- Up-to-date: /home/meric/f1tenth_ws_rl/install/vesc_msgs/include/vesc_msgs/msg
[26.435s] -- Installing: /home/meric/f1tenth_ws_rl/install/vesc_msgs/include/vesc_msgs/msg/rosidl_typesupport_fastrtps_cpp__visibility_control.h
[26.436s] -- Up-to-date: /home/meric/f1tenth_ws_rl/install/vesc_msgs/include/vesc_msgs/msg/detail
[26.436s] -- Installing: /home/meric/f1tenth_ws_rl/install/vesc_msgs/include/vesc_msgs/msg/detail/vesc_state__rosidl_typesupport_fastrtps_cpp.hpp
[26.437s] -- Installing: /home/meric/f1tenth_ws_rl/install/vesc_msgs/include/vesc_msgs/msg/detail/dds_fastrtps
[26.437s] -- Installing: /home/meric/f1tenth_ws_rl/install/vesc_msgs/include/vesc_msgs/msg/detail/vesc_imu__rosidl_typesupport_fastrtps_cpp.hpp
[26.438s] -- Installing: /home/meric/f1tenth_ws_rl/install/vesc_msgs/include/vesc_msgs/msg/detail/vesc_state_stamped__rosidl_typesupport_fastrtps_cpp.hpp
[26.438s] -- Installing: /home/meric/f1tenth_ws_rl/install/vesc_msgs/include/vesc_msgs/msg/detail/vesc_imu_stamped__rosidl_typesupport_fastrtps_cpp.hpp
[26.439s] -- Installing: /home/meric/f1tenth_ws_rl/install/vesc_msgs/lib/libvesc_msgs__rosidl_typesupport_fastrtps_cpp.so
[26.439s] -- Set non-toolchain portion of runtime path of "/home/meric/f1tenth_ws_rl/install/vesc_msgs/lib/libvesc_msgs__rosidl_typesupport_fastrtps_cpp.so" to ""
[26.457s] -- Up-to-date: /home/meric/f1tenth_ws_rl/install/vesc_msgs/include/vesc_msgs
[26.458s] -- Up-to-date: /home/meric/f1tenth_ws_rl/install/vesc_msgs/include/vesc_msgs/msg
[26.458s] -- Up-to-date: /home/meric/f1tenth_ws_rl/install/vesc_msgs/include/vesc_msgs/msg/detail
[26.458s] -- Installing: /home/meric/f1tenth_ws_rl/install/vesc_msgs/include/vesc_msgs/msg/detail/vesc_imu_stamped__rosidl_typesupport_introspection_c.h
[26.459s] -- Installing: /home/meric/f1tenth_ws_rl/install/vesc_msgs/include/vesc_msgs/msg/detail/vesc_imu__rosidl_typesupport_introspection_c.h
[26.459s] -- Installing: /home/meric/f1tenth_ws_rl/install/vesc_msgs/include/vesc_msgs/msg/detail/vesc_state__type_support.c
[26.459s] -- Installing: /home/meric/f1tenth_ws_rl/install/vesc_msgs/include/vesc_msgs/msg/detail/vesc_imu_stamped__type_support.c
[26.459s] -- Installing: /home/meric/f1tenth_ws_rl/install/vesc_msgs/include/vesc_msgs/msg/detail/vesc_state_stamped__rosidl_typesupport_introspection_c.h
[26.459s] -- Installing: /home/meric/f1tenth_ws_rl/install/vesc_msgs/include/vesc_msgs/msg/detail/vesc_state__rosidl_typesupport_introspection_c.h
[26.459s] -- Installing: /home/meric/f1tenth_ws_rl/install/vesc_msgs/include/vesc_msgs/msg/detail/vesc_state_stamped__type_support.c
[26.459s] -- Installing: /home/meric/f1tenth_ws_rl/install/vesc_msgs/include/vesc_msgs/msg/detail/vesc_imu__type_support.c
[26.460s] -- Installing: /home/meric/f1tenth_ws_rl/install/vesc_msgs/include/vesc_msgs/msg/rosidl_typesupport_introspection_c__visibility_control.h
[26.460s] -- Installing: /home/meric/f1tenth_ws_rl/install/vesc_msgs/lib/libvesc_msgs__rosidl_typesupport_introspection_c.so
[26.460s] -- Set non-toolchain portion of runtime path of "/home/meric/f1tenth_ws_rl/install/vesc_msgs/lib/libvesc_msgs__rosidl_typesupport_introspection_c.so" to ""
[26.460s] -- Installing: /home/meric/f1tenth_ws_rl/install/vesc_msgs/lib/libvesc_msgs__rosidl_typesupport_c.so
[26.460s] -- Set non-toolchain portion of runtime path of "/home/meric/f1tenth_ws_rl/install/vesc_msgs/lib/libvesc_msgs__rosidl_typesupport_c.so" to ""
[26.460s] -- Up-to-date: /home/meric/f1tenth_ws_rl/install/vesc_msgs/include/vesc_msgs
[26.460s] -- Up-to-date: /home/meric/f1tenth_ws_rl/install/vesc_msgs/include/vesc_msgs/msg
[26.461s] -- Installing: /home/meric/f1tenth_ws_rl/install/vesc_msgs/include/vesc_msgs/msg/vesc_state_stamped.hpp
[26.461s] -- Installing: /home/meric/f1tenth_ws_rl/install/vesc_msgs/include/vesc_msgs/msg/vesc_imu.hpp
[26.461s] -- Installing: /home/meric/f1tenth_ws_rl/install/vesc_msgs/include/vesc_msgs/msg/vesc_imu_stamped.hpp
[26.461s] -- Up-to-date: /home/meric/f1tenth_ws_rl/install/vesc_msgs/include/vesc_msgs/msg/detail
[26.461s] -- Installing: /home/meric/f1tenth_ws_rl/install/vesc_msgs/include/vesc_msgs/msg/detail/vesc_imu_stamped__struct.hpp
[26.461s] -- Installing: /home/meric/f1tenth_ws_rl/install/vesc_msgs/include/vesc_msgs/msg/detail/vesc_state_stamped__traits.hpp
[26.461s] -- Installing: /home/meric/f1tenth_ws_rl/install/vesc_msgs/include/vesc_msgs/msg/detail/vesc_imu__traits.hpp
[26.461s] -- Installing: /home/meric/f1tenth_ws_rl/install/vesc_msgs/include/vesc_msgs/msg/detail/vesc_state_stamped__builder.hpp
[26.462s] -- Installing: /home/meric/f1tenth_ws_rl/install/vesc_msgs/include/vesc_msgs/msg/detail/vesc_imu__builder.hpp
[26.462s] -- Installing: /home/meric/f1tenth_ws_rl/install/vesc_msgs/include/vesc_msgs/msg/detail/vesc_state__type_support.hpp
[26.462s] -- Installing: /home/meric/f1tenth_ws_rl/install/vesc_msgs/include/vesc_msgs/msg/detail/vesc_state_stamped__type_support.hpp
[26.462s] -- Installing: /home/meric/f1tenth_ws_rl/install/vesc_msgs/include/vesc_msgs/msg/detail/vesc_state__builder.hpp
[26.462s] -- Installing: /home/meric/f1tenth_ws_rl/install/vesc_msgs/include/vesc_msgs/msg/detail/vesc_imu_stamped__traits.hpp
[26.462s] -- Installing: /home/meric/f1tenth_ws_rl/install/vesc_msgs/include/vesc_msgs/msg/detail/vesc_state_stamped__struct.hpp
[26.462s] -- Installing: /home/meric/f1tenth_ws_rl/install/vesc_msgs/include/vesc_msgs/msg/detail/vesc_imu_stamped__type_support.hpp
[26.462s] -- Installing: /home/meric/f1tenth_ws_rl/install/vesc_msgs/include/vesc_msgs/msg/detail/vesc_imu_stamped__builder.hpp
[26.462s] -- Installing: /home/meric/f1tenth_ws_rl/install/vesc_msgs/include/vesc_msgs/msg/detail/vesc_imu__type_support.hpp
[26.463s] -- Installing: /home/meric/f1tenth_ws_rl/install/vesc_msgs/include/vesc_msgs/msg/detail/vesc_state__traits.hpp
[26.463s] -- Installing: /home/meric/f1tenth_ws_rl/install/vesc_msgs/include/vesc_msgs/msg/detail/vesc_state__struct.hpp
[26.463s] -- Installing: /home/meric/f1tenth_ws_rl/install/vesc_msgs/include/vesc_msgs/msg/detail/vesc_imu__struct.hpp
[26.463s] -- Installing: /home/meric/f1tenth_ws_rl/install/vesc_msgs/include/vesc_msgs/msg/rosidl_generator_cpp__visibility_control.hpp
[26.463s] -- Installing: /home/meric/f1tenth_ws_rl/install/vesc_msgs/include/vesc_msgs/msg/vesc_state.hpp
[26.463s] -- Up-to-date: /home/meric/f1tenth_ws_rl/install/vesc_msgs/include/vesc_msgs
[26.463s] -- Up-to-date: /home/meric/f1tenth_ws_rl/install/vesc_msgs/include/vesc_msgs/msg
[26.464s] -- Up-to-date: /home/meric/f1tenth_ws_rl/install/vesc_msgs/include/vesc_msgs/msg/detail
[26.464s] -- Installing: /home/meric/f1tenth_ws_rl/install/vesc_msgs/include/vesc_msgs/msg/detail/vesc_imu_stamped__rosidl_typesupport_introspection_cpp.hpp
[26.464s] -- Installing: /home/meric/f1tenth_ws_rl/install/vesc_msgs/include/vesc_msgs/msg/detail/vesc_state_stamped__type_support.cpp
[26.464s] -- Installing: /home/meric/f1tenth_ws_rl/install/vesc_msgs/include/vesc_msgs/msg/detail/vesc_imu__type_support.cpp
[26.464s] -- Installing: /home/meric/f1tenth_ws_rl/install/vesc_msgs/include/vesc_msgs/msg/detail/vesc_imu_stamped__type_support.cpp
[26.464s] -- Installing: /home/meric/f1tenth_ws_rl/install/vesc_msgs/include/vesc_msgs/msg/detail/vesc_imu__rosidl_typesupport_introspection_cpp.hpp
[26.464s] -- Installing: /home/meric/f1tenth_ws_rl/install/vesc_msgs/include/vesc_msgs/msg/detail/vesc_state__rosidl_typesupport_introspection_cpp.hpp
[26.464s] -- Installing: /home/meric/f1tenth_ws_rl/install/vesc_msgs/include/vesc_msgs/msg/detail/vesc_state__type_support.cpp
[26.465s] -- Installing: /home/meric/f1tenth_ws_rl/install/vesc_msgs/include/vesc_msgs/msg/detail/vesc_state_stamped__rosidl_typesupport_introspection_cpp.hpp
[26.465s] -- Installing: /home/meric/f1tenth_ws_rl/install/vesc_msgs/lib/libvesc_msgs__rosidl_typesupport_introspection_cpp.so
[26.465s] -- Set non-toolchain portion of runtime path of "/home/meric/f1tenth_ws_rl/install/vesc_msgs/lib/libvesc_msgs__rosidl_typesupport_introspection_cpp.so" to ""
[26.465s] -- Installing: /home/meric/f1tenth_ws_rl/install/vesc_msgs/lib/libvesc_msgs__rosidl_typesupport_cpp.so
[26.465s] -- Set non-toolchain portion of runtime path of "/home/meric/f1tenth_ws_rl/install/vesc_msgs/lib/libvesc_msgs__rosidl_typesupport_cpp.so" to ""
[26.465s] -- Installing: /home/meric/f1tenth_ws_rl/install/vesc_msgs/share/vesc_msgs/environment/pythonpath.sh
[26.465s] -- Installing: /home/meric/f1tenth_ws_rl/install/vesc_msgs/share/vesc_msgs/environment/pythonpath.dsv
[26.465s] -- Installing: /home/meric/f1tenth_ws_rl/install/vesc_msgs/lib/python3.8/site-packages/vesc_msgs/__init__.py
[26.677s] Compiling '/home/meric/f1tenth_ws_rl/install/vesc_msgs/lib/python3.8/site-packages/vesc_msgs/__init__.py'...
[26.704s] -- Installing: /home/meric/f1tenth_ws_rl/install/vesc_msgs/lib/python3.8/site-packages/vesc_msgs/msg
[26.705s] -- Installing: /home/meric/f1tenth_ws_rl/install/vesc_msgs/lib/python3.8/site-packages/vesc_msgs/msg/_vesc_imu_stamped_s.c
[26.705s] -- Installing: /home/meric/f1tenth_ws_rl/install/vesc_msgs/lib/python3.8/site-packages/vesc_msgs/msg/__init__.py
[26.705s] -- Installing: /home/meric/f1tenth_ws_rl/install/vesc_msgs/lib/python3.8/site-packages/vesc_msgs/msg/_vesc_imu_s.c
[26.705s] -- Installing: /home/meric/f1tenth_ws_rl/install/vesc_msgs/lib/python3.8/site-packages/vesc_msgs/msg/_vesc_state.py
[26.706s] -- Installing: /home/meric/f1tenth_ws_rl/install/vesc_msgs/lib/python3.8/site-packages/vesc_msgs/msg/_vesc_state_stamped_s.c
[26.706s] -- Installing: /home/meric/f1tenth_ws_rl/install/vesc_msgs/lib/python3.8/site-packages/vesc_msgs/msg/_vesc_imu_stamped.py
[26.706s] -- Installing: /home/meric/f1tenth_ws_rl/install/vesc_msgs/lib/python3.8/site-packages/vesc_msgs/msg/_vesc_imu.py
[26.706s] -- Installing: /home/meric/f1tenth_ws_rl/install/vesc_msgs/lib/python3.8/site-packages/vesc_msgs/msg/_vesc_state_s.c
[26.706s] -- Installing: /home/meric/f1tenth_ws_rl/install/vesc_msgs/lib/python3.8/site-packages/vesc_msgs/msg/_vesc_state_stamped.py
[26.706s] -- Installing: /home/meric/f1tenth_ws_rl/install/vesc_msgs/lib/python3.8/site-packages/vesc_msgs/vesc_msgs_s__rosidl_typesupport_fastrtps_c.cpython-38-aarch64-linux-gnu.so
[26.707s] -- Set non-toolchain portion of runtime path of "/home/meric/f1tenth_ws_rl/install/vesc_msgs/lib/python3.8/site-packages/vesc_msgs/vesc_msgs_s__rosidl_typesupport_fastrtps_c.cpython-38-aarch64-linux-gnu.so" to ""
[26.707s] -- Installing: /home/meric/f1tenth_ws_rl/install/vesc_msgs/lib/python3.8/site-packages/vesc_msgs/vesc_msgs_s__rosidl_typesupport_introspection_c.cpython-38-aarch64-linux-gnu.so
[26.712s] -- Set non-toolchain portion of runtime path of "/home/meric/f1tenth_ws_rl/install/vesc_msgs/lib/python3.8/site-packages/vesc_msgs/vesc_msgs_s__rosidl_typesupport_introspection_c.cpython-38-aarch64-linux-gnu.so" to ""
[26.713s] -- Installing: /home/meric/f1tenth_ws_rl/install/vesc_msgs/lib/python3.8/site-packages/vesc_msgs/vesc_msgs_s__rosidl_typesupport_c.cpython-38-aarch64-linux-gnu.so
[26.713s] -- Set non-toolchain portion of runtime path of "/home/meric/f1tenth_ws_rl/install/vesc_msgs/lib/python3.8/site-packages/vesc_msgs/vesc_msgs_s__rosidl_typesupport_c.cpython-38-aarch64-linux-gnu.so" to ""
[26.714s] -- Installing: /home/meric/f1tenth_ws_rl/install/vesc_msgs/lib/libvesc_msgs__python.so
[26.714s] -- Set non-toolchain portion of runtime path of "/home/meric/f1tenth_ws_rl/install/vesc_msgs/lib/libvesc_msgs__python.so" to ""
[26.714s] -- Installing: /home/meric/f1tenth_ws_rl/install/vesc_msgs/share/vesc_msgs/msg/VescState.idl
[26.714s] -- Installing: /home/meric/f1tenth_ws_rl/install/vesc_msgs/share/vesc_msgs/msg/VescStateStamped.idl
[26.714s] -- Installing: /home/meric/f1tenth_ws_rl/install/vesc_msgs/share/vesc_msgs/msg/VescImu.idl
[26.714s] -- Installing: /home/meric/f1tenth_ws_rl/install/vesc_msgs/share/vesc_msgs/msg/VescImuStamped.idl
[26.715s] -- Installing: /home/meric/f1tenth_ws_rl/install/vesc_msgs/share/vesc_msgs/msg/VescState.msg
[26.715s] -- Installing: /home/meric/f1tenth_ws_rl/install/vesc_msgs/share/vesc_msgs/msg/VescStateStamped.msg
[26.715s] -- Installing: /home/meric/f1tenth_ws_rl/install/vesc_msgs/share/vesc_msgs/msg/VescImu.msg
[26.715s] -- Installing: /home/meric/f1tenth_ws_rl/install/vesc_msgs/share/vesc_msgs/msg/VescImuStamped.msg
[26.715s] -- Installing: /home/meric/f1tenth_ws_rl/install/vesc_msgs/share/ament_index/resource_index/package_run_dependencies/vesc_msgs
[26.715s] -- Installing: /home/meric/f1tenth_ws_rl/install/vesc_msgs/share/ament_index/resource_index/parent_prefix_path/vesc_msgs
[26.716s] -- Installing: /home/meric/f1tenth_ws_rl/install/vesc_msgs/share/vesc_msgs/environment/ament_prefix_path.sh
[26.716s] -- Installing: /home/meric/f1tenth_ws_rl/install/vesc_msgs/share/vesc_msgs/environment/ament_prefix_path.dsv
[26.716s] -- Installing: /home/meric/f1tenth_ws_rl/install/vesc_msgs/share/vesc_msgs/environment/path.sh
[26.716s] -- Installing: /home/meric/f1tenth_ws_rl/install/vesc_msgs/share/vesc_msgs/environment/path.dsv
[26.716s] -- Installing: /home/meric/f1tenth_ws_rl/install/vesc_msgs/share/vesc_msgs/local_setup.bash
[26.720s] -- Installing: /home/meric/f1tenth_ws_rl/install/vesc_msgs/share/vesc_msgs/local_setup.sh
[26.720s] -- Installing: /home/meric/f1tenth_ws_rl/install/vesc_msgs/share/vesc_msgs/local_setup.zsh
[26.721s] -- Installing: /home/meric/f1tenth_ws_rl/install/vesc_msgs/share/vesc_msgs/local_setup.dsv
[26.721s] -- Installing: /home/meric/f1tenth_ws_rl/install/vesc_msgs/share/vesc_msgs/package.dsv
[26.721s] -- Installing: /home/meric/f1tenth_ws_rl/install/vesc_msgs/share/ament_index/resource_index/packages/vesc_msgs
[26.721s] -- Installing: /home/meric/f1tenth_ws_rl/install/vesc_msgs/share/vesc_msgs/cmake/vesc_msgs__rosidl_generator_cExport.cmake
[26.721s] -- Installing: /home/meric/f1tenth_ws_rl/install/vesc_msgs/share/vesc_msgs/cmake/vesc_msgs__rosidl_generator_cExport-noconfig.cmake
[26.722s] -- Installing: /home/meric/f1tenth_ws_rl/install/vesc_msgs/share/vesc_msgs/cmake/vesc_msgs__rosidl_typesupport_introspection_cExport.cmake
[26.722s] -- Installing: /home/meric/f1tenth_ws_rl/install/vesc_msgs/share/vesc_msgs/cmake/vesc_msgs__rosidl_typesupport_introspection_cExport-noconfig.cmake
[26.722s] -- Installing: /home/meric/f1tenth_ws_rl/install/vesc_msgs/share/vesc_msgs/cmake/vesc_msgs__rosidl_typesupport_cExport.cmake
[26.723s] -- Installing: /home/meric/f1tenth_ws_rl/install/vesc_msgs/share/vesc_msgs/cmake/vesc_msgs__rosidl_typesupport_cExport-noconfig.cmake
[26.723s] -- Installing: /home/meric/f1tenth_ws_rl/install/vesc_msgs/share/vesc_msgs/cmake/vesc_msgs__rosidl_generator_cppExport.cmake
[26.723s] -- Installing: /home/meric/f1tenth_ws_rl/install/vesc_msgs/share/vesc_msgs/cmake/vesc_msgs__rosidl_typesupport_introspection_cppExport.cmake
[26.724s] -- Installing: /home/meric/f1tenth_ws_rl/install/vesc_msgs/share/vesc_msgs/cmake/vesc_msgs__rosidl_typesupport_introspection_cppExport-noconfig.cmake
[26.736s] -- Installing: /home/meric/f1tenth_ws_rl/install/vesc_msgs/share/vesc_msgs/cmake/vesc_msgs__rosidl_typesupport_cppExport.cmake
[26.737s] -- Installing: /home/meric/f1tenth_ws_rl/install/vesc_msgs/share/vesc_msgs/cmake/vesc_msgs__rosidl_typesupport_cppExport-noconfig.cmake
[26.737s] -- Installing: /home/meric/f1tenth_ws_rl/install/vesc_msgs/share/vesc_msgs/cmake/rosidl_cmake-extras.cmake
[26.738s] -- Installing: /home/meric/f1tenth_ws_rl/install/vesc_msgs/share/vesc_msgs/cmake/ament_cmake_export_dependencies-extras.cmake
[26.739s] -- Installing: /home/meric/f1tenth_ws_rl/install/vesc_msgs/share/vesc_msgs/cmake/ament_cmake_export_libraries-extras.cmake
[26.741s] -- Installing: /home/meric/f1tenth_ws_rl/install/vesc_msgs/share/vesc_msgs/cmake/ament_cmake_export_targets-extras.cmake
[26.741s] -- Installing: /home/meric/f1tenth_ws_rl/install/vesc_msgs/share/vesc_msgs/cmake/ament_cmake_export_include_directories-extras.cmake
[26.741s] -- Installing: /home/meric/f1tenth_ws_rl/install/vesc_msgs/share/vesc_msgs/cmake/rosidl_cmake_export_typesupport_libraries-extras.cmake
[26.741s] -- Installing: /home/meric/f1tenth_ws_rl/install/vesc_msgs/share/vesc_msgs/cmake/rosidl_cmake_export_typesupport_targets-extras.cmake
[26.741s] -- Installing: /home/meric/f1tenth_ws_rl/install/vesc_msgs/share/vesc_msgs/cmake/vesc_msgsConfig.cmake
[26.741s] -- Installing: /home/meric/f1tenth_ws_rl/install/vesc_msgs/share/vesc_msgs/cmake/vesc_msgsConfig-version.cmake
[26.742s] -- Installing: /home/meric/f1tenth_ws_rl/install/vesc_msgs/share/vesc_msgs/package.xml
[26.751s] Invoked command in '/home/meric/f1tenth_ws_rl/build/vesc_msgs' returned '0': CMAKE_PREFIX_PATH=${CMAKE_PREFIX_PATH}:/home/meric/f1tenth_ws_rl/install/f1tenth_stack:/home/meric/f1tenth_ws_rl/install/joy_teleop:/home/meric/f1tenth_ws_rl/install/stanley2_avoidance:/home/meric/f1tenth_ws_rl/install/simple_teleop:/home/meric/f1tenth_ws_rl/install/particle_filter:/home/meric/f1tenth_ws_rl/install/mouse_teleop:/home/meric/f1tenth_ws_rl/install/key_teleop:/home/meric/f1tenth_ws_rl/install/f1tenth_rl:/home/meric/f1tenth_ws_mpc_emergency/install/f1tenth_stack:/home/meric/f1tenth_ws_mpc_emergency/install/joy_teleop:/home/meric/f1tenth_ws_mpc_emergency/install/stanley2_avoidance:/home/meric/f1tenth_ws_mpc_emergency/install/simple_teleop:/home/meric/f1tenth_ws_mpc_emergency/install/particle_filter:/home/meric/f1tenth_ws_mpc_emergency/install/mouse_teleop:/home/meric/f1tenth_ws_mpc_emergency/install/key_teleop:/home/meric/f1tenth_ws/install/f1tenth_stack:/home/meric/f1tenth_ws/install/joy_teleop:/home/meric/f1tenth_ws/install/stanley2_avoidance:/home/meric/f1tenth_ws/install/simple_teleop:/home/meric/f1tenth_ws/install/particle_filter:/home/meric/f1tenth_ws/install/mouse_teleop:/home/meric/f1tenth_ws/install/key_teleop:/opt/ros/foxy /snap/bin/cmake --build /home/meric/f1tenth_ws_rl/build/vesc_msgs --target install -- -j6 -l6
