[0.144s] Invoking command in '/home/meric/f1tenth_ws_rl/build/teleop_tools_msgs': CMAKE_PREFIX_PATH=${CMAKE_PREFIX_PATH}:/home/meric/f1tenth_ws_rl/install/f1tenth_stack:/home/meric/f1tenth_ws_rl/install/joy_teleop:/home/meric/f1tenth_ws_rl/install/stanley2_avoidance:/home/meric/f1tenth_ws_rl/install/simple_teleop:/home/meric/f1tenth_ws_rl/install/particle_filter:/home/meric/f1tenth_ws_rl/install/mouse_teleop:/home/meric/f1tenth_ws_rl/install/key_teleop:/home/meric/f1tenth_ws_rl/install/f1tenth_rl:/home/meric/f1tenth_ws_mpc_emergency/install/f1tenth_stack:/home/meric/f1tenth_ws_mpc_emergency/install/joy_teleop:/home/meric/f1tenth_ws_mpc_emergency/install/stanley2_avoidance:/home/meric/f1tenth_ws_mpc_emergency/install/simple_teleop:/home/meric/f1tenth_ws_mpc_emergency/install/particle_filter:/home/meric/f1tenth_ws_mpc_emergency/install/mouse_teleop:/home/meric/f1tenth_ws_mpc_emergency/install/key_teleop:/home/meric/f1tenth_ws/install/f1tenth_stack:/home/meric/f1tenth_ws/install/joy_teleop:/home/meric/f1tenth_ws/install/stanley2_avoidance:/home/meric/f1tenth_ws/install/simple_teleop:/home/meric/f1tenth_ws/install/particle_filter:/home/meric/f1tenth_ws/install/mouse_teleop:/home/meric/f1tenth_ws/install/key_teleop:/opt/ros/foxy /snap/bin/cmake /home/meric/f1tenth_ws_rl/src/f1tenth_system/teleop_tools/teleop_tools_msgs -DCMAKE_INSTALL_PREFIX=/home/meric/f1tenth_ws_rl/install/teleop_tools_msgs
[1.459s] -- The C compiler identification is GNU 9.4.0
[1.459s] -- The CXX compiler identification is GNU 9.4.0
[1.459s] -- Detecting C compiler ABI info
[1.459s] -- Detecting C compiler ABI info - done
[1.459s] -- Check for working C compiler: /usr/bin/cc - skipped
[1.459s] -- Detecting C compile features
[1.460s] -- Detecting C compile features - done
[1.460s] -- Detecting CXX compiler ABI info
[1.460s] -- Detecting CXX compiler ABI info - done
[1.460s] -- Check for working CXX compiler: /usr/bin/c++ - skipped
[1.460s] -- Detecting CXX compile features
[1.461s] -- Detecting CXX compile features - done
[1.461s] -- Found ament_cmake: 0.9.12 (/opt/ros/foxy/share/ament_cmake/cmake)
[1.461s] -- Found PythonInterp: /usr/bin/python3 (found suitable version "3.8.10", minimum required is "3")
[1.461s] -- Using PYTHON_EXECUTABLE: /usr/bin/python3
[1.470s] 2025/11/14 20:35:01.163010 cmd_run.go:1400: WARNING: cannot create user data directory: failed to verify SELinux context of /home/meric/snap: cannot locate "matchpathcon" executable
[1.471s] [0mCMake Deprecation Warning at CMakeLists.txt:1 (cmake_minimum_required):
[1.472s]   Compatibility with CMake < 3.10 will be removed from a future version of
[1.472s]   CMake.
[1.472s] 
[1.472s]   Update the VERSION argument <min> value.  Or, use the <min>...<max> syntax
[1.472s]   to tell CMake that the project requires at least <min> but has been updated
[1.473s]   to work with policies introduced by <max> or earlier.
[1.473s] 
[1.473s] [0m
[1.473s] [33mCMake Warning (dev) at /opt/ros/foxy/share/ament_cmake_core/cmake/core/python.cmake:22 (find_package):
[1.473s]   Policy CMP0148 is not set: The FindPythonInterp and FindPythonLibs modules
[1.473s]   are removed.  Run "cmake --help-policy CMP0148" for policy details.  Use
[1.473s]   the cmake_policy command to set the policy and suppress this warning.
[1.473s] 
[1.473s] Call Stack (most recent call first):
[1.474s]   /opt/ros/foxy/share/ament_cmake_core/cmake/core/all.cmake:53 (include)
[1.474s]   /opt/ros/foxy/share/ament_cmake_core/cmake/ament_cmake_core-extras.cmake:17 (include)
[1.474s]   /opt/ros/foxy/share/ament_cmake_core/cmake/ament_cmake_coreConfig.cmake:41 (include)
[1.474s]   /opt/ros/foxy/share/ament_cmake/cmake/ament_cmake_export_dependencies-extras.cmake:15 (find_package)
[1.474s]   /opt/ros/foxy/share/ament_cmake/cmake/ament_cmakeConfig.cmake:41 (include)
[1.474s]   CMakeLists.txt:18 (find_package)
[1.474s] This warning is for project developers.  Use -Wno-dev to suppress it.
[1.474s] [0m
[1.764s] -- Found rosidl_default_generators: 1.0.1 (/opt/ros/foxy/share/rosidl_default_generators/cmake)
[1.799s] -- Using all available rosidl_typesupport_c: rosidl_typesupport_fastrtps_c;rosidl_typesupport_introspection_c
[1.839s] -- Found rosidl_adapter: 1.3.1 (/opt/ros/foxy/share/rosidl_adapter/cmake)
[2.259s] -- Found OpenSSL: /usr/lib/aarch64-linux-gnu/libcrypto.so (found version "1.1.1f")
[2.402s] -- Found FastRTPS: /opt/ros/foxy/include
[2.767s] -- Using all available rosidl_typesupport_cpp: rosidl_typesupport_fastrtps_cpp;rosidl_typesupport_introspection_cpp
[2.902s] -- Found ament_lint_auto: 0.9.8 (/opt/ros/foxy/share/ament_lint_auto/cmake)
[3.285s] [33mCMake Warning (dev) at /opt/ros/foxy/share/rosidl_adapter/cmake/rosidl_adapt_interfaces.cmake:40 (find_package):
[3.285s]   Policy CMP0148 is not set: The FindPythonInterp and FindPythonLibs modules
[3.285s]   are removed.  Run "cmake --help-policy CMP0148" for policy details.  Use
[3.285s]   the cmake_policy command to set the policy and suppress this warning.
[3.285s] 
[3.285s] Call Stack (most recent call first):
[3.286s]   /opt/ros/foxy/share/rosidl_cmake/cmake/rosidl_generate_interfaces.cmake:130 (rosidl_adapt_interfaces)
[3.286s]   CMakeLists.txt:26 (rosidl_generate_interfaces)
[3.286s] This warning is for project developers.  Use -Wno-dev to suppress it.
[3.286s] [0m
[3.357s] -- Found PythonInterp: /usr/bin/python3 (found version "3.8.10")
[3.801s] -- Found ament_cmake_ros: 0.9.2 (/opt/ros/foxy/share/ament_cmake_ros/cmake)
[4.300s] -- Using all available rosidl_typesupport_c: rosidl_typesupport_fastrtps_c;rosidl_typesupport_introspection_c
[4.379s] -- Using all available rosidl_typesupport_cpp: rosidl_typesupport_fastrtps_cpp;rosidl_typesupport_introspection_cpp
[4.405s] [33mCMake Warning (dev) at /opt/ros/foxy/share/rosidl_generator_py/cmake/rosidl_generator_py_generate_interfaces.cmake:20 (find_package):
[4.405s]   Policy CMP0148 is not set: The FindPythonInterp and FindPythonLibs modules
[4.405s]   are removed.  Run "cmake --help-policy CMP0148" for policy details.  Use
[4.405s]   the cmake_policy command to set the policy and suppress this warning.
[4.405s] 
[4.406s] Call Stack (most recent call first):
[4.406s]   /opt/ros/foxy/share/ament_cmake_core/cmake/core/ament_execute_extensions.cmake:48 (include)
[4.406s]   /opt/ros/foxy/share/rosidl_cmake/cmake/rosidl_generate_interfaces.cmake:286 (ament_execute_extensions)
[4.406s]   CMakeLists.txt:26 (rosidl_generate_interfaces)
[4.406s] This warning is for project developers.  Use -Wno-dev to suppress it.
[4.406s] [0m
[4.477s] -- Found PythonInterp: /usr/bin/python3 (found suitable version "3.8.10", minimum required is "3.5")
[4.489s] -- Found python_cmake_module: 0.8.1 (/opt/ros/foxy/share/python_cmake_module/cmake)
[4.491s] [33mCMake Warning (dev) at /opt/ros/foxy/share/python_cmake_module/cmake/Modules/FindPythonExtra.cmake:45 (find_package):
[4.492s]   Policy CMP0148 is not set: The FindPythonInterp and FindPythonLibs modules
[4.492s]   are removed.  Run "cmake --help-policy CMP0148" for policy details.  Use
[4.492s]   the cmake_policy command to set the policy and suppress this warning.
[4.492s] 
[4.492s] Call Stack (most recent call first):
[4.492s]   /opt/ros/foxy/share/rosidl_generator_py/cmake/rosidl_generator_py_generate_interfaces.cmake:23 (find_package)
[4.492s]   /opt/ros/foxy/share/ament_cmake_core/cmake/core/ament_execute_extensions.cmake:48 (include)
[4.493s]   /opt/ros/foxy/share/rosidl_cmake/cmake/rosidl_generate_interfaces.cmake:286 (ament_execute_extensions)
[4.493s]   CMakeLists.txt:26 (rosidl_generate_interfaces)
[4.493s] This warning is for project developers.  Use -Wno-dev to suppress it.
[4.493s] [0m
[4.559s] [33mCMake Warning (dev) at /opt/ros/foxy/share/python_cmake_module/cmake/Modules/FindPythonExtra.cmake:133 (find_package):
[4.559s]   Policy CMP0148 is not set: The FindPythonInterp and FindPythonLibs modules
[4.559s]   are removed.  Run "cmake --help-policy CMP0148" for policy details.  Use
[4.560s]   the cmake_policy command to set the policy and suppress this warning.
[4.560s] 
[4.560s] Call Stack (most recent call first):
[4.560s]   /opt/ros/foxy/share/rosidl_generator_py/cmake/rosidl_generator_py_generate_interfaces.cmake:23 (find_package)
[4.560s]   /opt/ros/foxy/share/ament_cmake_core/cmake/core/ament_execute_extensions.cmake:48 (include)
[4.560s]   /opt/ros/foxy/share/rosidl_cmake/cmake/rosidl_generate_interfaces.cmake:286 (ament_execute_extensions)
[4.560s]   CMakeLists.txt:26 (rosidl_generate_interfaces)
[4.560s] This warning is for project developers.  Use -Wno-dev to suppress it.
[4.561s] [0m
[4.595s] -- Found PythonLibs: /usr/lib/aarch64-linux-gnu/libpython3.8.so (found suitable version "3.8.10", minimum required is "3.5")
[4.595s] -- Using PYTHON_EXECUTABLE: /usr/bin/python3
[4.595s] -- Using PYTHON_INCLUDE_DIRS: /usr/include/python3.8
[4.595s] -- Using PYTHON_LIBRARIES: /usr/lib/aarch64-linux-gnu/libpython3.8.so
[4.654s] -- Found PythonExtra: .so
[4.872s] -- Added test 'copyright' to check source files copyright and LICENSE
[4.882s] -- Added test 'lint_cmake' to check CMake code style
[4.885s] -- Added test 'xmllint' to check XML markup files
[4.902s] -- Configuring done (4.6s)
[5.042s] -- Generating done (0.1s)
[5.068s] -- Build files have been written to: /home/meric/f1tenth_ws_rl/build/teleop_tools_msgs
[5.094s] Invoked command in '/home/meric/f1tenth_ws_rl/build/teleop_tools_msgs' returned '0': CMAKE_PREFIX_PATH=${CMAKE_PREFIX_PATH}:/home/meric/f1tenth_ws_rl/install/f1tenth_stack:/home/meric/f1tenth_ws_rl/install/joy_teleop:/home/meric/f1tenth_ws_rl/install/stanley2_avoidance:/home/meric/f1tenth_ws_rl/install/simple_teleop:/home/meric/f1tenth_ws_rl/install/particle_filter:/home/meric/f1tenth_ws_rl/install/mouse_teleop:/home/meric/f1tenth_ws_rl/install/key_teleop:/home/meric/f1tenth_ws_rl/install/f1tenth_rl:/home/meric/f1tenth_ws_mpc_emergency/install/f1tenth_stack:/home/meric/f1tenth_ws_mpc_emergency/install/joy_teleop:/home/meric/f1tenth_ws_mpc_emergency/install/stanley2_avoidance:/home/meric/f1tenth_ws_mpc_emergency/install/simple_teleop:/home/meric/f1tenth_ws_mpc_emergency/install/particle_filter:/home/meric/f1tenth_ws_mpc_emergency/install/mouse_teleop:/home/meric/f1tenth_ws_mpc_emergency/install/key_teleop:/home/meric/f1tenth_ws/install/f1tenth_stack:/home/meric/f1tenth_ws/install/joy_teleop:/home/meric/f1tenth_ws/install/stanley2_avoidance:/home/meric/f1tenth_ws/install/simple_teleop:/home/meric/f1tenth_ws/install/particle_filter:/home/meric/f1tenth_ws/install/mouse_teleop:/home/meric/f1tenth_ws/install/key_teleop:/opt/ros/foxy /snap/bin/cmake /home/meric/f1tenth_ws_rl/src/f1tenth_system/teleop_tools/teleop_tools_msgs -DCMAKE_INSTALL_PREFIX=/home/meric/f1tenth_ws_rl/install/teleop_tools_msgs
[5.103s] Invoking command in '/home/meric/f1tenth_ws_rl/build/teleop_tools_msgs': CMAKE_PREFIX_PATH=${CMAKE_PREFIX_PATH}:/home/meric/f1tenth_ws_rl/install/f1tenth_stack:/home/meric/f1tenth_ws_rl/install/joy_teleop:/home/meric/f1tenth_ws_rl/install/stanley2_avoidance:/home/meric/f1tenth_ws_rl/install/simple_teleop:/home/meric/f1tenth_ws_rl/install/particle_filter:/home/meric/f1tenth_ws_rl/install/mouse_teleop:/home/meric/f1tenth_ws_rl/install/key_teleop:/home/meric/f1tenth_ws_rl/install/f1tenth_rl:/home/meric/f1tenth_ws_mpc_emergency/install/f1tenth_stack:/home/meric/f1tenth_ws_mpc_emergency/install/joy_teleop:/home/meric/f1tenth_ws_mpc_emergency/install/stanley2_avoidance:/home/meric/f1tenth_ws_mpc_emergency/install/simple_teleop:/home/meric/f1tenth_ws_mpc_emergency/install/particle_filter:/home/meric/f1tenth_ws_mpc_emergency/install/mouse_teleop:/home/meric/f1tenth_ws_mpc_emergency/install/key_teleop:/home/meric/f1tenth_ws/install/f1tenth_stack:/home/meric/f1tenth_ws/install/joy_teleop:/home/meric/f1tenth_ws/install/stanley2_avoidance:/home/meric/f1tenth_ws/install/simple_teleop:/home/meric/f1tenth_ws/install/particle_filter:/home/meric/f1tenth_ws/install/mouse_teleop:/home/meric/f1tenth_ws/install/key_teleop:/opt/ros/foxy /snap/bin/cmake --build /home/meric/f1tenth_ws_rl/build/teleop_tools_msgs -- -j6 -l6
[5.245s] 2025/11/14 20:35:06.158100 cmd_run.go:1400: WARNING: cannot create user data directory: failed to verify SELinux context of /home/meric/snap: cannot locate "matchpathcon" executable
[5.389s] [  3%] [1m[34mGenerating C code for ROS interfaces[0m
[5.393s] [  6%] [1m[34mGenerating C++ code for ROS interfaces[0m
[6.571s] [  6%] Built target teleop_tools_msgs__cpp
[6.631s] [  9%] [1m[34mGenerating C++ type support for eProsima Fast-RTPS[0m
[6.637s] [ 12%] [1m[34mGenerating C++ introspection for ROS interfaces[0m
[6.642s] [ 16%] [1m[34mGenerating C++ type support dispatch for ROS interfaces[0m
[6.904s] [ 19%] [32mBuilding C object CMakeFiles/teleop_tools_msgs__rosidl_generator_c.dir/rosidl_generator_c/teleop_tools_msgs/action/detail/increment__functions.c.o[0m
[7.848s] [ 22%] [1m[32mLinking C shared library libteleop_tools_msgs__rosidl_generator_c.so[0m
[7.885s] [ 25%] [32mBuilding CXX object CMakeFiles/teleop_tools_msgs__rosidl_typesupport_fastrtps_cpp.dir/rosidl_typesupport_fastrtps_cpp/teleop_tools_msgs/action/detail/dds_fastrtps/increment__type_support.cpp.o[0m
[8.057s] [ 29%] [32mBuilding CXX object CMakeFiles/teleop_tools_msgs__rosidl_typesupport_introspection_cpp.dir/rosidl_typesupport_introspection_cpp/teleop_tools_msgs/action/detail/increment__type_support.cpp.o[0m
[8.060s] [ 29%] Built target teleop_tools_msgs__rosidl_generator_c
[8.091s] [ 32%] [1m[34mGenerating C introspection for ROS interfaces[0m
[8.106s] [ 35%] [1m[34mGenerating C type support dispatch for ROS interfaces[0m
[8.247s] [ 38%] [32mBuilding CXX object CMakeFiles/teleop_tools_msgs__rosidl_typesupport_cpp.dir/rosidl_typesupport_cpp/teleop_tools_msgs/action/increment__type_support.cpp.o[0m
[9.300s] [ 41%] [32mBuilding C object CMakeFiles/teleop_tools_msgs__rosidl_typesupport_introspection_c.dir/rosidl_typesupport_introspection_c/teleop_tools_msgs/action/detail/increment__type_support.c.o[0m
[9.647s] [ 45%] [32mBuilding CXX object CMakeFiles/teleop_tools_msgs__rosidl_typesupport_c.dir/rosidl_typesupport_c/teleop_tools_msgs/action/increment__type_support.cpp.o[0m
[9.713s] [ 48%] [1m[32mLinking C shared library libteleop_tools_msgs__rosidl_typesupport_introspection_c.so[0m
[9.782s] [ 51%] [1m[32mLinking CXX shared library libteleop_tools_msgs__rosidl_typesupport_cpp.so[0m
[9.855s] [ 51%] Built target teleop_tools_msgs__rosidl_typesupport_introspection_c
[9.968s] [ 51%] Built target teleop_tools_msgs__rosidl_typesupport_cpp
[9.984s] [ 54%] [1m[32mLinking CXX shared library libteleop_tools_msgs__rosidl_typesupport_c.so[0m
[10.202s] [ 54%] Built target teleop_tools_msgs__rosidl_typesupport_c
[10.455s] [ 58%] [1m[32mLinking CXX shared library libteleop_tools_msgs__rosidl_typesupport_introspection_cpp.so[0m
[10.820s] [ 58%] Built target teleop_tools_msgs__rosidl_typesupport_introspection_cpp
[11.329s] [ 61%] [1m[32mLinking CXX shared library libteleop_tools_msgs__rosidl_typesupport_fastrtps_cpp.so[0m
[11.727s] [ 61%] Built target teleop_tools_msgs__rosidl_typesupport_fastrtps_cpp
[11.782s] [ 64%] [1m[34mGenerating C type support for eProsima Fast-RTPS[0m
[13.705s] [ 67%] [32mBuilding CXX object CMakeFiles/teleop_tools_msgs__rosidl_typesupport_fastrtps_c.dir/rosidl_typesupport_fastrtps_c/teleop_tools_msgs/action/detail/increment__type_support_c.cpp.o[0m
[15.544s] [ 70%] [1m[32mLinking CXX shared library libteleop_tools_msgs__rosidl_typesupport_fastrtps_c.so[0m
[15.772s] [ 70%] Built target teleop_tools_msgs__rosidl_typesupport_fastrtps_c
[15.833s] [ 70%] Built target teleop_tools_msgs
[15.887s] [ 74%] [1m[34mGenerating Python code for ROS interfaces[0m
[17.969s] [ 74%] Built target teleop_tools_msgs__py
[17.991s] [ 77%] [32mBuilding C object CMakeFiles/teleop_tools_msgs__python.dir/rosidl_generator_py/teleop_tools_msgs/action/_increment_s.c.o[0m
[18.735s] [ 80%] [1m[32mLinking C shared library rosidl_generator_py/teleop_tools_msgs/libteleop_tools_msgs__python.so[0m
[18.979s] [ 80%] Built target teleop_tools_msgs__python
[19.075s] [ 83%] [32mBuilding C object CMakeFiles/teleop_tools_msgs__rosidl_typesupport_fastrtps_c__pyext.dir/rosidl_generator_py/teleop_tools_msgs/_teleop_tools_msgs_s.ep.rosidl_typesupport_fastrtps_c.c.o[0m
[19.095s] [ 87%] [32mBuilding C object CMakeFiles/teleop_tools_msgs__rosidl_typesupport_introspection_c__pyext.dir/rosidl_generator_py/teleop_tools_msgs/_teleop_tools_msgs_s.ep.rosidl_typesupport_introspection_c.c.o[0m
[19.143s] [ 90%] [32mBuilding C object CMakeFiles/teleop_tools_msgs__rosidl_typesupport_c__pyext.dir/rosidl_generator_py/teleop_tools_msgs/_teleop_tools_msgs_s.ep.rosidl_typesupport_c.c.o[0m
[19.535s] [ 93%] [1m[32mLinking C shared library rosidl_generator_py/teleop_tools_msgs/teleop_tools_msgs_s__rosidl_typesupport_c.cpython-38-aarch64-linux-gnu.so[0m
[19.572s] [ 96%] [1m[32mLinking C shared library rosidl_generator_py/teleop_tools_msgs/teleop_tools_msgs_s__rosidl_typesupport_introspection_c.cpython-38-aarch64-linux-gnu.so[0m
[19.583s] [100%] [1m[32mLinking CXX shared library rosidl_generator_py/teleop_tools_msgs/teleop_tools_msgs_s__rosidl_typesupport_fastrtps_c.cpython-38-aarch64-linux-gnu.so[0m
[19.683s] [100%] Built target teleop_tools_msgs__rosidl_typesupport_c__pyext
[19.743s] [100%] Built target teleop_tools_msgs__rosidl_typesupport_introspection_c__pyext
[19.834s] [100%] Built target teleop_tools_msgs__rosidl_typesupport_fastrtps_c__pyext
[19.869s] Invoked command in '/home/meric/f1tenth_ws_rl/build/teleop_tools_msgs' returned '0': CMAKE_PREFIX_PATH=${CMAKE_PREFIX_PATH}:/home/meric/f1tenth_ws_rl/install/f1tenth_stack:/home/meric/f1tenth_ws_rl/install/joy_teleop:/home/meric/f1tenth_ws_rl/install/stanley2_avoidance:/home/meric/f1tenth_ws_rl/install/simple_teleop:/home/meric/f1tenth_ws_rl/install/particle_filter:/home/meric/f1tenth_ws_rl/install/mouse_teleop:/home/meric/f1tenth_ws_rl/install/key_teleop:/home/meric/f1tenth_ws_rl/install/f1tenth_rl:/home/meric/f1tenth_ws_mpc_emergency/install/f1tenth_stack:/home/meric/f1tenth_ws_mpc_emergency/install/joy_teleop:/home/meric/f1tenth_ws_mpc_emergency/install/stanley2_avoidance:/home/meric/f1tenth_ws_mpc_emergency/install/simple_teleop:/home/meric/f1tenth_ws_mpc_emergency/install/particle_filter:/home/meric/f1tenth_ws_mpc_emergency/install/mouse_teleop:/home/meric/f1tenth_ws_mpc_emergency/install/key_teleop:/home/meric/f1tenth_ws/install/f1tenth_stack:/home/meric/f1tenth_ws/install/joy_teleop:/home/meric/f1tenth_ws/install/stanley2_avoidance:/home/meric/f1tenth_ws/install/simple_teleop:/home/meric/f1tenth_ws/install/particle_filter:/home/meric/f1tenth_ws/install/mouse_teleop:/home/meric/f1tenth_ws/install/key_teleop:/opt/ros/foxy /snap/bin/cmake --build /home/meric/f1tenth_ws_rl/build/teleop_tools_msgs -- -j6 -l6
[20.155s] Invoking command in '/home/meric/f1tenth_ws_rl/build/teleop_tools_msgs': CMAKE_PREFIX_PATH=${CMAKE_PREFIX_PATH}:/home/meric/f1tenth_ws_rl/install/f1tenth_stack:/home/meric/f1tenth_ws_rl/install/joy_teleop:/home/meric/f1tenth_ws_rl/install/stanley2_avoidance:/home/meric/f1tenth_ws_rl/install/simple_teleop:/home/meric/f1tenth_ws_rl/install/particle_filter:/home/meric/f1tenth_ws_rl/install/mouse_teleop:/home/meric/f1tenth_ws_rl/install/key_teleop:/home/meric/f1tenth_ws_rl/install/f1tenth_rl:/home/meric/f1tenth_ws_mpc_emergency/install/f1tenth_stack:/home/meric/f1tenth_ws_mpc_emergency/install/joy_teleop:/home/meric/f1tenth_ws_mpc_emergency/install/stanley2_avoidance:/home/meric/f1tenth_ws_mpc_emergency/install/simple_teleop:/home/meric/f1tenth_ws_mpc_emergency/install/particle_filter:/home/meric/f1tenth_ws_mpc_emergency/install/mouse_teleop:/home/meric/f1tenth_ws_mpc_emergency/install/key_teleop:/home/meric/f1tenth_ws/install/f1tenth_stack:/home/meric/f1tenth_ws/install/joy_teleop:/home/meric/f1tenth_ws/install/stanley2_avoidance:/home/meric/f1tenth_ws/install/simple_teleop:/home/meric/f1tenth_ws/install/particle_filter:/home/meric/f1tenth_ws/install/mouse_teleop:/home/meric/f1tenth_ws/install/key_teleop:/opt/ros/foxy /snap/bin/cmake --build /home/meric/f1tenth_ws_rl/build/teleop_tools_msgs --target install -- -j6 -l6
[20.371s] 2025/11/14 20:35:21.285872 cmd_run.go:1400: WARNING: cannot create user data directory: failed to verify SELinux context of /home/meric/snap: cannot locate "matchpathcon" executable
[20.603s] [  3%] Built target teleop_tools_msgs__cpp
[20.632s] [ 12%] Built target teleop_tools_msgs__rosidl_generator_c
[20.767s] [ 22%] Built target teleop_tools_msgs__rosidl_typesupport_cpp
[20.786s] [ 32%] Built target teleop_tools_msgs__rosidl_typesupport_fastrtps_cpp
[20.791s] [ 41%] Built target teleop_tools_msgs__rosidl_typesupport_introspection_c
[20.797s] [ 51%] Built target teleop_tools_msgs__rosidl_typesupport_introspection_cpp
[20.817s] [ 61%] Built target teleop_tools_msgs__rosidl_typesupport_c
[20.895s] [ 70%] Built target teleop_tools_msgs__rosidl_typesupport_fastrtps_c
[21.004s] [ 70%] Built target teleop_tools_msgs
[21.084s] [ 74%] Built target teleop_tools_msgs__py
[21.196s] [ 80%] Built target teleop_tools_msgs__python
[21.348s] [ 87%] Built target teleop_tools_msgs__rosidl_typesupport_fastrtps_c__pyext
[21.375s] [ 93%] Built target teleop_tools_msgs__rosidl_typesupport_introspection_c__pyext
[21.392s] [100%] Built target teleop_tools_msgs__rosidl_typesupport_c__pyext
[21.471s] [36mInstall the project...[0m
[21.489s] -- Install configuration: ""
[21.491s] -- Installing: /home/meric/f1tenth_ws_rl/install/teleop_tools_msgs/share/ament_index/resource_index/rosidl_interfaces/teleop_tools_msgs
[21.492s] -- Installing: /home/meric/f1tenth_ws_rl/install/teleop_tools_msgs/include/teleop_tools_msgs
[21.492s] -- Installing: /home/meric/f1tenth_ws_rl/install/teleop_tools_msgs/include/teleop_tools_msgs/msg
[21.492s] -- Installing: /home/meric/f1tenth_ws_rl/install/teleop_tools_msgs/include/teleop_tools_msgs/msg/rosidl_generator_c__visibility_control.h
[21.492s] -- Installing: /home/meric/f1tenth_ws_rl/install/teleop_tools_msgs/include/teleop_tools_msgs/action
[21.492s] -- Installing: /home/meric/f1tenth_ws_rl/install/teleop_tools_msgs/include/teleop_tools_msgs/action/detail
[21.492s] -- Installing: /home/meric/f1tenth_ws_rl/install/teleop_tools_msgs/include/teleop_tools_msgs/action/detail/increment__functions.h
[21.492s] -- Installing: /home/meric/f1tenth_ws_rl/install/teleop_tools_msgs/include/teleop_tools_msgs/action/detail/increment__struct.h
[21.493s] -- Installing: /home/meric/f1tenth_ws_rl/install/teleop_tools_msgs/include/teleop_tools_msgs/action/detail/increment__type_support.h
[21.501s] -- Installing: /home/meric/f1tenth_ws_rl/install/teleop_tools_msgs/include/teleop_tools_msgs/action/detail/increment__functions.c
[21.501s] -- Installing: /home/meric/f1tenth_ws_rl/install/teleop_tools_msgs/include/teleop_tools_msgs/action/increment.h
[21.501s] -- Installing: /home/meric/f1tenth_ws_rl/install/teleop_tools_msgs/share/teleop_tools_msgs/environment/library_path.sh
[21.501s] -- Installing: /home/meric/f1tenth_ws_rl/install/teleop_tools_msgs/share/teleop_tools_msgs/environment/library_path.dsv
[21.502s] -- Installing: /home/meric/f1tenth_ws_rl/install/teleop_tools_msgs/lib/libteleop_tools_msgs__rosidl_generator_c.so
[21.502s] -- Set non-toolchain portion of runtime path of "/home/meric/f1tenth_ws_rl/install/teleop_tools_msgs/lib/libteleop_tools_msgs__rosidl_generator_c.so" to ""
[21.503s] -- Up-to-date: /home/meric/f1tenth_ws_rl/install/teleop_tools_msgs/include/teleop_tools_msgs
[21.503s] -- Up-to-date: /home/meric/f1tenth_ws_rl/install/teleop_tools_msgs/include/teleop_tools_msgs/msg
[21.503s] -- Installing: /home/meric/f1tenth_ws_rl/install/teleop_tools_msgs/include/teleop_tools_msgs/msg/rosidl_typesupport_fastrtps_c__visibility_control.h
[21.503s] -- Up-to-date: /home/meric/f1tenth_ws_rl/install/teleop_tools_msgs/include/teleop_tools_msgs/action
[21.504s] -- Up-to-date: /home/meric/f1tenth_ws_rl/install/teleop_tools_msgs/include/teleop_tools_msgs/action/detail
[21.504s] -- Installing: /home/meric/f1tenth_ws_rl/install/teleop_tools_msgs/include/teleop_tools_msgs/action/detail/increment__rosidl_typesupport_fastrtps_c.h
[21.504s] -- Installing: /home/meric/f1tenth_ws_rl/install/teleop_tools_msgs/lib/libteleop_tools_msgs__rosidl_typesupport_fastrtps_c.so
[21.504s] -- Set non-toolchain portion of runtime path of "/home/meric/f1tenth_ws_rl/install/teleop_tools_msgs/lib/libteleop_tools_msgs__rosidl_typesupport_fastrtps_c.so" to ""
[21.505s] -- Up-to-date: /home/meric/f1tenth_ws_rl/install/teleop_tools_msgs/include/teleop_tools_msgs
[21.505s] -- Up-to-date: /home/meric/f1tenth_ws_rl/install/teleop_tools_msgs/include/teleop_tools_msgs/msg
[21.505s] -- Installing: /home/meric/f1tenth_ws_rl/install/teleop_tools_msgs/include/teleop_tools_msgs/msg/rosidl_typesupport_fastrtps_cpp__visibility_control.h
[21.505s] -- Up-to-date: /home/meric/f1tenth_ws_rl/install/teleop_tools_msgs/include/teleop_tools_msgs/action
[21.506s] -- Up-to-date: /home/meric/f1tenth_ws_rl/install/teleop_tools_msgs/include/teleop_tools_msgs/action/detail
[21.506s] -- Installing: /home/meric/f1tenth_ws_rl/install/teleop_tools_msgs/include/teleop_tools_msgs/action/detail/increment__rosidl_typesupport_fastrtps_cpp.hpp
[21.506s] -- Installing: /home/meric/f1tenth_ws_rl/install/teleop_tools_msgs/include/teleop_tools_msgs/action/detail/dds_fastrtps
[21.507s] -- Installing: /home/meric/f1tenth_ws_rl/install/teleop_tools_msgs/lib/libteleop_tools_msgs__rosidl_typesupport_fastrtps_cpp.so
[21.508s] -- Set non-toolchain portion of runtime path of "/home/meric/f1tenth_ws_rl/install/teleop_tools_msgs/lib/libteleop_tools_msgs__rosidl_typesupport_fastrtps_cpp.so" to ""
[21.508s] -- Up-to-date: /home/meric/f1tenth_ws_rl/install/teleop_tools_msgs/include/teleop_tools_msgs
[21.508s] -- Up-to-date: /home/meric/f1tenth_ws_rl/install/teleop_tools_msgs/include/teleop_tools_msgs/msg
[21.508s] -- Installing: /home/meric/f1tenth_ws_rl/install/teleop_tools_msgs/include/teleop_tools_msgs/msg/rosidl_typesupport_introspection_c__visibility_control.h
[21.509s] -- Up-to-date: /home/meric/f1tenth_ws_rl/install/teleop_tools_msgs/include/teleop_tools_msgs/action
[21.509s] -- Up-to-date: /home/meric/f1tenth_ws_rl/install/teleop_tools_msgs/include/teleop_tools_msgs/action/detail
[21.509s] -- Installing: /home/meric/f1tenth_ws_rl/install/teleop_tools_msgs/include/teleop_tools_msgs/action/detail/increment__rosidl_typesupport_introspection_c.h
[21.510s] -- Installing: /home/meric/f1tenth_ws_rl/install/teleop_tools_msgs/include/teleop_tools_msgs/action/detail/increment__type_support.c
[21.510s] -- Installing: /home/meric/f1tenth_ws_rl/install/teleop_tools_msgs/lib/libteleop_tools_msgs__rosidl_typesupport_introspection_c.so
[21.511s] -- Set non-toolchain portion of runtime path of "/home/meric/f1tenth_ws_rl/install/teleop_tools_msgs/lib/libteleop_tools_msgs__rosidl_typesupport_introspection_c.so" to ""
[21.511s] -- Installing: /home/meric/f1tenth_ws_rl/install/teleop_tools_msgs/lib/libteleop_tools_msgs__rosidl_typesupport_c.so
[21.512s] -- Set non-toolchain portion of runtime path of "/home/meric/f1tenth_ws_rl/install/teleop_tools_msgs/lib/libteleop_tools_msgs__rosidl_typesupport_c.so" to ""
[21.512s] -- Up-to-date: /home/meric/f1tenth_ws_rl/install/teleop_tools_msgs/include/teleop_tools_msgs
[21.513s] -- Up-to-date: /home/meric/f1tenth_ws_rl/install/teleop_tools_msgs/include/teleop_tools_msgs/msg
[21.513s] -- Installing: /home/meric/f1tenth_ws_rl/install/teleop_tools_msgs/include/teleop_tools_msgs/msg/rosidl_generator_cpp__visibility_control.hpp
[21.513s] -- Up-to-date: /home/meric/f1tenth_ws_rl/install/teleop_tools_msgs/include/teleop_tools_msgs/action
[21.513s] -- Installing: /home/meric/f1tenth_ws_rl/install/teleop_tools_msgs/include/teleop_tools_msgs/action/increment.hpp
[21.514s] -- Up-to-date: /home/meric/f1tenth_ws_rl/install/teleop_tools_msgs/include/teleop_tools_msgs/action/detail
[21.514s] -- Installing: /home/meric/f1tenth_ws_rl/install/teleop_tools_msgs/include/teleop_tools_msgs/action/detail/increment__struct.hpp
[21.514s] -- Installing: /home/meric/f1tenth_ws_rl/install/teleop_tools_msgs/include/teleop_tools_msgs/action/detail/increment__traits.hpp
[21.515s] -- Installing: /home/meric/f1tenth_ws_rl/install/teleop_tools_msgs/include/teleop_tools_msgs/action/detail/increment__type_support.hpp
[21.515s] -- Installing: /home/meric/f1tenth_ws_rl/install/teleop_tools_msgs/include/teleop_tools_msgs/action/detail/increment__builder.hpp
[21.516s] -- Up-to-date: /home/meric/f1tenth_ws_rl/install/teleop_tools_msgs/include/teleop_tools_msgs
[21.516s] -- Up-to-date: /home/meric/f1tenth_ws_rl/install/teleop_tools_msgs/include/teleop_tools_msgs/action
[21.516s] -- Up-to-date: /home/meric/f1tenth_ws_rl/install/teleop_tools_msgs/include/teleop_tools_msgs/action/detail
[21.517s] -- Installing: /home/meric/f1tenth_ws_rl/install/teleop_tools_msgs/include/teleop_tools_msgs/action/detail/increment__rosidl_typesupport_introspection_cpp.hpp
[21.524s] -- Installing: /home/meric/f1tenth_ws_rl/install/teleop_tools_msgs/include/teleop_tools_msgs/action/detail/increment__type_support.cpp
[21.525s] -- Installing: /home/meric/f1tenth_ws_rl/install/teleop_tools_msgs/lib/libteleop_tools_msgs__rosidl_typesupport_introspection_cpp.so
[21.525s] -- Set non-toolchain portion of runtime path of "/home/meric/f1tenth_ws_rl/install/teleop_tools_msgs/lib/libteleop_tools_msgs__rosidl_typesupport_introspection_cpp.so" to ""
[21.525s] -- Installing: /home/meric/f1tenth_ws_rl/install/teleop_tools_msgs/lib/libteleop_tools_msgs__rosidl_typesupport_cpp.so
[21.525s] -- Set non-toolchain portion of runtime path of "/home/meric/f1tenth_ws_rl/install/teleop_tools_msgs/lib/libteleop_tools_msgs__rosidl_typesupport_cpp.so" to ""
[21.525s] -- Installing: /home/meric/f1tenth_ws_rl/install/teleop_tools_msgs/share/teleop_tools_msgs/environment/pythonpath.sh
[21.526s] -- Installing: /home/meric/f1tenth_ws_rl/install/teleop_tools_msgs/share/teleop_tools_msgs/environment/pythonpath.dsv
[21.526s] -- Installing: /home/meric/f1tenth_ws_rl/install/teleop_tools_msgs/lib/python3.8/site-packages/teleop_tools_msgs/__init__.py
[21.734s] Compiling '/home/meric/f1tenth_ws_rl/install/teleop_tools_msgs/lib/python3.8/site-packages/teleop_tools_msgs/__init__.py'...
[21.769s] -- Installing: /home/meric/f1tenth_ws_rl/install/teleop_tools_msgs/lib/python3.8/site-packages/teleop_tools_msgs/action
[21.769s] -- Installing: /home/meric/f1tenth_ws_rl/install/teleop_tools_msgs/lib/python3.8/site-packages/teleop_tools_msgs/action/_increment.py
[21.769s] -- Installing: /home/meric/f1tenth_ws_rl/install/teleop_tools_msgs/lib/python3.8/site-packages/teleop_tools_msgs/action/__init__.py
[21.770s] -- Installing: /home/meric/f1tenth_ws_rl/install/teleop_tools_msgs/lib/python3.8/site-packages/teleop_tools_msgs/action/_increment_s.c
[21.770s] -- Installing: /home/meric/f1tenth_ws_rl/install/teleop_tools_msgs/lib/python3.8/site-packages/teleop_tools_msgs/teleop_tools_msgs_s__rosidl_typesupport_fastrtps_c.cpython-38-aarch64-linux-gnu.so
[21.770s] -- Set non-toolchain portion of runtime path of "/home/meric/f1tenth_ws_rl/install/teleop_tools_msgs/lib/python3.8/site-packages/teleop_tools_msgs/teleop_tools_msgs_s__rosidl_typesupport_fastrtps_c.cpython-38-aarch64-linux-gnu.so" to ""
[21.771s] -- Installing: /home/meric/f1tenth_ws_rl/install/teleop_tools_msgs/lib/python3.8/site-packages/teleop_tools_msgs/teleop_tools_msgs_s__rosidl_typesupport_introspection_c.cpython-38-aarch64-linux-gnu.so
[21.771s] -- Set non-toolchain portion of runtime path of "/home/meric/f1tenth_ws_rl/install/teleop_tools_msgs/lib/python3.8/site-packages/teleop_tools_msgs/teleop_tools_msgs_s__rosidl_typesupport_introspection_c.cpython-38-aarch64-linux-gnu.so" to ""
[21.771s] -- Installing: /home/meric/f1tenth_ws_rl/install/teleop_tools_msgs/lib/python3.8/site-packages/teleop_tools_msgs/teleop_tools_msgs_s__rosidl_typesupport_c.cpython-38-aarch64-linux-gnu.so
[21.772s] -- Set non-toolchain portion of runtime path of "/home/meric/f1tenth_ws_rl/install/teleop_tools_msgs/lib/python3.8/site-packages/teleop_tools_msgs/teleop_tools_msgs_s__rosidl_typesupport_c.cpython-38-aarch64-linux-gnu.so" to ""
[21.772s] -- Installing: /home/meric/f1tenth_ws_rl/install/teleop_tools_msgs/lib/libteleop_tools_msgs__python.so
[21.773s] -- Set non-toolchain portion of runtime path of "/home/meric/f1tenth_ws_rl/install/teleop_tools_msgs/lib/libteleop_tools_msgs__python.so" to ""
[21.773s] -- Installing: /home/meric/f1tenth_ws_rl/install/teleop_tools_msgs/share/teleop_tools_msgs/action/Increment.idl
[21.774s] -- Installing: /home/meric/f1tenth_ws_rl/install/teleop_tools_msgs/share/teleop_tools_msgs/action/Increment.action
[21.774s] -- Installing: /home/meric/f1tenth_ws_rl/install/teleop_tools_msgs/share/ament_index/resource_index/package_run_dependencies/teleop_tools_msgs
[21.774s] -- Installing: /home/meric/f1tenth_ws_rl/install/teleop_tools_msgs/share/ament_index/resource_index/parent_prefix_path/teleop_tools_msgs
[21.774s] -- Installing: /home/meric/f1tenth_ws_rl/install/teleop_tools_msgs/share/teleop_tools_msgs/environment/ament_prefix_path.sh
[21.774s] -- Installing: /home/meric/f1tenth_ws_rl/install/teleop_tools_msgs/share/teleop_tools_msgs/environment/ament_prefix_path.dsv
[21.775s] -- Installing: /home/meric/f1tenth_ws_rl/install/teleop_tools_msgs/share/teleop_tools_msgs/environment/path.sh
[21.775s] -- Installing: /home/meric/f1tenth_ws_rl/install/teleop_tools_msgs/share/teleop_tools_msgs/environment/path.dsv
[21.775s] -- Installing: /home/meric/f1tenth_ws_rl/install/teleop_tools_msgs/share/teleop_tools_msgs/local_setup.bash
[21.776s] -- Installing: /home/meric/f1tenth_ws_rl/install/teleop_tools_msgs/share/teleop_tools_msgs/local_setup.sh
[21.776s] -- Installing: /home/meric/f1tenth_ws_rl/install/teleop_tools_msgs/share/teleop_tools_msgs/local_setup.zsh
[21.776s] -- Installing: /home/meric/f1tenth_ws_rl/install/teleop_tools_msgs/share/teleop_tools_msgs/local_setup.dsv
[21.776s] -- Installing: /home/meric/f1tenth_ws_rl/install/teleop_tools_msgs/share/teleop_tools_msgs/package.dsv
[21.777s] -- Installing: /home/meric/f1tenth_ws_rl/install/teleop_tools_msgs/share/ament_index/resource_index/packages/teleop_tools_msgs
[21.778s] -- Installing: /home/meric/f1tenth_ws_rl/install/teleop_tools_msgs/share/teleop_tools_msgs/cmake/teleop_tools_msgs__rosidl_generator_cExport.cmake
[21.778s] -- Installing: /home/meric/f1tenth_ws_rl/install/teleop_tools_msgs/share/teleop_tools_msgs/cmake/teleop_tools_msgs__rosidl_generator_cExport-noconfig.cmake
[21.779s] -- Installing: /home/meric/f1tenth_ws_rl/install/teleop_tools_msgs/share/teleop_tools_msgs/cmake/teleop_tools_msgs__rosidl_typesupport_introspection_cExport.cmake
[21.779s] -- Installing: /home/meric/f1tenth_ws_rl/install/teleop_tools_msgs/share/teleop_tools_msgs/cmake/teleop_tools_msgs__rosidl_typesupport_introspection_cExport-noconfig.cmake
[21.779s] -- Installing: /home/meric/f1tenth_ws_rl/install/teleop_tools_msgs/share/teleop_tools_msgs/cmake/teleop_tools_msgs__rosidl_typesupport_cExport.cmake
[21.780s] -- Installing: /home/meric/f1tenth_ws_rl/install/teleop_tools_msgs/share/teleop_tools_msgs/cmake/teleop_tools_msgs__rosidl_typesupport_cExport-noconfig.cmake
[21.780s] -- Installing: /home/meric/f1tenth_ws_rl/install/teleop_tools_msgs/share/teleop_tools_msgs/cmake/teleop_tools_msgs__rosidl_generator_cppExport.cmake
[21.780s] -- Installing: /home/meric/f1tenth_ws_rl/install/teleop_tools_msgs/share/teleop_tools_msgs/cmake/teleop_tools_msgs__rosidl_typesupport_introspection_cppExport.cmake
[21.780s] -- Installing: /home/meric/f1tenth_ws_rl/install/teleop_tools_msgs/share/teleop_tools_msgs/cmake/teleop_tools_msgs__rosidl_typesupport_introspection_cppExport-noconfig.cmake
[21.780s] -- Installing: /home/meric/f1tenth_ws_rl/install/teleop_tools_msgs/share/teleop_tools_msgs/cmake/teleop_tools_msgs__rosidl_typesupport_cppExport.cmake
[21.780s] -- Installing: /home/meric/f1tenth_ws_rl/install/teleop_tools_msgs/share/teleop_tools_msgs/cmake/teleop_tools_msgs__rosidl_typesupport_cppExport-noconfig.cmake
[21.781s] -- Installing: /home/meric/f1tenth_ws_rl/install/teleop_tools_msgs/share/teleop_tools_msgs/cmake/rosidl_cmake-extras.cmake
[21.781s] -- Installing: /home/meric/f1tenth_ws_rl/install/teleop_tools_msgs/share/teleop_tools_msgs/cmake/ament_cmake_export_dependencies-extras.cmake
[21.781s] -- Installing: /home/meric/f1tenth_ws_rl/install/teleop_tools_msgs/share/teleop_tools_msgs/cmake/ament_cmake_export_libraries-extras.cmake
[21.781s] -- Installing: /home/meric/f1tenth_ws_rl/install/teleop_tools_msgs/share/teleop_tools_msgs/cmake/ament_cmake_export_targets-extras.cmake
[21.782s] -- Installing: /home/meric/f1tenth_ws_rl/install/teleop_tools_msgs/share/teleop_tools_msgs/cmake/ament_cmake_export_include_directories-extras.cmake
[21.782s] -- Installing: /home/meric/f1tenth_ws_rl/install/teleop_tools_msgs/share/teleop_tools_msgs/cmake/rosidl_cmake_export_typesupport_libraries-extras.cmake
[21.782s] -- Installing: /home/meric/f1tenth_ws_rl/install/teleop_tools_msgs/share/teleop_tools_msgs/cmake/rosidl_cmake_export_typesupport_targets-extras.cmake
[21.783s] -- Installing: /home/meric/f1tenth_ws_rl/install/teleop_tools_msgs/share/teleop_tools_msgs/cmake/teleop_tools_msgsConfig.cmake
[21.783s] -- Installing: /home/meric/f1tenth_ws_rl/install/teleop_tools_msgs/share/teleop_tools_msgs/cmake/teleop_tools_msgsConfig-version.cmake
[21.783s] -- Installing: /home/meric/f1tenth_ws_rl/install/teleop_tools_msgs/share/teleop_tools_msgs/package.xml
[21.793s] Invoked command in '/home/meric/f1tenth_ws_rl/build/teleop_tools_msgs' returned '0': CMAKE_PREFIX_PATH=${CMAKE_PREFIX_PATH}:/home/meric/f1tenth_ws_rl/install/f1tenth_stack:/home/meric/f1tenth_ws_rl/install/joy_teleop:/home/meric/f1tenth_ws_rl/install/stanley2_avoidance:/home/meric/f1tenth_ws_rl/install/simple_teleop:/home/meric/f1tenth_ws_rl/install/particle_filter:/home/meric/f1tenth_ws_rl/install/mouse_teleop:/home/meric/f1tenth_ws_rl/install/key_teleop:/home/meric/f1tenth_ws_rl/install/f1tenth_rl:/home/meric/f1tenth_ws_mpc_emergency/install/f1tenth_stack:/home/meric/f1tenth_ws_mpc_emergency/install/joy_teleop:/home/meric/f1tenth_ws_mpc_emergency/install/stanley2_avoidance:/home/meric/f1tenth_ws_mpc_emergency/install/simple_teleop:/home/meric/f1tenth_ws_mpc_emergency/install/particle_filter:/home/meric/f1tenth_ws_mpc_emergency/install/mouse_teleop:/home/meric/f1tenth_ws_mpc_emergency/install/key_teleop:/home/meric/f1tenth_ws/install/f1tenth_stack:/home/meric/f1tenth_ws/install/joy_teleop:/home/meric/f1tenth_ws/install/stanley2_avoidance:/home/meric/f1tenth_ws/install/simple_teleop:/home/meric/f1tenth_ws/install/particle_filter:/home/meric/f1tenth_ws/install/mouse_teleop:/home/meric/f1tenth_ws/install/key_teleop:/opt/ros/foxy /snap/bin/cmake --build /home/meric/f1tenth_ws_rl/build/teleop_tools_msgs --target install -- -j6 -l6
