-- The C compiler identification is GNU 9.4.0
-- The CXX compiler identification is GNU 9.4.0
-- Detecting C compiler ABI info
-- Detecting C compiler ABI info - done
-- Check for working C compiler: /usr/bin/cc - skipped
-- Detecting C compile features
-- Detecting C compile features - done
-- Detecting CXX compiler ABI info
-- Detecting CXX compiler ABI info - done
-- Check for working CXX compiler: /usr/bin/c++ - skipped
-- Detecting CXX compile features
-- Detecting CXX compile features - done
-- Found ament_cmake_auto: 0.9.12 (/opt/ros/foxy/share/ament_cmake_auto/cmake)
-- Found PythonInterp: /usr/bin/python3 (found suitable version "3.8.10", minimum required is "3")
-- Using PYTHON_EXECUTABLE: /usr/bin/python3
-- Using all available rosidl_typesupport_c: rosidl_typesupport_fastrtps_c;rosidl_typesupport_introspection_c
-- Found rosidl_adapter: 1.3.1 (/opt/ros/foxy/share/rosidl_adapter/cmake)
-- Found OpenSSL: /usr/lib/aarch64-linux-gnu/libcrypto.so (found version "1.1.1f")
-- Found FastRTPS: /opt/ros/foxy/include
-- Using all available rosidl_typesupport_cpp: rosidl_typesupport_fastrtps_cpp;rosidl_typesupport_introspection_cpp
-- Found rmw_implementation_cmake: 1.0.4 (/opt/ros/foxy/share/rmw_implementation_cmake/cmake)
-- Using RMW implementation 'rmw_fastrtps_cpp' as default
-- Performing Test CMAKE_HAVE_LIBC_PTHREAD
-- Performing Test CMAKE_HAVE_LIBC_PTHREAD - Failed
-- Looking for pthread_create in pthreads
-- Looking for pthread_create in pthreads - not found
-- Looking for pthread_create in pthread
-- Looking for pthread_create in pthread - found
-- Found Threads: TRUE
2025/10/10 21:11:08.756713 cmd_run.go:1398: WARNING: cannot create user data directory: failed to verify SELinux context of /home/meric/snap: cannot locate "matchpathcon" executable
[0mCMake Deprecation Warning at CMakeLists.txt:1 (cmake_minimum_required):
  Compatibility with CMake < 3.10 will be removed from a future version of
  CMake.

  Update the VERSION argument <min> value.  Or, use the <min>...<max> syntax
  to tell CMake that the project requires at least <min> but has been updated
  to work with policies introduced by <max> or earlier.

[0m
[33mCMake Warning (dev) at /opt/ros/foxy/share/ament_cmake_core/cmake/core/python.cmake:22 (find_package):
  Policy CMP0148 is not set: The FindPythonInterp and FindPythonLibs modules
  are removed.  Run "cmake --help-policy CMP0148" for policy details.  Use
  the cmake_policy command to set the policy and suppress this warning.

Call Stack (most recent call first):
  /opt/ros/foxy/share/ament_cmake_core/cmake/core/all.cmake:53 (include)
  /opt/ros/foxy/share/ament_cmake_core/cmake/ament_cmake_core-extras.cmake:17 (include)
  /opt/ros/foxy/share/ament_cmake_core/cmake/ament_cmake_coreConfig.cmake:41 (include)
  /opt/ros/foxy/share/ament_cmake/cmake/ament_cmake_export_dependencies-extras.cmake:15 (find_package)
  /opt/ros/foxy/share/ament_cmake/cmake/ament_cmakeConfig.cmake:41 (include)
  /opt/ros/foxy/share/ament_cmake_auto/cmake/ament_cmake_auto-extras.cmake:17 (find_package)
  /opt/ros/foxy/share/ament_cmake_auto/cmake/ament_cmake_autoConfig.cmake:41 (include)
  CMakeLists.txt:13 (find_package)
This warning is for project developers.  Use -Wno-dev to suppress it.
[0m
-- Found ament_lint_auto: 0.9.8 (/opt/ros/foxy/share/ament_lint_auto/cmake)
-- Added test 'copyright' to check source files copyright and LICENSE
-- Added test 'cppcheck' to perform static code analysis on C / C++ code
-- Configured cppcheck include dirs: /home/meric/f1tenth_ws_mpc_emergency/src/f1tenth_system/vesc/vesc_driver/include
-- Configured cppcheck exclude dirs and/or files: 
-- Added test 'cpplint' to check C / C++ code against the Google style
-- Configured cpplint exclude dirs and/or files: 
-- Added test 'flake8' to check Python code syntax and style conventions
-- Added test 'lint_cmake' to check CMake code style
-- Added test 'pep257' to check Python code against some of the style conventions in PEP 257
-- Added test 'uncrustify' to check C / C++ code style
-- Configured uncrustify additional arguments: 
-- Added test 'xmllint' to check XML markup files
-- Configuring done (9.0s)
-- Generating done (0.1s)
-- Build files have been written to: /home/meric/f1tenth_ws_mpc_emergency/build/vesc_driver
2025/10/10 21:11:18.520554 cmd_run.go:1398: WARNING: cannot create user data directory: failed to verify SELinux context of /home/meric/snap: cannot locate "matchpathcon" executable
[ 10%] [32mBuilding CXX object CMakeFiles/vesc_driver.dir/src/vesc_driver.cpp.o[0m
[ 20%] [32mBuilding CXX object CMakeFiles/vesc_driver.dir/src/vesc_interface.cpp.o[0m
[ 30%] [32mBuilding CXX object CMakeFiles/vesc_driver_node.dir/rclcpp_components/node_main_vesc_driver_node.cpp.o[0m
[ 40%] [1m[32mLinking CXX executable vesc_driver_node[0m
[ 40%] Built target vesc_driver_node
[ 60%] [32mBuilding CXX object CMakeFiles/vesc_driver.dir/src/vesc_packet.cpp.o[0m
[ 60%] [32mBuilding CXX object CMakeFiles/vesc_driver.dir/src/vesc_packet_factory.cpp.o[0m
[ 70%] [1m[32mLinking CXX shared library libvesc_driver.so[0m
[ 70%] Built target vesc_driver
[ 90%] [32mBuilding CXX object CMakeFiles/vesc_device_namer.dir/src/vesc_device_namer.cpp.o[0m
[ 90%] [32mBuilding CXX object CMakeFiles/vesc_device_namer.dir/src/vesc_device_uuid_lookup.cpp.o[0m
[100%] [1m[32mLinking CXX executable vesc_device_namer[0m
[100%] Built target vesc_device_namer
2025/10/10 21:11:43.424858 cmd_run.go:1398: WARNING: cannot create user data directory: failed to verify SELinux context of /home/meric/snap: cannot locate "matchpathcon" executable
[ 20%] Built target vesc_driver_node
[ 70%] Built target vesc_driver
[100%] Built target vesc_device_namer
[36mInstall the project...[0m
-- Install configuration: ""
-- Installing: /home/meric/f1tenth_ws_mpc_emergency/install/vesc_driver/lib/vesc_driver/vesc_driver_node
-- Set non-toolchain portion of runtime path of "/home/meric/f1tenth_ws_mpc_emergency/install/vesc_driver/lib/vesc_driver/vesc_driver_node" to ""
-- Installing: /home/meric/f1tenth_ws_mpc_emergency/install/vesc_driver/include
-- Installing: /home/meric/f1tenth_ws_mpc_emergency/install/vesc_driver/include/vesc_driver
-- Installing: /home/meric/f1tenth_ws_mpc_emergency/install/vesc_driver/include/vesc_driver/datatypes.hpp
-- Installing: /home/meric/f1tenth_ws_mpc_emergency/install/vesc_driver/include/vesc_driver/vesc_interface.hpp
-- Installing: /home/meric/f1tenth_ws_mpc_emergency/install/vesc_driver/include/vesc_driver/vesc_device_uuid_lookup.hpp
-- Installing: /home/meric/f1tenth_ws_mpc_emergency/install/vesc_driver/include/vesc_driver/vesc_packet_factory.hpp
-- Installing: /home/meric/f1tenth_ws_mpc_emergency/install/vesc_driver/include/vesc_driver/crc.hpp
-- Installing: /home/meric/f1tenth_ws_mpc_emergency/install/vesc_driver/include/vesc_driver/vesc_driver.hpp
-- Installing: /home/meric/f1tenth_ws_mpc_emergency/install/vesc_driver/include/vesc_driver/vesc_packet.hpp
-- Installing: /home/meric/f1tenth_ws_mpc_emergency/install/vesc_driver/share/vesc_driver/environment/library_path.sh
-- Installing: /home/meric/f1tenth_ws_mpc_emergency/install/vesc_driver/share/vesc_driver/environment/library_path.dsv
-- Installing: /home/meric/f1tenth_ws_mpc_emergency/install/vesc_driver/lib/libvesc_driver.so
-- Set non-toolchain portion of runtime path of "/home/meric/f1tenth_ws_mpc_emergency/install/vesc_driver/lib/libvesc_driver.so" to ""
-- Installing: /home/meric/f1tenth_ws_mpc_emergency/install/vesc_driver/lib/vesc_driver/vesc_device_namer
-- Set non-toolchain portion of runtime path of "/home/meric/f1tenth_ws_mpc_emergency/install/vesc_driver/lib/vesc_driver/vesc_device_namer" to ""
-- Installing: /home/meric/f1tenth_ws_mpc_emergency/install/vesc_driver/share/vesc_driver/launch
-- Installing: /home/meric/f1tenth_ws_mpc_emergency/install/vesc_driver/share/vesc_driver/launch/vesc_driver_node.launch.py
-- Installing: /home/meric/f1tenth_ws_mpc_emergency/install/vesc_driver/share/vesc_driver/params
-- Installing: /home/meric/f1tenth_ws_mpc_emergency/install/vesc_driver/share/vesc_driver/params/vesc_config.yaml
-- Installing: /home/meric/f1tenth_ws_mpc_emergency/install/vesc_driver/share/ament_index/resource_index/package_run_dependencies/vesc_driver
-- Installing: /home/meric/f1tenth_ws_mpc_emergency/install/vesc_driver/share/ament_index/resource_index/parent_prefix_path/vesc_driver
-- Installing: /home/meric/f1tenth_ws_mpc_emergency/install/vesc_driver/share/vesc_driver/environment/ament_prefix_path.sh
-- Installing: /home/meric/f1tenth_ws_mpc_emergency/install/vesc_driver/share/vesc_driver/environment/ament_prefix_path.dsv
-- Installing: /home/meric/f1tenth_ws_mpc_emergency/install/vesc_driver/share/vesc_driver/environment/path.sh
-- Installing: /home/meric/f1tenth_ws_mpc_emergency/install/vesc_driver/share/vesc_driver/environment/path.dsv
-- Installing: /home/meric/f1tenth_ws_mpc_emergency/install/vesc_driver/share/vesc_driver/local_setup.bash
-- Installing: /home/meric/f1tenth_ws_mpc_emergency/install/vesc_driver/share/vesc_driver/local_setup.sh
-- Installing: /home/meric/f1tenth_ws_mpc_emergency/install/vesc_driver/share/vesc_driver/local_setup.zsh
-- Installing: /home/meric/f1tenth_ws_mpc_emergency/install/vesc_driver/share/vesc_driver/local_setup.dsv
-- Installing: /home/meric/f1tenth_ws_mpc_emergency/install/vesc_driver/share/vesc_driver/package.dsv
-- Installing: /home/meric/f1tenth_ws_mpc_emergency/install/vesc_driver/share/ament_index/resource_index/packages/vesc_driver
-- Installing: /home/meric/f1tenth_ws_mpc_emergency/install/vesc_driver/share/ament_index/resource_index/rclcpp_components/vesc_driver
-- Installing: /home/meric/f1tenth_ws_mpc_emergency/install/vesc_driver/share/vesc_driver/cmake/ament_cmake_export_dependencies-extras.cmake
-- Installing: /home/meric/f1tenth_ws_mpc_emergency/install/vesc_driver/share/vesc_driver/cmake/ament_cmake_export_include_directories-extras.cmake
-- Installing: /home/meric/f1tenth_ws_mpc_emergency/install/vesc_driver/share/vesc_driver/cmake/ament_cmake_export_libraries-extras.cmake
-- Installing: /home/meric/f1tenth_ws_mpc_emergency/install/vesc_driver/share/vesc_driver/cmake/vesc_driverConfig.cmake
-- Installing: /home/meric/f1tenth_ws_mpc_emergency/install/vesc_driver/share/vesc_driver/cmake/vesc_driverConfig-version.cmake
-- Installing: /home/meric/f1tenth_ws_mpc_emergency/install/vesc_driver/share/vesc_driver/package.xml
