[0.068s] Invoking command in '/home/meric/f1tenth_ws_mpc_emergency/build/vesc_driver': CMAKE_PREFIX_PATH=/home/meric/f1tenth_ws_mpc_emergency/install/vesc_msgs:/home/meric/f1tenth_ws_mpc_emergency/install/waypoint_generator:/home/meric/f1tenth_ws_mpc_emergency/install/vesc:/home/meric/f1tenth_ws_mpc_emergency/install/vesc_driver:/home/meric/f1tenth_ws_mpc_emergency/install/vesc_ackermann:/home/meric/f1tenth_ws_mpc_emergency/install/teleop_tools:/home/meric/f1tenth_ws_mpc_emergency/install/teleop_tools_msgs:/home/meric/f1tenth_ws_mpc_emergency/install/safety_node:/home/meric/f1tenth_ws_mpc_emergency/install/pure_pursuit:/home/meric/f1tenth_ws_mpc_emergency/install/ackermann_mux:/home/meric/f1tenth_ws/install:/home/meric/f1tenth_ws_mpc_emergency/install/f1tenth_stack:/home/meric/f1tenth_ws_mpc_emergency/install/joy_teleop:/home/meric/f1tenth_ws_mpc_emergency/install/stanley2_avoidance:/home/meric/f1tenth_ws_mpc_emergency/install/simple_teleop:/home/meric/f1tenth_ws_mpc_emergency/install/particle_filter:/home/meric/f1tenth_ws_mpc_emergency/install/mouse_teleop:/home/meric/f1tenth_ws_mpc_emergency/install/key_teleop:/opt/ros/foxy LD_LIBRARY_PATH=/home/meric/f1tenth_ws_mpc_emergency/install/vesc_msgs/lib:/home/meric/f1tenth_ws_mpc_emergency/install/vesc_driver/lib:/home/meric/f1tenth_ws_mpc_emergency/install/vesc_ackermann/lib:/home/meric/f1tenth_ws_mpc_emergency/install/teleop_tools_msgs/lib:/usr/local/cuda-11.4/lib64:/usr/local/cuda/lib64:/home/meric/ORBLIB/Pangolin/build/:/usr/local/cuda-11.4/lib64:/usr/local/cuda/lib64:/home/meric/f1tenth_ws/install/lib:/home/meric/ORBLIB/Pangolin/build/:/opt/ros/foxy/opt/yaml_cpp_vendor/lib:/opt/ros/foxy/opt/rviz_ogre_vendor/lib:/opt/ros/foxy/lib/aarch64-linux-gnu:/opt/ros/foxy/lib:/home/meric/ORBLIB/ORB_SLAM3/lib:/home/meric/ORBLIB/ORB_SLAM3/lib PS1=\[\e]0;\u@\h: \w\a\]${debian_chroot:+($debian_chroot)}\[\033[01;32m\]\u@\h\[\033[00m\]:\[\033[01;34m\]\w\[\033[00m\]\$ PYTHONPATH=/home/meric/f1tenth_ws_mpc_emergency/install/vesc_msgs/lib/python3.8/site-packages:/home/meric/f1tenth_ws_mpc_emergency/install/f1tenth_stack/lib/python3.8/site-packages:/home/meric/f1tenth_ws_mpc_emergency/install/joy_teleop/lib/python3.8/site-packages:/home/meric/f1tenth_ws_mpc_emergency/install/teleop_tools_msgs/lib/python3.8/site-packages:/home/meric/f1tenth_ws_mpc_emergency/install/stanley2_avoidance/lib/python3.8/site-packages:/home/meric/f1tenth_ws_mpc_emergency/install/simple_teleop/lib/python3.8/site-packages:/home/meric/f1tenth_ws_mpc_emergency/install/safety_node/lib/python3.8/site-packages:/home/meric/f1tenth_ws_mpc_emergency/install/particle_filter/lib/python3.8/site-packages:/home/meric/f1tenth_ws_mpc_emergency/install/mouse_teleop/lib/python3.8/site-packages:/home/meric/f1tenth_ws_mpc_emergency/install/key_teleop/lib/python3.8/site-packages:/home/meric/f1tenth_ws/build/f1tenth_stack:/home/meric/f1tenth_ws/build/joy_teleop:/home/meric/f1tenth_ws/build/stanley2_avoidance:/home/meric/f1tenth_ws/build/simple_teleop:/home/meric/f1tenth_ws/build/particle_filter:/home/meric/f1tenth_ws/build/mouse_teleop:/home/meric/f1tenth_ws/build/key_teleop:/home/meric/f1tenth_ws/install/lib/python3.8/site-packages:/opt/ros/foxy/lib/python3.8/site-packages /snap/bin/cmake /home/meric/f1tenth_ws_mpc_emergency/src/f1tenth_system/vesc/vesc_driver -DCMAKE_INSTALL_PREFIX=/home/meric/f1tenth_ws_mpc_emergency/install/vesc_driver
[6.367s] -- The C compiler identification is GNU 9.4.0
[6.368s] -- The CXX compiler identification is GNU 9.4.0
[6.374s] -- Detecting C compiler ABI info
[6.375s] -- Detecting C compiler ABI info - done
[6.375s] -- Check for working C compiler: /usr/bin/cc - skipped
[6.375s] -- Detecting C compile features
[6.375s] -- Detecting C compile features - done
[6.375s] -- Detecting CXX compiler ABI info
[6.375s] -- Detecting CXX compiler ABI info - done
[6.375s] -- Check for working CXX compiler: /usr/bin/c++ - skipped
[6.376s] -- Detecting CXX compile features
[6.376s] -- Detecting CXX compile features - done
[6.376s] -- Found ament_cmake_auto: 0.9.12 (/opt/ros/foxy/share/ament_cmake_auto/cmake)
[6.376s] -- Found PythonInterp: /usr/bin/python3 (found suitable version "3.8.10", minimum required is "3")
[6.376s] -- Using PYTHON_EXECUTABLE: /usr/bin/python3
[6.377s] -- Using all available rosidl_typesupport_c: rosidl_typesupport_fastrtps_c;rosidl_typesupport_introspection_c
[6.377s] -- Found rosidl_adapter: 1.3.1 (/opt/ros/foxy/share/rosidl_adapter/cmake)
[6.377s] -- Found OpenSSL: /usr/lib/aarch64-linux-gnu/libcrypto.so (found version "1.1.1f")
[6.377s] -- Found FastRTPS: /opt/ros/foxy/include
[6.377s] -- Using all available rosidl_typesupport_cpp: rosidl_typesupport_fastrtps_cpp;rosidl_typesupport_introspection_cpp
[6.377s] -- Found rmw_implementation_cmake: 1.0.4 (/opt/ros/foxy/share/rmw_implementation_cmake/cmake)
[6.377s] -- Using RMW implementation 'rmw_fastrtps_cpp' as default
[6.378s] -- Performing Test CMAKE_HAVE_LIBC_PTHREAD
[6.378s] -- Performing Test CMAKE_HAVE_LIBC_PTHREAD - Failed
[6.378s] -- Looking for pthread_create in pthreads
[6.378s] -- Looking for pthread_create in pthreads - not found
[6.378s] -- Looking for pthread_create in pthread
[6.378s] -- Looking for pthread_create in pthread - found
[6.378s] -- Found Threads: TRUE
[6.379s] 2025/10/10 21:11:08.756713 cmd_run.go:1398: WARNING: cannot create user data directory: failed to verify SELinux context of /home/meric/snap: cannot locate "matchpathcon" executable
[6.379s] [0mCMake Deprecation Warning at CMakeLists.txt:1 (cmake_minimum_required):
[6.379s]   Compatibility with CMake < 3.10 will be removed from a future version of
[6.379s]   CMake.
[6.379s] 
[6.379s]   Update the VERSION argument <min> value.  Or, use the <min>...<max> syntax
[6.379s]   to tell CMake that the project requires at least <min> but has been updated
[6.379s]   to work with policies introduced by <max> or earlier.
[6.380s] 
[6.380s] [0m
[6.380s] [33mCMake Warning (dev) at /opt/ros/foxy/share/ament_cmake_core/cmake/core/python.cmake:22 (find_package):
[6.380s]   Policy CMP0148 is not set: The FindPythonInterp and FindPythonLibs modules
[6.380s]   are removed.  Run "cmake --help-policy CMP0148" for policy details.  Use
[6.380s]   the cmake_policy command to set the policy and suppress this warning.
[6.380s] 
[6.380s] Call Stack (most recent call first):
[6.381s]   /opt/ros/foxy/share/ament_cmake_core/cmake/core/all.cmake:53 (include)
[6.381s]   /opt/ros/foxy/share/ament_cmake_core/cmake/ament_cmake_core-extras.cmake:17 (include)
[6.381s]   /opt/ros/foxy/share/ament_cmake_core/cmake/ament_cmake_coreConfig.cmake:41 (include)
[6.381s]   /opt/ros/foxy/share/ament_cmake/cmake/ament_cmake_export_dependencies-extras.cmake:15 (find_package)
[6.381s]   /opt/ros/foxy/share/ament_cmake/cmake/ament_cmakeConfig.cmake:41 (include)
[6.381s]   /opt/ros/foxy/share/ament_cmake_auto/cmake/ament_cmake_auto-extras.cmake:17 (find_package)
[6.381s]   /opt/ros/foxy/share/ament_cmake_auto/cmake/ament_cmake_autoConfig.cmake:41 (include)
[6.381s]   CMakeLists.txt:13 (find_package)
[6.382s] This warning is for project developers.  Use -Wno-dev to suppress it.
[6.382s] [0m
[9.154s] -- Found ament_lint_auto: 0.9.8 (/opt/ros/foxy/share/ament_lint_auto/cmake)
[9.278s] -- Added test 'copyright' to check source files copyright and LICENSE
[9.286s] -- Added test 'cppcheck' to perform static code analysis on C / C++ code
[9.287s] -- Configured cppcheck include dirs: /home/meric/f1tenth_ws_mpc_emergency/src/f1tenth_system/vesc/vesc_driver/include
[9.288s] -- Configured cppcheck exclude dirs and/or files: 
[9.294s] -- Added test 'cpplint' to check C / C++ code against the Google style
[9.295s] -- Configured cpplint exclude dirs and/or files: 
[9.301s] -- Added test 'flake8' to check Python code syntax and style conventions
[9.306s] -- Added test 'lint_cmake' to check CMake code style
[9.310s] -- Added test 'pep257' to check Python code against some of the style conventions in PEP 257
[9.316s] -- Added test 'uncrustify' to check C / C++ code style
[9.317s] -- Configured uncrustify additional arguments: 
[9.322s] -- Added test 'xmllint' to check XML markup files
[9.341s] -- Configuring done (9.0s)
[9.486s] -- Generating done (0.1s)
[9.512s] -- Build files have been written to: /home/meric/f1tenth_ws_mpc_emergency/build/vesc_driver
[9.779s] Invoked command in '/home/meric/f1tenth_ws_mpc_emergency/build/vesc_driver' returned '0': CMAKE_PREFIX_PATH=/home/meric/f1tenth_ws_mpc_emergency/install/vesc_msgs:/home/meric/f1tenth_ws_mpc_emergency/install/waypoint_generator:/home/meric/f1tenth_ws_mpc_emergency/install/vesc:/home/meric/f1tenth_ws_mpc_emergency/install/vesc_driver:/home/meric/f1tenth_ws_mpc_emergency/install/vesc_ackermann:/home/meric/f1tenth_ws_mpc_emergency/install/teleop_tools:/home/meric/f1tenth_ws_mpc_emergency/install/teleop_tools_msgs:/home/meric/f1tenth_ws_mpc_emergency/install/safety_node:/home/meric/f1tenth_ws_mpc_emergency/install/pure_pursuit:/home/meric/f1tenth_ws_mpc_emergency/install/ackermann_mux:/home/meric/f1tenth_ws/install:/home/meric/f1tenth_ws_mpc_emergency/install/f1tenth_stack:/home/meric/f1tenth_ws_mpc_emergency/install/joy_teleop:/home/meric/f1tenth_ws_mpc_emergency/install/stanley2_avoidance:/home/meric/f1tenth_ws_mpc_emergency/install/simple_teleop:/home/meric/f1tenth_ws_mpc_emergency/install/particle_filter:/home/meric/f1tenth_ws_mpc_emergency/install/mouse_teleop:/home/meric/f1tenth_ws_mpc_emergency/install/key_teleop:/opt/ros/foxy LD_LIBRARY_PATH=/home/meric/f1tenth_ws_mpc_emergency/install/vesc_msgs/lib:/home/meric/f1tenth_ws_mpc_emergency/install/vesc_driver/lib:/home/meric/f1tenth_ws_mpc_emergency/install/vesc_ackermann/lib:/home/meric/f1tenth_ws_mpc_emergency/install/teleop_tools_msgs/lib:/usr/local/cuda-11.4/lib64:/usr/local/cuda/lib64:/home/meric/ORBLIB/Pangolin/build/:/usr/local/cuda-11.4/lib64:/usr/local/cuda/lib64:/home/meric/f1tenth_ws/install/lib:/home/meric/ORBLIB/Pangolin/build/:/opt/ros/foxy/opt/yaml_cpp_vendor/lib:/opt/ros/foxy/opt/rviz_ogre_vendor/lib:/opt/ros/foxy/lib/aarch64-linux-gnu:/opt/ros/foxy/lib:/home/meric/ORBLIB/ORB_SLAM3/lib:/home/meric/ORBLIB/ORB_SLAM3/lib PS1=\[\e]0;\u@\h: \w\a\]${debian_chroot:+($debian_chroot)}\[\033[01;32m\]\u@\h\[\033[00m\]:\[\033[01;34m\]\w\[\033[00m\]\$ PYTHONPATH=/home/meric/f1tenth_ws_mpc_emergency/install/vesc_msgs/lib/python3.8/site-packages:/home/meric/f1tenth_ws_mpc_emergency/install/f1tenth_stack/lib/python3.8/site-packages:/home/meric/f1tenth_ws_mpc_emergency/install/joy_teleop/lib/python3.8/site-packages:/home/meric/f1tenth_ws_mpc_emergency/install/teleop_tools_msgs/lib/python3.8/site-packages:/home/meric/f1tenth_ws_mpc_emergency/install/stanley2_avoidance/lib/python3.8/site-packages:/home/meric/f1tenth_ws_mpc_emergency/install/simple_teleop/lib/python3.8/site-packages:/home/meric/f1tenth_ws_mpc_emergency/install/safety_node/lib/python3.8/site-packages:/home/meric/f1tenth_ws_mpc_emergency/install/particle_filter/lib/python3.8/site-packages:/home/meric/f1tenth_ws_mpc_emergency/install/mouse_teleop/lib/python3.8/site-packages:/home/meric/f1tenth_ws_mpc_emergency/install/key_teleop/lib/python3.8/site-packages:/home/meric/f1tenth_ws/build/f1tenth_stack:/home/meric/f1tenth_ws/build/joy_teleop:/home/meric/f1tenth_ws/build/stanley2_avoidance:/home/meric/f1tenth_ws/build/simple_teleop:/home/meric/f1tenth_ws/build/particle_filter:/home/meric/f1tenth_ws/build/mouse_teleop:/home/meric/f1tenth_ws/build/key_teleop:/home/meric/f1tenth_ws/install/lib/python3.8/site-packages:/opt/ros/foxy/lib/python3.8/site-packages /snap/bin/cmake /home/meric/f1tenth_ws_mpc_emergency/src/f1tenth_system/vesc/vesc_driver -DCMAKE_INSTALL_PREFIX=/home/meric/f1tenth_ws_mpc_emergency/install/vesc_driver
[9.792s] Invoking command in '/home/meric/f1tenth_ws_mpc_emergency/build/vesc_driver': CMAKE_PREFIX_PATH=/home/meric/f1tenth_ws_mpc_emergency/install/vesc_msgs:/home/meric/f1tenth_ws_mpc_emergency/install/waypoint_generator:/home/meric/f1tenth_ws_mpc_emergency/install/vesc:/home/meric/f1tenth_ws_mpc_emergency/install/vesc_driver:/home/meric/f1tenth_ws_mpc_emergency/install/vesc_ackermann:/home/meric/f1tenth_ws_mpc_emergency/install/teleop_tools:/home/meric/f1tenth_ws_mpc_emergency/install/teleop_tools_msgs:/home/meric/f1tenth_ws_mpc_emergency/install/safety_node:/home/meric/f1tenth_ws_mpc_emergency/install/pure_pursuit:/home/meric/f1tenth_ws_mpc_emergency/install/ackermann_mux:/home/meric/f1tenth_ws/install:/home/meric/f1tenth_ws_mpc_emergency/install/f1tenth_stack:/home/meric/f1tenth_ws_mpc_emergency/install/joy_teleop:/home/meric/f1tenth_ws_mpc_emergency/install/stanley2_avoidance:/home/meric/f1tenth_ws_mpc_emergency/install/simple_teleop:/home/meric/f1tenth_ws_mpc_emergency/install/particle_filter:/home/meric/f1tenth_ws_mpc_emergency/install/mouse_teleop:/home/meric/f1tenth_ws_mpc_emergency/install/key_teleop:/opt/ros/foxy LD_LIBRARY_PATH=/home/meric/f1tenth_ws_mpc_emergency/install/vesc_msgs/lib:/home/meric/f1tenth_ws_mpc_emergency/install/vesc_driver/lib:/home/meric/f1tenth_ws_mpc_emergency/install/vesc_ackermann/lib:/home/meric/f1tenth_ws_mpc_emergency/install/teleop_tools_msgs/lib:/usr/local/cuda-11.4/lib64:/usr/local/cuda/lib64:/home/meric/ORBLIB/Pangolin/build/:/usr/local/cuda-11.4/lib64:/usr/local/cuda/lib64:/home/meric/f1tenth_ws/install/lib:/home/meric/ORBLIB/Pangolin/build/:/opt/ros/foxy/opt/yaml_cpp_vendor/lib:/opt/ros/foxy/opt/rviz_ogre_vendor/lib:/opt/ros/foxy/lib/aarch64-linux-gnu:/opt/ros/foxy/lib:/home/meric/ORBLIB/ORB_SLAM3/lib:/home/meric/ORBLIB/ORB_SLAM3/lib PS1=\[\e]0;\u@\h: \w\a\]${debian_chroot:+($debian_chroot)}\[\033[01;32m\]\u@\h\[\033[00m\]:\[\033[01;34m\]\w\[\033[00m\]\$ PYTHONPATH=/home/meric/f1tenth_ws_mpc_emergency/install/vesc_msgs/lib/python3.8/site-packages:/home/meric/f1tenth_ws_mpc_emergency/install/f1tenth_stack/lib/python3.8/site-packages:/home/meric/f1tenth_ws_mpc_emergency/install/joy_teleop/lib/python3.8/site-packages:/home/meric/f1tenth_ws_mpc_emergency/install/teleop_tools_msgs/lib/python3.8/site-packages:/home/meric/f1tenth_ws_mpc_emergency/install/stanley2_avoidance/lib/python3.8/site-packages:/home/meric/f1tenth_ws_mpc_emergency/install/simple_teleop/lib/python3.8/site-packages:/home/meric/f1tenth_ws_mpc_emergency/install/safety_node/lib/python3.8/site-packages:/home/meric/f1tenth_ws_mpc_emergency/install/particle_filter/lib/python3.8/site-packages:/home/meric/f1tenth_ws_mpc_emergency/install/mouse_teleop/lib/python3.8/site-packages:/home/meric/f1tenth_ws_mpc_emergency/install/key_teleop/lib/python3.8/site-packages:/home/meric/f1tenth_ws/build/f1tenth_stack:/home/meric/f1tenth_ws/build/joy_teleop:/home/meric/f1tenth_ws/build/stanley2_avoidance:/home/meric/f1tenth_ws/build/simple_teleop:/home/meric/f1tenth_ws/build/particle_filter:/home/meric/f1tenth_ws/build/mouse_teleop:/home/meric/f1tenth_ws/build/key_teleop:/home/meric/f1tenth_ws/install/lib/python3.8/site-packages:/opt/ros/foxy/lib/python3.8/site-packages /snap/bin/cmake --build /home/meric/f1tenth_ws_mpc_emergency/build/vesc_driver -- -j6 -l6
[10.051s] 2025/10/10 21:11:18.520554 cmd_run.go:1398: WARNING: cannot create user data directory: failed to verify SELinux context of /home/meric/snap: cannot locate "matchpathcon" executable
[10.305s] [ 10%] [32mBuilding CXX object CMakeFiles/vesc_driver.dir/src/vesc_driver.cpp.o[0m
[10.311s] [ 20%] [32mBuilding CXX object CMakeFiles/vesc_driver.dir/src/vesc_interface.cpp.o[0m
[10.314s] [ 30%] [32mBuilding CXX object CMakeFiles/vesc_driver_node.dir/rclcpp_components/node_main_vesc_driver_node.cpp.o[0m
[19.468s] [ 40%] [1m[32mLinking CXX executable vesc_driver_node[0m
[19.723s] [ 40%] Built target vesc_driver_node
[30.389s] [ 60%] [32mBuilding CXX object CMakeFiles/vesc_driver.dir/src/vesc_packet.cpp.o[0m
[30.389s] [ 60%] [32mBuilding CXX object CMakeFiles/vesc_driver.dir/src/vesc_packet_factory.cpp.o[0m
[31.879s] [ 70%] [1m[32mLinking CXX shared library libvesc_driver.so[0m
[32.998s] [ 70%] Built target vesc_driver
[33.013s] [ 90%] [32mBuilding CXX object CMakeFiles/vesc_device_namer.dir/src/vesc_device_namer.cpp.o[0m
[33.013s] [ 90%] [32mBuilding CXX object CMakeFiles/vesc_device_namer.dir/src/vesc_device_uuid_lookup.cpp.o[0m
[34.271s] [100%] [1m[32mLinking CXX executable vesc_device_namer[0m
[34.837s] [100%] Built target vesc_device_namer
[34.848s] Invoked command in '/home/meric/f1tenth_ws_mpc_emergency/build/vesc_driver' returned '0': CMAKE_PREFIX_PATH=/home/meric/f1tenth_ws_mpc_emergency/install/vesc_msgs:/home/meric/f1tenth_ws_mpc_emergency/install/waypoint_generator:/home/meric/f1tenth_ws_mpc_emergency/install/vesc:/home/meric/f1tenth_ws_mpc_emergency/install/vesc_driver:/home/meric/f1tenth_ws_mpc_emergency/install/vesc_ackermann:/home/meric/f1tenth_ws_mpc_emergency/install/teleop_tools:/home/meric/f1tenth_ws_mpc_emergency/install/teleop_tools_msgs:/home/meric/f1tenth_ws_mpc_emergency/install/safety_node:/home/meric/f1tenth_ws_mpc_emergency/install/pure_pursuit:/home/meric/f1tenth_ws_mpc_emergency/install/ackermann_mux:/home/meric/f1tenth_ws/install:/home/meric/f1tenth_ws_mpc_emergency/install/f1tenth_stack:/home/meric/f1tenth_ws_mpc_emergency/install/joy_teleop:/home/meric/f1tenth_ws_mpc_emergency/install/stanley2_avoidance:/home/meric/f1tenth_ws_mpc_emergency/install/simple_teleop:/home/meric/f1tenth_ws_mpc_emergency/install/particle_filter:/home/meric/f1tenth_ws_mpc_emergency/install/mouse_teleop:/home/meric/f1tenth_ws_mpc_emergency/install/key_teleop:/opt/ros/foxy LD_LIBRARY_PATH=/home/meric/f1tenth_ws_mpc_emergency/install/vesc_msgs/lib:/home/meric/f1tenth_ws_mpc_emergency/install/vesc_driver/lib:/home/meric/f1tenth_ws_mpc_emergency/install/vesc_ackermann/lib:/home/meric/f1tenth_ws_mpc_emergency/install/teleop_tools_msgs/lib:/usr/local/cuda-11.4/lib64:/usr/local/cuda/lib64:/home/meric/ORBLIB/Pangolin/build/:/usr/local/cuda-11.4/lib64:/usr/local/cuda/lib64:/home/meric/f1tenth_ws/install/lib:/home/meric/ORBLIB/Pangolin/build/:/opt/ros/foxy/opt/yaml_cpp_vendor/lib:/opt/ros/foxy/opt/rviz_ogre_vendor/lib:/opt/ros/foxy/lib/aarch64-linux-gnu:/opt/ros/foxy/lib:/home/meric/ORBLIB/ORB_SLAM3/lib:/home/meric/ORBLIB/ORB_SLAM3/lib PS1=\[\e]0;\u@\h: \w\a\]${debian_chroot:+($debian_chroot)}\[\033[01;32m\]\u@\h\[\033[00m\]:\[\033[01;34m\]\w\[\033[00m\]\$ PYTHONPATH=/home/meric/f1tenth_ws_mpc_emergency/install/vesc_msgs/lib/python3.8/site-packages:/home/meric/f1tenth_ws_mpc_emergency/install/f1tenth_stack/lib/python3.8/site-packages:/home/meric/f1tenth_ws_mpc_emergency/install/joy_teleop/lib/python3.8/site-packages:/home/meric/f1tenth_ws_mpc_emergency/install/teleop_tools_msgs/lib/python3.8/site-packages:/home/meric/f1tenth_ws_mpc_emergency/install/stanley2_avoidance/lib/python3.8/site-packages:/home/meric/f1tenth_ws_mpc_emergency/install/simple_teleop/lib/python3.8/site-packages:/home/meric/f1tenth_ws_mpc_emergency/install/safety_node/lib/python3.8/site-packages:/home/meric/f1tenth_ws_mpc_emergency/install/particle_filter/lib/python3.8/site-packages:/home/meric/f1tenth_ws_mpc_emergency/install/mouse_teleop/lib/python3.8/site-packages:/home/meric/f1tenth_ws_mpc_emergency/install/key_teleop/lib/python3.8/site-packages:/home/meric/f1tenth_ws/build/f1tenth_stack:/home/meric/f1tenth_ws/build/joy_teleop:/home/meric/f1tenth_ws/build/stanley2_avoidance:/home/meric/f1tenth_ws/build/simple_teleop:/home/meric/f1tenth_ws/build/particle_filter:/home/meric/f1tenth_ws/build/mouse_teleop:/home/meric/f1tenth_ws/build/key_teleop:/home/meric/f1tenth_ws/install/lib/python3.8/site-packages:/opt/ros/foxy/lib/python3.8/site-packages /snap/bin/cmake --build /home/meric/f1tenth_ws_mpc_emergency/build/vesc_driver -- -j6 -l6
[34.856s] Invoking command in '/home/meric/f1tenth_ws_mpc_emergency/build/vesc_driver': CMAKE_PREFIX_PATH=/home/meric/f1tenth_ws_mpc_emergency/install/vesc_msgs:/home/meric/f1tenth_ws_mpc_emergency/install/waypoint_generator:/home/meric/f1tenth_ws_mpc_emergency/install/vesc:/home/meric/f1tenth_ws_mpc_emergency/install/vesc_driver:/home/meric/f1tenth_ws_mpc_emergency/install/vesc_ackermann:/home/meric/f1tenth_ws_mpc_emergency/install/teleop_tools:/home/meric/f1tenth_ws_mpc_emergency/install/teleop_tools_msgs:/home/meric/f1tenth_ws_mpc_emergency/install/safety_node:/home/meric/f1tenth_ws_mpc_emergency/install/pure_pursuit:/home/meric/f1tenth_ws_mpc_emergency/install/ackermann_mux:/home/meric/f1tenth_ws/install:/home/meric/f1tenth_ws_mpc_emergency/install/f1tenth_stack:/home/meric/f1tenth_ws_mpc_emergency/install/joy_teleop:/home/meric/f1tenth_ws_mpc_emergency/install/stanley2_avoidance:/home/meric/f1tenth_ws_mpc_emergency/install/simple_teleop:/home/meric/f1tenth_ws_mpc_emergency/install/particle_filter:/home/meric/f1tenth_ws_mpc_emergency/install/mouse_teleop:/home/meric/f1tenth_ws_mpc_emergency/install/key_teleop:/opt/ros/foxy LD_LIBRARY_PATH=/home/meric/f1tenth_ws_mpc_emergency/install/vesc_msgs/lib:/home/meric/f1tenth_ws_mpc_emergency/install/vesc_driver/lib:/home/meric/f1tenth_ws_mpc_emergency/install/vesc_ackermann/lib:/home/meric/f1tenth_ws_mpc_emergency/install/teleop_tools_msgs/lib:/usr/local/cuda-11.4/lib64:/usr/local/cuda/lib64:/home/meric/ORBLIB/Pangolin/build/:/usr/local/cuda-11.4/lib64:/usr/local/cuda/lib64:/home/meric/f1tenth_ws/install/lib:/home/meric/ORBLIB/Pangolin/build/:/opt/ros/foxy/opt/yaml_cpp_vendor/lib:/opt/ros/foxy/opt/rviz_ogre_vendor/lib:/opt/ros/foxy/lib/aarch64-linux-gnu:/opt/ros/foxy/lib:/home/meric/ORBLIB/ORB_SLAM3/lib:/home/meric/ORBLIB/ORB_SLAM3/lib PS1=\[\e]0;\u@\h: \w\a\]${debian_chroot:+($debian_chroot)}\[\033[01;32m\]\u@\h\[\033[00m\]:\[\033[01;34m\]\w\[\033[00m\]\$ PYTHONPATH=/home/meric/f1tenth_ws_mpc_emergency/install/vesc_msgs/lib/python3.8/site-packages:/home/meric/f1tenth_ws_mpc_emergency/install/f1tenth_stack/lib/python3.8/site-packages:/home/meric/f1tenth_ws_mpc_emergency/install/joy_teleop/lib/python3.8/site-packages:/home/meric/f1tenth_ws_mpc_emergency/install/teleop_tools_msgs/lib/python3.8/site-packages:/home/meric/f1tenth_ws_mpc_emergency/install/stanley2_avoidance/lib/python3.8/site-packages:/home/meric/f1tenth_ws_mpc_emergency/install/simple_teleop/lib/python3.8/site-packages:/home/meric/f1tenth_ws_mpc_emergency/install/safety_node/lib/python3.8/site-packages:/home/meric/f1tenth_ws_mpc_emergency/install/particle_filter/lib/python3.8/site-packages:/home/meric/f1tenth_ws_mpc_emergency/install/mouse_teleop/lib/python3.8/site-packages:/home/meric/f1tenth_ws_mpc_emergency/install/key_teleop/lib/python3.8/site-packages:/home/meric/f1tenth_ws/build/f1tenth_stack:/home/meric/f1tenth_ws/build/joy_teleop:/home/meric/f1tenth_ws/build/stanley2_avoidance:/home/meric/f1tenth_ws/build/simple_teleop:/home/meric/f1tenth_ws/build/particle_filter:/home/meric/f1tenth_ws/build/mouse_teleop:/home/meric/f1tenth_ws/build/key_teleop:/home/meric/f1tenth_ws/install/lib/python3.8/site-packages:/opt/ros/foxy/lib/python3.8/site-packages /snap/bin/cmake --build /home/meric/f1tenth_ws_mpc_emergency/build/vesc_driver --target install -- -j6 -l6
[34.956s] 2025/10/10 21:11:43.424858 cmd_run.go:1398: WARNING: cannot create user data directory: failed to verify SELinux context of /home/meric/snap: cannot locate "matchpathcon" executable
[35.031s] [ 20%] Built target vesc_driver_node
[35.054s] [ 70%] Built target vesc_driver
[35.079s] [100%] Built target vesc_device_namer
[35.088s] [36mInstall the project...[0m
[35.092s] -- Install configuration: ""
[35.092s] -- Installing: /home/meric/f1tenth_ws_mpc_emergency/install/vesc_driver/lib/vesc_driver/vesc_driver_node
[35.093s] -- Set non-toolchain portion of runtime path of "/home/meric/f1tenth_ws_mpc_emergency/install/vesc_driver/lib/vesc_driver/vesc_driver_node" to ""
[35.093s] -- Installing: /home/meric/f1tenth_ws_mpc_emergency/install/vesc_driver/include
[35.093s] -- Installing: /home/meric/f1tenth_ws_mpc_emergency/install/vesc_driver/include/vesc_driver
[35.094s] -- Installing: /home/meric/f1tenth_ws_mpc_emergency/install/vesc_driver/include/vesc_driver/datatypes.hpp
[35.094s] -- Installing: /home/meric/f1tenth_ws_mpc_emergency/install/vesc_driver/include/vesc_driver/vesc_interface.hpp
[35.094s] -- Installing: /home/meric/f1tenth_ws_mpc_emergency/install/vesc_driver/include/vesc_driver/vesc_device_uuid_lookup.hpp
[35.094s] -- Installing: /home/meric/f1tenth_ws_mpc_emergency/install/vesc_driver/include/vesc_driver/vesc_packet_factory.hpp
[35.094s] -- Installing: /home/meric/f1tenth_ws_mpc_emergency/install/vesc_driver/include/vesc_driver/crc.hpp
[35.095s] -- Installing: /home/meric/f1tenth_ws_mpc_emergency/install/vesc_driver/include/vesc_driver/vesc_driver.hpp
[35.095s] -- Installing: /home/meric/f1tenth_ws_mpc_emergency/install/vesc_driver/include/vesc_driver/vesc_packet.hpp
[35.095s] -- Installing: /home/meric/f1tenth_ws_mpc_emergency/install/vesc_driver/share/vesc_driver/environment/library_path.sh
[35.095s] -- Installing: /home/meric/f1tenth_ws_mpc_emergency/install/vesc_driver/share/vesc_driver/environment/library_path.dsv
[35.096s] -- Installing: /home/meric/f1tenth_ws_mpc_emergency/install/vesc_driver/lib/libvesc_driver.so
[35.107s] -- Set non-toolchain portion of runtime path of "/home/meric/f1tenth_ws_mpc_emergency/install/vesc_driver/lib/libvesc_driver.so" to ""
[35.107s] -- Installing: /home/meric/f1tenth_ws_mpc_emergency/install/vesc_driver/lib/vesc_driver/vesc_device_namer
[35.107s] -- Set non-toolchain portion of runtime path of "/home/meric/f1tenth_ws_mpc_emergency/install/vesc_driver/lib/vesc_driver/vesc_device_namer" to ""
[35.107s] -- Installing: /home/meric/f1tenth_ws_mpc_emergency/install/vesc_driver/share/vesc_driver/launch
[35.107s] -- Installing: /home/meric/f1tenth_ws_mpc_emergency/install/vesc_driver/share/vesc_driver/launch/vesc_driver_node.launch.py
[35.108s] -- Installing: /home/meric/f1tenth_ws_mpc_emergency/install/vesc_driver/share/vesc_driver/params
[35.108s] -- Installing: /home/meric/f1tenth_ws_mpc_emergency/install/vesc_driver/share/vesc_driver/params/vesc_config.yaml
[35.108s] -- Installing: /home/meric/f1tenth_ws_mpc_emergency/install/vesc_driver/share/ament_index/resource_index/package_run_dependencies/vesc_driver
[35.109s] -- Installing: /home/meric/f1tenth_ws_mpc_emergency/install/vesc_driver/share/ament_index/resource_index/parent_prefix_path/vesc_driver
[35.109s] -- Installing: /home/meric/f1tenth_ws_mpc_emergency/install/vesc_driver/share/vesc_driver/environment/ament_prefix_path.sh
[35.109s] -- Installing: /home/meric/f1tenth_ws_mpc_emergency/install/vesc_driver/share/vesc_driver/environment/ament_prefix_path.dsv
[35.109s] -- Installing: /home/meric/f1tenth_ws_mpc_emergency/install/vesc_driver/share/vesc_driver/environment/path.sh
[35.110s] -- Installing: /home/meric/f1tenth_ws_mpc_emergency/install/vesc_driver/share/vesc_driver/environment/path.dsv
[35.110s] -- Installing: /home/meric/f1tenth_ws_mpc_emergency/install/vesc_driver/share/vesc_driver/local_setup.bash
[35.110s] -- Installing: /home/meric/f1tenth_ws_mpc_emergency/install/vesc_driver/share/vesc_driver/local_setup.sh
[35.110s] -- Installing: /home/meric/f1tenth_ws_mpc_emergency/install/vesc_driver/share/vesc_driver/local_setup.zsh
[35.111s] -- Installing: /home/meric/f1tenth_ws_mpc_emergency/install/vesc_driver/share/vesc_driver/local_setup.dsv
[35.111s] -- Installing: /home/meric/f1tenth_ws_mpc_emergency/install/vesc_driver/share/vesc_driver/package.dsv
[35.112s] -- Installing: /home/meric/f1tenth_ws_mpc_emergency/install/vesc_driver/share/ament_index/resource_index/packages/vesc_driver
[35.112s] -- Installing: /home/meric/f1tenth_ws_mpc_emergency/install/vesc_driver/share/ament_index/resource_index/rclcpp_components/vesc_driver
[35.112s] -- Installing: /home/meric/f1tenth_ws_mpc_emergency/install/vesc_driver/share/vesc_driver/cmake/ament_cmake_export_dependencies-extras.cmake
[35.112s] -- Installing: /home/meric/f1tenth_ws_mpc_emergency/install/vesc_driver/share/vesc_driver/cmake/ament_cmake_export_include_directories-extras.cmake
[35.112s] -- Installing: /home/meric/f1tenth_ws_mpc_emergency/install/vesc_driver/share/vesc_driver/cmake/ament_cmake_export_libraries-extras.cmake
[35.113s] -- Installing: /home/meric/f1tenth_ws_mpc_emergency/install/vesc_driver/share/vesc_driver/cmake/vesc_driverConfig.cmake
[35.113s] -- Installing: /home/meric/f1tenth_ws_mpc_emergency/install/vesc_driver/share/vesc_driver/cmake/vesc_driverConfig-version.cmake
[35.113s] -- Installing: /home/meric/f1tenth_ws_mpc_emergency/install/vesc_driver/share/vesc_driver/package.xml
[35.120s] Invoked command in '/home/meric/f1tenth_ws_mpc_emergency/build/vesc_driver' returned '0': CMAKE_PREFIX_PATH=/home/meric/f1tenth_ws_mpc_emergency/install/vesc_msgs:/home/meric/f1tenth_ws_mpc_emergency/install/waypoint_generator:/home/meric/f1tenth_ws_mpc_emergency/install/vesc:/home/meric/f1tenth_ws_mpc_emergency/install/vesc_driver:/home/meric/f1tenth_ws_mpc_emergency/install/vesc_ackermann:/home/meric/f1tenth_ws_mpc_emergency/install/teleop_tools:/home/meric/f1tenth_ws_mpc_emergency/install/teleop_tools_msgs:/home/meric/f1tenth_ws_mpc_emergency/install/safety_node:/home/meric/f1tenth_ws_mpc_emergency/install/pure_pursuit:/home/meric/f1tenth_ws_mpc_emergency/install/ackermann_mux:/home/meric/f1tenth_ws/install:/home/meric/f1tenth_ws_mpc_emergency/install/f1tenth_stack:/home/meric/f1tenth_ws_mpc_emergency/install/joy_teleop:/home/meric/f1tenth_ws_mpc_emergency/install/stanley2_avoidance:/home/meric/f1tenth_ws_mpc_emergency/install/simple_teleop:/home/meric/f1tenth_ws_mpc_emergency/install/particle_filter:/home/meric/f1tenth_ws_mpc_emergency/install/mouse_teleop:/home/meric/f1tenth_ws_mpc_emergency/install/key_teleop:/opt/ros/foxy LD_LIBRARY_PATH=/home/meric/f1tenth_ws_mpc_emergency/install/vesc_msgs/lib:/home/meric/f1tenth_ws_mpc_emergency/install/vesc_driver/lib:/home/meric/f1tenth_ws_mpc_emergency/install/vesc_ackermann/lib:/home/meric/f1tenth_ws_mpc_emergency/install/teleop_tools_msgs/lib:/usr/local/cuda-11.4/lib64:/usr/local/cuda/lib64:/home/meric/ORBLIB/Pangolin/build/:/usr/local/cuda-11.4/lib64:/usr/local/cuda/lib64:/home/meric/f1tenth_ws/install/lib:/home/meric/ORBLIB/Pangolin/build/:/opt/ros/foxy/opt/yaml_cpp_vendor/lib:/opt/ros/foxy/opt/rviz_ogre_vendor/lib:/opt/ros/foxy/lib/aarch64-linux-gnu:/opt/ros/foxy/lib:/home/meric/ORBLIB/ORB_SLAM3/lib:/home/meric/ORBLIB/ORB_SLAM3/lib PS1=\[\e]0;\u@\h: \w\a\]${debian_chroot:+($debian_chroot)}\[\033[01;32m\]\u@\h\[\033[00m\]:\[\033[01;34m\]\w\[\033[00m\]\$ PYTHONPATH=/home/meric/f1tenth_ws_mpc_emergency/install/vesc_msgs/lib/python3.8/site-packages:/home/meric/f1tenth_ws_mpc_emergency/install/f1tenth_stack/lib/python3.8/site-packages:/home/meric/f1tenth_ws_mpc_emergency/install/joy_teleop/lib/python3.8/site-packages:/home/meric/f1tenth_ws_mpc_emergency/install/teleop_tools_msgs/lib/python3.8/site-packages:/home/meric/f1tenth_ws_mpc_emergency/install/stanley2_avoidance/lib/python3.8/site-packages:/home/meric/f1tenth_ws_mpc_emergency/install/simple_teleop/lib/python3.8/site-packages:/home/meric/f1tenth_ws_mpc_emergency/install/safety_node/lib/python3.8/site-packages:/home/meric/f1tenth_ws_mpc_emergency/install/particle_filter/lib/python3.8/site-packages:/home/meric/f1tenth_ws_mpc_emergency/install/mouse_teleop/lib/python3.8/site-packages:/home/meric/f1tenth_ws_mpc_emergency/install/key_teleop/lib/python3.8/site-packages:/home/meric/f1tenth_ws/build/f1tenth_stack:/home/meric/f1tenth_ws/build/joy_teleop:/home/meric/f1tenth_ws/build/stanley2_avoidance:/home/meric/f1tenth_ws/build/simple_teleop:/home/meric/f1tenth_ws/build/particle_filter:/home/meric/f1tenth_ws/build/mouse_teleop:/home/meric/f1tenth_ws/build/key_teleop:/home/meric/f1tenth_ws/install/lib/python3.8/site-packages:/opt/ros/foxy/lib/python3.8/site-packages /snap/bin/cmake --build /home/meric/f1tenth_ws_mpc_emergency/build/vesc_driver --target install -- -j6 -l6
