[1.591s] Invoking command in '/home/meric/f1tenth_ws_rl/src/f1tenth_rl': PYTHONPATH=/home/meric/f1tenth_ws_rl/build/f1tenth_rl/prefix_override:/usr/lib/python3/dist-packages/colcon_core/task/python/colcon_distutils_commands:/home/meric/f1tenth_ws_rl/install/f1tenth_rl/lib/python3.8/site-packages:${PYTHONPATH} /usr/bin/python3 -W ignore:setup.py install is deprecated -W ignore:easy_install command is deprecated setup.py egg_info --egg-base ../../build/f1tenth_rl build --build-base /home/meric/f1tenth_ws_rl/build/f1tenth_rl/build install --record /home/meric/f1tenth_ws_rl/build/f1tenth_rl/install.log --install-scripts $base/lib/f1tenth_rl --single-version-externally-managed install_data
[2.123s] running egg_info
[2.124s] writing ../../build/f1tenth_rl/f1tenth_rl.egg-info/PKG-INFO
[2.125s] writing dependency_links to ../../build/f1tenth_rl/f1tenth_rl.egg-info/dependency_links.txt
[2.125s] writing entry points to ../../build/f1tenth_rl/f1tenth_rl.egg-info/entry_points.txt
[2.125s] writing requirements to ../../build/f1tenth_rl/f1tenth_rl.egg-info/requires.txt
[2.126s] writing top-level names to ../../build/f1tenth_rl/f1tenth_rl.egg-info/top_level.txt
[2.198s] reading manifest file '../../build/f1tenth_rl/f1tenth_rl.egg-info/SOURCES.txt'
[2.200s] writing manifest file '../../build/f1tenth_rl/f1tenth_rl.egg-info/SOURCES.txt'
[2.200s] running build
[2.200s] running build_py
[2.201s] running install
[2.205s] running install_lib
[2.211s] running install_data
[2.211s] running install_egg_info
[2.217s] removing '/home/meric/f1tenth_ws_rl/install/f1tenth_rl/lib/python3.8/site-packages/f1tenth_rl-0.1.0-py3.8.egg-info' (and everything under it)
[2.217s] Copying ../../build/f1tenth_rl/f1tenth_rl.egg-info to /home/meric/f1tenth_ws_rl/install/f1tenth_rl/lib/python3.8/site-packages/f1tenth_rl-0.1.0-py3.8.egg-info
[2.221s] running install_scripts
[2.268s] Installing eval_rl_agent script to /home/meric/f1tenth_ws_rl/install/f1tenth_rl/lib/f1tenth_rl
[2.268s] Installing rl_agent script to /home/meric/f1tenth_ws_rl/install/f1tenth_rl/lib/f1tenth_rl
[2.268s] Installing train_rl_agent script to /home/meric/f1tenth_ws_rl/install/f1tenth_rl/lib/f1tenth_rl
[2.270s] writing list of installed files to '/home/meric/f1tenth_ws_rl/build/f1tenth_rl/install.log'
[2.333s] Invoked command in '/home/meric/f1tenth_ws_rl/src/f1tenth_rl' returned '0': PYTHONPATH=/home/meric/f1tenth_ws_rl/build/f1tenth_rl/prefix_override:/usr/lib/python3/dist-packages/colcon_core/task/python/colcon_distutils_commands:/home/meric/f1tenth_ws_rl/install/f1tenth_rl/lib/python3.8/site-packages:${PYTHONPATH} /usr/bin/python3 -W ignore:setup.py install is deprecated -W ignore:easy_install command is deprecated setup.py egg_info --egg-base ../../build/f1tenth_rl build --build-base /home/meric/f1tenth_ws_rl/build/f1tenth_rl/build install --record /home/meric/f1tenth_ws_rl/build/f1tenth_rl/install.log --install-scripts $base/lib/f1tenth_rl --single-version-externally-managed install_data
