[0.059s] Invoking command in '/home/meric/f1tenth_ws_mpc_emergency/build/teleop_tools': AMENT_PREFIX_PATH=/home/meric/f1tenth_ws_mpc_emergency/install/joy_teleop:/home/meric/f1tenth_ws_mpc_emergency/install/teleop_tools_msgs:/home/meric/f1tenth_ws_mpc_emergency/install/key_teleop:${AMENT_PREFIX_PATH} CMAKE_PREFIX_PATH=/home/meric/f1tenth_ws_mpc_emergency/install/teleop_tools_msgs:/home/meric/f1tenth_ws/install:/opt/ros/foxy LD_LIBRARY_PATH=/home/meric/f1tenth_ws_mpc_emergency/install/teleop_tools_msgs/lib:${LD_LIBRARY_PATH} PYTHONPATH=/home/meric/f1tenth_ws_mpc_emergency/install/joy_teleop/lib/python3.8/site-packages:/home/meric/f1tenth_ws_mpc_emergency/install/teleop_tools_msgs/lib/python3.8/site-packages:/home/meric/f1tenth_ws_mpc_emergency/install/key_teleop/lib/python3.8/site-packages:${PYTHONPATH} /snap/bin/cmake --build /home/meric/f1tenth_ws_mpc_emergency/build/teleop_tools -- -j6 -l6
[0.169s] 2025/10/23 12:59:59.976413 cmd_run.go:1398: WARNING: cannot create user data directory: failed to verify SELinux context of /home/meric/snap: cannot locate "matchpathcon" executable
[0.639s] Invoked command in '/home/meric/f1tenth_ws_mpc_emergency/build/teleop_tools' returned '0': AMENT_PREFIX_PATH=/home/meric/f1tenth_ws_mpc_emergency/install/joy_teleop:/home/meric/f1tenth_ws_mpc_emergency/install/teleop_tools_msgs:/home/meric/f1tenth_ws_mpc_emergency/install/key_teleop:${AMENT_PREFIX_PATH} CMAKE_PREFIX_PATH=/home/meric/f1tenth_ws_mpc_emergency/install/teleop_tools_msgs:/home/meric/f1tenth_ws/install:/opt/ros/foxy LD_LIBRARY_PATH=/home/meric/f1tenth_ws_mpc_emergency/install/teleop_tools_msgs/lib:${LD_LIBRARY_PATH} PYTHONPATH=/home/meric/f1tenth_ws_mpc_emergency/install/joy_teleop/lib/python3.8/site-packages:/home/meric/f1tenth_ws_mpc_emergency/install/teleop_tools_msgs/lib/python3.8/site-packages:/home/meric/f1tenth_ws_mpc_emergency/install/key_teleop/lib/python3.8/site-packages:${PYTHONPATH} /snap/bin/cmake --build /home/meric/f1tenth_ws_mpc_emergency/build/teleop_tools -- -j6 -l6
[0.643s] Invoking command in '/home/meric/f1tenth_ws_mpc_emergency/build/teleop_tools': AMENT_PREFIX_PATH=/home/meric/f1tenth_ws_mpc_emergency/install/joy_teleop:/home/meric/f1tenth_ws_mpc_emergency/install/teleop_tools_msgs:/home/meric/f1tenth_ws_mpc_emergency/install/key_teleop:${AMENT_PREFIX_PATH} CMAKE_PREFIX_PATH=/home/meric/f1tenth_ws_mpc_emergency/install/teleop_tools_msgs:/home/meric/f1tenth_ws/install:/opt/ros/foxy LD_LIBRARY_PATH=/home/meric/f1tenth_ws_mpc_emergency/install/teleop_tools_msgs/lib:${LD_LIBRARY_PATH} PYTHONPATH=/home/meric/f1tenth_ws_mpc_emergency/install/joy_teleop/lib/python3.8/site-packages:/home/meric/f1tenth_ws_mpc_emergency/install/teleop_tools_msgs/lib/python3.8/site-packages:/home/meric/f1tenth_ws_mpc_emergency/install/key_teleop/lib/python3.8/site-packages:${PYTHONPATH} /snap/bin/cmake --build /home/meric/f1tenth_ws_mpc_emergency/build/teleop_tools --target install -- -j6 -l6
[0.749s] 2025/10/23 13:00:00.557235 cmd_run.go:1398: WARNING: cannot create user data directory: failed to verify SELinux context of /home/meric/snap: cannot locate "matchpathcon" executable
[0.804s] [36mInstall the project...[0m
[0.808s] -- Install configuration: ""
[0.809s] -- Up-to-date: /home/meric/f1tenth_ws_mpc_emergency/install/teleop_tools/share/ament_index/resource_index/package_run_dependencies/teleop_tools
[0.810s] -- Up-to-date: /home/meric/f1tenth_ws_mpc_emergency/install/teleop_tools/share/ament_index/resource_index/parent_prefix_path/teleop_tools
[0.812s] -- Up-to-date: /home/meric/f1tenth_ws_mpc_emergency/install/teleop_tools/share/teleop_tools/environment/ament_prefix_path.sh
[0.812s] -- Up-to-date: /home/meric/f1tenth_ws_mpc_emergency/install/teleop_tools/share/teleop_tools/environment/ament_prefix_path.dsv
[0.812s] -- Up-to-date: /home/meric/f1tenth_ws_mpc_emergency/install/teleop_tools/share/teleop_tools/environment/path.sh
[0.812s] -- Up-to-date: /home/meric/f1tenth_ws_mpc_emergency/install/teleop_tools/share/teleop_tools/environment/path.dsv
[0.813s] -- Up-to-date: /home/meric/f1tenth_ws_mpc_emergency/install/teleop_tools/share/teleop_tools/local_setup.bash
[0.813s] -- Up-to-date: /home/meric/f1tenth_ws_mpc_emergency/install/teleop_tools/share/teleop_tools/local_setup.sh
[0.813s] -- Up-to-date: /home/meric/f1tenth_ws_mpc_emergency/install/teleop_tools/share/teleop_tools/local_setup.zsh
[0.813s] -- Up-to-date: /home/meric/f1tenth_ws_mpc_emergency/install/teleop_tools/share/teleop_tools/local_setup.dsv
[0.813s] -- Installing: /home/meric/f1tenth_ws_mpc_emergency/install/teleop_tools/share/teleop_tools/package.dsv
[0.813s] -- Up-to-date: /home/meric/f1tenth_ws_mpc_emergency/install/teleop_tools/share/ament_index/resource_index/packages/teleop_tools
[0.815s] -- Up-to-date: /home/meric/f1tenth_ws_mpc_emergency/install/teleop_tools/share/teleop_tools/cmake/teleop_toolsConfig.cmake
[0.815s] -- Up-to-date: /home/meric/f1tenth_ws_mpc_emergency/install/teleop_tools/share/teleop_tools/cmake/teleop_toolsConfig-version.cmake
[0.815s] -- Up-to-date: /home/meric/f1tenth_ws_mpc_emergency/install/teleop_tools/share/teleop_tools/package.xml
[0.828s] Invoked command in '/home/meric/f1tenth_ws_mpc_emergency/build/teleop_tools' returned '0': AMENT_PREFIX_PATH=/home/meric/f1tenth_ws_mpc_emergency/install/joy_teleop:/home/meric/f1tenth_ws_mpc_emergency/install/teleop_tools_msgs:/home/meric/f1tenth_ws_mpc_emergency/install/key_teleop:${AMENT_PREFIX_PATH} CMAKE_PREFIX_PATH=/home/meric/f1tenth_ws_mpc_emergency/install/teleop_tools_msgs:/home/meric/f1tenth_ws/install:/opt/ros/foxy LD_LIBRARY_PATH=/home/meric/f1tenth_ws_mpc_emergency/install/teleop_tools_msgs/lib:${LD_LIBRARY_PATH} PYTHONPATH=/home/meric/f1tenth_ws_mpc_emergency/install/joy_teleop/lib/python3.8/site-packages:/home/meric/f1tenth_ws_mpc_emergency/install/teleop_tools_msgs/lib/python3.8/site-packages:/home/meric/f1tenth_ws_mpc_emergency/install/key_teleop/lib/python3.8/site-packages:${PYTHONPATH} /snap/bin/cmake --build /home/meric/f1tenth_ws_mpc_emergency/build/teleop_tools --target install -- -j6 -l6
