[0.131s] Invoking command in '/home/meric/f1tenth_ws_mpc_emergency/build/vesc_msgs': CMAKE_PREFIX_PATH=${CMAKE_PREFIX_PATH}:/home/meric/f1tenth_ws_mpc_emergency/install/f1tenth_stack:/home/meric/f1tenth_ws_mpc_emergency/install/joy_teleop:/home/meric/f1tenth_ws_mpc_emergency/install/stanley2_avoidance:/home/meric/f1tenth_ws_mpc_emergency/install/simple_teleop:/home/meric/f1tenth_ws_mpc_emergency/install/particle_filter:/home/meric/f1tenth_ws_mpc_emergency/install/mouse_teleop:/home/meric/f1tenth_ws_mpc_emergency/install/key_teleop:/opt/ros/foxy /snap/bin/cmake --build /home/meric/f1tenth_ws_mpc_emergency/build/vesc_msgs -- -j6 -l6
[1.346s] [ 12%] Built target vesc_msgs__cpp
[1.347s] [ 12%] Built target vesc_msgs__rosidl_generator_c
[1.348s] [ 23%] Built target vesc_msgs__rosidl_typesupport_introspection_c
[1.350s] [ 34%] Built target vesc_msgs__rosidl_typesupport_cpp
[1.351s] [ 45%] Built target vesc_msgs__rosidl_typesupport_c
[1.355s] [ 56%] Built target vesc_msgs__rosidl_typesupport_fastrtps_cpp
[1.356s] [ 67%] Built target vesc_msgs__rosidl_typesupport_introspection_cpp
[1.356s] [ 78%] Built target vesc_msgs__rosidl_typesupport_fastrtps_c
[1.356s] [ 78%] Built target vesc_msgs
[1.356s] [ 80%] Built target vesc_msgs__py
[1.356s] [ 89%] Built target vesc_msgs__python
[1.356s] [ 92%] Built target vesc_msgs__rosidl_typesupport_introspection_c__pyext
[1.356s] [ 96%] Built target vesc_msgs__rosidl_typesupport_c__pyext
[1.357s] [100%] Built target vesc_msgs__rosidl_typesupport_fastrtps_c__pyext
[1.357s] 2025/10/25 13:10:05.716448 cmd_run.go:1398: WARNING: cannot create user data directory: failed to verify SELinux context of /home/meric/snap: cannot locate "matchpathcon" executable
[1.937s] Invoked command in '/home/meric/f1tenth_ws_mpc_emergency/build/vesc_msgs' returned '0': CMAKE_PREFIX_PATH=${CMAKE_PREFIX_PATH}:/home/meric/f1tenth_ws_mpc_emergency/install/f1tenth_stack:/home/meric/f1tenth_ws_mpc_emergency/install/joy_teleop:/home/meric/f1tenth_ws_mpc_emergency/install/stanley2_avoidance:/home/meric/f1tenth_ws_mpc_emergency/install/simple_teleop:/home/meric/f1tenth_ws_mpc_emergency/install/particle_filter:/home/meric/f1tenth_ws_mpc_emergency/install/mouse_teleop:/home/meric/f1tenth_ws_mpc_emergency/install/key_teleop:/opt/ros/foxy /snap/bin/cmake --build /home/meric/f1tenth_ws_mpc_emergency/build/vesc_msgs -- -j6 -l6
[2.074s] Invoking command in '/home/meric/f1tenth_ws_mpc_emergency/build/vesc_msgs': CMAKE_PREFIX_PATH=${CMAKE_PREFIX_PATH}:/home/meric/f1tenth_ws_mpc_emergency/install/f1tenth_stack:/home/meric/f1tenth_ws_mpc_emergency/install/joy_teleop:/home/meric/f1tenth_ws_mpc_emergency/install/stanley2_avoidance:/home/meric/f1tenth_ws_mpc_emergency/install/simple_teleop:/home/meric/f1tenth_ws_mpc_emergency/install/particle_filter:/home/meric/f1tenth_ws_mpc_emergency/install/mouse_teleop:/home/meric/f1tenth_ws_mpc_emergency/install/key_teleop:/opt/ros/foxy /snap/bin/cmake --build /home/meric/f1tenth_ws_mpc_emergency/build/vesc_msgs --target install -- -j6 -l6
[2.209s] 2025/10/25 13:10:07.669554 cmd_run.go:1398: WARNING: cannot create user data directory: failed to verify SELinux context of /home/meric/snap: cannot locate "matchpathcon" executable
[2.350s] [  1%] Built target vesc_msgs__cpp
[2.378s] [ 12%] Built target vesc_msgs__rosidl_generator_c
[2.412s] [ 23%] Built target vesc_msgs__rosidl_typesupport_cpp
[2.425s] [ 34%] Built target vesc_msgs__rosidl_typesupport_fastrtps_cpp
[2.431s] [ 45%] Built target vesc_msgs__rosidl_typesupport_introspection_cpp
[2.434s] [ 56%] Built target vesc_msgs__rosidl_typesupport_introspection_c
[2.436s] [ 67%] Built target vesc_msgs__rosidl_typesupport_c
[2.474s] [ 78%] Built target vesc_msgs__rosidl_typesupport_fastrtps_c
[2.489s] [ 78%] Built target vesc_msgs
[2.518s] [ 80%] Built target vesc_msgs__py
[2.579s] [ 89%] Built target vesc_msgs__python
[2.662s] [ 92%] Built target vesc_msgs__rosidl_typesupport_fastrtps_c__pyext
[2.671s] [100%] Built target vesc_msgs__rosidl_typesupport_introspection_c__pyext
[2.672s] [100%] Built target vesc_msgs__rosidl_typesupport_c__pyext
[2.689s] [36mInstall the project...[0m
[2.702s] -- Install configuration: ""
[2.702s] -- Up-to-date: /home/meric/f1tenth_ws_mpc_emergency/install/vesc_msgs/share/ament_index/resource_index/rosidl_interfaces/vesc_msgs
[2.703s] -- Up-to-date: /home/meric/f1tenth_ws_mpc_emergency/install/vesc_msgs/include/vesc_msgs
[2.703s] -- Up-to-date: /home/meric/f1tenth_ws_mpc_emergency/install/vesc_msgs/include/vesc_msgs/msg
[2.703s] -- Up-to-date: /home/meric/f1tenth_ws_mpc_emergency/install/vesc_msgs/include/vesc_msgs/msg/rosidl_generator_c__visibility_control.h
[2.704s] -- Up-to-date: /home/meric/f1tenth_ws_mpc_emergency/install/vesc_msgs/include/vesc_msgs/msg/vesc_state_stamped.h
[2.704s] -- Up-to-date: /home/meric/f1tenth_ws_mpc_emergency/install/vesc_msgs/include/vesc_msgs/msg/vesc_state.h
[2.704s] -- Up-to-date: /home/meric/f1tenth_ws_mpc_emergency/install/vesc_msgs/include/vesc_msgs/msg/vesc_imu_stamped.h
[2.705s] -- Up-to-date: /home/meric/f1tenth_ws_mpc_emergency/install/vesc_msgs/include/vesc_msgs/msg/vesc_imu.h
[2.705s] -- Up-to-date: /home/meric/f1tenth_ws_mpc_emergency/install/vesc_msgs/include/vesc_msgs/msg/detail
[2.705s] -- Up-to-date: /home/meric/f1tenth_ws_mpc_emergency/install/vesc_msgs/include/vesc_msgs/msg/detail/vesc_imu_stamped__struct.h
[2.705s] -- Up-to-date: /home/meric/f1tenth_ws_mpc_emergency/install/vesc_msgs/include/vesc_msgs/msg/detail/vesc_imu_stamped__functions.c
[2.706s] -- Up-to-date: /home/meric/f1tenth_ws_mpc_emergency/install/vesc_msgs/include/vesc_msgs/msg/detail/vesc_state__functions.h
[2.706s] -- Up-to-date: /home/meric/f1tenth_ws_mpc_emergency/install/vesc_msgs/include/vesc_msgs/msg/detail/vesc_state__functions.c
[2.706s] -- Up-to-date: /home/meric/f1tenth_ws_mpc_emergency/install/vesc_msgs/include/vesc_msgs/msg/detail/vesc_imu__functions.h
[2.706s] -- Up-to-date: /home/meric/f1tenth_ws_mpc_emergency/install/vesc_msgs/include/vesc_msgs/msg/detail/vesc_imu_stamped__type_support.h
[2.707s] -- Up-to-date: /home/meric/f1tenth_ws_mpc_emergency/install/vesc_msgs/include/vesc_msgs/msg/detail/vesc_state_stamped__functions.h
[2.707s] -- Up-to-date: /home/meric/f1tenth_ws_mpc_emergency/install/vesc_msgs/include/vesc_msgs/msg/detail/vesc_state__type_support.h
[2.708s] -- Up-to-date: /home/meric/f1tenth_ws_mpc_emergency/install/vesc_msgs/include/vesc_msgs/msg/detail/vesc_state_stamped__struct.h
[2.709s] -- Up-to-date: /home/meric/f1tenth_ws_mpc_emergency/install/vesc_msgs/include/vesc_msgs/msg/detail/vesc_state__struct.h
[2.709s] -- Up-to-date: /home/meric/f1tenth_ws_mpc_emergency/install/vesc_msgs/include/vesc_msgs/msg/detail/vesc_imu__type_support.h
[2.710s] -- Up-to-date: /home/meric/f1tenth_ws_mpc_emergency/install/vesc_msgs/include/vesc_msgs/msg/detail/vesc_imu__struct.h
[2.710s] -- Up-to-date: /home/meric/f1tenth_ws_mpc_emergency/install/vesc_msgs/include/vesc_msgs/msg/detail/vesc_state_stamped__type_support.h
[2.710s] -- Up-to-date: /home/meric/f1tenth_ws_mpc_emergency/install/vesc_msgs/include/vesc_msgs/msg/detail/vesc_imu_stamped__functions.h
[2.711s] -- Up-to-date: /home/meric/f1tenth_ws_mpc_emergency/install/vesc_msgs/include/vesc_msgs/msg/detail/vesc_state_stamped__functions.c
[2.711s] -- Up-to-date: /home/meric/f1tenth_ws_mpc_emergency/install/vesc_msgs/include/vesc_msgs/msg/detail/vesc_imu__functions.c
[2.711s] -- Up-to-date: /home/meric/f1tenth_ws_mpc_emergency/install/vesc_msgs/share/vesc_msgs/environment/library_path.sh
[2.711s] -- Up-to-date: /home/meric/f1tenth_ws_mpc_emergency/install/vesc_msgs/share/vesc_msgs/environment/library_path.dsv
[2.712s] -- Up-to-date: /home/meric/f1tenth_ws_mpc_emergency/install/vesc_msgs/lib/libvesc_msgs__rosidl_generator_c.so
[2.712s] -- Up-to-date: /home/meric/f1tenth_ws_mpc_emergency/install/vesc_msgs/include/vesc_msgs
[2.712s] -- Up-to-date: /home/meric/f1tenth_ws_mpc_emergency/install/vesc_msgs/include/vesc_msgs/msg
[2.712s] -- Up-to-date: /home/meric/f1tenth_ws_mpc_emergency/install/vesc_msgs/include/vesc_msgs/msg/rosidl_typesupport_fastrtps_c__visibility_control.h
[2.712s] -- Up-to-date: /home/meric/f1tenth_ws_mpc_emergency/install/vesc_msgs/include/vesc_msgs/msg/detail
[2.713s] -- Up-to-date: /home/meric/f1tenth_ws_mpc_emergency/install/vesc_msgs/include/vesc_msgs/msg/detail/vesc_state__rosidl_typesupport_fastrtps_c.h
[2.713s] -- Up-to-date: /home/meric/f1tenth_ws_mpc_emergency/install/vesc_msgs/include/vesc_msgs/msg/detail/vesc_imu_stamped__rosidl_typesupport_fastrtps_c.h
[2.713s] -- Up-to-date: /home/meric/f1tenth_ws_mpc_emergency/install/vesc_msgs/include/vesc_msgs/msg/detail/vesc_state_stamped__rosidl_typesupport_fastrtps_c.h
[2.714s] -- Up-to-date: /home/meric/f1tenth_ws_mpc_emergency/install/vesc_msgs/include/vesc_msgs/msg/detail/vesc_imu__rosidl_typesupport_fastrtps_c.h
[2.714s] -- Up-to-date: /home/meric/f1tenth_ws_mpc_emergency/install/vesc_msgs/lib/libvesc_msgs__rosidl_typesupport_fastrtps_c.so
[2.714s] -- Up-to-date: /home/meric/f1tenth_ws_mpc_emergency/install/vesc_msgs/include/vesc_msgs
[2.715s] -- Up-to-date: /home/meric/f1tenth_ws_mpc_emergency/install/vesc_msgs/include/vesc_msgs/msg
[2.715s] -- Up-to-date: /home/meric/f1tenth_ws_mpc_emergency/install/vesc_msgs/include/vesc_msgs/msg/rosidl_typesupport_fastrtps_cpp__visibility_control.h
[2.715s] -- Up-to-date: /home/meric/f1tenth_ws_mpc_emergency/install/vesc_msgs/include/vesc_msgs/msg/detail
[2.715s] -- Up-to-date: /home/meric/f1tenth_ws_mpc_emergency/install/vesc_msgs/include/vesc_msgs/msg/detail/vesc_state__rosidl_typesupport_fastrtps_cpp.hpp
[2.715s] -- Up-to-date: /home/meric/f1tenth_ws_mpc_emergency/install/vesc_msgs/include/vesc_msgs/msg/detail/dds_fastrtps
[2.716s] -- Up-to-date: /home/meric/f1tenth_ws_mpc_emergency/install/vesc_msgs/include/vesc_msgs/msg/detail/vesc_imu__rosidl_typesupport_fastrtps_cpp.hpp
[2.716s] -- Up-to-date: /home/meric/f1tenth_ws_mpc_emergency/install/vesc_msgs/include/vesc_msgs/msg/detail/vesc_state_stamped__rosidl_typesupport_fastrtps_cpp.hpp
[2.716s] -- Up-to-date: /home/meric/f1tenth_ws_mpc_emergency/install/vesc_msgs/include/vesc_msgs/msg/detail/vesc_imu_stamped__rosidl_typesupport_fastrtps_cpp.hpp
[2.716s] -- Up-to-date: /home/meric/f1tenth_ws_mpc_emergency/install/vesc_msgs/lib/libvesc_msgs__rosidl_typesupport_fastrtps_cpp.so
[2.716s] -- Up-to-date: /home/meric/f1tenth_ws_mpc_emergency/install/vesc_msgs/include/vesc_msgs
[2.717s] -- Up-to-date: /home/meric/f1tenth_ws_mpc_emergency/install/vesc_msgs/include/vesc_msgs/msg
[2.717s] -- Up-to-date: /home/meric/f1tenth_ws_mpc_emergency/install/vesc_msgs/include/vesc_msgs/msg/detail
[2.717s] -- Up-to-date: /home/meric/f1tenth_ws_mpc_emergency/install/vesc_msgs/include/vesc_msgs/msg/detail/vesc_imu_stamped__rosidl_typesupport_introspection_c.h
[2.717s] -- Up-to-date: /home/meric/f1tenth_ws_mpc_emergency/install/vesc_msgs/include/vesc_msgs/msg/detail/vesc_imu__rosidl_typesupport_introspection_c.h
[2.718s] -- Up-to-date: /home/meric/f1tenth_ws_mpc_emergency/install/vesc_msgs/include/vesc_msgs/msg/detail/vesc_state__type_support.c
[2.729s] -- Up-to-date: /home/meric/f1tenth_ws_mpc_emergency/install/vesc_msgs/include/vesc_msgs/msg/detail/vesc_imu_stamped__type_support.c
[2.729s] -- Up-to-date: /home/meric/f1tenth_ws_mpc_emergency/install/vesc_msgs/include/vesc_msgs/msg/detail/vesc_state_stamped__rosidl_typesupport_introspection_c.h
[2.729s] -- Up-to-date: /home/meric/f1tenth_ws_mpc_emergency/install/vesc_msgs/include/vesc_msgs/msg/detail/vesc_state__rosidl_typesupport_introspection_c.h
[2.730s] -- Up-to-date: /home/meric/f1tenth_ws_mpc_emergency/install/vesc_msgs/include/vesc_msgs/msg/detail/vesc_state_stamped__type_support.c
[2.730s] -- Up-to-date: /home/meric/f1tenth_ws_mpc_emergency/install/vesc_msgs/include/vesc_msgs/msg/detail/vesc_imu__type_support.c
[2.730s] -- Up-to-date: /home/meric/f1tenth_ws_mpc_emergency/install/vesc_msgs/include/vesc_msgs/msg/rosidl_typesupport_introspection_c__visibility_control.h
[2.730s] -- Up-to-date: /home/meric/f1tenth_ws_mpc_emergency/install/vesc_msgs/lib/libvesc_msgs__rosidl_typesupport_introspection_c.so
[2.730s] -- Up-to-date: /home/meric/f1tenth_ws_mpc_emergency/install/vesc_msgs/lib/libvesc_msgs__rosidl_typesupport_c.so
[2.730s] -- Up-to-date: /home/meric/f1tenth_ws_mpc_emergency/install/vesc_msgs/include/vesc_msgs
[2.731s] -- Up-to-date: /home/meric/f1tenth_ws_mpc_emergency/install/vesc_msgs/include/vesc_msgs/msg
[2.732s] -- Up-to-date: /home/meric/f1tenth_ws_mpc_emergency/install/vesc_msgs/include/vesc_msgs/msg/vesc_state_stamped.hpp
[2.733s] -- Up-to-date: /home/meric/f1tenth_ws_mpc_emergency/install/vesc_msgs/include/vesc_msgs/msg/vesc_imu.hpp
[2.743s] -- Up-to-date: /home/meric/f1tenth_ws_mpc_emergency/install/vesc_msgs/include/vesc_msgs/msg/vesc_imu_stamped.hpp
[2.744s] -- Up-to-date: /home/meric/f1tenth_ws_mpc_emergency/install/vesc_msgs/include/vesc_msgs/msg/detail
[2.744s] -- Up-to-date: /home/meric/f1tenth_ws_mpc_emergency/install/vesc_msgs/include/vesc_msgs/msg/detail/vesc_imu_stamped__struct.hpp
[2.745s] -- Up-to-date: /home/meric/f1tenth_ws_mpc_emergency/install/vesc_msgs/include/vesc_msgs/msg/detail/vesc_state_stamped__traits.hpp
[2.745s] -- Up-to-date: /home/meric/f1tenth_ws_mpc_emergency/install/vesc_msgs/include/vesc_msgs/msg/detail/vesc_imu__traits.hpp
[2.764s] -- Up-to-date: /home/meric/f1tenth_ws_mpc_emergency/install/vesc_msgs/include/vesc_msgs/msg/detail/vesc_state_stamped__builder.hpp
[2.765s] -- Up-to-date: /home/meric/f1tenth_ws_mpc_emergency/install/vesc_msgs/include/vesc_msgs/msg/detail/vesc_imu__builder.hpp
[2.768s] -- Up-to-date: /home/meric/f1tenth_ws_mpc_emergency/install/vesc_msgs/include/vesc_msgs/msg/detail/vesc_state__type_support.hpp
[2.769s] -- Up-to-date: /home/meric/f1tenth_ws_mpc_emergency/install/vesc_msgs/include/vesc_msgs/msg/detail/vesc_state_stamped__type_support.hpp
[2.769s] -- Up-to-date: /home/meric/f1tenth_ws_mpc_emergency/install/vesc_msgs/include/vesc_msgs/msg/detail/vesc_state__builder.hpp
[2.770s] -- Up-to-date: /home/meric/f1tenth_ws_mpc_emergency/install/vesc_msgs/include/vesc_msgs/msg/detail/vesc_imu_stamped__traits.hpp
[2.771s] -- Up-to-date: /home/meric/f1tenth_ws_mpc_emergency/install/vesc_msgs/include/vesc_msgs/msg/detail/vesc_state_stamped__struct.hpp
[2.771s] -- Up-to-date: /home/meric/f1tenth_ws_mpc_emergency/install/vesc_msgs/include/vesc_msgs/msg/detail/vesc_imu_stamped__type_support.hpp
[2.772s] -- Up-to-date: /home/meric/f1tenth_ws_mpc_emergency/install/vesc_msgs/include/vesc_msgs/msg/detail/vesc_imu_stamped__builder.hpp
[2.772s] -- Up-to-date: /home/meric/f1tenth_ws_mpc_emergency/install/vesc_msgs/include/vesc_msgs/msg/detail/vesc_imu__type_support.hpp
[2.773s] -- Up-to-date: /home/meric/f1tenth_ws_mpc_emergency/install/vesc_msgs/include/vesc_msgs/msg/detail/vesc_state__traits.hpp
[2.774s] -- Up-to-date: /home/meric/f1tenth_ws_mpc_emergency/install/vesc_msgs/include/vesc_msgs/msg/detail/vesc_state__struct.hpp
[2.774s] -- Up-to-date: /home/meric/f1tenth_ws_mpc_emergency/install/vesc_msgs/include/vesc_msgs/msg/detail/vesc_imu__struct.hpp
[2.775s] -- Up-to-date: /home/meric/f1tenth_ws_mpc_emergency/install/vesc_msgs/include/vesc_msgs/msg/rosidl_generator_cpp__visibility_control.hpp
[2.775s] -- Up-to-date: /home/meric/f1tenth_ws_mpc_emergency/install/vesc_msgs/include/vesc_msgs/msg/vesc_state.hpp
[2.775s] -- Up-to-date: /home/meric/f1tenth_ws_mpc_emergency/install/vesc_msgs/include/vesc_msgs
[2.776s] -- Up-to-date: /home/meric/f1tenth_ws_mpc_emergency/install/vesc_msgs/include/vesc_msgs/msg
[2.776s] -- Up-to-date: /home/meric/f1tenth_ws_mpc_emergency/install/vesc_msgs/include/vesc_msgs/msg/detail
[2.776s] -- Up-to-date: /home/meric/f1tenth_ws_mpc_emergency/install/vesc_msgs/include/vesc_msgs/msg/detail/vesc_imu_stamped__rosidl_typesupport_introspection_cpp.hpp
[2.776s] -- Up-to-date: /home/meric/f1tenth_ws_mpc_emergency/install/vesc_msgs/include/vesc_msgs/msg/detail/vesc_state_stamped__type_support.cpp
[2.777s] -- Up-to-date: /home/meric/f1tenth_ws_mpc_emergency/install/vesc_msgs/include/vesc_msgs/msg/detail/vesc_imu__type_support.cpp
[2.777s] -- Up-to-date: /home/meric/f1tenth_ws_mpc_emergency/install/vesc_msgs/include/vesc_msgs/msg/detail/vesc_imu_stamped__type_support.cpp
[2.777s] -- Up-to-date: /home/meric/f1tenth_ws_mpc_emergency/install/vesc_msgs/include/vesc_msgs/msg/detail/vesc_imu__rosidl_typesupport_introspection_cpp.hpp
[2.777s] -- Up-to-date: /home/meric/f1tenth_ws_mpc_emergency/install/vesc_msgs/include/vesc_msgs/msg/detail/vesc_state__rosidl_typesupport_introspection_cpp.hpp
[2.777s] -- Up-to-date: /home/meric/f1tenth_ws_mpc_emergency/install/vesc_msgs/include/vesc_msgs/msg/detail/vesc_state__type_support.cpp
[2.778s] -- Up-to-date: /home/meric/f1tenth_ws_mpc_emergency/install/vesc_msgs/include/vesc_msgs/msg/detail/vesc_state_stamped__rosidl_typesupport_introspection_cpp.hpp
[2.778s] -- Up-to-date: /home/meric/f1tenth_ws_mpc_emergency/install/vesc_msgs/lib/libvesc_msgs__rosidl_typesupport_introspection_cpp.so
[2.778s] -- Up-to-date: /home/meric/f1tenth_ws_mpc_emergency/install/vesc_msgs/lib/libvesc_msgs__rosidl_typesupport_cpp.so
[2.778s] -- Up-to-date: /home/meric/f1tenth_ws_mpc_emergency/install/vesc_msgs/share/vesc_msgs/environment/pythonpath.sh
[2.778s] -- Up-to-date: /home/meric/f1tenth_ws_mpc_emergency/install/vesc_msgs/share/vesc_msgs/environment/pythonpath.dsv
[2.778s] -- Up-to-date: /home/meric/f1tenth_ws_mpc_emergency/install/vesc_msgs/lib/python3.8/site-packages/vesc_msgs/__init__.py
[2.865s] -- Up-to-date: /home/meric/f1tenth_ws_mpc_emergency/install/vesc_msgs/lib/python3.8/site-packages/vesc_msgs/msg
[2.866s] -- Up-to-date: /home/meric/f1tenth_ws_mpc_emergency/install/vesc_msgs/lib/python3.8/site-packages/vesc_msgs/msg/_vesc_imu_stamped_s.c
[2.867s] -- Up-to-date: /home/meric/f1tenth_ws_mpc_emergency/install/vesc_msgs/lib/python3.8/site-packages/vesc_msgs/msg/__init__.py
[2.869s] -- Up-to-date: /home/meric/f1tenth_ws_mpc_emergency/install/vesc_msgs/lib/python3.8/site-packages/vesc_msgs/msg/_vesc_imu_s.c
[2.869s] -- Up-to-date: /home/meric/f1tenth_ws_mpc_emergency/install/vesc_msgs/lib/python3.8/site-packages/vesc_msgs/msg/_vesc_state.py
[2.869s] -- Up-to-date: /home/meric/f1tenth_ws_mpc_emergency/install/vesc_msgs/lib/python3.8/site-packages/vesc_msgs/msg/_vesc_state_stamped_s.c
[2.869s] -- Up-to-date: /home/meric/f1tenth_ws_mpc_emergency/install/vesc_msgs/lib/python3.8/site-packages/vesc_msgs/msg/_vesc_imu_stamped.py
[2.869s] -- Up-to-date: /home/meric/f1tenth_ws_mpc_emergency/install/vesc_msgs/lib/python3.8/site-packages/vesc_msgs/msg/_vesc_imu.py
[2.870s] -- Up-to-date: /home/meric/f1tenth_ws_mpc_emergency/install/vesc_msgs/lib/python3.8/site-packages/vesc_msgs/msg/_vesc_state_s.c
[2.870s] -- Up-to-date: /home/meric/f1tenth_ws_mpc_emergency/install/vesc_msgs/lib/python3.8/site-packages/vesc_msgs/msg/_vesc_state_stamped.py
[2.870s] -- Up-to-date: /home/meric/f1tenth_ws_mpc_emergency/install/vesc_msgs/lib/python3.8/site-packages/vesc_msgs/vesc_msgs_s__rosidl_typesupport_fastrtps_c.cpython-38-aarch64-linux-gnu.so
[2.870s] -- Up-to-date: /home/meric/f1tenth_ws_mpc_emergency/install/vesc_msgs/lib/python3.8/site-packages/vesc_msgs/vesc_msgs_s__rosidl_typesupport_introspection_c.cpython-38-aarch64-linux-gnu.so
[2.871s] -- Up-to-date: /home/meric/f1tenth_ws_mpc_emergency/install/vesc_msgs/lib/python3.8/site-packages/vesc_msgs/vesc_msgs_s__rosidl_typesupport_c.cpython-38-aarch64-linux-gnu.so
[2.871s] -- Up-to-date: /home/meric/f1tenth_ws_mpc_emergency/install/vesc_msgs/lib/libvesc_msgs__python.so
[2.872s] -- Up-to-date: /home/meric/f1tenth_ws_mpc_emergency/install/vesc_msgs/share/vesc_msgs/msg/VescState.idl
[2.872s] -- Up-to-date: /home/meric/f1tenth_ws_mpc_emergency/install/vesc_msgs/share/vesc_msgs/msg/VescStateStamped.idl
[2.872s] -- Up-to-date: /home/meric/f1tenth_ws_mpc_emergency/install/vesc_msgs/share/vesc_msgs/msg/VescImu.idl
[2.882s] -- Up-to-date: /home/meric/f1tenth_ws_mpc_emergency/install/vesc_msgs/share/vesc_msgs/msg/VescImuStamped.idl
[2.883s] -- Up-to-date: /home/meric/f1tenth_ws_mpc_emergency/install/vesc_msgs/share/vesc_msgs/msg/VescState.msg
[2.883s] -- Up-to-date: /home/meric/f1tenth_ws_mpc_emergency/install/vesc_msgs/share/vesc_msgs/msg/VescStateStamped.msg
[2.883s] -- Up-to-date: /home/meric/f1tenth_ws_mpc_emergency/install/vesc_msgs/share/vesc_msgs/msg/VescImu.msg
[2.883s] -- Up-to-date: /home/meric/f1tenth_ws_mpc_emergency/install/vesc_msgs/share/vesc_msgs/msg/VescImuStamped.msg
[2.884s] -- Up-to-date: /home/meric/f1tenth_ws_mpc_emergency/install/vesc_msgs/share/ament_index/resource_index/package_run_dependencies/vesc_msgs
[2.884s] -- Up-to-date: /home/meric/f1tenth_ws_mpc_emergency/install/vesc_msgs/share/ament_index/resource_index/parent_prefix_path/vesc_msgs
[2.884s] -- Up-to-date: /home/meric/f1tenth_ws_mpc_emergency/install/vesc_msgs/share/vesc_msgs/environment/ament_prefix_path.sh
[2.884s] -- Up-to-date: /home/meric/f1tenth_ws_mpc_emergency/install/vesc_msgs/share/vesc_msgs/environment/ament_prefix_path.dsv
[2.884s] -- Up-to-date: /home/meric/f1tenth_ws_mpc_emergency/install/vesc_msgs/share/vesc_msgs/environment/path.sh
[2.884s] -- Up-to-date: /home/meric/f1tenth_ws_mpc_emergency/install/vesc_msgs/share/vesc_msgs/environment/path.dsv
[2.885s] -- Up-to-date: /home/meric/f1tenth_ws_mpc_emergency/install/vesc_msgs/share/vesc_msgs/local_setup.bash
[2.885s] -- Up-to-date: /home/meric/f1tenth_ws_mpc_emergency/install/vesc_msgs/share/vesc_msgs/local_setup.sh
[2.885s] -- Up-to-date: /home/meric/f1tenth_ws_mpc_emergency/install/vesc_msgs/share/vesc_msgs/local_setup.zsh
[2.885s] -- Up-to-date: /home/meric/f1tenth_ws_mpc_emergency/install/vesc_msgs/share/vesc_msgs/local_setup.dsv
[2.885s] -- Installing: /home/meric/f1tenth_ws_mpc_emergency/install/vesc_msgs/share/vesc_msgs/package.dsv
[2.885s] -- Up-to-date: /home/meric/f1tenth_ws_mpc_emergency/install/vesc_msgs/share/ament_index/resource_index/packages/vesc_msgs
[2.885s] -- Up-to-date: /home/meric/f1tenth_ws_mpc_emergency/install/vesc_msgs/share/vesc_msgs/cmake/vesc_msgs__rosidl_generator_cExport.cmake
[2.886s] -- Up-to-date: /home/meric/f1tenth_ws_mpc_emergency/install/vesc_msgs/share/vesc_msgs/cmake/vesc_msgs__rosidl_generator_cExport-noconfig.cmake
[2.886s] -- Up-to-date: /home/meric/f1tenth_ws_mpc_emergency/install/vesc_msgs/share/vesc_msgs/cmake/vesc_msgs__rosidl_typesupport_introspection_cExport.cmake
[2.886s] -- Up-to-date: /home/meric/f1tenth_ws_mpc_emergency/install/vesc_msgs/share/vesc_msgs/cmake/vesc_msgs__rosidl_typesupport_introspection_cExport-noconfig.cmake
[2.886s] -- Up-to-date: /home/meric/f1tenth_ws_mpc_emergency/install/vesc_msgs/share/vesc_msgs/cmake/vesc_msgs__rosidl_typesupport_cExport.cmake
[2.886s] -- Up-to-date: /home/meric/f1tenth_ws_mpc_emergency/install/vesc_msgs/share/vesc_msgs/cmake/vesc_msgs__rosidl_typesupport_cExport-noconfig.cmake
[2.887s] -- Up-to-date: /home/meric/f1tenth_ws_mpc_emergency/install/vesc_msgs/share/vesc_msgs/cmake/vesc_msgs__rosidl_generator_cppExport.cmake
[2.887s] -- Up-to-date: /home/meric/f1tenth_ws_mpc_emergency/install/vesc_msgs/share/vesc_msgs/cmake/vesc_msgs__rosidl_typesupport_introspection_cppExport.cmake
[2.887s] -- Up-to-date: /home/meric/f1tenth_ws_mpc_emergency/install/vesc_msgs/share/vesc_msgs/cmake/vesc_msgs__rosidl_typesupport_introspection_cppExport-noconfig.cmake
[2.887s] -- Up-to-date: /home/meric/f1tenth_ws_mpc_emergency/install/vesc_msgs/share/vesc_msgs/cmake/vesc_msgs__rosidl_typesupport_cppExport.cmake
[2.887s] -- Up-to-date: /home/meric/f1tenth_ws_mpc_emergency/install/vesc_msgs/share/vesc_msgs/cmake/vesc_msgs__rosidl_typesupport_cppExport-noconfig.cmake
[2.888s] -- Up-to-date: /home/meric/f1tenth_ws_mpc_emergency/install/vesc_msgs/share/vesc_msgs/cmake/rosidl_cmake-extras.cmake
[2.888s] -- Up-to-date: /home/meric/f1tenth_ws_mpc_emergency/install/vesc_msgs/share/vesc_msgs/cmake/ament_cmake_export_dependencies-extras.cmake
[2.888s] -- Up-to-date: /home/meric/f1tenth_ws_mpc_emergency/install/vesc_msgs/share/vesc_msgs/cmake/ament_cmake_export_libraries-extras.cmake
[2.888s] -- Up-to-date: /home/meric/f1tenth_ws_mpc_emergency/install/vesc_msgs/share/vesc_msgs/cmake/ament_cmake_export_targets-extras.cmake
[2.888s] -- Up-to-date: /home/meric/f1tenth_ws_mpc_emergency/install/vesc_msgs/share/vesc_msgs/cmake/ament_cmake_export_include_directories-extras.cmake
[2.888s] -- Up-to-date: /home/meric/f1tenth_ws_mpc_emergency/install/vesc_msgs/share/vesc_msgs/cmake/rosidl_cmake_export_typesupport_libraries-extras.cmake
[2.888s] -- Up-to-date: /home/meric/f1tenth_ws_mpc_emergency/install/vesc_msgs/share/vesc_msgs/cmake/rosidl_cmake_export_typesupport_targets-extras.cmake
[2.888s] -- Up-to-date: /home/meric/f1tenth_ws_mpc_emergency/install/vesc_msgs/share/vesc_msgs/cmake/vesc_msgsConfig.cmake
[2.889s] -- Up-to-date: /home/meric/f1tenth_ws_mpc_emergency/install/vesc_msgs/share/vesc_msgs/cmake/vesc_msgsConfig-version.cmake
[2.889s] -- Up-to-date: /home/meric/f1tenth_ws_mpc_emergency/install/vesc_msgs/share/vesc_msgs/package.xml
[3.460s] Invoked command in '/home/meric/f1tenth_ws_mpc_emergency/build/vesc_msgs' returned '0': CMAKE_PREFIX_PATH=${CMAKE_PREFIX_PATH}:/home/meric/f1tenth_ws_mpc_emergency/install/f1tenth_stack:/home/meric/f1tenth_ws_mpc_emergency/install/joy_teleop:/home/meric/f1tenth_ws_mpc_emergency/install/stanley2_avoidance:/home/meric/f1tenth_ws_mpc_emergency/install/simple_teleop:/home/meric/f1tenth_ws_mpc_emergency/install/particle_filter:/home/meric/f1tenth_ws_mpc_emergency/install/mouse_teleop:/home/meric/f1tenth_ws_mpc_emergency/install/key_teleop:/opt/ros/foxy /snap/bin/cmake --build /home/meric/f1tenth_ws_mpc_emergency/build/vesc_msgs --target install -- -j6 -l6
