[1.452s] Invoking command in '/home/meric/f1tenth_ws_mpc_emergency/src/stanley2_avoidance': PYTHONPATH=/home/meric/f1tenth_ws_mpc_emergency/build/stanley2_avoidance/prefix_override:/usr/lib/python3/dist-packages/colcon_core/task/python/colcon_distutils_commands:/home/meric/f1tenth_ws_mpc_emergency/install/stanley2_avoidance/lib/python3.8/site-packages:${PYTHONPATH} /usr/bin/python3 -W ignore:setup.py install is deprecated -W ignore:easy_install command is deprecated setup.py egg_info --egg-base ../../build/stanley2_avoidance build --build-base /home/meric/f1tenth_ws_mpc_emergency/build/stanley2_avoidance/build install --record /home/meric/f1tenth_ws_mpc_emergency/build/stanley2_avoidance/install.log --install-scripts $base/lib/stanley2_avoidance --single-version-externally-managed install_data
[1.959s] running egg_info
[1.960s] writing ../../build/stanley2_avoidance/stanley2_avoidance.egg-info/PKG-INFO
[1.968s] writing dependency_links to ../../build/stanley2_avoidance/stanley2_avoidance.egg-info/dependency_links.txt
[1.969s] writing entry points to ../../build/stanley2_avoidance/stanley2_avoidance.egg-info/entry_points.txt
[1.969s] writing requirements to ../../build/stanley2_avoidance/stanley2_avoidance.egg-info/requires.txt
[1.969s] writing top-level names to ../../build/stanley2_avoidance/stanley2_avoidance.egg-info/top_level.txt
[2.037s] reading manifest file '../../build/stanley2_avoidance/stanley2_avoidance.egg-info/SOURCES.txt'
[2.039s] writing manifest file '../../build/stanley2_avoidance/stanley2_avoidance.egg-info/SOURCES.txt'
[2.039s] running build
[2.040s] running build_py
[2.041s] running install
[2.045s] running install_lib
[2.048s] running install_data
[2.049s] copying config/config.yaml -> /home/meric/f1tenth_ws_mpc_emergency/install/stanley2_avoidance/share/stanley2_avoidance/config
[2.049s] running install_egg_info
[2.055s] removing '/home/meric/f1tenth_ws_mpc_emergency/install/stanley2_avoidance/lib/python3.8/site-packages/stanley2_avoidance-0.0.0-py3.8.egg-info' (and everything under it)
[2.056s] Copying ../../build/stanley2_avoidance/stanley2_avoidance.egg-info to /home/meric/f1tenth_ws_mpc_emergency/install/stanley2_avoidance/lib/python3.8/site-packages/stanley2_avoidance-0.0.0-py3.8.egg-info
[2.059s] running install_scripts
[2.100s] Installing stanley2_avoidance script to /home/meric/f1tenth_ws_mpc_emergency/install/stanley2_avoidance/lib/stanley2_avoidance
[2.101s] writing list of installed files to '/home/meric/f1tenth_ws_mpc_emergency/build/stanley2_avoidance/install.log'
[2.161s] Invoked command in '/home/meric/f1tenth_ws_mpc_emergency/src/stanley2_avoidance' returned '0': PYTHONPATH=/home/meric/f1tenth_ws_mpc_emergency/build/stanley2_avoidance/prefix_override:/usr/lib/python3/dist-packages/colcon_core/task/python/colcon_distutils_commands:/home/meric/f1tenth_ws_mpc_emergency/install/stanley2_avoidance/lib/python3.8/site-packages:${PYTHONPATH} /usr/bin/python3 -W ignore:setup.py install is deprecated -W ignore:easy_install command is deprecated setup.py egg_info --egg-base ../../build/stanley2_avoidance build --build-base /home/meric/f1tenth_ws_mpc_emergency/build/stanley2_avoidance/build install --record /home/meric/f1tenth_ws_mpc_emergency/build/stanley2_avoidance/install.log --install-scripts $base/lib/stanley2_avoidance --single-version-externally-managed install_data
