[3.104s] Invoking command in '/home/meric/f1tenth_ws_mpc_emergency/src/stanley2_avoidance': PS1=\[\e]0;\u@\h: \w\a\]${debian_chroot:+($debian_chroot)}\[\033[01;32m\]\u@\h\[\033[00m\]:\[\033[01;34m\]\w\[\033[00m\]\$ PYTHONPATH=/home/meric/f1tenth_ws_mpc_emergency/build/stanley2_avoidance/prefix_override:/usr/lib/python3/dist-packages/colcon_core/task/python/colcon_distutils_commands:/home/meric/f1tenth_ws_mpc_emergency/install/stanley2_avoidance/lib/python3.8/site-packages:${PYTHONPATH} /usr/bin/python3 -W ignore:setup.py install is deprecated -W ignore:easy_install command is deprecated setup.py egg_info --egg-base ../../build/stanley2_avoidance build --build-base /home/meric/f1tenth_ws_mpc_emergency/build/stanley2_avoidance/build install --record /home/meric/f1tenth_ws_mpc_emergency/build/stanley2_avoidance/install.log --install-scripts $base/lib/stanley2_avoidance --single-version-externally-managed install_data
[4.712s] running egg_info
[4.713s] creating ../../build/stanley2_avoidance/stanley2_avoidance.egg-info
[4.714s] writing ../../build/stanley2_avoidance/stanley2_avoidance.egg-info/PKG-INFO
[4.714s] writing dependency_links to ../../build/stanley2_avoidance/stanley2_avoidance.egg-info/dependency_links.txt
[4.714s] writing entry points to ../../build/stanley2_avoidance/stanley2_avoidance.egg-info/entry_points.txt
[4.714s] writing requirements to ../../build/stanley2_avoidance/stanley2_avoidance.egg-info/requires.txt
[4.714s] writing top-level names to ../../build/stanley2_avoidance/stanley2_avoidance.egg-info/top_level.txt
[4.714s] writing manifest file '../../build/stanley2_avoidance/stanley2_avoidance.egg-info/SOURCES.txt'
[4.715s] reading manifest file '../../build/stanley2_avoidance/stanley2_avoidance.egg-info/SOURCES.txt'
[4.715s] writing manifest file '../../build/stanley2_avoidance/stanley2_avoidance.egg-info/SOURCES.txt'
[4.715s] running build
[4.715s] running build_py
[4.715s] creating /home/meric/f1tenth_ws_mpc_emergency/build/stanley2_avoidance/build
[4.715s] creating /home/meric/f1tenth_ws_mpc_emergency/build/stanley2_avoidance/build/lib
[4.715s] creating /home/meric/f1tenth_ws_mpc_emergency/build/stanley2_avoidance/build/lib/stanley2_avoidance
[4.716s] copying stanley2_avoidance/__init__.py -> /home/meric/f1tenth_ws_mpc_emergency/build/stanley2_avoidance/build/lib/stanley2_avoidance
[4.716s] copying stanley2_avoidance/stanley2_avoidance.py -> /home/meric/f1tenth_ws_mpc_emergency/build/stanley2_avoidance/build/lib/stanley2_avoidance
[4.716s] running install
[4.716s] running install_lib
[4.716s] creating /home/meric/f1tenth_ws_mpc_emergency/install/stanley2_avoidance/lib/python3.8/site-packages/stanley2_avoidance
[4.717s] copying /home/meric/f1tenth_ws_mpc_emergency/build/stanley2_avoidance/build/lib/stanley2_avoidance/__init__.py -> /home/meric/f1tenth_ws_mpc_emergency/install/stanley2_avoidance/lib/python3.8/site-packages/stanley2_avoidance
[4.717s] copying /home/meric/f1tenth_ws_mpc_emergency/build/stanley2_avoidance/build/lib/stanley2_avoidance/stanley2_avoidance.py -> /home/meric/f1tenth_ws_mpc_emergency/install/stanley2_avoidance/lib/python3.8/site-packages/stanley2_avoidance
[4.717s] byte-compiling /home/meric/f1tenth_ws_mpc_emergency/install/stanley2_avoidance/lib/python3.8/site-packages/stanley2_avoidance/__init__.py to __init__.cpython-38.pyc
[4.717s] byte-compiling /home/meric/f1tenth_ws_mpc_emergency/install/stanley2_avoidance/lib/python3.8/site-packages/stanley2_avoidance/stanley2_avoidance.py to stanley2_avoidance.cpython-38.pyc
[4.717s] running install_data
[4.717s] creating /home/meric/f1tenth_ws_mpc_emergency/install/stanley2_avoidance/share/ament_index
[4.717s] creating /home/meric/f1tenth_ws_mpc_emergency/install/stanley2_avoidance/share/ament_index/resource_index
[4.717s] creating /home/meric/f1tenth_ws_mpc_emergency/install/stanley2_avoidance/share/ament_index/resource_index/packages
[4.726s] copying resource/stanley2_avoidance -> /home/meric/f1tenth_ws_mpc_emergency/install/stanley2_avoidance/share/ament_index/resource_index/packages
[4.727s] copying package.xml -> /home/meric/f1tenth_ws_mpc_emergency/install/stanley2_avoidance/share/stanley2_avoidance
[4.727s] creating /home/meric/f1tenth_ws_mpc_emergency/install/stanley2_avoidance/share/stanley2_avoidance/racelines
[4.728s] creating /home/meric/f1tenth_ws_mpc_emergency/install/stanley2_avoidance/share/stanley2_avoidance/launch
[4.728s] copying launch/stanley2_avoidance_launch.py -> /home/meric/f1tenth_ws_mpc_emergency/install/stanley2_avoidance/share/stanley2_avoidance/launch
[4.728s] copying launch/sim_stanley_avoidance_launch.py -> /home/meric/f1tenth_ws_mpc_emergency/install/stanley2_avoidance/share/stanley2_avoidance/launch
[4.728s] copying launch/sim_multi_agent_stanley_avoidance_launch.py -> /home/meric/f1tenth_ws_mpc_emergency/install/stanley2_avoidance/share/stanley2_avoidance/launch
[4.728s] copying launch/stanley_avoidance.rviz -> /home/meric/f1tenth_ws_mpc_emergency/install/stanley2_avoidance/share/stanley2_avoidance/launch
[4.728s] creating /home/meric/f1tenth_ws_mpc_emergency/install/stanley2_avoidance/share/stanley2_avoidance/config
[4.729s] copying config/config.yaml -> /home/meric/f1tenth_ws_mpc_emergency/install/stanley2_avoidance/share/stanley2_avoidance/config
[4.729s] copying config/sim_config.yaml -> /home/meric/f1tenth_ws_mpc_emergency/install/stanley2_avoidance/share/stanley2_avoidance/config
[4.729s] running install_egg_info
[4.729s] Copying ../../build/stanley2_avoidance/stanley2_avoidance.egg-info to /home/meric/f1tenth_ws_mpc_emergency/install/stanley2_avoidance/lib/python3.8/site-packages/stanley2_avoidance-0.0.0-py3.8.egg-info
[4.729s] running install_scripts
[4.729s] Installing stanley2_avoidance script to /home/meric/f1tenth_ws_mpc_emergency/install/stanley2_avoidance/lib/stanley2_avoidance
[4.730s] writing list of installed files to '/home/meric/f1tenth_ws_mpc_emergency/build/stanley2_avoidance/install.log'
[4.752s] Invoked command in '/home/meric/f1tenth_ws_mpc_emergency/src/stanley2_avoidance' returned '0': PS1=\[\e]0;\u@\h: \w\a\]${debian_chroot:+($debian_chroot)}\[\033[01;32m\]\u@\h\[\033[00m\]:\[\033[01;34m\]\w\[\033[00m\]\$ PYTHONPATH=/home/meric/f1tenth_ws_mpc_emergency/build/stanley2_avoidance/prefix_override:/usr/lib/python3/dist-packages/colcon_core/task/python/colcon_distutils_commands:/home/meric/f1tenth_ws_mpc_emergency/install/stanley2_avoidance/lib/python3.8/site-packages:${PYTHONPATH} /usr/bin/python3 -W ignore:setup.py install is deprecated -W ignore:easy_install command is deprecated setup.py egg_info --egg-base ../../build/stanley2_avoidance build --build-base /home/meric/f1tenth_ws_mpc_emergency/build/stanley2_avoidance/build install --record /home/meric/f1tenth_ws_mpc_emergency/build/stanley2_avoidance/install.log --install-scripts $base/lib/stanley2_avoidance --single-version-externally-managed install_data
