[3.105s] Invoking command in '/home/meric/f1tenth_ws_rl/src/f1tenth_system/teleop_tools/key_teleop': PYTHONPATH=/home/meric/f1tenth_ws_rl/build/key_teleop/prefix_override:/usr/lib/python3/dist-packages/colcon_core/task/python/colcon_distutils_commands:/home/meric/f1tenth_ws_rl/install/key_teleop/lib/python3.8/site-packages:${PYTHONPATH} /usr/bin/python3 -W ignore:setup.py install is deprecated -W ignore:easy_install command is deprecated setup.py egg_info --egg-base ../../../../build/key_teleop build --build-base /home/meric/f1tenth_ws_rl/build/key_teleop/build install --record /home/meric/f1tenth_ws_rl/build/key_teleop/install.log --install-scripts $base/lib/key_teleop --single-version-externally-managed install_data
[3.758s] running egg_info
[3.759s] creating ../../../../build/key_teleop/key_teleop.egg-info
[3.760s] writing ../../../../build/key_teleop/key_teleop.egg-info/PKG-INFO
[3.761s] writing dependency_links to ../../../../build/key_teleop/key_teleop.egg-info/dependency_links.txt
[3.761s] writing entry points to ../../../../build/key_teleop/key_teleop.egg-info/entry_points.txt
[3.761s] writing requirements to ../../../../build/key_teleop/key_teleop.egg-info/requires.txt
[3.762s] writing top-level names to ../../../../build/key_teleop/key_teleop.egg-info/top_level.txt
[3.766s] writing manifest file '../../../../build/key_teleop/key_teleop.egg-info/SOURCES.txt'
[3.840s] reading manifest file '../../../../build/key_teleop/key_teleop.egg-info/SOURCES.txt'
[3.841s] writing manifest file '../../../../build/key_teleop/key_teleop.egg-info/SOURCES.txt'
[3.841s] running build
[3.841s] running build_py
[3.842s] creating /home/meric/f1tenth_ws_rl/build/key_teleop/build
[3.842s] creating /home/meric/f1tenth_ws_rl/build/key_teleop/build/lib
[3.843s] creating /home/meric/f1tenth_ws_rl/build/key_teleop/build/lib/key_teleop
[3.843s] copying key_teleop/key_teleop.py -> /home/meric/f1tenth_ws_rl/build/key_teleop/build/lib/key_teleop
[3.843s] copying key_teleop/__init__.py -> /home/meric/f1tenth_ws_rl/build/key_teleop/build/lib/key_teleop
[3.843s] running install
[3.847s] running install_lib
[3.848s] creating /home/meric/f1tenth_ws_rl/install/key_teleop/lib/python3.8/site-packages/key_teleop
[3.848s] copying /home/meric/f1tenth_ws_rl/build/key_teleop/build/lib/key_teleop/key_teleop.py -> /home/meric/f1tenth_ws_rl/install/key_teleop/lib/python3.8/site-packages/key_teleop
[3.848s] copying /home/meric/f1tenth_ws_rl/build/key_teleop/build/lib/key_teleop/__init__.py -> /home/meric/f1tenth_ws_rl/install/key_teleop/lib/python3.8/site-packages/key_teleop
[3.850s] byte-compiling /home/meric/f1tenth_ws_rl/install/key_teleop/lib/python3.8/site-packages/key_teleop/key_teleop.py to key_teleop.cpython-38.pyc
[3.855s] byte-compiling /home/meric/f1tenth_ws_rl/install/key_teleop/lib/python3.8/site-packages/key_teleop/__init__.py to __init__.cpython-38.pyc
[3.855s] running install_data
[3.855s] copying package.xml -> /home/meric/f1tenth_ws_rl/install/key_teleop/share/key_teleop
[3.856s] creating /home/meric/f1tenth_ws_rl/install/key_teleop/share/key_teleop/config
[3.857s] copying config/key_teleop.yaml -> /home/meric/f1tenth_ws_rl/install/key_teleop/share/key_teleop/config
[3.857s] creating /home/meric/f1tenth_ws_rl/install/key_teleop/share/ament_index
[3.857s] creating /home/meric/f1tenth_ws_rl/install/key_teleop/share/ament_index/resource_index
[3.857s] creating /home/meric/f1tenth_ws_rl/install/key_teleop/share/ament_index/resource_index/packages
[3.857s] copying resource/key_teleop -> /home/meric/f1tenth_ws_rl/install/key_teleop/share/ament_index/resource_index/packages
[3.857s] running install_egg_info
[3.869s] Copying ../../../../build/key_teleop/key_teleop.egg-info to /home/meric/f1tenth_ws_rl/install/key_teleop/lib/python3.8/site-packages/key_teleop-0.3.0-py3.8.egg-info
[3.870s] running install_scripts
[3.918s] Installing key_teleop script to /home/meric/f1tenth_ws_rl/install/key_teleop/lib/key_teleop
[3.918s] writing list of installed files to '/home/meric/f1tenth_ws_rl/build/key_teleop/install.log'
[4.572s] Invoked command in '/home/meric/f1tenth_ws_rl/src/f1tenth_system/teleop_tools/key_teleop' returned '0': PYTHONPATH=/home/meric/f1tenth_ws_rl/build/key_teleop/prefix_override:/usr/lib/python3/dist-packages/colcon_core/task/python/colcon_distutils_commands:/home/meric/f1tenth_ws_rl/install/key_teleop/lib/python3.8/site-packages:${PYTHONPATH} /usr/bin/python3 -W ignore:setup.py install is deprecated -W ignore:easy_install command is deprecated setup.py egg_info --egg-base ../../../../build/key_teleop build --build-base /home/meric/f1tenth_ws_rl/build/key_teleop/build install --record /home/meric/f1tenth_ws_rl/build/key_teleop/install.log --install-scripts $base/lib/key_teleop --single-version-externally-managed install_data
