[0.626s] Invoking command in '/home/meric/f1tenth_ws_mpc_emergency/build/vesc_ackermann': AMENT_PREFIX_PATH=/home/meric/f1tenth_ws_mpc_emergency/install/vesc_msgs:${AMENT_PREFIX_PATH} CMAKE_PREFIX_PATH=/home/meric/f1tenth_ws_mpc_emergency/install/vesc_msgs:/home/meric/f1tenth_ws/install:/opt/ros/foxy LD_LIBRARY_PATH=/home/meric/f1tenth_ws_mpc_emergency/install/vesc_msgs/lib:${LD_LIBRARY_PATH} PYTHONPATH=/home/meric/f1tenth_ws_mpc_emergency/install/vesc_msgs/lib/python3.8/site-packages:${PYTHONPATH} /snap/bin/cmake --build /home/meric/f1tenth_ws_mpc_emergency/build/vesc_ackermann -- -j6 -l6
[0.752s] 2025/10/23 13:51:10.218021 cmd_run.go:1398: WARNING: cannot create user data directory: failed to verify SELinux context of /home/meric/snap: cannot locate "matchpathcon" executable
[0.871s] [ 42%] Built target vesc_ackermann
[0.891s] [ 71%] Built target ackermann_to_vesc_node
[0.900s] [100%] Built target vesc_to_odom_node
[0.916s] Invoked command in '/home/meric/f1tenth_ws_mpc_emergency/build/vesc_ackermann' returned '0': AMENT_PREFIX_PATH=/home/meric/f1tenth_ws_mpc_emergency/install/vesc_msgs:${AMENT_PREFIX_PATH} CMAKE_PREFIX_PATH=/home/meric/f1tenth_ws_mpc_emergency/install/vesc_msgs:/home/meric/f1tenth_ws/install:/opt/ros/foxy LD_LIBRARY_PATH=/home/meric/f1tenth_ws_mpc_emergency/install/vesc_msgs/lib:${LD_LIBRARY_PATH} PYTHONPATH=/home/meric/f1tenth_ws_mpc_emergency/install/vesc_msgs/lib/python3.8/site-packages:${PYTHONPATH} /snap/bin/cmake --build /home/meric/f1tenth_ws_mpc_emergency/build/vesc_ackermann -- -j6 -l6
[0.931s] Invoking command in '/home/meric/f1tenth_ws_mpc_emergency/build/vesc_ackermann': AMENT_PREFIX_PATH=/home/meric/f1tenth_ws_mpc_emergency/install/vesc_msgs:${AMENT_PREFIX_PATH} CMAKE_PREFIX_PATH=/home/meric/f1tenth_ws_mpc_emergency/install/vesc_msgs:/home/meric/f1tenth_ws/install:/opt/ros/foxy LD_LIBRARY_PATH=/home/meric/f1tenth_ws_mpc_emergency/install/vesc_msgs/lib:${LD_LIBRARY_PATH} PYTHONPATH=/home/meric/f1tenth_ws_mpc_emergency/install/vesc_msgs/lib/python3.8/site-packages:${PYTHONPATH} /snap/bin/cmake --build /home/meric/f1tenth_ws_mpc_emergency/build/vesc_ackermann --target install -- -j6 -l6
[1.095s] 2025/10/23 13:51:10.562141 cmd_run.go:1398: WARNING: cannot create user data directory: failed to verify SELinux context of /home/meric/snap: cannot locate "matchpathcon" executable
[1.236s] [ 42%] Built target vesc_ackermann
[1.240s] [ 71%] Built target ackermann_to_vesc_node
[1.241s] [100%] Built target vesc_to_odom_node
[1.254s] [36mInstall the project...[0m
[1.259s] -- Install configuration: ""
[1.260s] -- Up-to-date: /home/meric/f1tenth_ws_mpc_emergency/install/vesc_ackermann/lib/vesc_ackermann/ackermann_to_vesc_node
[1.261s] -- Up-to-date: /home/meric/f1tenth_ws_mpc_emergency/install/vesc_ackermann/lib/vesc_ackermann/vesc_to_odom_node
[1.261s] -- Up-to-date: /home/meric/f1tenth_ws_mpc_emergency/install/vesc_ackermann/include
[1.261s] -- Up-to-date: /home/meric/f1tenth_ws_mpc_emergency/install/vesc_ackermann/include/vesc_ackermann
[1.261s] -- Up-to-date: /home/meric/f1tenth_ws_mpc_emergency/install/vesc_ackermann/include/vesc_ackermann/ackermann_to_vesc.hpp
[1.261s] -- Up-to-date: /home/meric/f1tenth_ws_mpc_emergency/install/vesc_ackermann/include/vesc_ackermann/vesc_to_odom.hpp
[1.262s] -- Up-to-date: /home/meric/f1tenth_ws_mpc_emergency/install/vesc_ackermann/share/vesc_ackermann/environment/library_path.sh
[1.262s] -- Up-to-date: /home/meric/f1tenth_ws_mpc_emergency/install/vesc_ackermann/share/vesc_ackermann/environment/library_path.dsv
[1.262s] -- Up-to-date: /home/meric/f1tenth_ws_mpc_emergency/install/vesc_ackermann/lib/libvesc_ackermann.so
[1.262s] -- Up-to-date: /home/meric/f1tenth_ws_mpc_emergency/install/vesc_ackermann/share/vesc_ackermann/launch
[1.262s] -- Up-to-date: /home/meric/f1tenth_ws_mpc_emergency/install/vesc_ackermann/share/vesc_ackermann/launch/vesc_to_odom_node.launch.xml
[1.262s] -- Up-to-date: /home/meric/f1tenth_ws_mpc_emergency/install/vesc_ackermann/share/vesc_ackermann/launch/ackermann_to_vesc_node.launch.xml
[1.263s] -- Up-to-date: /home/meric/f1tenth_ws_mpc_emergency/install/vesc_ackermann/share/ament_index/resource_index/package_run_dependencies/vesc_ackermann
[1.263s] -- Up-to-date: /home/meric/f1tenth_ws_mpc_emergency/install/vesc_ackermann/share/ament_index/resource_index/parent_prefix_path/vesc_ackermann
[1.263s] -- Up-to-date: /home/meric/f1tenth_ws_mpc_emergency/install/vesc_ackermann/share/vesc_ackermann/environment/ament_prefix_path.sh
[1.264s] -- Up-to-date: /home/meric/f1tenth_ws_mpc_emergency/install/vesc_ackermann/share/vesc_ackermann/environment/ament_prefix_path.dsv
[1.264s] -- Up-to-date: /home/meric/f1tenth_ws_mpc_emergency/install/vesc_ackermann/share/vesc_ackermann/environment/path.sh
[1.264s] -- Up-to-date: /home/meric/f1tenth_ws_mpc_emergency/install/vesc_ackermann/share/vesc_ackermann/environment/path.dsv
[1.264s] -- Up-to-date: /home/meric/f1tenth_ws_mpc_emergency/install/vesc_ackermann/share/vesc_ackermann/local_setup.bash
[1.264s] -- Up-to-date: /home/meric/f1tenth_ws_mpc_emergency/install/vesc_ackermann/share/vesc_ackermann/local_setup.sh
[1.264s] -- Up-to-date: /home/meric/f1tenth_ws_mpc_emergency/install/vesc_ackermann/share/vesc_ackermann/local_setup.zsh
[1.264s] -- Up-to-date: /home/meric/f1tenth_ws_mpc_emergency/install/vesc_ackermann/share/vesc_ackermann/local_setup.dsv
[1.265s] -- Installing: /home/meric/f1tenth_ws_mpc_emergency/install/vesc_ackermann/share/vesc_ackermann/package.dsv
[1.265s] -- Up-to-date: /home/meric/f1tenth_ws_mpc_emergency/install/vesc_ackermann/share/ament_index/resource_index/packages/vesc_ackermann
[1.265s] -- Up-to-date: /home/meric/f1tenth_ws_mpc_emergency/install/vesc_ackermann/share/ament_index/resource_index/rclcpp_components/vesc_ackermann
[1.265s] -- Up-to-date: /home/meric/f1tenth_ws_mpc_emergency/install/vesc_ackermann/share/vesc_ackermann/cmake/ament_cmake_export_dependencies-extras.cmake
[1.265s] -- Up-to-date: /home/meric/f1tenth_ws_mpc_emergency/install/vesc_ackermann/share/vesc_ackermann/cmake/ament_cmake_export_include_directories-extras.cmake
[1.265s] -- Up-to-date: /home/meric/f1tenth_ws_mpc_emergency/install/vesc_ackermann/share/vesc_ackermann/cmake/ament_cmake_export_libraries-extras.cmake
[1.266s] -- Up-to-date: /home/meric/f1tenth_ws_mpc_emergency/install/vesc_ackermann/share/vesc_ackermann/cmake/vesc_ackermannConfig.cmake
[1.266s] -- Up-to-date: /home/meric/f1tenth_ws_mpc_emergency/install/vesc_ackermann/share/vesc_ackermann/cmake/vesc_ackermannConfig-version.cmake
[1.266s] -- Up-to-date: /home/meric/f1tenth_ws_mpc_emergency/install/vesc_ackermann/share/vesc_ackermann/package.xml
[1.282s] Invoked command in '/home/meric/f1tenth_ws_mpc_emergency/build/vesc_ackermann' returned '0': AMENT_PREFIX_PATH=/home/meric/f1tenth_ws_mpc_emergency/install/vesc_msgs:${AMENT_PREFIX_PATH} CMAKE_PREFIX_PATH=/home/meric/f1tenth_ws_mpc_emergency/install/vesc_msgs:/home/meric/f1tenth_ws/install:/opt/ros/foxy LD_LIBRARY_PATH=/home/meric/f1tenth_ws_mpc_emergency/install/vesc_msgs/lib:${LD_LIBRARY_PATH} PYTHONPATH=/home/meric/f1tenth_ws_mpc_emergency/install/vesc_msgs/lib/python3.8/site-packages:${PYTHONPATH} /snap/bin/cmake --build /home/meric/f1tenth_ws_mpc_emergency/build/vesc_ackermann --target install -- -j6 -l6
