[0.519s] DEBUG:colcon:Command line arguments: ['/usr/bin/colcon', 'build', '--packages-select', 'f1tenth_gym']
[0.520s] DEBUG:colcon:Parsed command line arguments: Namespace(allow_overriding=[], ament_cmake_args=None, base_paths=['.'], build_base='build', catkin_cmake_args=None, catkin_skip_building_tests=False, cmake_args=None, cmake_clean_cache=False, cmake_clean_first=False, cmake_force_configure=False, cmake_target=None, cmake_target_skip_unavailable=False, continue_on_error=False, event_handlers=None, executor='parallel', ignore_user_meta=False, install_base='install', log_base=None, log_level=None, main=<bound method BuildVerb.main of <colcon_core.verb.build.BuildVerb object at 0xffff81d85400>>, merge_install=False, metas=['./colcon.meta'], mixin=None, mixin_files=None, mixin_verb=('build',), packages_above=None, packages_above_and_dependencies=None, packages_above_depth=None, packages_end=None, packages_ignore=None, packages_ignore_regex=None, packages_select=['f1tenth_gym'], packages_select_build_failed=False, packages_select_by_dep=None, packages_select_regex=None, packages_select_test_failures=False, packages_skip=None, packages_skip_build_finished=False, packages_skip_by_dep=None, packages_skip_regex=None, packages_skip_test_passed=False, packages_skip_up_to=None, packages_start=None, packages_up_to=None, packages_up_to_regex=None, parallel_workers=6, paths=None, symlink_install=False, test_result_base=None, verb_extension=<colcon_core.verb.build.BuildVerb object at 0xffff81d85400>, verb_name='build', verb_parser=<colcon_mixin.mixin.mixin_argument.MixinArgumentDecorator object at 0xffff81d96280>)
[0.890s] Level 1:colcon.colcon_core.package_discovery:discover_packages(colcon_meta) check parameters
[0.891s] Level 1:colcon.colcon_core.package_discovery:discover_packages(recursive) check parameters
[0.891s] Level 1:colcon.colcon_core.package_discovery:discover_packages(ignore) check parameters
[0.891s] Level 1:colcon.colcon_core.package_discovery:discover_packages(path) check parameters
[0.891s] Level 1:colcon.colcon_core.package_discovery:discover_packages(colcon_meta) discover
[0.891s] Level 1:colcon.colcon_core.package_discovery:discover_packages(recursive) discover
[0.891s] INFO:colcon.colcon_core.package_discovery:Crawling recursively for packages in '/home/meric/f1tenth_ws_rl/src'
[0.891s] Level 1:colcon.colcon_core.package_identification:_identify(.) by extensions ['ignore', 'ignore_ament_install']
[0.892s] Level 1:colcon.colcon_core.package_identification:_identify(.) by extension 'ignore'
[0.892s] Level 1:colcon.colcon_core.package_identification:_identify(.) by extension 'ignore_ament_install'
[0.892s] Level 1:colcon.colcon_core.package_identification:_identify(.) by extensions ['colcon_pkg']
[0.892s] Level 1:colcon.colcon_core.package_identification:_identify(.) by extension 'colcon_pkg'
[0.892s] Level 1:colcon.colcon_core.package_identification:_identify(.) by extensions ['colcon_meta']
[0.892s] Level 1:colcon.colcon_core.package_identification:_identify(.) by extension 'colcon_meta'
[0.892s] Level 1:colcon.colcon_core.package_identification:_identify(.) by extensions ['ros']
[0.892s] Level 1:colcon.colcon_core.package_identification:_identify(.) by extension 'ros'
[0.920s] Level 1:colcon.colcon_core.package_identification:_identify(.) by extensions ['cmake', 'python']
[0.920s] Level 1:colcon.colcon_core.package_identification:_identify(.) by extension 'cmake'
[0.920s] Level 1:colcon.colcon_core.package_identification:_identify(.) by extension 'python'
[0.920s] Level 1:colcon.colcon_core.package_identification:_identify(.) by extensions ['python_setup_py']
[0.920s] Level 1:colcon.colcon_core.package_identification:_identify(.) by extension 'python_setup_py'
[0.921s] Level 1:colcon.colcon_core.package_identification:_identify(build) by extensions ['ignore', 'ignore_ament_install']
[0.921s] Level 1:colcon.colcon_core.package_identification:_identify(build) by extension 'ignore'
[0.921s] Level 1:colcon.colcon_core.package_identification:_identify(build) ignored
[0.922s] Level 1:colcon.colcon_core.package_identification:_identify(f1tenth_gym) by extensions ['ignore', 'ignore_ament_install']
[0.922s] Level 1:colcon.colcon_core.package_identification:_identify(f1tenth_gym) by extension 'ignore'
[0.922s] Level 1:colcon.colcon_core.package_identification:_identify(f1tenth_gym) by extension 'ignore_ament_install'
[0.922s] Level 1:colcon.colcon_core.package_identification:_identify(f1tenth_gym) by extensions ['colcon_pkg']
[0.922s] Level 1:colcon.colcon_core.package_identification:_identify(f1tenth_gym) by extension 'colcon_pkg'
[0.922s] Level 1:colcon.colcon_core.package_identification:_identify(f1tenth_gym) by extensions ['colcon_meta']
[0.922s] Level 1:colcon.colcon_core.package_identification:_identify(f1tenth_gym) by extension 'colcon_meta'
[0.922s] Level 1:colcon.colcon_core.package_identification:_identify(f1tenth_gym) by extensions ['ros']
[0.922s] Level 1:colcon.colcon_core.package_identification:_identify(f1tenth_gym) by extension 'ros'
[0.923s] Level 1:colcon.colcon_core.package_identification:_identify(f1tenth_gym) by extensions ['cmake', 'python']
[0.923s] Level 1:colcon.colcon_core.package_identification:_identify(f1tenth_gym) by extension 'cmake'
[0.923s] Level 1:colcon.colcon_core.package_identification:_identify(f1tenth_gym) by extension 'python'
[0.923s] Level 1:colcon.colcon_core.package_identification:_identify(f1tenth_gym) by extensions ['python_setup_py']
[0.923s] Level 1:colcon.colcon_core.package_identification:_identify(f1tenth_gym) by extension 'python_setup_py'
[1.506s] DEBUG:colcon.colcon_core.package_identification:Package 'f1tenth_gym' with type 'python' and name 'f110_gym'
[1.507s] Level 1:colcon.colcon_core.package_identification:_identify(f1tenth_rl) by extensions ['ignore', 'ignore_ament_install']
[1.507s] Level 1:colcon.colcon_core.package_identification:_identify(f1tenth_rl) by extension 'ignore'
[1.508s] Level 1:colcon.colcon_core.package_identification:_identify(f1tenth_rl) by extension 'ignore_ament_install'
[1.508s] Level 1:colcon.colcon_core.package_identification:_identify(f1tenth_rl) by extensions ['colcon_pkg']
[1.508s] Level 1:colcon.colcon_core.package_identification:_identify(f1tenth_rl) by extension 'colcon_pkg'
[1.508s] Level 1:colcon.colcon_core.package_identification:_identify(f1tenth_rl) by extensions ['colcon_meta']
[1.508s] Level 1:colcon.colcon_core.package_identification:_identify(f1tenth_rl) by extension 'colcon_meta'
[1.508s] Level 1:colcon.colcon_core.package_identification:_identify(f1tenth_rl) by extensions ['ros']
[1.508s] Level 1:colcon.colcon_core.package_identification:_identify(f1tenth_rl) by extension 'ros'
[1.520s] DEBUG:colcon.colcon_core.package_identification:Package 'f1tenth_rl' with type 'ros.ament_python' and name 'f1tenth_rl'
[1.520s] Level 1:colcon.colcon_core.package_identification:_identify(f1tenth_stack) by extensions ['ignore', 'ignore_ament_install']
[1.521s] Level 1:colcon.colcon_core.package_identification:_identify(f1tenth_stack) by extension 'ignore'
[1.521s] Level 1:colcon.colcon_core.package_identification:_identify(f1tenth_stack) by extension 'ignore_ament_install'
[1.521s] Level 1:colcon.colcon_core.package_identification:_identify(f1tenth_stack) by extensions ['colcon_pkg']
[1.521s] Level 1:colcon.colcon_core.package_identification:_identify(f1tenth_stack) by extension 'colcon_pkg'
[1.522s] Level 1:colcon.colcon_core.package_identification:_identify(f1tenth_stack) by extensions ['colcon_meta']
[1.522s] Level 1:colcon.colcon_core.package_identification:_identify(f1tenth_stack) by extension 'colcon_meta'
[1.522s] Level 1:colcon.colcon_core.package_identification:_identify(f1tenth_stack) by extensions ['ros']
[1.522s] Level 1:colcon.colcon_core.package_identification:_identify(f1tenth_stack) by extension 'ros'
[1.522s] Level 1:colcon.colcon_core.package_identification:_identify(f1tenth_stack) by extensions ['cmake', 'python']
[1.522s] Level 1:colcon.colcon_core.package_identification:_identify(f1tenth_stack) by extension 'cmake'
[1.523s] Level 1:colcon.colcon_core.package_identification:_identify(f1tenth_stack) by extension 'python'
[1.523s] Level 1:colcon.colcon_core.package_identification:_identify(f1tenth_stack) by extensions ['python_setup_py']
[1.523s] Level 1:colcon.colcon_core.package_identification:_identify(f1tenth_stack) by extension 'python_setup_py'
[1.523s] Level 1:colcon.colcon_core.package_identification:_identify(f1tenth_stack/config) by extensions ['ignore', 'ignore_ament_install']
[1.524s] Level 1:colcon.colcon_core.package_identification:_identify(f1tenth_stack/config) by extension 'ignore'
[1.524s] Level 1:colcon.colcon_core.package_identification:_identify(f1tenth_stack/config) by extension 'ignore_ament_install'
[1.524s] Level 1:colcon.colcon_core.package_identification:_identify(f1tenth_stack/config) by extensions ['colcon_pkg']
[1.524s] Level 1:colcon.colcon_core.package_identification:_identify(f1tenth_stack/config) by extension 'colcon_pkg'
[1.524s] Level 1:colcon.colcon_core.package_identification:_identify(f1tenth_stack/config) by extensions ['colcon_meta']
[1.524s] Level 1:colcon.colcon_core.package_identification:_identify(f1tenth_stack/config) by extension 'colcon_meta'
[1.524s] Level 1:colcon.colcon_core.package_identification:_identify(f1tenth_stack/config) by extensions ['ros']
[1.524s] Level 1:colcon.colcon_core.package_identification:_identify(f1tenth_stack/config) by extension 'ros'
[1.525s] Level 1:colcon.colcon_core.package_identification:_identify(f1tenth_stack/config) by extensions ['cmake', 'python']
[1.525s] Level 1:colcon.colcon_core.package_identification:_identify(f1tenth_stack/config) by extension 'cmake'
[1.525s] Level 1:colcon.colcon_core.package_identification:_identify(f1tenth_stack/config) by extension 'python'
[1.525s] Level 1:colcon.colcon_core.package_identification:_identify(f1tenth_stack/config) by extensions ['python_setup_py']
[1.525s] Level 1:colcon.colcon_core.package_identification:_identify(f1tenth_stack/config) by extension 'python_setup_py'
[1.526s] Level 1:colcon.colcon_core.package_identification:_identify(f1tenth_system) by extensions ['ignore', 'ignore_ament_install']
[1.526s] Level 1:colcon.colcon_core.package_identification:_identify(f1tenth_system) by extension 'ignore'
[1.526s] Level 1:colcon.colcon_core.package_identification:_identify(f1tenth_system) by extension 'ignore_ament_install'
[1.526s] Level 1:colcon.colcon_core.package_identification:_identify(f1tenth_system) by extensions ['colcon_pkg']
[1.526s] Level 1:colcon.colcon_core.package_identification:_identify(f1tenth_system) by extension 'colcon_pkg'
[1.526s] Level 1:colcon.colcon_core.package_identification:_identify(f1tenth_system) by extensions ['colcon_meta']
[1.526s] Level 1:colcon.colcon_core.package_identification:_identify(f1tenth_system) by extension 'colcon_meta'
[1.527s] Level 1:colcon.colcon_core.package_identification:_identify(f1tenth_system) by extensions ['ros']
[1.527s] Level 1:colcon.colcon_core.package_identification:_identify(f1tenth_system) by extension 'ros'
[1.527s] Level 1:colcon.colcon_core.package_identification:_identify(f1tenth_system) by extensions ['cmake', 'python']
[1.527s] Level 1:colcon.colcon_core.package_identification:_identify(f1tenth_system) by extension 'cmake'
[1.527s] Level 1:colcon.colcon_core.package_identification:_identify(f1tenth_system) by extension 'python'
[1.527s] Level 1:colcon.colcon_core.package_identification:_identify(f1tenth_system) by extensions ['python_setup_py']
[1.527s] Level 1:colcon.colcon_core.package_identification:_identify(f1tenth_system) by extension 'python_setup_py'
[1.528s] Level 1:colcon.colcon_core.package_identification:_identify(f1tenth_system/ackermann_mux) by extensions ['ignore', 'ignore_ament_install']
[1.528s] Level 1:colcon.colcon_core.package_identification:_identify(f1tenth_system/ackermann_mux) by extension 'ignore'
[1.528s] Level 1:colcon.colcon_core.package_identification:_identify(f1tenth_system/ackermann_mux) by extension 'ignore_ament_install'
[1.528s] Level 1:colcon.colcon_core.package_identification:_identify(f1tenth_system/ackermann_mux) by extensions ['colcon_pkg']
[1.529s] Level 1:colcon.colcon_core.package_identification:_identify(f1tenth_system/ackermann_mux) by extension 'colcon_pkg'
[1.529s] Level 1:colcon.colcon_core.package_identification:_identify(f1tenth_system/ackermann_mux) by extensions ['colcon_meta']
[1.529s] Level 1:colcon.colcon_core.package_identification:_identify(f1tenth_system/ackermann_mux) by extension 'colcon_meta'
[1.529s] Level 1:colcon.colcon_core.package_identification:_identify(f1tenth_system/ackermann_mux) by extensions ['ros']
[1.529s] Level 1:colcon.colcon_core.package_identification:_identify(f1tenth_system/ackermann_mux) by extension 'ros'
[1.533s] DEBUG:colcon.colcon_core.package_identification:Package 'f1tenth_system/ackermann_mux' with type 'ros.ament_cmake' and name 'ackermann_mux'
[1.533s] Level 1:colcon.colcon_core.package_identification:_identify(f1tenth_system/f1tenth_stack) by extensions ['ignore', 'ignore_ament_install']
[1.534s] Level 1:colcon.colcon_core.package_identification:_identify(f1tenth_system/f1tenth_stack) by extension 'ignore'
[1.534s] Level 1:colcon.colcon_core.package_identification:_identify(f1tenth_system/f1tenth_stack) by extension 'ignore_ament_install'
[1.534s] Level 1:colcon.colcon_core.package_identification:_identify(f1tenth_system/f1tenth_stack) by extensions ['colcon_pkg']
[1.534s] Level 1:colcon.colcon_core.package_identification:_identify(f1tenth_system/f1tenth_stack) by extension 'colcon_pkg'
[1.535s] Level 1:colcon.colcon_core.package_identification:_identify(f1tenth_system/f1tenth_stack) by extensions ['colcon_meta']
[1.535s] Level 1:colcon.colcon_core.package_identification:_identify(f1tenth_system/f1tenth_stack) by extension 'colcon_meta'
[1.535s] Level 1:colcon.colcon_core.package_identification:_identify(f1tenth_system/f1tenth_stack) by extensions ['ros']
[1.535s] Level 1:colcon.colcon_core.package_identification:_identify(f1tenth_system/f1tenth_stack) by extension 'ros'
[1.539s] DEBUG:colcon.colcon_core.package_identification:Package 'f1tenth_system/f1tenth_stack' with type 'ros.ament_python' and name 'f1tenth_stack'
[1.539s] Level 1:colcon.colcon_core.package_identification:_identify(f1tenth_system/scripts) by extensions ['ignore', 'ignore_ament_install']
[1.540s] Level 1:colcon.colcon_core.package_identification:_identify(f1tenth_system/scripts) by extension 'ignore'
[1.540s] Level 1:colcon.colcon_core.package_identification:_identify(f1tenth_system/scripts) by extension 'ignore_ament_install'
[1.540s] Level 1:colcon.colcon_core.package_identification:_identify(f1tenth_system/scripts) by extensions ['colcon_pkg']
[1.540s] Level 1:colcon.colcon_core.package_identification:_identify(f1tenth_system/scripts) by extension 'colcon_pkg'
[1.541s] Level 1:colcon.colcon_core.package_identification:_identify(f1tenth_system/scripts) by extensions ['colcon_meta']
[1.541s] Level 1:colcon.colcon_core.package_identification:_identify(f1tenth_system/scripts) by extension 'colcon_meta'
[1.541s] Level 1:colcon.colcon_core.package_identification:_identify(f1tenth_system/scripts) by extensions ['ros']
[1.541s] Level 1:colcon.colcon_core.package_identification:_identify(f1tenth_system/scripts) by extension 'ros'
[1.541s] Level 1:colcon.colcon_core.package_identification:_identify(f1tenth_system/scripts) by extensions ['cmake', 'python']
[1.541s] Level 1:colcon.colcon_core.package_identification:_identify(f1tenth_system/scripts) by extension 'cmake'
[1.541s] Level 1:colcon.colcon_core.package_identification:_identify(f1tenth_system/scripts) by extension 'python'
[1.542s] Level 1:colcon.colcon_core.package_identification:_identify(f1tenth_system/scripts) by extensions ['python_setup_py']
[1.542s] Level 1:colcon.colcon_core.package_identification:_identify(f1tenth_system/scripts) by extension 'python_setup_py'
[1.542s] Level 1:colcon.colcon_core.package_identification:_identify(f1tenth_system/teleop_tools) by extensions ['ignore', 'ignore_ament_install']
[1.542s] Level 1:colcon.colcon_core.package_identification:_identify(f1tenth_system/teleop_tools) by extension 'ignore'
[1.542s] Level 1:colcon.colcon_core.package_identification:_identify(f1tenth_system/teleop_tools) by extension 'ignore_ament_install'
[1.543s] Level 1:colcon.colcon_core.package_identification:_identify(f1tenth_system/teleop_tools) by extensions ['colcon_pkg']
[1.543s] Level 1:colcon.colcon_core.package_identification:_identify(f1tenth_system/teleop_tools) by extension 'colcon_pkg'
[1.543s] Level 1:colcon.colcon_core.package_identification:_identify(f1tenth_system/teleop_tools) by extensions ['colcon_meta']
[1.543s] Level 1:colcon.colcon_core.package_identification:_identify(f1tenth_system/teleop_tools) by extension 'colcon_meta'
[1.543s] Level 1:colcon.colcon_core.package_identification:_identify(f1tenth_system/teleop_tools) by extensions ['ros']
[1.543s] Level 1:colcon.colcon_core.package_identification:_identify(f1tenth_system/teleop_tools) by extension 'ros'
[1.543s] Level 1:colcon.colcon_core.package_identification:_identify(f1tenth_system/teleop_tools) by extensions ['cmake', 'python']
[1.544s] Level 1:colcon.colcon_core.package_identification:_identify(f1tenth_system/teleop_tools) by extension 'cmake'
[1.544s] Level 1:colcon.colcon_core.package_identification:_identify(f1tenth_system/teleop_tools) by extension 'python'
[1.544s] Level 1:colcon.colcon_core.package_identification:_identify(f1tenth_system/teleop_tools) by extensions ['python_setup_py']
[1.544s] Level 1:colcon.colcon_core.package_identification:_identify(f1tenth_system/teleop_tools) by extension 'python_setup_py'
[1.544s] Level 1:colcon.colcon_core.package_identification:_identify(f1tenth_system/teleop_tools/joy_teleop) by extensions ['ignore', 'ignore_ament_install']
[1.545s] Level 1:colcon.colcon_core.package_identification:_identify(f1tenth_system/teleop_tools/joy_teleop) by extension 'ignore'
[1.545s] Level 1:colcon.colcon_core.package_identification:_identify(f1tenth_system/teleop_tools/joy_teleop) by extension 'ignore_ament_install'
[1.545s] Level 1:colcon.colcon_core.package_identification:_identify(f1tenth_system/teleop_tools/joy_teleop) by extensions ['colcon_pkg']
[1.545s] Level 1:colcon.colcon_core.package_identification:_identify(f1tenth_system/teleop_tools/joy_teleop) by extension 'colcon_pkg'
[1.545s] Level 1:colcon.colcon_core.package_identification:_identify(f1tenth_system/teleop_tools/joy_teleop) by extensions ['colcon_meta']
[1.545s] Level 1:colcon.colcon_core.package_identification:_identify(f1tenth_system/teleop_tools/joy_teleop) by extension 'colcon_meta'
[1.545s] Level 1:colcon.colcon_core.package_identification:_identify(f1tenth_system/teleop_tools/joy_teleop) by extensions ['ros']
[1.545s] Level 1:colcon.colcon_core.package_identification:_identify(f1tenth_system/teleop_tools/joy_teleop) by extension 'ros'
[1.547s] DEBUG:colcon.colcon_core.package_identification:Package 'f1tenth_system/teleop_tools/joy_teleop' with type 'ros.ament_python' and name 'joy_teleop'
[1.548s] Level 1:colcon.colcon_core.package_identification:_identify(f1tenth_system/teleop_tools/key_teleop) by extensions ['ignore', 'ignore_ament_install']
[1.548s] Level 1:colcon.colcon_core.package_identification:_identify(f1tenth_system/teleop_tools/key_teleop) by extension 'ignore'
[1.548s] Level 1:colcon.colcon_core.package_identification:_identify(f1tenth_system/teleop_tools/key_teleop) by extension 'ignore_ament_install'
[1.548s] Level 1:colcon.colcon_core.package_identification:_identify(f1tenth_system/teleop_tools/key_teleop) by extensions ['colcon_pkg']
[1.548s] Level 1:colcon.colcon_core.package_identification:_identify(f1tenth_system/teleop_tools/key_teleop) by extension 'colcon_pkg'
[1.548s] Level 1:colcon.colcon_core.package_identification:_identify(f1tenth_system/teleop_tools/key_teleop) by extensions ['colcon_meta']
[1.549s] Level 1:colcon.colcon_core.package_identification:_identify(f1tenth_system/teleop_tools/key_teleop) by extension 'colcon_meta'
[1.549s] Level 1:colcon.colcon_core.package_identification:_identify(f1tenth_system/teleop_tools/key_teleop) by extensions ['ros']
[1.549s] Level 1:colcon.colcon_core.package_identification:_identify(f1tenth_system/teleop_tools/key_teleop) by extension 'ros'
[1.550s] DEBUG:colcon.colcon_core.package_identification:Package 'f1tenth_system/teleop_tools/key_teleop' with type 'ros.ament_python' and name 'key_teleop'
[1.550s] Level 1:colcon.colcon_core.package_identification:_identify(f1tenth_system/teleop_tools/mouse_teleop) by extensions ['ignore', 'ignore_ament_install']
[1.551s] Level 1:colcon.colcon_core.package_identification:_identify(f1tenth_system/teleop_tools/mouse_teleop) by extension 'ignore'
[1.551s] Level 1:colcon.colcon_core.package_identification:_identify(f1tenth_system/teleop_tools/mouse_teleop) by extension 'ignore_ament_install'
[1.551s] Level 1:colcon.colcon_core.package_identification:_identify(f1tenth_system/teleop_tools/mouse_teleop) by extensions ['colcon_pkg']
[1.551s] Level 1:colcon.colcon_core.package_identification:_identify(f1tenth_system/teleop_tools/mouse_teleop) by extension 'colcon_pkg'
[1.551s] Level 1:colcon.colcon_core.package_identification:_identify(f1tenth_system/teleop_tools/mouse_teleop) by extensions ['colcon_meta']
[1.551s] Level 1:colcon.colcon_core.package_identification:_identify(f1tenth_system/teleop_tools/mouse_teleop) by extension 'colcon_meta'
[1.551s] Level 1:colcon.colcon_core.package_identification:_identify(f1tenth_system/teleop_tools/mouse_teleop) by extensions ['ros']
[1.551s] Level 1:colcon.colcon_core.package_identification:_identify(f1tenth_system/teleop_tools/mouse_teleop) by extension 'ros'
[1.553s] DEBUG:colcon.colcon_core.package_identification:Package 'f1tenth_system/teleop_tools/mouse_teleop' with type 'ros.ament_python' and name 'mouse_teleop'
[1.553s] Level 1:colcon.colcon_core.package_identification:_identify(f1tenth_system/teleop_tools/teleop_tools) by extensions ['ignore', 'ignore_ament_install']
[1.553s] Level 1:colcon.colcon_core.package_identification:_identify(f1tenth_system/teleop_tools/teleop_tools) by extension 'ignore'
[1.553s] Level 1:colcon.colcon_core.package_identification:_identify(f1tenth_system/teleop_tools/teleop_tools) by extension 'ignore_ament_install'
[1.554s] Level 1:colcon.colcon_core.package_identification:_identify(f1tenth_system/teleop_tools/teleop_tools) by extensions ['colcon_pkg']
[1.554s] Level 1:colcon.colcon_core.package_identification:_identify(f1tenth_system/teleop_tools/teleop_tools) by extension 'colcon_pkg'
[1.554s] Level 1:colcon.colcon_core.package_identification:_identify(f1tenth_system/teleop_tools/teleop_tools) by extensions ['colcon_meta']
[1.554s] Level 1:colcon.colcon_core.package_identification:_identify(f1tenth_system/teleop_tools/teleop_tools) by extension 'colcon_meta'
[1.554s] Level 1:colcon.colcon_core.package_identification:_identify(f1tenth_system/teleop_tools/teleop_tools) by extensions ['ros']
[1.554s] Level 1:colcon.colcon_core.package_identification:_identify(f1tenth_system/teleop_tools/teleop_tools) by extension 'ros'
[1.555s] DEBUG:colcon.colcon_core.package_identification:Package 'f1tenth_system/teleop_tools/teleop_tools' with type 'ros.ament_cmake' and name 'teleop_tools'
[1.556s] Level 1:colcon.colcon_core.package_identification:_identify(f1tenth_system/teleop_tools/teleop_tools_msgs) by extensions ['ignore', 'ignore_ament_install']
[1.556s] Level 1:colcon.colcon_core.package_identification:_identify(f1tenth_system/teleop_tools/teleop_tools_msgs) by extension 'ignore'
[1.556s] Level 1:colcon.colcon_core.package_identification:_identify(f1tenth_system/teleop_tools/teleop_tools_msgs) by extension 'ignore_ament_install'
[1.556s] Level 1:colcon.colcon_core.package_identification:_identify(f1tenth_system/teleop_tools/teleop_tools_msgs) by extensions ['colcon_pkg']
[1.556s] Level 1:colcon.colcon_core.package_identification:_identify(f1tenth_system/teleop_tools/teleop_tools_msgs) by extension 'colcon_pkg'
[1.556s] Level 1:colcon.colcon_core.package_identification:_identify(f1tenth_system/teleop_tools/teleop_tools_msgs) by extensions ['colcon_meta']
[1.556s] Level 1:colcon.colcon_core.package_identification:_identify(f1tenth_system/teleop_tools/teleop_tools_msgs) by extension 'colcon_meta'
[1.556s] Level 1:colcon.colcon_core.package_identification:_identify(f1tenth_system/teleop_tools/teleop_tools_msgs) by extensions ['ros']
[1.556s] Level 1:colcon.colcon_core.package_identification:_identify(f1tenth_system/teleop_tools/teleop_tools_msgs) by extension 'ros'
[1.558s] DEBUG:colcon.colcon_core.package_identification:Package 'f1tenth_system/teleop_tools/teleop_tools_msgs' with type 'ros.ament_cmake' and name 'teleop_tools_msgs'
[1.558s] Level 1:colcon.colcon_core.package_identification:_identify(f1tenth_system/vesc) by extensions ['ignore', 'ignore_ament_install']
[1.559s] Level 1:colcon.colcon_core.package_identification:_identify(f1tenth_system/vesc) by extension 'ignore'
[1.559s] Level 1:colcon.colcon_core.package_identification:_identify(f1tenth_system/vesc) by extension 'ignore_ament_install'
[1.559s] Level 1:colcon.colcon_core.package_identification:_identify(f1tenth_system/vesc) by extensions ['colcon_pkg']
[1.559s] Level 1:colcon.colcon_core.package_identification:_identify(f1tenth_system/vesc) by extension 'colcon_pkg'
[1.559s] Level 1:colcon.colcon_core.package_identification:_identify(f1tenth_system/vesc) by extensions ['colcon_meta']
[1.559s] Level 1:colcon.colcon_core.package_identification:_identify(f1tenth_system/vesc) by extension 'colcon_meta'
[1.559s] Level 1:colcon.colcon_core.package_identification:_identify(f1tenth_system/vesc) by extensions ['ros']
[1.559s] Level 1:colcon.colcon_core.package_identification:_identify(f1tenth_system/vesc) by extension 'ros'
[1.560s] Level 1:colcon.colcon_core.package_identification:_identify(f1tenth_system/vesc) by extensions ['cmake', 'python']
[1.560s] Level 1:colcon.colcon_core.package_identification:_identify(f1tenth_system/vesc) by extension 'cmake'
[1.560s] Level 1:colcon.colcon_core.package_identification:_identify(f1tenth_system/vesc) by extension 'python'
[1.560s] Level 1:colcon.colcon_core.package_identification:_identify(f1tenth_system/vesc) by extensions ['python_setup_py']
[1.560s] Level 1:colcon.colcon_core.package_identification:_identify(f1tenth_system/vesc) by extension 'python_setup_py'
[1.560s] Level 1:colcon.colcon_core.package_identification:_identify(f1tenth_system/vesc/vesc) by extensions ['ignore', 'ignore_ament_install']
[1.560s] Level 1:colcon.colcon_core.package_identification:_identify(f1tenth_system/vesc/vesc) by extension 'ignore'
[1.560s] Level 1:colcon.colcon_core.package_identification:_identify(f1tenth_system/vesc/vesc) by extension 'ignore_ament_install'
[1.561s] Level 1:colcon.colcon_core.package_identification:_identify(f1tenth_system/vesc/vesc) by extensions ['colcon_pkg']
[1.561s] Level 1:colcon.colcon_core.package_identification:_identify(f1tenth_system/vesc/vesc) by extension 'colcon_pkg'
[1.561s] Level 1:colcon.colcon_core.package_identification:_identify(f1tenth_system/vesc/vesc) by extensions ['colcon_meta']
[1.561s] Level 1:colcon.colcon_core.package_identification:_identify(f1tenth_system/vesc/vesc) by extension 'colcon_meta'
[1.561s] Level 1:colcon.colcon_core.package_identification:_identify(f1tenth_system/vesc/vesc) by extensions ['ros']
[1.561s] Level 1:colcon.colcon_core.package_identification:_identify(f1tenth_system/vesc/vesc) by extension 'ros'
[1.563s] DEBUG:colcon.colcon_core.package_identification:Package 'f1tenth_system/vesc/vesc' with type 'ros.ament_cmake' and name 'vesc'
[1.563s] Level 1:colcon.colcon_core.package_identification:_identify(f1tenth_system/vesc/vesc_ackermann) by extensions ['ignore', 'ignore_ament_install']
[1.563s] Level 1:colcon.colcon_core.package_identification:_identify(f1tenth_system/vesc/vesc_ackermann) by extension 'ignore'
[1.563s] Level 1:colcon.colcon_core.package_identification:_identify(f1tenth_system/vesc/vesc_ackermann) by extension 'ignore_ament_install'
[1.563s] Level 1:colcon.colcon_core.package_identification:_identify(f1tenth_system/vesc/vesc_ackermann) by extensions ['colcon_pkg']
[1.564s] Level 1:colcon.colcon_core.package_identification:_identify(f1tenth_system/vesc/vesc_ackermann) by extension 'colcon_pkg'
[1.564s] Level 1:colcon.colcon_core.package_identification:_identify(f1tenth_system/vesc/vesc_ackermann) by extensions ['colcon_meta']
[1.564s] Level 1:colcon.colcon_core.package_identification:_identify(f1tenth_system/vesc/vesc_ackermann) by extension 'colcon_meta'
[1.564s] Level 1:colcon.colcon_core.package_identification:_identify(f1tenth_system/vesc/vesc_ackermann) by extensions ['ros']
[1.564s] Level 1:colcon.colcon_core.package_identification:_identify(f1tenth_system/vesc/vesc_ackermann) by extension 'ros'
[1.567s] DEBUG:colcon.colcon_core.package_identification:Package 'f1tenth_system/vesc/vesc_ackermann' with type 'ros.ament_cmake' and name 'vesc_ackermann'
[1.567s] Level 1:colcon.colcon_core.package_identification:_identify(f1tenth_system/vesc/vesc_driver) by extensions ['ignore', 'ignore_ament_install']
[1.568s] Level 1:colcon.colcon_core.package_identification:_identify(f1tenth_system/vesc/vesc_driver) by extension 'ignore'
[1.568s] Level 1:colcon.colcon_core.package_identification:_identify(f1tenth_system/vesc/vesc_driver) by extension 'ignore_ament_install'
[1.568s] Level 1:colcon.colcon_core.package_identification:_identify(f1tenth_system/vesc/vesc_driver) by extensions ['colcon_pkg']
[1.568s] Level 1:colcon.colcon_core.package_identification:_identify(f1tenth_system/vesc/vesc_driver) by extension 'colcon_pkg'
[1.568s] Level 1:colcon.colcon_core.package_identification:_identify(f1tenth_system/vesc/vesc_driver) by extensions ['colcon_meta']
[1.568s] Level 1:colcon.colcon_core.package_identification:_identify(f1tenth_system/vesc/vesc_driver) by extension 'colcon_meta'
[1.569s] Level 1:colcon.colcon_core.package_identification:_identify(f1tenth_system/vesc/vesc_driver) by extensions ['ros']
[1.569s] Level 1:colcon.colcon_core.package_identification:_identify(f1tenth_system/vesc/vesc_driver) by extension 'ros'
[1.572s] DEBUG:colcon.colcon_core.package_identification:Package 'f1tenth_system/vesc/vesc_driver' with type 'ros.ament_cmake' and name 'vesc_driver'
[1.572s] Level 1:colcon.colcon_core.package_identification:_identify(f1tenth_system/vesc/vesc_msgs) by extensions ['ignore', 'ignore_ament_install']
[1.572s] Level 1:colcon.colcon_core.package_identification:_identify(f1tenth_system/vesc/vesc_msgs) by extension 'ignore'
[1.572s] Level 1:colcon.colcon_core.package_identification:_identify(f1tenth_system/vesc/vesc_msgs) by extension 'ignore_ament_install'
[1.573s] Level 1:colcon.colcon_core.package_identification:_identify(f1tenth_system/vesc/vesc_msgs) by extensions ['colcon_pkg']
[1.573s] Level 1:colcon.colcon_core.package_identification:_identify(f1tenth_system/vesc/vesc_msgs) by extension 'colcon_pkg'
[1.573s] Level 1:colcon.colcon_core.package_identification:_identify(f1tenth_system/vesc/vesc_msgs) by extensions ['colcon_meta']
[1.573s] Level 1:colcon.colcon_core.package_identification:_identify(f1tenth_system/vesc/vesc_msgs) by extension 'colcon_meta'
[1.573s] Level 1:colcon.colcon_core.package_identification:_identify(f1tenth_system/vesc/vesc_msgs) by extensions ['ros']
[1.573s] Level 1:colcon.colcon_core.package_identification:_identify(f1tenth_system/vesc/vesc_msgs) by extension 'ros'
[1.575s] DEBUG:colcon.colcon_core.package_identification:Package 'f1tenth_system/vesc/vesc_msgs' with type 'ros.ament_cmake' and name 'vesc_msgs'
[1.575s] Level 1:colcon.colcon_core.package_identification:_identify(install) by extensions ['ignore', 'ignore_ament_install']
[1.576s] Level 1:colcon.colcon_core.package_identification:_identify(install) by extension 'ignore'
[1.576s] Level 1:colcon.colcon_core.package_identification:_identify(install) ignored
[1.576s] Level 1:colcon.colcon_core.package_identification:_identify(log) by extensions ['ignore', 'ignore_ament_install']
[1.576s] Level 1:colcon.colcon_core.package_identification:_identify(log) by extension 'ignore'
[1.576s] Level 1:colcon.colcon_core.package_identification:_identify(log) ignored
[1.576s] Level 1:colcon.colcon_core.package_identification:_identify(particle_filter) by extensions ['ignore', 'ignore_ament_install']
[1.577s] Level 1:colcon.colcon_core.package_identification:_identify(particle_filter) by extension 'ignore'
[1.577s] Level 1:colcon.colcon_core.package_identification:_identify(particle_filter) by extension 'ignore_ament_install'
[1.577s] Level 1:colcon.colcon_core.package_identification:_identify(particle_filter) by extensions ['colcon_pkg']
[1.577s] Level 1:colcon.colcon_core.package_identification:_identify(particle_filter) by extension 'colcon_pkg'
[1.577s] Level 1:colcon.colcon_core.package_identification:_identify(particle_filter) by extensions ['colcon_meta']
[1.577s] Level 1:colcon.colcon_core.package_identification:_identify(particle_filter) by extension 'colcon_meta'
[1.577s] Level 1:colcon.colcon_core.package_identification:_identify(particle_filter) by extensions ['ros']
[1.577s] Level 1:colcon.colcon_core.package_identification:_identify(particle_filter) by extension 'ros'
[1.580s] DEBUG:colcon.colcon_core.package_identification:Package 'particle_filter' with type 'ros.ament_python' and name 'particle_filter'
[1.580s] Level 1:colcon.colcon_core.package_identification:_identify(pure_pursuit) by extensions ['ignore', 'ignore_ament_install']
[1.580s] Level 1:colcon.colcon_core.package_identification:_identify(pure_pursuit) by extension 'ignore'
[1.580s] Level 1:colcon.colcon_core.package_identification:_identify(pure_pursuit) by extension 'ignore_ament_install'
[1.581s] Level 1:colcon.colcon_core.package_identification:_identify(pure_pursuit) by extensions ['colcon_pkg']
[1.581s] Level 1:colcon.colcon_core.package_identification:_identify(pure_pursuit) by extension 'colcon_pkg'
[1.581s] Level 1:colcon.colcon_core.package_identification:_identify(pure_pursuit) by extensions ['colcon_meta']
[1.581s] Level 1:colcon.colcon_core.package_identification:_identify(pure_pursuit) by extension 'colcon_meta'
[1.581s] Level 1:colcon.colcon_core.package_identification:_identify(pure_pursuit) by extensions ['ros']
[1.581s] Level 1:colcon.colcon_core.package_identification:_identify(pure_pursuit) by extension 'ros'
[1.584s] DEBUG:colcon.colcon_core.package_identification:Package 'pure_pursuit' with type 'ros.ament_cmake' and name 'pure_pursuit'
[1.584s] Level 1:colcon.colcon_core.package_identification:_identify(safety_node) by extensions ['ignore', 'ignore_ament_install']
[1.584s] Level 1:colcon.colcon_core.package_identification:_identify(safety_node) by extension 'ignore'
[1.584s] Level 1:colcon.colcon_core.package_identification:_identify(safety_node) by extension 'ignore_ament_install'
[1.584s] Level 1:colcon.colcon_core.package_identification:_identify(safety_node) by extensions ['colcon_pkg']
[1.585s] Level 1:colcon.colcon_core.package_identification:_identify(safety_node) by extension 'colcon_pkg'
[1.585s] Level 1:colcon.colcon_core.package_identification:_identify(safety_node) by extensions ['colcon_meta']
[1.585s] Level 1:colcon.colcon_core.package_identification:_identify(safety_node) by extension 'colcon_meta'
[1.585s] Level 1:colcon.colcon_core.package_identification:_identify(safety_node) by extensions ['ros']
[1.585s] Level 1:colcon.colcon_core.package_identification:_identify(safety_node) by extension 'ros'
[1.587s] DEBUG:colcon.colcon_core.package_identification:Package 'safety_node' with type 'ros.ament_cmake' and name 'safety_node'
[1.587s] Level 1:colcon.colcon_core.package_identification:_identify(simple_teleop) by extensions ['ignore', 'ignore_ament_install']
[1.587s] Level 1:colcon.colcon_core.package_identification:_identify(simple_teleop) by extension 'ignore'
[1.587s] Level 1:colcon.colcon_core.package_identification:_identify(simple_teleop) by extension 'ignore_ament_install'
[1.588s] Level 1:colcon.colcon_core.package_identification:_identify(simple_teleop) by extensions ['colcon_pkg']
[1.588s] Level 1:colcon.colcon_core.package_identification:_identify(simple_teleop) by extension 'colcon_pkg'
[1.588s] Level 1:colcon.colcon_core.package_identification:_identify(simple_teleop) by extensions ['colcon_meta']
[1.588s] Level 1:colcon.colcon_core.package_identification:_identify(simple_teleop) by extension 'colcon_meta'
[1.588s] Level 1:colcon.colcon_core.package_identification:_identify(simple_teleop) by extensions ['ros']
[1.588s] Level 1:colcon.colcon_core.package_identification:_identify(simple_teleop) by extension 'ros'
[1.589s] DEBUG:colcon.colcon_core.package_identification:Package 'simple_teleop' with type 'ros.ament_python' and name 'simple_teleop'
[1.590s] Level 1:colcon.colcon_core.package_identification:_identify(stanley2_avoidance) by extensions ['ignore', 'ignore_ament_install']
[1.590s] Level 1:colcon.colcon_core.package_identification:_identify(stanley2_avoidance) by extension 'ignore'
[1.590s] Level 1:colcon.colcon_core.package_identification:_identify(stanley2_avoidance) by extension 'ignore_ament_install'
[1.590s] Level 1:colcon.colcon_core.package_identification:_identify(stanley2_avoidance) by extensions ['colcon_pkg']
[1.590s] Level 1:colcon.colcon_core.package_identification:_identify(stanley2_avoidance) by extension 'colcon_pkg'
[1.590s] Level 1:colcon.colcon_core.package_identification:_identify(stanley2_avoidance) by extensions ['colcon_meta']
[1.590s] Level 1:colcon.colcon_core.package_identification:_identify(stanley2_avoidance) by extension 'colcon_meta'
[1.590s] Level 1:colcon.colcon_core.package_identification:_identify(stanley2_avoidance) by extensions ['ros']
[1.590s] Level 1:colcon.colcon_core.package_identification:_identify(stanley2_avoidance) by extension 'ros'
[1.592s] DEBUG:colcon.colcon_core.package_identification:Package 'stanley2_avoidance' with type 'ros.ament_python' and name 'stanley2_avoidance'
[1.593s] Level 1:colcon.colcon_core.package_identification:_identify(waypoint_generator) by extensions ['ignore', 'ignore_ament_install']
[1.593s] Level 1:colcon.colcon_core.package_identification:_identify(waypoint_generator) by extension 'ignore'
[1.593s] Level 1:colcon.colcon_core.package_identification:_identify(waypoint_generator) by extension 'ignore_ament_install'
[1.593s] Level 1:colcon.colcon_core.package_identification:_identify(waypoint_generator) by extensions ['colcon_pkg']
[1.593s] Level 1:colcon.colcon_core.package_identification:_identify(waypoint_generator) by extension 'colcon_pkg'
[1.593s] Level 1:colcon.colcon_core.package_identification:_identify(waypoint_generator) by extensions ['colcon_meta']
[1.593s] Level 1:colcon.colcon_core.package_identification:_identify(waypoint_generator) by extension 'colcon_meta'
[1.594s] Level 1:colcon.colcon_core.package_identification:_identify(waypoint_generator) by extensions ['ros']
[1.594s] Level 1:colcon.colcon_core.package_identification:_identify(waypoint_generator) by extension 'ros'
[1.596s] DEBUG:colcon.colcon_core.package_identification:Package 'waypoint_generator' with type 'ros.ament_cmake' and name 'waypoint_generator'
[1.596s] Level 1:colcon.colcon_core.package_discovery:discover_packages(recursive) using defaults
[1.596s] Level 1:colcon.colcon_core.package_discovery:discover_packages(ignore) discover
[1.596s] Level 1:colcon.colcon_core.package_discovery:discover_packages(ignore) using defaults
[1.596s] Level 1:colcon.colcon_core.package_discovery:discover_packages(path) discover
[1.596s] Level 1:colcon.colcon_core.package_discovery:discover_packages(path) using defaults
[1.597s] WARNING:colcon.colcon_core.package_selection:ignoring unknown package 'f1tenth_gym' in --packages-select
[1.690s] INFO:colcon.colcon_core.package_selection:Skipping not selected package 'ackermann_mux' in 'f1tenth_system/ackermann_mux'
[1.690s] INFO:colcon.colcon_core.package_selection:Skipping not selected package 'f110_gym' in 'f1tenth_gym'
[1.691s] INFO:colcon.colcon_core.package_selection:Skipping not selected package 'f1tenth_rl' in 'f1tenth_rl'
[1.691s] INFO:colcon.colcon_core.package_selection:Skipping not selected package 'key_teleop' in 'f1tenth_system/teleop_tools/key_teleop'
[1.691s] INFO:colcon.colcon_core.package_selection:Skipping not selected package 'mouse_teleop' in 'f1tenth_system/teleop_tools/mouse_teleop'
[1.691s] INFO:colcon.colcon_core.package_selection:Skipping not selected package 'particle_filter' in 'particle_filter'
[1.691s] INFO:colcon.colcon_core.package_selection:Skipping not selected package 'pure_pursuit' in 'pure_pursuit'
[1.691s] INFO:colcon.colcon_core.package_selection:Skipping not selected package 'safety_node' in 'safety_node'
[1.691s] INFO:colcon.colcon_core.package_selection:Skipping not selected package 'simple_teleop' in 'simple_teleop'
[1.691s] INFO:colcon.colcon_core.package_selection:Skipping not selected package 'stanley2_avoidance' in 'stanley2_avoidance'
[1.691s] INFO:colcon.colcon_core.package_selection:Skipping not selected package 'teleop_tools_msgs' in 'f1tenth_system/teleop_tools/teleop_tools_msgs'
[1.691s] INFO:colcon.colcon_core.package_selection:Skipping not selected package 'vesc_msgs' in 'f1tenth_system/vesc/vesc_msgs'
[1.691s] INFO:colcon.colcon_core.package_selection:Skipping not selected package 'waypoint_generator' in 'waypoint_generator'
[1.691s] INFO:colcon.colcon_core.package_selection:Skipping not selected package 'joy_teleop' in 'f1tenth_system/teleop_tools/joy_teleop'
[1.691s] INFO:colcon.colcon_core.package_selection:Skipping not selected package 'vesc_ackermann' in 'f1tenth_system/vesc/vesc_ackermann'
[1.691s] INFO:colcon.colcon_core.package_selection:Skipping not selected package 'vesc_driver' in 'f1tenth_system/vesc/vesc_driver'
[1.691s] INFO:colcon.colcon_core.package_selection:Skipping not selected package 'teleop_tools' in 'f1tenth_system/teleop_tools/teleop_tools'
[1.691s] INFO:colcon.colcon_core.package_selection:Skipping not selected package 'vesc' in 'f1tenth_system/vesc/vesc'
[1.691s] INFO:colcon.colcon_core.package_selection:Skipping not selected package 'f1tenth_stack' in 'f1tenth_system/f1tenth_stack'
[1.693s] Level 1:colcon.colcon_core.package_discovery:discover_packages(prefix_path) check parameters
[1.693s] Level 1:colcon.colcon_core.package_discovery:discover_packages(prefix_path) discover
[1.703s] DEBUG:colcon.colcon_installed_package_information.package_discovery:Found 17 installed packages in /home/meric/f1tenth_ws_mpc_emergency/install
[1.705s] DEBUG:colcon.colcon_installed_package_information.package_discovery:Found 17 installed packages in /home/meric/f1tenth_ws/install
[1.709s] DEBUG:colcon.colcon_installed_package_information.package_discovery:Found 243 installed packages in /opt/ros/foxy
[1.711s] Level 1:colcon.colcon_core.package_discovery:discover_packages(prefix_path) using defaults
[1.829s] INFO:colcon.colcon_core.executor:Executing jobs using 'parallel' executor
[1.832s] DEBUG:colcon.colcon_parallel_executor.executor.parallel:run_until_complete
[1.832s] DEBUG:colcon.colcon_parallel_executor.executor.parallel:closing loop
[1.833s] DEBUG:colcon.colcon_parallel_executor.executor.parallel:loop closed
[1.833s] DEBUG:colcon.colcon_parallel_executor.executor.parallel:run_until_complete finished with '0'
[1.833s] DEBUG:colcon.colcon_core.event_reactor:joining thread
[1.845s] INFO:colcon.colcon_core.plugin_system:Skipping extension 'colcon_notification.desktop_notification.terminal_notifier': Not used on non-Darwin systems
[1.846s] INFO:colcon.colcon_core.plugin_system:Skipping extension 'colcon_notification.desktop_notification.win32': Not used on non-Windows systems
[1.846s] INFO:colcon.colcon_notification.desktop_notification:Sending desktop notification using 'notify2'
[1.885s] DEBUG:colcon.colcon_core.event_reactor:joined thread
[1.893s] INFO:colcon.colcon_core.plugin_system:Skipping extension 'colcon_core.shell.bat': Not used on non-Windows systems
[1.893s] INFO:colcon.colcon_core.shell:Creating prefix script '/home/meric/f1tenth_ws_rl/src/install/local_setup.ps1'
[1.895s] INFO:colcon.colcon_core.shell:Creating prefix util module '/home/meric/f1tenth_ws_rl/src/install/_local_setup_util_ps1.py'
[1.898s] INFO:colcon.colcon_core.shell:Creating prefix chain script '/home/meric/f1tenth_ws_rl/src/install/setup.ps1'
[1.904s] INFO:colcon.colcon_core.shell:Creating prefix script '/home/meric/f1tenth_ws_rl/src/install/local_setup.sh'
[1.905s] INFO:colcon.colcon_core.shell:Creating prefix util module '/home/meric/f1tenth_ws_rl/src/install/_local_setup_util_sh.py'
[1.906s] INFO:colcon.colcon_core.shell:Creating prefix chain script '/home/meric/f1tenth_ws_rl/src/install/setup.sh'
[1.912s] INFO:colcon.colcon_core.shell:Creating prefix script '/home/meric/f1tenth_ws_rl/src/install/local_setup.bash'
[1.913s] INFO:colcon.colcon_core.shell:Creating prefix chain script '/home/meric/f1tenth_ws_rl/src/install/setup.bash'
[1.922s] INFO:colcon.colcon_core.shell:Creating prefix script '/home/meric/f1tenth_ws_rl/src/install/local_setup.zsh'
[1.924s] INFO:colcon.colcon_core.shell:Creating prefix chain script '/home/meric/f1tenth_ws_rl/src/install/setup.zsh'
