running egg_info
creating ../../build/simple_teleop/simple_teleop.egg-info
writing ../../build/simple_teleop/simple_teleop.egg-info/PKG-INFO
writing dependency_links to ../../build/simple_teleop/simple_teleop.egg-info/dependency_links.txt
writing entry points to ../../build/simple_teleop/simple_teleop.egg-info/entry_points.txt
writing requirements to ../../build/simple_teleop/simple_teleop.egg-info/requires.txt
writing top-level names to ../../build/simple_teleop/simple_teleop.egg-info/top_level.txt
writing manifest file '../../build/simple_teleop/simple_teleop.egg-info/SOURCES.txt'
reading manifest file '../../build/simple_teleop/simple_teleop.egg-info/SOURCES.txt'
writing manifest file '../../build/simple_teleop/simple_teleop.egg-info/SOURCES.txt'
running build
running build_py
creating /home/meric/f1tenth_ws_mpc_emergency/build/simple_teleop/build
creating /home/meric/f1tenth_ws_mpc_emergency/build/simple_teleop/build/lib
creating /home/meric/f1tenth_ws_mpc_emergency/build/simple_teleop/build/lib/simple_teleop
copying simple_teleop/__init__.py -> /home/meric/f1tenth_ws_mpc_emergency/build/simple_teleop/build/lib/simple_teleop
copying simple_teleop/simple_teleop.py -> /home/meric/f1tenth_ws_mpc_emergency/build/simple_teleop/build/lib/simple_teleop
running install
running install_lib
creating /home/meric/f1tenth_ws_mpc_emergency/install/simple_teleop/lib/python3.8/site-packages/simple_teleop
copying /home/meric/f1tenth_ws_mpc_emergency/build/simple_teleop/build/lib/simple_teleop/__init__.py -> /home/meric/f1tenth_ws_mpc_emergency/install/simple_teleop/lib/python3.8/site-packages/simple_teleop
copying /home/meric/f1tenth_ws_mpc_emergency/build/simple_teleop/build/lib/simple_teleop/simple_teleop.py -> /home/meric/f1tenth_ws_mpc_emergency/install/simple_teleop/lib/python3.8/site-packages/simple_teleop
byte-compiling /home/meric/f1tenth_ws_mpc_emergency/install/simple_teleop/lib/python3.8/site-packages/simple_teleop/__init__.py to __init__.cpython-38.pyc
byte-compiling /home/meric/f1tenth_ws_mpc_emergency/install/simple_teleop/lib/python3.8/site-packages/simple_teleop/simple_teleop.py to simple_teleop.cpython-38.pyc
running install_data
creating /home/meric/f1tenth_ws_mpc_emergency/install/simple_teleop/share/ament_index
creating /home/meric/f1tenth_ws_mpc_emergency/install/simple_teleop/share/ament_index/resource_index
creating /home/meric/f1tenth_ws_mpc_emergency/install/simple_teleop/share/ament_index/resource_index/packages
copying resource/simple_teleop -> /home/meric/f1tenth_ws_mpc_emergency/install/simple_teleop/share/ament_index/resource_index/packages
copying package.xml -> /home/meric/f1tenth_ws_mpc_emergency/install/simple_teleop/share/simple_teleop
running install_egg_info
Copying ../../build/simple_teleop/simple_teleop.egg-info to /home/meric/f1tenth_ws_mpc_emergency/install/simple_teleop/lib/python3.8/site-packages/simple_teleop-0.0.0-py3.8.egg-info
running install_scripts
Installing simple_teleop script to /home/meric/f1tenth_ws_mpc_emergency/install/simple_teleop/lib/simple_teleop
writing list of installed files to '/home/meric/f1tenth_ws_mpc_emergency/build/simple_teleop/install.log'
