[0.118s] Invoking command in '/home/meric/f1tenth_ws_mpc_emergency/build/teleop_tools_msgs': CMAKE_PREFIX_PATH=${CMAKE_PREFIX_PATH}:/home/meric/f1tenth_ws_mpc_emergency/install/f1tenth_stack:/home/meric/f1tenth_ws_mpc_emergency/install/joy_teleop:/home/meric/f1tenth_ws_mpc_emergency/install/stanley2_avoidance:/home/meric/f1tenth_ws_mpc_emergency/install/simple_teleop:/home/meric/f1tenth_ws_mpc_emergency/install/particle_filter:/home/meric/f1tenth_ws_mpc_emergency/install/mouse_teleop:/home/meric/f1tenth_ws_mpc_emergency/install/key_teleop:/opt/ros/foxy PS1=\[\e]0;\u@\h: \w\a\]${debian_chroot:+($debian_chroot)}\[\033[01;32m\]\u@\h\[\033[00m\]:\[\033[01;34m\]\w\[\033[00m\]\$ /snap/bin/cmake /home/meric/f1tenth_ws_mpc_emergency/src/f1tenth_system/teleop_tools/teleop_tools_msgs -DCMAKE_INSTALL_PREFIX=/home/meric/f1tenth_ws_mpc_emergency/install/teleop_tools_msgs
[1.930s] -- The C compiler identification is GNU 9.4.0
[1.930s] -- The CXX compiler identification is GNU 9.4.0
[1.930s] -- Detecting C compiler ABI info
[1.930s] -- Detecting C compiler ABI info - done
[1.931s] -- Check for working C compiler: /usr/bin/cc - skipped
[1.931s] -- Detecting C compile features
[1.931s] -- Detecting C compile features - done
[1.931s] -- Detecting CXX compiler ABI info
[1.931s] -- Detecting CXX compiler ABI info - done
[1.931s] -- Check for working CXX compiler: /usr/bin/c++ - skipped
[1.936s] -- Detecting CXX compile features
[1.937s] -- Detecting CXX compile features - done
[1.937s] -- Found ament_cmake: 0.9.12 (/opt/ros/foxy/share/ament_cmake/cmake)
[1.937s] -- Found PythonInterp: /usr/bin/python3 (found suitable version "3.8.10", minimum required is "3")
[1.949s] -- Using PYTHON_EXECUTABLE: /usr/bin/python3
[1.950s] -- Found rosidl_default_generators: 1.0.1 (/opt/ros/foxy/share/rosidl_default_generators/cmake)
[1.950s] -- Using all available rosidl_typesupport_c: rosidl_typesupport_fastrtps_c;rosidl_typesupport_introspection_c
[1.950s] -- Found rosidl_adapter: 1.3.1 (/opt/ros/foxy/share/rosidl_adapter/cmake)
[1.950s] -- Found OpenSSL: /usr/lib/aarch64-linux-gnu/libcrypto.so (found version "1.1.1f")
[1.958s] 2025/10/10 21:10:37.275322 cmd_run.go:1398: WARNING: cannot create user data directory: failed to verify SELinux context of /home/meric/snap: cannot locate "matchpathcon" executable
[1.959s] [0mCMake Deprecation Warning at CMakeLists.txt:1 (cmake_minimum_required):
[1.959s]   Compatibility with CMake < 3.10 will be removed from a future version of
[1.959s]   CMake.
[1.959s] 
[1.959s]   Update the VERSION argument <min> value.  Or, use the <min>...<max> syntax
[1.959s]   to tell CMake that the project requires at least <min> but has been updated
[1.959s]   to work with policies introduced by <max> or earlier.
[1.960s] 
[1.960s] [0m
[1.960s] [33mCMake Warning (dev) at /opt/ros/foxy/share/ament_cmake_core/cmake/core/python.cmake:22 (find_package):
[1.960s]   Policy CMP0148 is not set: The FindPythonInterp and FindPythonLibs modules
[1.960s]   are removed.  Run "cmake --help-policy CMP0148" for policy details.  Use
[1.960s]   the cmake_policy command to set the policy and suppress this warning.
[1.960s] 
[1.962s] Call Stack (most recent call first):
[1.962s]   /opt/ros/foxy/share/ament_cmake_core/cmake/core/all.cmake:53 (include)
[1.962s]   /opt/ros/foxy/share/ament_cmake_core/cmake/ament_cmake_core-extras.cmake:17 (include)
[1.963s]   /opt/ros/foxy/share/ament_cmake_core/cmake/ament_cmake_coreConfig.cmake:41 (include)
[1.963s]   /opt/ros/foxy/share/ament_cmake/cmake/ament_cmake_export_dependencies-extras.cmake:15 (find_package)
[1.963s]   /opt/ros/foxy/share/ament_cmake/cmake/ament_cmakeConfig.cmake:41 (include)
[1.963s]   CMakeLists.txt:18 (find_package)
[1.963s] This warning is for project developers.  Use -Wno-dev to suppress it.
[1.963s] [0m
[1.964s] -- Found FastRTPS: /opt/ros/foxy/include
[2.196s] -- Using all available rosidl_typesupport_cpp: rosidl_typesupport_fastrtps_cpp;rosidl_typesupport_introspection_cpp
[2.278s] -- Found ament_lint_auto: 0.9.8 (/opt/ros/foxy/share/ament_lint_auto/cmake)
[2.501s] [33mCMake Warning (dev) at /opt/ros/foxy/share/rosidl_adapter/cmake/rosidl_adapt_interfaces.cmake:40 (find_package):
[2.501s]   Policy CMP0148 is not set: The FindPythonInterp and FindPythonLibs modules
[2.502s]   are removed.  Run "cmake --help-policy CMP0148" for policy details.  Use
[2.502s]   the cmake_policy command to set the policy and suppress this warning.
[2.502s] 
[2.502s] Call Stack (most recent call first):
[2.502s]   /opt/ros/foxy/share/rosidl_cmake/cmake/rosidl_generate_interfaces.cmake:130 (rosidl_adapt_interfaces)
[2.502s]   CMakeLists.txt:26 (rosidl_generate_interfaces)
[2.503s] This warning is for project developers.  Use -Wno-dev to suppress it.
[2.503s] [0m
[2.595s] -- Found PythonInterp: /usr/bin/python3 (found version "3.8.10")
[3.001s] -- Found ament_cmake_ros: 0.9.2 (/opt/ros/foxy/share/ament_cmake_ros/cmake)
[3.406s] -- Using all available rosidl_typesupport_c: rosidl_typesupport_fastrtps_c;rosidl_typesupport_introspection_c
[3.480s] -- Using all available rosidl_typesupport_cpp: rosidl_typesupport_fastrtps_cpp;rosidl_typesupport_introspection_cpp
[3.505s] [33mCMake Warning (dev) at /opt/ros/foxy/share/rosidl_generator_py/cmake/rosidl_generator_py_generate_interfaces.cmake:20 (find_package):
[3.505s]   Policy CMP0148 is not set: The FindPythonInterp and FindPythonLibs modules
[3.505s]   are removed.  Run "cmake --help-policy CMP0148" for policy details.  Use
[3.505s]   the cmake_policy command to set the policy and suppress this warning.
[3.505s] 
[3.505s] Call Stack (most recent call first):
[3.506s]   /opt/ros/foxy/share/ament_cmake_core/cmake/core/ament_execute_extensions.cmake:48 (include)
[3.506s]   /opt/ros/foxy/share/rosidl_cmake/cmake/rosidl_generate_interfaces.cmake:286 (ament_execute_extensions)
[3.507s]   CMakeLists.txt:26 (rosidl_generate_interfaces)
[3.507s] This warning is for project developers.  Use -Wno-dev to suppress it.
[3.507s] [0m
[3.670s] -- Found PythonInterp: /usr/bin/python3 (found suitable version "3.8.10", minimum required is "3.5")
[3.688s] -- Found python_cmake_module: 0.8.1 (/opt/ros/foxy/share/python_cmake_module/cmake)
[3.689s] [33mCMake Warning (dev) at /opt/ros/foxy/share/python_cmake_module/cmake/Modules/FindPythonExtra.cmake:45 (find_package):
[3.689s]   Policy CMP0148 is not set: The FindPythonInterp and FindPythonLibs modules
[3.690s]   are removed.  Run "cmake --help-policy CMP0148" for policy details.  Use
[3.690s]   the cmake_policy command to set the policy and suppress this warning.
[3.690s] 
[3.690s] Call Stack (most recent call first):
[3.690s]   /opt/ros/foxy/share/rosidl_generator_py/cmake/rosidl_generator_py_generate_interfaces.cmake:23 (find_package)
[3.690s]   /opt/ros/foxy/share/ament_cmake_core/cmake/core/ament_execute_extensions.cmake:48 (include)
[3.690s]   /opt/ros/foxy/share/rosidl_cmake/cmake/rosidl_generate_interfaces.cmake:286 (ament_execute_extensions)
[3.691s]   CMakeLists.txt:26 (rosidl_generate_interfaces)
[3.691s] This warning is for project developers.  Use -Wno-dev to suppress it.
[3.691s] [0m
[3.816s] [33mCMake Warning (dev) at /opt/ros/foxy/share/python_cmake_module/cmake/Modules/FindPythonExtra.cmake:133 (find_package):
[3.816s]   Policy CMP0148 is not set: The FindPythonInterp and FindPythonLibs modules
[3.816s]   are removed.  Run "cmake --help-policy CMP0148" for policy details.  Use
[3.816s]   the cmake_policy command to set the policy and suppress this warning.
[3.816s] 
[3.816s] Call Stack (most recent call first):
[3.816s]   /opt/ros/foxy/share/rosidl_generator_py/cmake/rosidl_generator_py_generate_interfaces.cmake:23 (find_package)
[3.817s]   /opt/ros/foxy/share/ament_cmake_core/cmake/core/ament_execute_extensions.cmake:48 (include)
[3.817s]   /opt/ros/foxy/share/rosidl_cmake/cmake/rosidl_generate_interfaces.cmake:286 (ament_execute_extensions)
[3.817s]   CMakeLists.txt:26 (rosidl_generate_interfaces)
[3.817s] This warning is for project developers.  Use -Wno-dev to suppress it.
[3.817s] [0m
[3.846s] -- Found PythonLibs: /usr/lib/aarch64-linux-gnu/libpython3.8.so (found suitable version "3.8.10", minimum required is "3.5")
[3.846s] -- Using PYTHON_EXECUTABLE: /usr/bin/python3
[3.846s] -- Using PYTHON_INCLUDE_DIRS: /usr/include/python3.8
[3.847s] -- Using PYTHON_LIBRARIES: /usr/lib/aarch64-linux-gnu/libpython3.8.so
[3.940s] -- Found PythonExtra: .so
[4.113s] -- Added test 'copyright' to check source files copyright and LICENSE
[4.124s] -- Added test 'lint_cmake' to check CMake code style
[4.124s] -- Added test 'xmllint' to check XML markup files
[4.136s] -- Configuring done (3.9s)
[4.260s] -- Generating done (0.1s)
[4.287s] -- Build files have been written to: /home/meric/f1tenth_ws_mpc_emergency/build/teleop_tools_msgs
[4.786s] Invoked command in '/home/meric/f1tenth_ws_mpc_emergency/build/teleop_tools_msgs' returned '0': CMAKE_PREFIX_PATH=${CMAKE_PREFIX_PATH}:/home/meric/f1tenth_ws_mpc_emergency/install/f1tenth_stack:/home/meric/f1tenth_ws_mpc_emergency/install/joy_teleop:/home/meric/f1tenth_ws_mpc_emergency/install/stanley2_avoidance:/home/meric/f1tenth_ws_mpc_emergency/install/simple_teleop:/home/meric/f1tenth_ws_mpc_emergency/install/particle_filter:/home/meric/f1tenth_ws_mpc_emergency/install/mouse_teleop:/home/meric/f1tenth_ws_mpc_emergency/install/key_teleop:/opt/ros/foxy PS1=\[\e]0;\u@\h: \w\a\]${debian_chroot:+($debian_chroot)}\[\033[01;32m\]\u@\h\[\033[00m\]:\[\033[01;34m\]\w\[\033[00m\]\$ /snap/bin/cmake /home/meric/f1tenth_ws_mpc_emergency/src/f1tenth_system/teleop_tools/teleop_tools_msgs -DCMAKE_INSTALL_PREFIX=/home/meric/f1tenth_ws_mpc_emergency/install/teleop_tools_msgs
[4.789s] Invoking command in '/home/meric/f1tenth_ws_mpc_emergency/build/teleop_tools_msgs': CMAKE_PREFIX_PATH=${CMAKE_PREFIX_PATH}:/home/meric/f1tenth_ws_mpc_emergency/install/f1tenth_stack:/home/meric/f1tenth_ws_mpc_emergency/install/joy_teleop:/home/meric/f1tenth_ws_mpc_emergency/install/stanley2_avoidance:/home/meric/f1tenth_ws_mpc_emergency/install/simple_teleop:/home/meric/f1tenth_ws_mpc_emergency/install/particle_filter:/home/meric/f1tenth_ws_mpc_emergency/install/mouse_teleop:/home/meric/f1tenth_ws_mpc_emergency/install/key_teleop:/opt/ros/foxy PS1=\[\e]0;\u@\h: \w\a\]${debian_chroot:+($debian_chroot)}\[\033[01;32m\]\u@\h\[\033[00m\]:\[\033[01;34m\]\w\[\033[00m\]\$ /snap/bin/cmake --build /home/meric/f1tenth_ws_mpc_emergency/build/teleop_tools_msgs -- -j6 -l6
[4.922s] 2025/10/10 21:10:41.966604 cmd_run.go:1398: WARNING: cannot create user data directory: failed to verify SELinux context of /home/meric/snap: cannot locate "matchpathcon" executable
[5.026s] [  3%] [1m[34mGenerating C code for ROS interfaces[0m
[5.029s] [  6%] [1m[34mGenerating C++ code for ROS interfaces[0m
[6.968s] [  6%] Built target teleop_tools_msgs__cpp
[7.019s] [  9%] [1m[34mGenerating C++ type support dispatch for ROS interfaces[0m
[7.038s] [ 16%] [1m[34mGenerating C++ introspection for ROS interfaces[0m
[7.039s] [ 16%] [1m[34mGenerating C++ type support for eProsima Fast-RTPS[0m
[7.219s] [ 19%] [32mBuilding C object CMakeFiles/teleop_tools_msgs__rosidl_generator_c.dir/rosidl_generator_c/teleop_tools_msgs/action/detail/increment__functions.c.o[0m
[8.047s] [ 22%] [1m[32mLinking C shared library libteleop_tools_msgs__rosidl_generator_c.so[0m
[8.272s] [ 22%] Built target teleop_tools_msgs__rosidl_generator_c
[8.308s] [ 25%] [1m[34mGenerating C introspection for ROS interfaces[0m
[8.327s] [ 29%] [1m[34mGenerating C type support dispatch for ROS interfaces[0m
[8.328s] [ 32%] [32mBuilding CXX object CMakeFiles/teleop_tools_msgs__rosidl_typesupport_introspection_cpp.dir/rosidl_typesupport_introspection_cpp/teleop_tools_msgs/action/detail/increment__type_support.cpp.o[0m
[8.506s] [ 35%] [32mBuilding CXX object CMakeFiles/teleop_tools_msgs__rosidl_typesupport_cpp.dir/rosidl_typesupport_cpp/teleop_tools_msgs/action/increment__type_support.cpp.o[0m
[8.759s] [ 38%] [32mBuilding CXX object CMakeFiles/teleop_tools_msgs__rosidl_typesupport_fastrtps_cpp.dir/rosidl_typesupport_fastrtps_cpp/teleop_tools_msgs/action/detail/dds_fastrtps/increment__type_support.cpp.o[0m
[10.363s] [ 41%] [32mBuilding CXX object CMakeFiles/teleop_tools_msgs__rosidl_typesupport_c.dir/rosidl_typesupport_c/teleop_tools_msgs/action/increment__type_support.cpp.o[0m
[10.396s] [ 45%] [32mBuilding C object CMakeFiles/teleop_tools_msgs__rosidl_typesupport_introspection_c.dir/rosidl_typesupport_introspection_c/teleop_tools_msgs/action/detail/increment__type_support.c.o[0m
[10.649s] [ 48%] [1m[32mLinking C shared library libteleop_tools_msgs__rosidl_typesupport_introspection_c.so[0m
[10.715s] [ 51%] [1m[32mLinking CXX shared library libteleop_tools_msgs__rosidl_typesupport_introspection_cpp.so[0m
[10.720s] [ 54%] [1m[32mLinking CXX shared library libteleop_tools_msgs__rosidl_typesupport_cpp.so[0m
[10.727s] [ 58%] [1m[32mLinking CXX shared library libteleop_tools_msgs__rosidl_typesupport_c.so[0m
[10.780s] [ 58%] Built target teleop_tools_msgs__rosidl_typesupport_introspection_c
[10.881s] [ 58%] Built target teleop_tools_msgs__rosidl_typesupport_c
[10.961s] [ 58%] Built target teleop_tools_msgs__rosidl_typesupport_cpp
[11.108s] [ 58%] Built target teleop_tools_msgs__rosidl_typesupport_introspection_cpp
[11.852s] [ 61%] [1m[32mLinking CXX shared library libteleop_tools_msgs__rosidl_typesupport_fastrtps_cpp.so[0m
[12.297s] [ 61%] Built target teleop_tools_msgs__rosidl_typesupport_fastrtps_cpp
[12.302s] [ 64%] [1m[34mGenerating C type support for eProsima Fast-RTPS[0m
[13.775s] [ 67%] [32mBuilding CXX object CMakeFiles/teleop_tools_msgs__rosidl_typesupport_fastrtps_c.dir/rosidl_typesupport_fastrtps_c/teleop_tools_msgs/action/detail/increment__type_support_c.cpp.o[0m
[15.955s] [ 70%] [1m[32mLinking CXX shared library libteleop_tools_msgs__rosidl_typesupport_fastrtps_c.so[0m
[16.745s] [ 70%] Built target teleop_tools_msgs__rosidl_typesupport_fastrtps_c
[16.841s] [ 70%] Built target teleop_tools_msgs
[16.929s] [ 74%] [1m[34mGenerating Python code for ROS interfaces[0m
[19.702s] [ 74%] Built target teleop_tools_msgs__py
[19.795s] [ 77%] [32mBuilding C object CMakeFiles/teleop_tools_msgs__python.dir/rosidl_generator_py/teleop_tools_msgs/action/_increment_s.c.o[0m
[20.359s] [ 80%] [1m[32mLinking C shared library rosidl_generator_py/teleop_tools_msgs/libteleop_tools_msgs__python.so[0m
[20.567s] [ 80%] Built target teleop_tools_msgs__python
[20.626s] [ 83%] [32mBuilding C object CMakeFiles/teleop_tools_msgs__rosidl_typesupport_fastrtps_c__pyext.dir/rosidl_generator_py/teleop_tools_msgs/_teleop_tools_msgs_s.ep.rosidl_typesupport_fastrtps_c.c.o[0m
[20.647s] [ 87%] [32mBuilding C object CMakeFiles/teleop_tools_msgs__rosidl_typesupport_introspection_c__pyext.dir/rosidl_generator_py/teleop_tools_msgs/_teleop_tools_msgs_s.ep.rosidl_typesupport_introspection_c.c.o[0m
[20.701s] [ 90%] [32mBuilding C object CMakeFiles/teleop_tools_msgs__rosidl_typesupport_c__pyext.dir/rosidl_generator_py/teleop_tools_msgs/_teleop_tools_msgs_s.ep.rosidl_typesupport_c.c.o[0m
[21.179s] [ 93%] [1m[32mLinking CXX shared library rosidl_generator_py/teleop_tools_msgs/teleop_tools_msgs_s__rosidl_typesupport_fastrtps_c.cpython-38-aarch64-linux-gnu.so[0m
[21.190s] [ 96%] [1m[32mLinking C shared library rosidl_generator_py/teleop_tools_msgs/teleop_tools_msgs_s__rosidl_typesupport_introspection_c.cpython-38-aarch64-linux-gnu.so[0m
[21.229s] [100%] [1m[32mLinking C shared library rosidl_generator_py/teleop_tools_msgs/teleop_tools_msgs_s__rosidl_typesupport_c.cpython-38-aarch64-linux-gnu.so[0m
[21.295s] [100%] Built target teleop_tools_msgs__rosidl_typesupport_introspection_c__pyext
[21.396s] [100%] Built target teleop_tools_msgs__rosidl_typesupport_c__pyext
[21.455s] [100%] Built target teleop_tools_msgs__rosidl_typesupport_fastrtps_c__pyext
[21.498s] Invoked command in '/home/meric/f1tenth_ws_mpc_emergency/build/teleop_tools_msgs' returned '0': CMAKE_PREFIX_PATH=${CMAKE_PREFIX_PATH}:/home/meric/f1tenth_ws_mpc_emergency/install/f1tenth_stack:/home/meric/f1tenth_ws_mpc_emergency/install/joy_teleop:/home/meric/f1tenth_ws_mpc_emergency/install/stanley2_avoidance:/home/meric/f1tenth_ws_mpc_emergency/install/simple_teleop:/home/meric/f1tenth_ws_mpc_emergency/install/particle_filter:/home/meric/f1tenth_ws_mpc_emergency/install/mouse_teleop:/home/meric/f1tenth_ws_mpc_emergency/install/key_teleop:/opt/ros/foxy PS1=\[\e]0;\u@\h: \w\a\]${debian_chroot:+($debian_chroot)}\[\033[01;32m\]\u@\h\[\033[00m\]:\[\033[01;34m\]\w\[\033[00m\]\$ /snap/bin/cmake --build /home/meric/f1tenth_ws_mpc_emergency/build/teleop_tools_msgs -- -j6 -l6
[21.899s] Invoking command in '/home/meric/f1tenth_ws_mpc_emergency/build/teleop_tools_msgs': CMAKE_PREFIX_PATH=${CMAKE_PREFIX_PATH}:/home/meric/f1tenth_ws_mpc_emergency/install/f1tenth_stack:/home/meric/f1tenth_ws_mpc_emergency/install/joy_teleop:/home/meric/f1tenth_ws_mpc_emergency/install/stanley2_avoidance:/home/meric/f1tenth_ws_mpc_emergency/install/simple_teleop:/home/meric/f1tenth_ws_mpc_emergency/install/particle_filter:/home/meric/f1tenth_ws_mpc_emergency/install/mouse_teleop:/home/meric/f1tenth_ws_mpc_emergency/install/key_teleop:/opt/ros/foxy PS1=\[\e]0;\u@\h: \w\a\]${debian_chroot:+($debian_chroot)}\[\033[01;32m\]\u@\h\[\033[00m\]:\[\033[01;34m\]\w\[\033[00m\]\$ /snap/bin/cmake --build /home/meric/f1tenth_ws_mpc_emergency/build/teleop_tools_msgs --target install -- -j6 -l6
[25.983s] 2025/10/10 21:10:59.223715 cmd_run.go:1398: WARNING: cannot create user data directory: failed to verify SELinux context of /home/meric/snap: cannot locate "matchpathcon" executable
[25.991s] [  3%] Built target teleop_tools_msgs__cpp
[25.994s] [ 12%] Built target teleop_tools_msgs__rosidl_generator_c
[25.995s] [ 22%] Built target teleop_tools_msgs__rosidl_typesupport_cpp
[25.995s] [ 32%] Built target teleop_tools_msgs__rosidl_typesupport_introspection_cpp
[25.995s] [ 41%] Built target teleop_tools_msgs__rosidl_typesupport_fastrtps_cpp
[25.995s] [ 51%] Built target teleop_tools_msgs__rosidl_typesupport_introspection_c
[25.995s] [ 61%] Built target teleop_tools_msgs__rosidl_typesupport_c
[25.995s] [ 70%] Built target teleop_tools_msgs__rosidl_typesupport_fastrtps_c
[25.995s] [ 70%] Built target teleop_tools_msgs
[25.996s] [ 74%] Built target teleop_tools_msgs__py
[25.996s] [ 80%] Built target teleop_tools_msgs__python
[25.996s] [ 87%] Built target teleop_tools_msgs__rosidl_typesupport_fastrtps_c__pyext
[25.996s] [ 93%] Built target teleop_tools_msgs__rosidl_typesupport_introspection_c__pyext
[25.996s] [100%] Built target teleop_tools_msgs__rosidl_typesupport_c__pyext
[25.996s] [36mInstall the project...[0m
[25.996s] -- Install configuration: ""
[25.997s] -- Installing: /home/meric/f1tenth_ws_mpc_emergency/install/teleop_tools_msgs/share/ament_index/resource_index/rosidl_interfaces/teleop_tools_msgs
[25.997s] -- Installing: /home/meric/f1tenth_ws_mpc_emergency/install/teleop_tools_msgs/include/teleop_tools_msgs
[25.997s] -- Installing: /home/meric/f1tenth_ws_mpc_emergency/install/teleop_tools_msgs/include/teleop_tools_msgs/msg
[25.997s] -- Installing: /home/meric/f1tenth_ws_mpc_emergency/install/teleop_tools_msgs/include/teleop_tools_msgs/msg/rosidl_generator_c__visibility_control.h
[25.997s] -- Installing: /home/meric/f1tenth_ws_mpc_emergency/install/teleop_tools_msgs/include/teleop_tools_msgs/action
[25.997s] -- Installing: /home/meric/f1tenth_ws_mpc_emergency/install/teleop_tools_msgs/include/teleop_tools_msgs/action/detail
[25.997s] -- Installing: /home/meric/f1tenth_ws_mpc_emergency/install/teleop_tools_msgs/include/teleop_tools_msgs/action/detail/increment__functions.h
[25.997s] -- Installing: /home/meric/f1tenth_ws_mpc_emergency/install/teleop_tools_msgs/include/teleop_tools_msgs/action/detail/increment__struct.h
[25.998s] -- Installing: /home/meric/f1tenth_ws_mpc_emergency/install/teleop_tools_msgs/include/teleop_tools_msgs/action/detail/increment__type_support.h
[25.998s] -- Installing: /home/meric/f1tenth_ws_mpc_emergency/install/teleop_tools_msgs/include/teleop_tools_msgs/action/detail/increment__functions.c
[25.998s] -- Installing: /home/meric/f1tenth_ws_mpc_emergency/install/teleop_tools_msgs/include/teleop_tools_msgs/action/increment.h
[25.998s] -- Installing: /home/meric/f1tenth_ws_mpc_emergency/install/teleop_tools_msgs/share/teleop_tools_msgs/environment/library_path.sh
[25.998s] -- Installing: /home/meric/f1tenth_ws_mpc_emergency/install/teleop_tools_msgs/share/teleop_tools_msgs/environment/library_path.dsv
[25.998s] -- Installing: /home/meric/f1tenth_ws_mpc_emergency/install/teleop_tools_msgs/lib/libteleop_tools_msgs__rosidl_generator_c.so
[25.998s] -- Set non-toolchain portion of runtime path of "/home/meric/f1tenth_ws_mpc_emergency/install/teleop_tools_msgs/lib/libteleop_tools_msgs__rosidl_generator_c.so" to ""
[25.998s] -- Up-to-date: /home/meric/f1tenth_ws_mpc_emergency/install/teleop_tools_msgs/include/teleop_tools_msgs
[25.999s] -- Up-to-date: /home/meric/f1tenth_ws_mpc_emergency/install/teleop_tools_msgs/include/teleop_tools_msgs/msg
[25.999s] -- Installing: /home/meric/f1tenth_ws_mpc_emergency/install/teleop_tools_msgs/include/teleop_tools_msgs/msg/rosidl_typesupport_fastrtps_c__visibility_control.h
[25.999s] -- Up-to-date: /home/meric/f1tenth_ws_mpc_emergency/install/teleop_tools_msgs/include/teleop_tools_msgs/action
[25.999s] -- Up-to-date: /home/meric/f1tenth_ws_mpc_emergency/install/teleop_tools_msgs/include/teleop_tools_msgs/action/detail
[25.999s] -- Installing: /home/meric/f1tenth_ws_mpc_emergency/install/teleop_tools_msgs/include/teleop_tools_msgs/action/detail/increment__rosidl_typesupport_fastrtps_c.h
[25.999s] -- Installing: /home/meric/f1tenth_ws_mpc_emergency/install/teleop_tools_msgs/lib/libteleop_tools_msgs__rosidl_typesupport_fastrtps_c.so
[25.999s] -- Set non-toolchain portion of runtime path of "/home/meric/f1tenth_ws_mpc_emergency/install/teleop_tools_msgs/lib/libteleop_tools_msgs__rosidl_typesupport_fastrtps_c.so" to ""
[26.004s] -- Up-to-date: /home/meric/f1tenth_ws_mpc_emergency/install/teleop_tools_msgs/include/teleop_tools_msgs
[26.004s] -- Up-to-date: /home/meric/f1tenth_ws_mpc_emergency/install/teleop_tools_msgs/include/teleop_tools_msgs/msg
[26.004s] -- Installing: /home/meric/f1tenth_ws_mpc_emergency/install/teleop_tools_msgs/include/teleop_tools_msgs/msg/rosidl_typesupport_fastrtps_cpp__visibility_control.h
[26.005s] -- Up-to-date: /home/meric/f1tenth_ws_mpc_emergency/install/teleop_tools_msgs/include/teleop_tools_msgs/action
[26.005s] -- Up-to-date: /home/meric/f1tenth_ws_mpc_emergency/install/teleop_tools_msgs/include/teleop_tools_msgs/action/detail
[26.005s] -- Installing: /home/meric/f1tenth_ws_mpc_emergency/install/teleop_tools_msgs/include/teleop_tools_msgs/action/detail/increment__rosidl_typesupport_fastrtps_cpp.hpp
[26.005s] -- Installing: /home/meric/f1tenth_ws_mpc_emergency/install/teleop_tools_msgs/include/teleop_tools_msgs/action/detail/dds_fastrtps
[26.005s] -- Installing: /home/meric/f1tenth_ws_mpc_emergency/install/teleop_tools_msgs/lib/libteleop_tools_msgs__rosidl_typesupport_fastrtps_cpp.so
[26.011s] -- Set non-toolchain portion of runtime path of "/home/meric/f1tenth_ws_mpc_emergency/install/teleop_tools_msgs/lib/libteleop_tools_msgs__rosidl_typesupport_fastrtps_cpp.so" to ""
[26.012s] -- Up-to-date: /home/meric/f1tenth_ws_mpc_emergency/install/teleop_tools_msgs/include/teleop_tools_msgs
[26.012s] -- Up-to-date: /home/meric/f1tenth_ws_mpc_emergency/install/teleop_tools_msgs/include/teleop_tools_msgs/msg
[26.012s] -- Installing: /home/meric/f1tenth_ws_mpc_emergency/install/teleop_tools_msgs/include/teleop_tools_msgs/msg/rosidl_typesupport_introspection_c__visibility_control.h
[26.012s] -- Up-to-date: /home/meric/f1tenth_ws_mpc_emergency/install/teleop_tools_msgs/include/teleop_tools_msgs/action
[26.013s] -- Up-to-date: /home/meric/f1tenth_ws_mpc_emergency/install/teleop_tools_msgs/include/teleop_tools_msgs/action/detail
[26.014s] -- Installing: /home/meric/f1tenth_ws_mpc_emergency/install/teleop_tools_msgs/include/teleop_tools_msgs/action/detail/increment__rosidl_typesupport_introspection_c.h
[26.014s] -- Installing: /home/meric/f1tenth_ws_mpc_emergency/install/teleop_tools_msgs/include/teleop_tools_msgs/action/detail/increment__type_support.c
[26.017s] -- Installing: /home/meric/f1tenth_ws_mpc_emergency/install/teleop_tools_msgs/lib/libteleop_tools_msgs__rosidl_typesupport_introspection_c.so
[26.017s] -- Set non-toolchain portion of runtime path of "/home/meric/f1tenth_ws_mpc_emergency/install/teleop_tools_msgs/lib/libteleop_tools_msgs__rosidl_typesupport_introspection_c.so" to ""
[26.018s] -- Installing: /home/meric/f1tenth_ws_mpc_emergency/install/teleop_tools_msgs/lib/libteleop_tools_msgs__rosidl_typesupport_c.so
[26.018s] -- Set non-toolchain portion of runtime path of "/home/meric/f1tenth_ws_mpc_emergency/install/teleop_tools_msgs/lib/libteleop_tools_msgs__rosidl_typesupport_c.so" to ""
[26.018s] -- Up-to-date: /home/meric/f1tenth_ws_mpc_emergency/install/teleop_tools_msgs/include/teleop_tools_msgs
[26.018s] -- Up-to-date: /home/meric/f1tenth_ws_mpc_emergency/install/teleop_tools_msgs/include/teleop_tools_msgs/msg
[26.018s] -- Installing: /home/meric/f1tenth_ws_mpc_emergency/install/teleop_tools_msgs/include/teleop_tools_msgs/msg/rosidl_generator_cpp__visibility_control.hpp
[26.018s] -- Up-to-date: /home/meric/f1tenth_ws_mpc_emergency/install/teleop_tools_msgs/include/teleop_tools_msgs/action
[26.018s] -- Installing: /home/meric/f1tenth_ws_mpc_emergency/install/teleop_tools_msgs/include/teleop_tools_msgs/action/increment.hpp
[26.019s] -- Up-to-date: /home/meric/f1tenth_ws_mpc_emergency/install/teleop_tools_msgs/include/teleop_tools_msgs/action/detail
[26.019s] -- Installing: /home/meric/f1tenth_ws_mpc_emergency/install/teleop_tools_msgs/include/teleop_tools_msgs/action/detail/increment__struct.hpp
[26.019s] -- Installing: /home/meric/f1tenth_ws_mpc_emergency/install/teleop_tools_msgs/include/teleop_tools_msgs/action/detail/increment__traits.hpp
[26.019s] -- Installing: /home/meric/f1tenth_ws_mpc_emergency/install/teleop_tools_msgs/include/teleop_tools_msgs/action/detail/increment__type_support.hpp
[26.019s] -- Installing: /home/meric/f1tenth_ws_mpc_emergency/install/teleop_tools_msgs/include/teleop_tools_msgs/action/detail/increment__builder.hpp
[26.019s] -- Up-to-date: /home/meric/f1tenth_ws_mpc_emergency/install/teleop_tools_msgs/include/teleop_tools_msgs
[26.019s] -- Up-to-date: /home/meric/f1tenth_ws_mpc_emergency/install/teleop_tools_msgs/include/teleop_tools_msgs/action
[26.019s] -- Up-to-date: /home/meric/f1tenth_ws_mpc_emergency/install/teleop_tools_msgs/include/teleop_tools_msgs/action/detail
[26.020s] -- Installing: /home/meric/f1tenth_ws_mpc_emergency/install/teleop_tools_msgs/include/teleop_tools_msgs/action/detail/increment__rosidl_typesupport_introspection_cpp.hpp
[26.020s] -- Installing: /home/meric/f1tenth_ws_mpc_emergency/install/teleop_tools_msgs/include/teleop_tools_msgs/action/detail/increment__type_support.cpp
[26.020s] -- Installing: /home/meric/f1tenth_ws_mpc_emergency/install/teleop_tools_msgs/lib/libteleop_tools_msgs__rosidl_typesupport_introspection_cpp.so
[26.020s] -- Set non-toolchain portion of runtime path of "/home/meric/f1tenth_ws_mpc_emergency/install/teleop_tools_msgs/lib/libteleop_tools_msgs__rosidl_typesupport_introspection_cpp.so" to ""
[26.020s] -- Installing: /home/meric/f1tenth_ws_mpc_emergency/install/teleop_tools_msgs/lib/libteleop_tools_msgs__rosidl_typesupport_cpp.so
[26.020s] -- Set non-toolchain portion of runtime path of "/home/meric/f1tenth_ws_mpc_emergency/install/teleop_tools_msgs/lib/libteleop_tools_msgs__rosidl_typesupport_cpp.so" to ""
[26.020s] -- Installing: /home/meric/f1tenth_ws_mpc_emergency/install/teleop_tools_msgs/share/teleop_tools_msgs/environment/pythonpath.sh
[26.020s] -- Installing: /home/meric/f1tenth_ws_mpc_emergency/install/teleop_tools_msgs/share/teleop_tools_msgs/environment/pythonpath.dsv
[26.021s] -- Installing: /home/meric/f1tenth_ws_mpc_emergency/install/teleop_tools_msgs/lib/python3.8/site-packages/teleop_tools_msgs/__init__.py
[26.021s] Compiling '/home/meric/f1tenth_ws_mpc_emergency/install/teleop_tools_msgs/lib/python3.8/site-packages/teleop_tools_msgs/__init__.py'...
[26.021s] -- Installing: /home/meric/f1tenth_ws_mpc_emergency/install/teleop_tools_msgs/lib/python3.8/site-packages/teleop_tools_msgs/action
[26.021s] -- Installing: /home/meric/f1tenth_ws_mpc_emergency/install/teleop_tools_msgs/lib/python3.8/site-packages/teleop_tools_msgs/action/_increment.py
[26.021s] -- Installing: /home/meric/f1tenth_ws_mpc_emergency/install/teleop_tools_msgs/lib/python3.8/site-packages/teleop_tools_msgs/action/__init__.py
[26.021s] -- Installing: /home/meric/f1tenth_ws_mpc_emergency/install/teleop_tools_msgs/lib/python3.8/site-packages/teleop_tools_msgs/action/_increment_s.c
[26.021s] -- Installing: /home/meric/f1tenth_ws_mpc_emergency/install/teleop_tools_msgs/lib/python3.8/site-packages/teleop_tools_msgs/teleop_tools_msgs_s__rosidl_typesupport_fastrtps_c.cpython-38-aarch64-linux-gnu.so
[26.021s] -- Set non-toolchain portion of runtime path of "/home/meric/f1tenth_ws_mpc_emergency/install/teleop_tools_msgs/lib/python3.8/site-packages/teleop_tools_msgs/teleop_tools_msgs_s__rosidl_typesupport_fastrtps_c.cpython-38-aarch64-linux-gnu.so" to ""
[26.022s] -- Installing: /home/meric/f1tenth_ws_mpc_emergency/install/teleop_tools_msgs/lib/python3.8/site-packages/teleop_tools_msgs/teleop_tools_msgs_s__rosidl_typesupport_introspection_c.cpython-38-aarch64-linux-gnu.so
[26.022s] -- Set non-toolchain portion of runtime path of "/home/meric/f1tenth_ws_mpc_emergency/install/teleop_tools_msgs/lib/python3.8/site-packages/teleop_tools_msgs/teleop_tools_msgs_s__rosidl_typesupport_introspection_c.cpython-38-aarch64-linux-gnu.so" to ""
[26.022s] -- Installing: /home/meric/f1tenth_ws_mpc_emergency/install/teleop_tools_msgs/lib/python3.8/site-packages/teleop_tools_msgs/teleop_tools_msgs_s__rosidl_typesupport_c.cpython-38-aarch64-linux-gnu.so
[26.022s] -- Set non-toolchain portion of runtime path of "/home/meric/f1tenth_ws_mpc_emergency/install/teleop_tools_msgs/lib/python3.8/site-packages/teleop_tools_msgs/teleop_tools_msgs_s__rosidl_typesupport_c.cpython-38-aarch64-linux-gnu.so" to ""
[26.022s] -- Installing: /home/meric/f1tenth_ws_mpc_emergency/install/teleop_tools_msgs/lib/libteleop_tools_msgs__python.so
[26.022s] -- Set non-toolchain portion of runtime path of "/home/meric/f1tenth_ws_mpc_emergency/install/teleop_tools_msgs/lib/libteleop_tools_msgs__python.so" to ""
[26.022s] -- Installing: /home/meric/f1tenth_ws_mpc_emergency/install/teleop_tools_msgs/share/teleop_tools_msgs/action/Increment.idl
[26.022s] -- Installing: /home/meric/f1tenth_ws_mpc_emergency/install/teleop_tools_msgs/share/teleop_tools_msgs/action/Increment.action
[26.023s] -- Installing: /home/meric/f1tenth_ws_mpc_emergency/install/teleop_tools_msgs/share/ament_index/resource_index/package_run_dependencies/teleop_tools_msgs
[26.023s] -- Installing: /home/meric/f1tenth_ws_mpc_emergency/install/teleop_tools_msgs/share/ament_index/resource_index/parent_prefix_path/teleop_tools_msgs
[26.023s] -- Installing: /home/meric/f1tenth_ws_mpc_emergency/install/teleop_tools_msgs/share/teleop_tools_msgs/environment/ament_prefix_path.sh
[26.023s] -- Installing: /home/meric/f1tenth_ws_mpc_emergency/install/teleop_tools_msgs/share/teleop_tools_msgs/environment/ament_prefix_path.dsv
[26.023s] -- Installing: /home/meric/f1tenth_ws_mpc_emergency/install/teleop_tools_msgs/share/teleop_tools_msgs/environment/path.sh
[26.023s] -- Installing: /home/meric/f1tenth_ws_mpc_emergency/install/teleop_tools_msgs/share/teleop_tools_msgs/environment/path.dsv
[26.048s] -- Installing: /home/meric/f1tenth_ws_mpc_emergency/install/teleop_tools_msgs/share/teleop_tools_msgs/local_setup.bash
[26.049s] -- Installing: /home/meric/f1tenth_ws_mpc_emergency/install/teleop_tools_msgs/share/teleop_tools_msgs/local_setup.sh
[26.049s] -- Installing: /home/meric/f1tenth_ws_mpc_emergency/install/teleop_tools_msgs/share/teleop_tools_msgs/local_setup.zsh
[26.049s] -- Installing: /home/meric/f1tenth_ws_mpc_emergency/install/teleop_tools_msgs/share/teleop_tools_msgs/local_setup.dsv
[26.049s] -- Installing: /home/meric/f1tenth_ws_mpc_emergency/install/teleop_tools_msgs/share/teleop_tools_msgs/package.dsv
[26.050s] -- Installing: /home/meric/f1tenth_ws_mpc_emergency/install/teleop_tools_msgs/share/ament_index/resource_index/packages/teleop_tools_msgs
[26.050s] -- Installing: /home/meric/f1tenth_ws_mpc_emergency/install/teleop_tools_msgs/share/teleop_tools_msgs/cmake/teleop_tools_msgs__rosidl_generator_cExport.cmake
[26.050s] -- Installing: /home/meric/f1tenth_ws_mpc_emergency/install/teleop_tools_msgs/share/teleop_tools_msgs/cmake/teleop_tools_msgs__rosidl_generator_cExport-noconfig.cmake
[26.050s] -- Installing: /home/meric/f1tenth_ws_mpc_emergency/install/teleop_tools_msgs/share/teleop_tools_msgs/cmake/teleop_tools_msgs__rosidl_typesupport_introspection_cExport.cmake
[26.050s] -- Installing: /home/meric/f1tenth_ws_mpc_emergency/install/teleop_tools_msgs/share/teleop_tools_msgs/cmake/teleop_tools_msgs__rosidl_typesupport_introspection_cExport-noconfig.cmake
[26.050s] -- Installing: /home/meric/f1tenth_ws_mpc_emergency/install/teleop_tools_msgs/share/teleop_tools_msgs/cmake/teleop_tools_msgs__rosidl_typesupport_cExport.cmake
[26.050s] -- Installing: /home/meric/f1tenth_ws_mpc_emergency/install/teleop_tools_msgs/share/teleop_tools_msgs/cmake/teleop_tools_msgs__rosidl_typesupport_cExport-noconfig.cmake
[26.050s] -- Installing: /home/meric/f1tenth_ws_mpc_emergency/install/teleop_tools_msgs/share/teleop_tools_msgs/cmake/teleop_tools_msgs__rosidl_generator_cppExport.cmake
[26.051s] -- Installing: /home/meric/f1tenth_ws_mpc_emergency/install/teleop_tools_msgs/share/teleop_tools_msgs/cmake/teleop_tools_msgs__rosidl_typesupport_introspection_cppExport.cmake
[26.051s] -- Installing: /home/meric/f1tenth_ws_mpc_emergency/install/teleop_tools_msgs/share/teleop_tools_msgs/cmake/teleop_tools_msgs__rosidl_typesupport_introspection_cppExport-noconfig.cmake
[26.051s] -- Installing: /home/meric/f1tenth_ws_mpc_emergency/install/teleop_tools_msgs/share/teleop_tools_msgs/cmake/teleop_tools_msgs__rosidl_typesupport_cppExport.cmake
[26.051s] -- Installing: /home/meric/f1tenth_ws_mpc_emergency/install/teleop_tools_msgs/share/teleop_tools_msgs/cmake/teleop_tools_msgs__rosidl_typesupport_cppExport-noconfig.cmake
[26.051s] -- Installing: /home/meric/f1tenth_ws_mpc_emergency/install/teleop_tools_msgs/share/teleop_tools_msgs/cmake/rosidl_cmake-extras.cmake
[26.051s] -- Installing: /home/meric/f1tenth_ws_mpc_emergency/install/teleop_tools_msgs/share/teleop_tools_msgs/cmake/ament_cmake_export_dependencies-extras.cmake
[26.051s] -- Installing: /home/meric/f1tenth_ws_mpc_emergency/install/teleop_tools_msgs/share/teleop_tools_msgs/cmake/ament_cmake_export_libraries-extras.cmake
[26.052s] -- Installing: /home/meric/f1tenth_ws_mpc_emergency/install/teleop_tools_msgs/share/teleop_tools_msgs/cmake/ament_cmake_export_targets-extras.cmake
[26.052s] -- Installing: /home/meric/f1tenth_ws_mpc_emergency/install/teleop_tools_msgs/share/teleop_tools_msgs/cmake/ament_cmake_export_include_directories-extras.cmake
[26.052s] -- Installing: /home/meric/f1tenth_ws_mpc_emergency/install/teleop_tools_msgs/share/teleop_tools_msgs/cmake/rosidl_cmake_export_typesupport_libraries-extras.cmake
[26.052s] -- Installing: /home/meric/f1tenth_ws_mpc_emergency/install/teleop_tools_msgs/share/teleop_tools_msgs/cmake/rosidl_cmake_export_typesupport_targets-extras.cmake
[26.052s] -- Installing: /home/meric/f1tenth_ws_mpc_emergency/install/teleop_tools_msgs/share/teleop_tools_msgs/cmake/teleop_tools_msgsConfig.cmake
[26.052s] -- Installing: /home/meric/f1tenth_ws_mpc_emergency/install/teleop_tools_msgs/share/teleop_tools_msgs/cmake/teleop_tools_msgsConfig-version.cmake
[26.052s] -- Installing: /home/meric/f1tenth_ws_mpc_emergency/install/teleop_tools_msgs/share/teleop_tools_msgs/package.xml
[26.053s] Invoked command in '/home/meric/f1tenth_ws_mpc_emergency/build/teleop_tools_msgs' returned '0': CMAKE_PREFIX_PATH=${CMAKE_PREFIX_PATH}:/home/meric/f1tenth_ws_mpc_emergency/install/f1tenth_stack:/home/meric/f1tenth_ws_mpc_emergency/install/joy_teleop:/home/meric/f1tenth_ws_mpc_emergency/install/stanley2_avoidance:/home/meric/f1tenth_ws_mpc_emergency/install/simple_teleop:/home/meric/f1tenth_ws_mpc_emergency/install/particle_filter:/home/meric/f1tenth_ws_mpc_emergency/install/mouse_teleop:/home/meric/f1tenth_ws_mpc_emergency/install/key_teleop:/opt/ros/foxy PS1=\[\e]0;\u@\h: \w\a\]${debian_chroot:+($debian_chroot)}\[\033[01;32m\]\u@\h\[\033[00m\]:\[\033[01;34m\]\w\[\033[00m\]\$ /snap/bin/cmake --build /home/meric/f1tenth_ws_mpc_emergency/build/teleop_tools_msgs --target install -- -j6 -l6
