-- The C compiler identification is GNU 9.4.0
-- The CXX compiler identification is GNU 9.4.0
-- Detecting C compiler ABI info
-- Detecting C compiler ABI info - done
-- Check for working C compiler: /usr/bin/cc - skipped
-- Detecting C compile features
-- Detecting C compile features - done
-- Detecting CXX compiler ABI info
-- Detecting CXX compiler ABI info - done
-- Check for working CXX compiler: /usr/bin/c++ - skipped
-- Detecting CXX compile features
-- Detecting CXX compile features - done
-- Found ament_cmake: 0.9.12 (/opt/ros/foxy/share/ament_cmake/cmake)
-- Found PythonInterp: /usr/bin/python3 (found suitable version "3.8.10", minimum required is "3")
-- Using PYTHON_EXECUTABLE: /usr/bin/python3
2025/11/14 20:35:01.190299 cmd_run.go:1400: WARNING: cannot create user data directory: failed to verify SELinux context of /home/meric/snap: cannot locate "matchpathcon" executable
[0mCMake Deprecation Warning at CMakeLists.txt:1 (cmake_minimum_required):
  Compatibility with CMake < 3.10 will be removed from a future version of
  CMake.

  Update the VERSION argument <min> value.  Or, use the <min>...<max> syntax
  to tell CMake that the project requires at least <min> but has been updated
  to work with policies introduced by <max> or earlier.

[0m
[33mCMake Warning (dev) at /opt/ros/foxy/share/ament_cmake_core/cmake/core/python.cmake:22 (find_package):
  Policy CMP0148 is not set: The FindPythonInterp and FindPythonLibs modules
  are removed.  Run "cmake --help-policy CMP0148" for policy details.  Use
  the cmake_policy command to set the policy and suppress this warning.

Call Stack (most recent call first):
  /opt/ros/foxy/share/ament_cmake_core/cmake/core/all.cmake:53 (include)
  /opt/ros/foxy/share/ament_cmake_core/cmake/ament_cmake_core-extras.cmake:17 (include)
  /opt/ros/foxy/share/ament_cmake_core/cmake/ament_cmake_coreConfig.cmake:41 (include)
  /opt/ros/foxy/share/ament_cmake/cmake/ament_cmake_export_dependencies-extras.cmake:15 (find_package)
  /opt/ros/foxy/share/ament_cmake/cmake/ament_cmakeConfig.cmake:41 (include)
  CMakeLists.txt:13 (find_package)
This warning is for project developers.  Use -Wno-dev to suppress it.
[0m
-- Found rclcpp: 2.4.3 (/opt/ros/foxy/share/rclcpp/cmake)
-- Using all available rosidl_typesupport_c: rosidl_typesupport_fastrtps_c;rosidl_typesupport_introspection_c
-- Found rosidl_adapter: 1.3.1 (/opt/ros/foxy/share/rosidl_adapter/cmake)
-- Found OpenSSL: /usr/lib/aarch64-linux-gnu/libcrypto.so (found version "1.1.1f")
-- Found FastRTPS: /opt/ros/foxy/include
-- Using all available rosidl_typesupport_cpp: rosidl_typesupport_fastrtps_cpp;rosidl_typesupport_introspection_cpp
-- Found rmw_implementation_cmake: 1.0.4 (/opt/ros/foxy/share/rmw_implementation_cmake/cmake)
-- Using RMW implementation 'rmw_fastrtps_cpp' as default
-- Performing Test CMAKE_HAVE_LIBC_PTHREAD
-- Performing Test CMAKE_HAVE_LIBC_PTHREAD - Failed
-- Looking for pthread_create in pthreads
-- Looking for pthread_create in pthreads - not found
-- Looking for pthread_create in pthread
-- Looking for pthread_create in pthread - found
-- Found Threads: TRUE
-- Found ackermann_msgs: 2.0.2 (/opt/ros/foxy/share/ackermann_msgs/cmake)
-- Found diagnostic_updater: 3.1.2 (/opt/ros/foxy/share/diagnostic_updater/cmake)
-- Found ament_lint_auto: 0.9.8 (/opt/ros/foxy/share/ament_lint_auto/cmake)
-- Found python_cmake_module: 0.8.1 (/opt/ros/foxy/share/python_cmake_module/cmake)
[33mCMake Warning (dev) at /opt/ros/foxy/share/python_cmake_module/cmake/Modules/FindPythonExtra.cmake:45 (find_package):
  Policy CMP0148 is not set: The FindPythonInterp and FindPythonLibs modules
  are removed.  Run "cmake --help-policy CMP0148" for policy details.  Use
  the cmake_policy command to set the policy and suppress this warning.

Call Stack (most recent call first):
  /opt/ros/foxy/share/launch_testing_ament_cmake/cmake/launch_testing_ament_cmake-extras.cmake:18 (find_package)
  /opt/ros/foxy/share/launch_testing_ament_cmake/cmake/launch_testing_ament_cmakeConfig.cmake:41 (include)
  /opt/ros/foxy/share/ament_lint_auto/cmake/ament_lint_auto_find_test_dependencies.cmake:36 (find_package)
  CMakeLists.txt:61 (ament_lint_auto_find_test_dependencies)
This warning is for project developers.  Use -Wno-dev to suppress it.
[0m
-- Found PythonInterp: /usr/bin/python3 (found suitable version "3.8.10", minimum required is "3.5")
[33mCMake Warning (dev) at /opt/ros/foxy/share/python_cmake_module/cmake/Modules/FindPythonExtra.cmake:133 (find_package):
  Policy CMP0148 is not set: The FindPythonInterp and FindPythonLibs modules
  are removed.  Run "cmake --help-policy CMP0148" for policy details.  Use
  the cmake_policy command to set the policy and suppress this warning.

Call Stack (most recent call first):
  /opt/ros/foxy/share/launch_testing_ament_cmake/cmake/launch_testing_ament_cmake-extras.cmake:18 (find_package)
  /opt/ros/foxy/share/launch_testing_ament_cmake/cmake/launch_testing_ament_cmakeConfig.cmake:41 (include)
  /opt/ros/foxy/share/ament_lint_auto/cmake/ament_lint_auto_find_test_dependencies.cmake:36 (find_package)
  CMakeLists.txt:61 (ament_lint_auto_find_test_dependencies)
This warning is for project developers.  Use -Wno-dev to suppress it.
[0m
-- Found PythonLibs: /usr/lib/aarch64-linux-gnu/libpython3.8.so (found suitable version "3.8.10", minimum required is "3.5")
-- Using PYTHON_EXECUTABLE: /usr/bin/python3
-- Using PYTHON_INCLUDE_DIRS: /usr/include/python3.8
-- Using PYTHON_LIBRARIES: /usr/lib/aarch64-linux-gnu/libpython3.8.so
-- Found PythonExtra: .so
-- Added test 'xmllint' to check XML markup files
-- Added test 'copyright' to check source files copyright and LICENSE
-- Added test 'cppcheck' to perform static code analysis on C / C++ code
-- Configured cppcheck include dirs: /home/meric/f1tenth_ws_rl/src/f1tenth_system/ackermann_mux/include
-- Configured cppcheck exclude dirs and/or files: 
-- Added test 'cpplint' to check C / C++ code against the Google style
-- Configured cpplint exclude dirs and/or files: 
-- Added test 'flake8' to check Python code syntax and style conventions
-- Added test 'lint_cmake' to check CMake code style
-- Added test 'pep257' to check Python code against some of the style conventions in PEP 257
-- Added test 'uncrustify' to check C / C++ code style
-- Configured uncrustify additional arguments: 
-- Configuring done (4.8s)
-- Generating done (0.0s)
-- Build files have been written to: /home/meric/f1tenth_ws_rl/build/ackermann_mux
2025/11/14 20:35:06.276431 cmd_run.go:1400: WARNING: cannot create user data directory: failed to verify SELinux context of /home/meric/snap: cannot locate "matchpathcon" executable
[ 25%] [32mBuilding CXX object CMakeFiles/ackermann_mux.dir/src/ackermann_mux.cpp.o[0m
[ 50%] [32mBuilding CXX object CMakeFiles/ackermann_mux.dir/src/ackermann_mux_node.cpp.o[0m
[ 75%] [32mBuilding CXX object CMakeFiles/ackermann_mux.dir/src/ackermann_mux_diagnostics.cpp.o[0m
[100%] [1m[32mLinking CXX executable ackermann_mux[0m
[100%] Built target ackermann_mux
2025/11/14 20:35:34.358113 cmd_run.go:1400: WARNING: cannot create user data directory: failed to verify SELinux context of /home/meric/snap: cannot locate "matchpathcon" executable
[100%] Built target ackermann_mux
[36mInstall the project...[0m
-- Install configuration: ""
-- Installing: /home/meric/f1tenth_ws_rl/install/ackermann_mux/lib/ackermann_mux/ackermann_mux
-- Set non-toolchain portion of runtime path of "/home/meric/f1tenth_ws_rl/install/ackermann_mux/lib/ackermann_mux/ackermann_mux" to ""
-- Installing: /home/meric/f1tenth_ws_rl/install/ackermann_mux/share/ackermann_mux/launch
-- Installing: /home/meric/f1tenth_ws_rl/install/ackermann_mux/share/ackermann_mux/launch/ackermann_mux_launch.py
-- Installing: /home/meric/f1tenth_ws_rl/install/ackermann_mux/share/ackermann_mux/config
-- Installing: /home/meric/f1tenth_ws_rl/install/ackermann_mux/share/ackermann_mux/config/joystick.yaml
-- Installing: /home/meric/f1tenth_ws_rl/install/ackermann_mux/share/ackermann_mux/config/ackermann_mux_topics.yaml
-- Installing: /home/meric/f1tenth_ws_rl/install/ackermann_mux/share/ackermann_mux/config/ackermann_mux_locks.yaml
-- Installing: /home/meric/f1tenth_ws_rl/install/ackermann_mux/include
-- Installing: /home/meric/f1tenth_ws_rl/install/ackermann_mux/include/ackermann_mux
-- Installing: /home/meric/f1tenth_ws_rl/install/ackermann_mux/include/ackermann_mux/ackermann_mux_diagnostics_status.hpp
-- Installing: /home/meric/f1tenth_ws_rl/install/ackermann_mux/include/ackermann_mux/params_helpers.hpp
-- Installing: /home/meric/f1tenth_ws_rl/install/ackermann_mux/include/ackermann_mux/ackermann_mux.hpp
-- Installing: /home/meric/f1tenth_ws_rl/install/ackermann_mux/include/ackermann_mux/ackermann_mux_diagnostics.hpp
-- Installing: /home/meric/f1tenth_ws_rl/install/ackermann_mux/include/ackermann_mux/utils.hpp
-- Installing: /home/meric/f1tenth_ws_rl/install/ackermann_mux/include/ackermann_mux/topic_handle.hpp
-- Installing: /home/meric/f1tenth_ws_rl/install/ackermann_mux/share/ament_index/resource_index/package_run_dependencies/ackermann_mux
-- Installing: /home/meric/f1tenth_ws_rl/install/ackermann_mux/share/ament_index/resource_index/parent_prefix_path/ackermann_mux
-- Installing: /home/meric/f1tenth_ws_rl/install/ackermann_mux/share/ackermann_mux/environment/ament_prefix_path.sh
-- Installing: /home/meric/f1tenth_ws_rl/install/ackermann_mux/share/ackermann_mux/environment/ament_prefix_path.dsv
-- Installing: /home/meric/f1tenth_ws_rl/install/ackermann_mux/share/ackermann_mux/environment/path.sh
-- Installing: /home/meric/f1tenth_ws_rl/install/ackermann_mux/share/ackermann_mux/environment/path.dsv
-- Installing: /home/meric/f1tenth_ws_rl/install/ackermann_mux/share/ackermann_mux/local_setup.bash
-- Installing: /home/meric/f1tenth_ws_rl/install/ackermann_mux/share/ackermann_mux/local_setup.sh
-- Installing: /home/meric/f1tenth_ws_rl/install/ackermann_mux/share/ackermann_mux/local_setup.zsh
-- Installing: /home/meric/f1tenth_ws_rl/install/ackermann_mux/share/ackermann_mux/local_setup.dsv
-- Installing: /home/meric/f1tenth_ws_rl/install/ackermann_mux/share/ackermann_mux/package.dsv
-- Installing: /home/meric/f1tenth_ws_rl/install/ackermann_mux/share/ament_index/resource_index/packages/ackermann_mux
-- Installing: /home/meric/f1tenth_ws_rl/install/ackermann_mux/share/ackermann_mux/cmake/ament_cmake_export_include_directories-extras.cmake
-- Installing: /home/meric/f1tenth_ws_rl/install/ackermann_mux/share/ackermann_mux/cmake/ament_cmake_export_dependencies-extras.cmake
-- Installing: /home/meric/f1tenth_ws_rl/install/ackermann_mux/share/ackermann_mux/cmake/ackermann_muxConfig.cmake
-- Installing: /home/meric/f1tenth_ws_rl/install/ackermann_mux/share/ackermann_mux/cmake/ackermann_muxConfig-version.cmake
-- Installing: /home/meric/f1tenth_ws_rl/install/ackermann_mux/share/ackermann_mux/package.xml
