[3.322s] Invoking command in '/home/meric/f1tenth_ws_mpc_emergency/src/f1tenth_system/teleop_tools/key_teleop': PYTHONPATH=/home/meric/f1tenth_ws_mpc_emergency/build/key_teleop/prefix_override:/usr/lib/python3/dist-packages/colcon_core/task/python/colcon_distutils_commands:/home/meric/f1tenth_ws_mpc_emergency/install/key_teleop/lib/python3.8/site-packages:${PYTHONPATH} /usr/bin/python3 -W ignore:setup.py install is deprecated -W ignore:easy_install command is deprecated setup.py egg_info --egg-base ../../../../build/key_teleop build --build-base /home/meric/f1tenth_ws_mpc_emergency/build/key_teleop/build install --record /home/meric/f1tenth_ws_mpc_emergency/build/key_teleop/install.log --install-scripts $base/lib/key_teleop --single-version-externally-managed install_data
[3.881s] running egg_info
[3.883s] writing ../../../../build/key_teleop/key_teleop.egg-info/PKG-INFO
[3.884s] writing dependency_links to ../../../../build/key_teleop/key_teleop.egg-info/dependency_links.txt
[3.884s] writing entry points to ../../../../build/key_teleop/key_teleop.egg-info/entry_points.txt
[3.885s] writing requirements to ../../../../build/key_teleop/key_teleop.egg-info/requires.txt
[3.885s] writing top-level names to ../../../../build/key_teleop/key_teleop.egg-info/top_level.txt
[3.972s] reading manifest file '../../../../build/key_teleop/key_teleop.egg-info/SOURCES.txt'
[3.976s] writing manifest file '../../../../build/key_teleop/key_teleop.egg-info/SOURCES.txt'
[3.977s] running build
[3.977s] running build_py
[3.978s] running install
[3.982s] running install_lib
[3.990s] running install_data
[3.990s] running install_egg_info
[3.997s] removing '/home/meric/f1tenth_ws_mpc_emergency/install/key_teleop/lib/python3.8/site-packages/key_teleop-0.3.0-py3.8.egg-info' (and everything under it)
[3.998s] Copying ../../../../build/key_teleop/key_teleop.egg-info to /home/meric/f1tenth_ws_mpc_emergency/install/key_teleop/lib/python3.8/site-packages/key_teleop-0.3.0-py3.8.egg-info
[4.000s] running install_scripts
[4.048s] Installing key_teleop script to /home/meric/f1tenth_ws_mpc_emergency/install/key_teleop/lib/key_teleop
[4.052s] writing list of installed files to '/home/meric/f1tenth_ws_mpc_emergency/build/key_teleop/install.log'
[4.231s] Invoked command in '/home/meric/f1tenth_ws_mpc_emergency/src/f1tenth_system/teleop_tools/key_teleop' returned '0': PYTHONPATH=/home/meric/f1tenth_ws_mpc_emergency/build/key_teleop/prefix_override:/usr/lib/python3/dist-packages/colcon_core/task/python/colcon_distutils_commands:/home/meric/f1tenth_ws_mpc_emergency/install/key_teleop/lib/python3.8/site-packages:${PYTHONPATH} /usr/bin/python3 -W ignore:setup.py install is deprecated -W ignore:easy_install command is deprecated setup.py egg_info --egg-base ../../../../build/key_teleop build --build-base /home/meric/f1tenth_ws_mpc_emergency/build/key_teleop/build install --record /home/meric/f1tenth_ws_mpc_emergency/build/key_teleop/install.log --install-scripts $base/lib/key_teleop --single-version-externally-managed install_data
