[0.038s] Invoking command in '/home/meric/f1tenth_ws_mpc_emergency/build/pure_pursuit': CMAKE_PREFIX_PATH=${CMAKE_PREFIX_PATH}:/home/meric/f1tenth_ws/install:/home/meric/f1tenth_ws/install/f1tenth_stack:/home/meric/f1tenth_ws/install/joy_teleop:/home/meric/f1tenth_ws/install/stanley2_avoidance:/home/meric/f1tenth_ws/install/simple_teleop:/home/meric/f1tenth_ws/install/particle_filter:/home/meric/f1tenth_ws/install/mouse_teleop:/home/meric/f1tenth_ws/install/key_teleop:/home/meric/f1tenth_ws_mpc_emergency/install/f1tenth_stack:/home/meric/f1tenth_ws_mpc_emergency/install/joy_teleop:/home/meric/f1tenth_ws_mpc_emergency/install/stanley2_avoidance:/home/meric/f1tenth_ws_mpc_emergency/install/simple_teleop:/home/meric/f1tenth_ws_mpc_emergency/install/particle_filter:/home/meric/f1tenth_ws_mpc_emergency/install/mouse_teleop:/home/meric/f1tenth_ws_mpc_emergency/install/key_teleop:/opt/ros/foxy /snap/bin/cmake --build /home/meric/f1tenth_ws_mpc_emergency/build/pure_pursuit -- -j6 -l6
[0.184s] 2025/10/29 17:07:21.017166 cmd_run.go:1400: WARNING: cannot create user data directory: failed to verify SELinux context of /home/meric/snap: cannot locate "matchpathcon" executable
[0.337s] [ 50%] Built target pure_pursuit
[0.348s] [100%] Built target waypoint_visualizer
[0.428s] Invoked command in '/home/meric/f1tenth_ws_mpc_emergency/build/pure_pursuit' returned '0': CMAKE_PREFIX_PATH=${CMAKE_PREFIX_PATH}:/home/meric/f1tenth_ws/install:/home/meric/f1tenth_ws/install/f1tenth_stack:/home/meric/f1tenth_ws/install/joy_teleop:/home/meric/f1tenth_ws/install/stanley2_avoidance:/home/meric/f1tenth_ws/install/simple_teleop:/home/meric/f1tenth_ws/install/particle_filter:/home/meric/f1tenth_ws/install/mouse_teleop:/home/meric/f1tenth_ws/install/key_teleop:/home/meric/f1tenth_ws_mpc_emergency/install/f1tenth_stack:/home/meric/f1tenth_ws_mpc_emergency/install/joy_teleop:/home/meric/f1tenth_ws_mpc_emergency/install/stanley2_avoidance:/home/meric/f1tenth_ws_mpc_emergency/install/simple_teleop:/home/meric/f1tenth_ws_mpc_emergency/install/particle_filter:/home/meric/f1tenth_ws_mpc_emergency/install/mouse_teleop:/home/meric/f1tenth_ws_mpc_emergency/install/key_teleop:/opt/ros/foxy /snap/bin/cmake --build /home/meric/f1tenth_ws_mpc_emergency/build/pure_pursuit -- -j6 -l6
[0.436s] Invoking command in '/home/meric/f1tenth_ws_mpc_emergency/build/pure_pursuit': CMAKE_PREFIX_PATH=${CMAKE_PREFIX_PATH}:/home/meric/f1tenth_ws/install:/home/meric/f1tenth_ws/install/f1tenth_stack:/home/meric/f1tenth_ws/install/joy_teleop:/home/meric/f1tenth_ws/install/stanley2_avoidance:/home/meric/f1tenth_ws/install/simple_teleop:/home/meric/f1tenth_ws/install/particle_filter:/home/meric/f1tenth_ws/install/mouse_teleop:/home/meric/f1tenth_ws/install/key_teleop:/home/meric/f1tenth_ws_mpc_emergency/install/f1tenth_stack:/home/meric/f1tenth_ws_mpc_emergency/install/joy_teleop:/home/meric/f1tenth_ws_mpc_emergency/install/stanley2_avoidance:/home/meric/f1tenth_ws_mpc_emergency/install/simple_teleop:/home/meric/f1tenth_ws_mpc_emergency/install/particle_filter:/home/meric/f1tenth_ws_mpc_emergency/install/mouse_teleop:/home/meric/f1tenth_ws_mpc_emergency/install/key_teleop:/opt/ros/foxy /snap/bin/cmake --build /home/meric/f1tenth_ws_mpc_emergency/build/pure_pursuit --target install -- -j6 -l6
[0.581s] 2025/10/29 17:07:21.413215 cmd_run.go:1400: WARNING: cannot create user data directory: failed to verify SELinux context of /home/meric/snap: cannot locate "matchpathcon" executable
[0.658s] [ 50%] Built target waypoint_visualizer
[0.661s] [100%] Built target pure_pursuit
[0.678s] [36mInstall the project...[0m
[0.683s] -- Install configuration: ""
[0.684s] -- Up-to-date: /home/meric/f1tenth_ws_mpc_emergency/install/pure_pursuit/lib/pure_pursuit/pure_pursuit
[0.685s] -- Up-to-date: /home/meric/f1tenth_ws_mpc_emergency/install/pure_pursuit/lib/pure_pursuit/waypoint_visualizer
[0.686s] -- Up-to-date: /home/meric/f1tenth_ws_mpc_emergency/install/pure_pursuit/share/pure_pursuit/launch
[0.686s] -- Up-to-date: /home/meric/f1tenth_ws_mpc_emergency/install/pure_pursuit/share/pure_pursuit/launch/pure_pursuit_launch.py
[0.687s] -- Up-to-date: /home/meric/f1tenth_ws_mpc_emergency/install/pure_pursuit/share/pure_pursuit/launch/sim_pure_pursuit.rviz
[0.687s] -- Up-to-date: /home/meric/f1tenth_ws_mpc_emergency/install/pure_pursuit/share/pure_pursuit/launch/sim_pure_pursuit_launch.py
[0.687s] -- Up-to-date: /home/meric/f1tenth_ws_mpc_emergency/install/pure_pursuit/share/pure_pursuit/launch/pure_pursuit.rviz
[0.687s] -- Up-to-date: /home/meric/f1tenth_ws_mpc_emergency/install/pure_pursuit/share/pure_pursuit/config
[0.688s] -- Up-to-date: /home/meric/f1tenth_ws_mpc_emergency/install/pure_pursuit/share/pure_pursuit/config/config.yaml
[0.688s] -- Up-to-date: /home/meric/f1tenth_ws_mpc_emergency/install/pure_pursuit/share/pure_pursuit/config/sim_config.yaml
[0.689s] -- Up-to-date: /home/meric/f1tenth_ws_mpc_emergency/install/pure_pursuit/share/ament_index/resource_index/package_run_dependencies/pure_pursuit
[0.689s] -- Up-to-date: /home/meric/f1tenth_ws_mpc_emergency/install/pure_pursuit/share/ament_index/resource_index/parent_prefix_path/pure_pursuit
[0.690s] -- Up-to-date: /home/meric/f1tenth_ws_mpc_emergency/install/pure_pursuit/share/pure_pursuit/environment/ament_prefix_path.sh
[0.690s] -- Up-to-date: /home/meric/f1tenth_ws_mpc_emergency/install/pure_pursuit/share/pure_pursuit/environment/ament_prefix_path.dsv
[0.690s] -- Up-to-date: /home/meric/f1tenth_ws_mpc_emergency/install/pure_pursuit/share/pure_pursuit/environment/path.sh
[0.691s] -- Up-to-date: /home/meric/f1tenth_ws_mpc_emergency/install/pure_pursuit/share/pure_pursuit/environment/path.dsv
[0.691s] -- Up-to-date: /home/meric/f1tenth_ws_mpc_emergency/install/pure_pursuit/share/pure_pursuit/local_setup.bash
[0.692s] -- Up-to-date: /home/meric/f1tenth_ws_mpc_emergency/install/pure_pursuit/share/pure_pursuit/local_setup.sh
[0.692s] -- Up-to-date: /home/meric/f1tenth_ws_mpc_emergency/install/pure_pursuit/share/pure_pursuit/local_setup.zsh
[0.693s] -- Up-to-date: /home/meric/f1tenth_ws_mpc_emergency/install/pure_pursuit/share/pure_pursuit/local_setup.dsv
[0.693s] -- Installing: /home/meric/f1tenth_ws_mpc_emergency/install/pure_pursuit/share/pure_pursuit/package.dsv
[0.694s] -- Up-to-date: /home/meric/f1tenth_ws_mpc_emergency/install/pure_pursuit/share/ament_index/resource_index/packages/pure_pursuit
[0.695s] -- Up-to-date: /home/meric/f1tenth_ws_mpc_emergency/install/pure_pursuit/share/pure_pursuit/cmake/pure_pursuitConfig.cmake
[0.695s] -- Up-to-date: /home/meric/f1tenth_ws_mpc_emergency/install/pure_pursuit/share/pure_pursuit/cmake/pure_pursuitConfig-version.cmake
[0.696s] -- Up-to-date: /home/meric/f1tenth_ws_mpc_emergency/install/pure_pursuit/share/pure_pursuit/package.xml
[1.155s] Invoked command in '/home/meric/f1tenth_ws_mpc_emergency/build/pure_pursuit' returned '0': CMAKE_PREFIX_PATH=${CMAKE_PREFIX_PATH}:/home/meric/f1tenth_ws/install:/home/meric/f1tenth_ws/install/f1tenth_stack:/home/meric/f1tenth_ws/install/joy_teleop:/home/meric/f1tenth_ws/install/stanley2_avoidance:/home/meric/f1tenth_ws/install/simple_teleop:/home/meric/f1tenth_ws/install/particle_filter:/home/meric/f1tenth_ws/install/mouse_teleop:/home/meric/f1tenth_ws/install/key_teleop:/home/meric/f1tenth_ws_mpc_emergency/install/f1tenth_stack:/home/meric/f1tenth_ws_mpc_emergency/install/joy_teleop:/home/meric/f1tenth_ws_mpc_emergency/install/stanley2_avoidance:/home/meric/f1tenth_ws_mpc_emergency/install/simple_teleop:/home/meric/f1tenth_ws_mpc_emergency/install/particle_filter:/home/meric/f1tenth_ws_mpc_emergency/install/mouse_teleop:/home/meric/f1tenth_ws_mpc_emergency/install/key_teleop:/opt/ros/foxy /snap/bin/cmake --build /home/meric/f1tenth_ws_mpc_emergency/build/pure_pursuit --target install -- -j6 -l6
