[0.073s] Invoking command in '/home/meric/f1tenth_ws_mpc_emergency/build/safety_node': CMAKE_PREFIX_PATH=${CMAKE_PREFIX_PATH}:/home/meric/f1tenth_ws_mpc_emergency/install/f1tenth_stack:/home/meric/f1tenth_ws_mpc_emergency/install/joy_teleop:/home/meric/f1tenth_ws_mpc_emergency/install/stanley2_avoidance:/home/meric/f1tenth_ws_mpc_emergency/install/simple_teleop:/home/meric/f1tenth_ws_mpc_emergency/install/particle_filter:/home/meric/f1tenth_ws_mpc_emergency/install/mouse_teleop:/home/meric/f1tenth_ws_mpc_emergency/install/key_teleop:/opt/ros/foxy /snap/bin/cmake --build /home/meric/f1tenth_ws_mpc_emergency/build/safety_node -- -j6 -l6
[0.186s] 2025/10/22 02:02:08.218920 cmd_run.go:1398: WARNING: cannot create user data directory: failed to verify SELinux context of /home/meric/snap: cannot locate "matchpathcon" executable
[0.270s] [100%] Built target safety_node
[0.881s] Invoked command in '/home/meric/f1tenth_ws_mpc_emergency/build/safety_node' returned '0': CMAKE_PREFIX_PATH=${CMAKE_PREFIX_PATH}:/home/meric/f1tenth_ws_mpc_emergency/install/f1tenth_stack:/home/meric/f1tenth_ws_mpc_emergency/install/joy_teleop:/home/meric/f1tenth_ws_mpc_emergency/install/stanley2_avoidance:/home/meric/f1tenth_ws_mpc_emergency/install/simple_teleop:/home/meric/f1tenth_ws_mpc_emergency/install/particle_filter:/home/meric/f1tenth_ws_mpc_emergency/install/mouse_teleop:/home/meric/f1tenth_ws_mpc_emergency/install/key_teleop:/opt/ros/foxy /snap/bin/cmake --build /home/meric/f1tenth_ws_mpc_emergency/build/safety_node -- -j6 -l6
[0.890s] Invoking command in '/home/meric/f1tenth_ws_mpc_emergency/build/safety_node': CMAKE_PREFIX_PATH=${CMAKE_PREFIX_PATH}:/home/meric/f1tenth_ws_mpc_emergency/install/f1tenth_stack:/home/meric/f1tenth_ws_mpc_emergency/install/joy_teleop:/home/meric/f1tenth_ws_mpc_emergency/install/stanley2_avoidance:/home/meric/f1tenth_ws_mpc_emergency/install/simple_teleop:/home/meric/f1tenth_ws_mpc_emergency/install/particle_filter:/home/meric/f1tenth_ws_mpc_emergency/install/mouse_teleop:/home/meric/f1tenth_ws_mpc_emergency/install/key_teleop:/opt/ros/foxy /snap/bin/cmake --build /home/meric/f1tenth_ws_mpc_emergency/build/safety_node --target install -- -j6 -l6
[0.996s] 2025/10/22 02:02:09.028754 cmd_run.go:1398: WARNING: cannot create user data directory: failed to verify SELinux context of /home/meric/snap: cannot locate "matchpathcon" executable
[1.059s] [100%] Built target safety_node
[1.074s] [36mInstall the project...[0m
[1.077s] -- Install configuration: ""
[1.077s] -- Up-to-date: /home/meric/f1tenth_ws_mpc_emergency/install/safety_node/lib/safety_node/safety_node
[1.078s] -- Up-to-date: /home/meric/f1tenth_ws_mpc_emergency/install/safety_node/share/safety_node/environment/pythonpath.sh
[1.078s] -- Up-to-date: /home/meric/f1tenth_ws_mpc_emergency/install/safety_node/share/safety_node/environment/pythonpath.dsv
[1.078s] -- Up-to-date: /home/meric/f1tenth_ws_mpc_emergency/install/safety_node/lib/python3.8/site-packages/safety_node
[1.078s] -- Up-to-date: /home/meric/f1tenth_ws_mpc_emergency/install/safety_node/lib/python3.8/site-packages/safety_node/__init__.py
[1.170s] Listing '/home/meric/f1tenth_ws_mpc_emergency/install/safety_node/lib/python3.8/site-packages/safety_node'...
[1.185s] -- Up-to-date: /home/meric/f1tenth_ws_mpc_emergency/install/safety_node/lib/safety_node/safety_node.py
[1.185s] -- Up-to-date: /home/meric/f1tenth_ws_mpc_emergency/install/safety_node/share/ament_index/resource_index/package_run_dependencies/safety_node
[1.185s] -- Up-to-date: /home/meric/f1tenth_ws_mpc_emergency/install/safety_node/share/ament_index/resource_index/parent_prefix_path/safety_node
[1.186s] -- Up-to-date: /home/meric/f1tenth_ws_mpc_emergency/install/safety_node/share/safety_node/environment/ament_prefix_path.sh
[1.186s] -- Up-to-date: /home/meric/f1tenth_ws_mpc_emergency/install/safety_node/share/safety_node/environment/ament_prefix_path.dsv
[1.186s] -- Up-to-date: /home/meric/f1tenth_ws_mpc_emergency/install/safety_node/share/safety_node/environment/path.sh
[1.186s] -- Up-to-date: /home/meric/f1tenth_ws_mpc_emergency/install/safety_node/share/safety_node/environment/path.dsv
[1.186s] -- Up-to-date: /home/meric/f1tenth_ws_mpc_emergency/install/safety_node/share/safety_node/local_setup.bash
[1.186s] -- Up-to-date: /home/meric/f1tenth_ws_mpc_emergency/install/safety_node/share/safety_node/local_setup.sh
[1.186s] -- Up-to-date: /home/meric/f1tenth_ws_mpc_emergency/install/safety_node/share/safety_node/local_setup.zsh
[1.187s] -- Up-to-date: /home/meric/f1tenth_ws_mpc_emergency/install/safety_node/share/safety_node/local_setup.dsv
[1.187s] -- Installing: /home/meric/f1tenth_ws_mpc_emergency/install/safety_node/share/safety_node/package.dsv
[1.187s] -- Up-to-date: /home/meric/f1tenth_ws_mpc_emergency/install/safety_node/share/ament_index/resource_index/packages/safety_node
[1.187s] -- Up-to-date: /home/meric/f1tenth_ws_mpc_emergency/install/safety_node/share/safety_node/cmake/safety_nodeConfig.cmake
[1.187s] -- Up-to-date: /home/meric/f1tenth_ws_mpc_emergency/install/safety_node/share/safety_node/cmake/safety_nodeConfig-version.cmake
[1.187s] -- Up-to-date: /home/meric/f1tenth_ws_mpc_emergency/install/safety_node/share/safety_node/package.xml
[1.527s] Invoked command in '/home/meric/f1tenth_ws_mpc_emergency/build/safety_node' returned '0': CMAKE_PREFIX_PATH=${CMAKE_PREFIX_PATH}:/home/meric/f1tenth_ws_mpc_emergency/install/f1tenth_stack:/home/meric/f1tenth_ws_mpc_emergency/install/joy_teleop:/home/meric/f1tenth_ws_mpc_emergency/install/stanley2_avoidance:/home/meric/f1tenth_ws_mpc_emergency/install/simple_teleop:/home/meric/f1tenth_ws_mpc_emergency/install/particle_filter:/home/meric/f1tenth_ws_mpc_emergency/install/mouse_teleop:/home/meric/f1tenth_ws_mpc_emergency/install/key_teleop:/opt/ros/foxy /snap/bin/cmake --build /home/meric/f1tenth_ws_mpc_emergency/build/safety_node --target install -- -j6 -l6
