[2.692s] Invoking command in '/home/meric/f1tenth_ws_mpc_emergency/src/simple_teleop': PYTHONPATH=/home/meric/f1tenth_ws_mpc_emergency/build/simple_teleop/prefix_override:/usr/lib/python3/dist-packages/colcon_core/task/python/colcon_distutils_commands:/home/meric/f1tenth_ws_mpc_emergency/install/simple_teleop/lib/python3.8/site-packages:${PYTHONPATH} /usr/bin/python3 -W ignore:setup.py install is deprecated -W ignore:easy_install command is deprecated setup.py egg_info --egg-base ../../build/simple_teleop build --build-base /home/meric/f1tenth_ws_mpc_emergency/build/simple_teleop/build install --record /home/meric/f1tenth_ws_mpc_emergency/build/simple_teleop/install.log --install-scripts $base/lib/simple_teleop --single-version-externally-managed install_data
[3.198s] running egg_info
[3.199s] writing ../../build/simple_teleop/simple_teleop.egg-info/PKG-INFO
[3.200s] writing dependency_links to ../../build/simple_teleop/simple_teleop.egg-info/dependency_links.txt
[3.200s] writing entry points to ../../build/simple_teleop/simple_teleop.egg-info/entry_points.txt
[3.201s] writing requirements to ../../build/simple_teleop/simple_teleop.egg-info/requires.txt
[3.201s] writing top-level names to ../../build/simple_teleop/simple_teleop.egg-info/top_level.txt
[3.272s] reading manifest file '../../build/simple_teleop/simple_teleop.egg-info/SOURCES.txt'
[3.273s] writing manifest file '../../build/simple_teleop/simple_teleop.egg-info/SOURCES.txt'
[3.273s] running build
[3.273s] running build_py
[3.273s] running install
[3.276s] running install_lib
[3.279s] running install_data
[3.280s] running install_egg_info
[3.284s] removing '/home/meric/f1tenth_ws_mpc_emergency/install/simple_teleop/lib/python3.8/site-packages/simple_teleop-0.0.0-py3.8.egg-info' (and everything under it)
[3.284s] Copying ../../build/simple_teleop/simple_teleop.egg-info to /home/meric/f1tenth_ws_mpc_emergency/install/simple_teleop/lib/python3.8/site-packages/simple_teleop-0.0.0-py3.8.egg-info
[3.286s] running install_scripts
[3.327s] Installing simple_teleop script to /home/meric/f1tenth_ws_mpc_emergency/install/simple_teleop/lib/simple_teleop
[3.328s] writing list of installed files to '/home/meric/f1tenth_ws_mpc_emergency/build/simple_teleop/install.log'
[3.401s] Invoked command in '/home/meric/f1tenth_ws_mpc_emergency/src/simple_teleop' returned '0': PYTHONPATH=/home/meric/f1tenth_ws_mpc_emergency/build/simple_teleop/prefix_override:/usr/lib/python3/dist-packages/colcon_core/task/python/colcon_distutils_commands:/home/meric/f1tenth_ws_mpc_emergency/install/simple_teleop/lib/python3.8/site-packages:${PYTHONPATH} /usr/bin/python3 -W ignore:setup.py install is deprecated -W ignore:easy_install command is deprecated setup.py egg_info --egg-base ../../build/simple_teleop build --build-base /home/meric/f1tenth_ws_mpc_emergency/build/simple_teleop/build install --record /home/meric/f1tenth_ws_mpc_emergency/build/simple_teleop/install.log --install-scripts $base/lib/simple_teleop --single-version-externally-managed install_data
