[0.070s] Invoking command in '/home/meric/f1tenth_ws_mpc_emergency/build/safety_node': CMAKE_PREFIX_PATH=${CMAKE_PREFIX_PATH}:/home/meric/f1tenth_ws_mpc_emergency/install/f1tenth_stack:/home/meric/f1tenth_ws_mpc_emergency/install/joy_teleop:/home/meric/f1tenth_ws_mpc_emergency/install/stanley2_avoidance:/home/meric/f1tenth_ws_mpc_emergency/install/simple_teleop:/home/meric/f1tenth_ws_mpc_emergency/install/particle_filter:/home/meric/f1tenth_ws_mpc_emergency/install/mouse_teleop:/home/meric/f1tenth_ws_mpc_emergency/install/key_teleop:/opt/ros/foxy /snap/bin/cmake --build /home/meric/f1tenth_ws_mpc_emergency/build/safety_node -- -j6 -l6
[0.210s] 2025/10/22 02:11:07.486170 cmd_run.go:1398: WARNING: cannot create user data directory: failed to verify SELinux context of /home/meric/snap: cannot locate "matchpathcon" executable
[0.293s] [100%] Built target safety_node
[0.902s] Invoked command in '/home/meric/f1tenth_ws_mpc_emergency/build/safety_node' returned '0': CMAKE_PREFIX_PATH=${CMAKE_PREFIX_PATH}:/home/meric/f1tenth_ws_mpc_emergency/install/f1tenth_stack:/home/meric/f1tenth_ws_mpc_emergency/install/joy_teleop:/home/meric/f1tenth_ws_mpc_emergency/install/stanley2_avoidance:/home/meric/f1tenth_ws_mpc_emergency/install/simple_teleop:/home/meric/f1tenth_ws_mpc_emergency/install/particle_filter:/home/meric/f1tenth_ws_mpc_emergency/install/mouse_teleop:/home/meric/f1tenth_ws_mpc_emergency/install/key_teleop:/opt/ros/foxy /snap/bin/cmake --build /home/meric/f1tenth_ws_mpc_emergency/build/safety_node -- -j6 -l6
[0.909s] Invoking command in '/home/meric/f1tenth_ws_mpc_emergency/build/safety_node': CMAKE_PREFIX_PATH=${CMAKE_PREFIX_PATH}:/home/meric/f1tenth_ws_mpc_emergency/install/f1tenth_stack:/home/meric/f1tenth_ws_mpc_emergency/install/joy_teleop:/home/meric/f1tenth_ws_mpc_emergency/install/stanley2_avoidance:/home/meric/f1tenth_ws_mpc_emergency/install/simple_teleop:/home/meric/f1tenth_ws_mpc_emergency/install/particle_filter:/home/meric/f1tenth_ws_mpc_emergency/install/mouse_teleop:/home/meric/f1tenth_ws_mpc_emergency/install/key_teleop:/opt/ros/foxy /snap/bin/cmake --build /home/meric/f1tenth_ws_mpc_emergency/build/safety_node --target install -- -j6 -l6
[1.015s] 2025/10/22 02:11:08.291130 cmd_run.go:1398: WARNING: cannot create user data directory: failed to verify SELinux context of /home/meric/snap: cannot locate "matchpathcon" executable
[1.082s] [100%] Built target safety_node
[1.096s] [36mInstall the project...[0m
[1.100s] -- Install configuration: ""
[1.100s] -- Up-to-date: /home/meric/f1tenth_ws_mpc_emergency/install/safety_node/lib/safety_node/safety_node
[1.100s] -- Up-to-date: /home/meric/f1tenth_ws_mpc_emergency/install/safety_node/share/safety_node/environment/pythonpath.sh
[1.101s] -- Up-to-date: /home/meric/f1tenth_ws_mpc_emergency/install/safety_node/share/safety_node/environment/pythonpath.dsv
[1.101s] -- Up-to-date: /home/meric/f1tenth_ws_mpc_emergency/install/safety_node/lib/python3.8/site-packages/safety_node
[1.101s] -- Up-to-date: /home/meric/f1tenth_ws_mpc_emergency/install/safety_node/lib/python3.8/site-packages/safety_node/__init__.py
[1.187s] Listing '/home/meric/f1tenth_ws_mpc_emergency/install/safety_node/lib/python3.8/site-packages/safety_node'...
[1.197s] -- Up-to-date: /home/meric/f1tenth_ws_mpc_emergency/install/safety_node/lib/safety_node/safety_node.py
[1.197s] -- Up-to-date: /home/meric/f1tenth_ws_mpc_emergency/install/safety_node/share/ament_index/resource_index/package_run_dependencies/safety_node
[1.198s] -- Up-to-date: /home/meric/f1tenth_ws_mpc_emergency/install/safety_node/share/ament_index/resource_index/parent_prefix_path/safety_node
[1.198s] -- Up-to-date: /home/meric/f1tenth_ws_mpc_emergency/install/safety_node/share/safety_node/environment/ament_prefix_path.sh
[1.198s] -- Up-to-date: /home/meric/f1tenth_ws_mpc_emergency/install/safety_node/share/safety_node/environment/ament_prefix_path.dsv
[1.198s] -- Up-to-date: /home/meric/f1tenth_ws_mpc_emergency/install/safety_node/share/safety_node/environment/path.sh
[1.198s] -- Up-to-date: /home/meric/f1tenth_ws_mpc_emergency/install/safety_node/share/safety_node/environment/path.dsv
[1.198s] -- Up-to-date: /home/meric/f1tenth_ws_mpc_emergency/install/safety_node/share/safety_node/local_setup.bash
[1.199s] -- Up-to-date: /home/meric/f1tenth_ws_mpc_emergency/install/safety_node/share/safety_node/local_setup.sh
[1.199s] -- Up-to-date: /home/meric/f1tenth_ws_mpc_emergency/install/safety_node/share/safety_node/local_setup.zsh
[1.199s] -- Up-to-date: /home/meric/f1tenth_ws_mpc_emergency/install/safety_node/share/safety_node/local_setup.dsv
[1.199s] -- Installing: /home/meric/f1tenth_ws_mpc_emergency/install/safety_node/share/safety_node/package.dsv
[1.199s] -- Up-to-date: /home/meric/f1tenth_ws_mpc_emergency/install/safety_node/share/ament_index/resource_index/packages/safety_node
[1.199s] -- Up-to-date: /home/meric/f1tenth_ws_mpc_emergency/install/safety_node/share/safety_node/cmake/safety_nodeConfig.cmake
[1.199s] -- Up-to-date: /home/meric/f1tenth_ws_mpc_emergency/install/safety_node/share/safety_node/cmake/safety_nodeConfig-version.cmake
[1.200s] -- Up-to-date: /home/meric/f1tenth_ws_mpc_emergency/install/safety_node/share/safety_node/package.xml
[1.570s] Invoked command in '/home/meric/f1tenth_ws_mpc_emergency/build/safety_node' returned '0': CMAKE_PREFIX_PATH=${CMAKE_PREFIX_PATH}:/home/meric/f1tenth_ws_mpc_emergency/install/f1tenth_stack:/home/meric/f1tenth_ws_mpc_emergency/install/joy_teleop:/home/meric/f1tenth_ws_mpc_emergency/install/stanley2_avoidance:/home/meric/f1tenth_ws_mpc_emergency/install/simple_teleop:/home/meric/f1tenth_ws_mpc_emergency/install/particle_filter:/home/meric/f1tenth_ws_mpc_emergency/install/mouse_teleop:/home/meric/f1tenth_ws_mpc_emergency/install/key_teleop:/opt/ros/foxy /snap/bin/cmake --build /home/meric/f1tenth_ws_mpc_emergency/build/safety_node --target install -- -j6 -l6
