[0.126s] Invoking command in '/home/meric/f1tenth_ws_mpc_emergency/build/vesc_ackermann': CMAKE_PREFIX_PATH=/home/meric/f1tenth_ws_mpc_emergency/install/vesc_msgs:/home/meric/f1tenth_ws_mpc_emergency/install/waypoint_generator:/home/meric/f1tenth_ws_mpc_emergency/install/vesc:/home/meric/f1tenth_ws_mpc_emergency/install/vesc_driver:/home/meric/f1tenth_ws_mpc_emergency/install/vesc_ackermann:/home/meric/f1tenth_ws_mpc_emergency/install/teleop_tools:/home/meric/f1tenth_ws_mpc_emergency/install/teleop_tools_msgs:/home/meric/f1tenth_ws_mpc_emergency/install/safety_node:/home/meric/f1tenth_ws_mpc_emergency/install/pure_pursuit:/home/meric/f1tenth_ws_mpc_emergency/install/ackermann_mux:/home/meric/f1tenth_ws/install:/home/meric/f1tenth_ws_mpc_emergency/install/f1tenth_stack:/home/meric/f1tenth_ws_mpc_emergency/install/joy_teleop:/home/meric/f1tenth_ws_mpc_emergency/install/stanley2_avoidance:/home/meric/f1tenth_ws_mpc_emergency/install/simple_teleop:/home/meric/f1tenth_ws_mpc_emergency/install/particle_filter:/home/meric/f1tenth_ws_mpc_emergency/install/mouse_teleop:/home/meric/f1tenth_ws_mpc_emergency/install/key_teleop:/opt/ros/foxy LD_LIBRARY_PATH=/home/meric/f1tenth_ws_mpc_emergency/install/vesc_msgs/lib:/home/meric/f1tenth_ws_mpc_emergency/install/vesc_driver/lib:/home/meric/f1tenth_ws_mpc_emergency/install/vesc_ackermann/lib:/home/meric/f1tenth_ws_mpc_emergency/install/teleop_tools_msgs/lib:/usr/local/cuda-11.4/lib64:/usr/local/cuda/lib64:/home/meric/ORBLIB/Pangolin/build/:/usr/local/cuda-11.4/lib64:/usr/local/cuda/lib64:/home/meric/f1tenth_ws/install/lib:/home/meric/ORBLIB/Pangolin/build/:/opt/ros/foxy/opt/yaml_cpp_vendor/lib:/opt/ros/foxy/opt/rviz_ogre_vendor/lib:/opt/ros/foxy/lib/aarch64-linux-gnu:/opt/ros/foxy/lib:/home/meric/ORBLIB/ORB_SLAM3/lib:/home/meric/ORBLIB/ORB_SLAM3/lib PS1=\[\e]0;\u@\h: \w\a\]${debian_chroot:+($debian_chroot)}\[\033[01;32m\]\u@\h\[\033[00m\]:\[\033[01;34m\]\w\[\033[00m\]\$ PYTHONPATH=/home/meric/f1tenth_ws_mpc_emergency/install/vesc_msgs/lib/python3.8/site-packages:/home/meric/f1tenth_ws_mpc_emergency/install/f1tenth_stack/lib/python3.8/site-packages:/home/meric/f1tenth_ws_mpc_emergency/install/joy_teleop/lib/python3.8/site-packages:/home/meric/f1tenth_ws_mpc_emergency/install/teleop_tools_msgs/lib/python3.8/site-packages:/home/meric/f1tenth_ws_mpc_emergency/install/stanley2_avoidance/lib/python3.8/site-packages:/home/meric/f1tenth_ws_mpc_emergency/install/simple_teleop/lib/python3.8/site-packages:/home/meric/f1tenth_ws_mpc_emergency/install/safety_node/lib/python3.8/site-packages:/home/meric/f1tenth_ws_mpc_emergency/install/particle_filter/lib/python3.8/site-packages:/home/meric/f1tenth_ws_mpc_emergency/install/mouse_teleop/lib/python3.8/site-packages:/home/meric/f1tenth_ws_mpc_emergency/install/key_teleop/lib/python3.8/site-packages:/home/meric/f1tenth_ws/build/f1tenth_stack:/home/meric/f1tenth_ws/build/joy_teleop:/home/meric/f1tenth_ws/build/stanley2_avoidance:/home/meric/f1tenth_ws/build/simple_teleop:/home/meric/f1tenth_ws/build/particle_filter:/home/meric/f1tenth_ws/build/mouse_teleop:/home/meric/f1tenth_ws/build/key_teleop:/home/meric/f1tenth_ws/install/lib/python3.8/site-packages:/opt/ros/foxy/lib/python3.8/site-packages /snap/bin/cmake /home/meric/f1tenth_ws_mpc_emergency/src/f1tenth_system/vesc/vesc_ackermann -DCMAKE_INSTALL_PREFIX=/home/meric/f1tenth_ws_mpc_emergency/install/vesc_ackermann
[1.211s] -- The C compiler identification is GNU 9.4.0
[1.211s] -- The CXX compiler identification is GNU 9.4.0
[1.211s] -- Detecting C compiler ABI info
[1.211s] 2025/10/10 21:11:07.656624 cmd_run.go:1398: WARNING: cannot create user data directory: failed to verify SELinux context of /home/meric/snap: cannot locate "matchpathcon" executable
[1.212s] [0mCMake Deprecation Warning at CMakeLists.txt:1 (cmake_minimum_required):
[1.212s]   Compatibility with CMake < 3.10 will be removed from a future version of
[1.212s]   CMake.
[1.212s] 
[1.212s]   Update the VERSION argument <min> value.  Or, use the <min>...<max> syntax
[1.212s]   to tell CMake that the project requires at least <min> but has been updated
[1.212s]   to work with policies introduced by <max> or earlier.
[1.213s] 
[1.213s] [0m
[1.480s] -- Detecting C compiler ABI info - done
[1.526s] -- Check for working C compiler: /usr/bin/cc - skipped
[1.527s] -- Detecting C compile features
[1.528s] -- Detecting C compile features - done
[1.570s] -- Detecting CXX compiler ABI info
[1.848s] -- Detecting CXX compiler ABI info - done
[1.895s] -- Check for working CXX compiler: /usr/bin/c++ - skipped
[1.896s] -- Detecting CXX compile features
[1.897s] -- Detecting CXX compile features - done
[1.921s] -- Found ament_cmake_auto: 0.9.12 (/opt/ros/foxy/share/ament_cmake_auto/cmake)
[1.950s] [33mCMake Warning (dev) at /opt/ros/foxy/share/ament_cmake_core/cmake/core/python.cmake:22 (find_package):
[1.951s]   Policy CMP0148 is not set: The FindPythonInterp and FindPythonLibs modules
[1.951s]   are removed.  Run "cmake --help-policy CMP0148" for policy details.  Use
[1.951s]   the cmake_policy command to set the policy and suppress this warning.
[1.951s] 
[1.952s] Call Stack (most recent call first):
[1.952s]   /opt/ros/foxy/share/ament_cmake_core/cmake/core/all.cmake:53 (include)
[1.952s]   /opt/ros/foxy/share/ament_cmake_core/cmake/ament_cmake_core-extras.cmake:17 (include)
[1.952s]   /opt/ros/foxy/share/ament_cmake_core/cmake/ament_cmake_coreConfig.cmake:41 (include)
[1.952s]   /opt/ros/foxy/share/ament_cmake/cmake/ament_cmake_export_dependencies-extras.cmake:15 (find_package)
[1.952s]   /opt/ros/foxy/share/ament_cmake/cmake/ament_cmakeConfig.cmake:41 (include)
[1.952s]   /opt/ros/foxy/share/ament_cmake_auto/cmake/ament_cmake_auto-extras.cmake:17 (find_package)
[1.953s]   /opt/ros/foxy/share/ament_cmake_auto/cmake/ament_cmake_autoConfig.cmake:41 (include)
[1.953s]   CMakeLists.txt:13 (find_package)
[1.953s] This warning is for project developers.  Use -Wno-dev to suppress it.
[1.953s] [0m
[2.062s] -- Found PythonInterp: /usr/bin/python3 (found suitable version "3.8.10", minimum required is "3")
[2.062s] -- Using PYTHON_EXECUTABLE: /usr/bin/python3
[3.110s] -- Using all available rosidl_typesupport_c: rosidl_typesupport_fastrtps_c;rosidl_typesupport_introspection_c
[3.134s] -- Found rosidl_adapter: 1.3.1 (/opt/ros/foxy/share/rosidl_adapter/cmake)
[3.757s] -- Found OpenSSL: /usr/lib/aarch64-linux-gnu/libcrypto.so (found version "1.1.1f")
[3.959s] -- Found FastRTPS: /opt/ros/foxy/include
[4.367s] -- Using all available rosidl_typesupport_cpp: rosidl_typesupport_fastrtps_cpp;rosidl_typesupport_introspection_cpp
[5.044s] -- Found rmw_implementation_cmake: 1.0.4 (/opt/ros/foxy/share/rmw_implementation_cmake/cmake)
[5.051s] -- Using RMW implementation 'rmw_fastrtps_cpp' as default
[5.054s] -- Performing Test CMAKE_HAVE_LIBC_PTHREAD
[5.336s] -- Performing Test CMAKE_HAVE_LIBC_PTHREAD - Failed
[5.337s] -- Looking for pthread_create in pthreads
[5.483s] -- Looking for pthread_create in pthreads - not found
[5.484s] -- Looking for pthread_create in pthread
[5.801s] -- Looking for pthread_create in pthread - found
[5.804s] -- Found Threads: TRUE
[7.322s] -- Found ament_lint_auto: 0.9.8 (/opt/ros/foxy/share/ament_lint_auto/cmake)
[7.419s] -- Added test 'copyright' to check source files copyright and LICENSE
[7.425s] -- Added test 'cppcheck' to perform static code analysis on C / C++ code
[7.426s] -- Configured cppcheck include dirs: /home/meric/f1tenth_ws_mpc_emergency/src/f1tenth_system/vesc/vesc_ackermann/include
[7.426s] -- Configured cppcheck exclude dirs and/or files: 
[7.432s] -- Added test 'cpplint' to check C / C++ code against the Google style
[7.433s] -- Configured cpplint exclude dirs and/or files: 
[7.443s] -- Added test 'lint_cmake' to check CMake code style
[7.449s] -- Added test 'uncrustify' to check C / C++ code style
[7.449s] -- Configured uncrustify additional arguments: 
[7.453s] -- Added test 'xmllint' to check XML markup files
[7.462s] -- Configuring done (7.0s)
[7.532s] -- Generating done (0.1s)
[7.552s] -- Build files have been written to: /home/meric/f1tenth_ws_mpc_emergency/build/vesc_ackermann
[7.624s] Invoked command in '/home/meric/f1tenth_ws_mpc_emergency/build/vesc_ackermann' returned '0': CMAKE_PREFIX_PATH=/home/meric/f1tenth_ws_mpc_emergency/install/vesc_msgs:/home/meric/f1tenth_ws_mpc_emergency/install/waypoint_generator:/home/meric/f1tenth_ws_mpc_emergency/install/vesc:/home/meric/f1tenth_ws_mpc_emergency/install/vesc_driver:/home/meric/f1tenth_ws_mpc_emergency/install/vesc_ackermann:/home/meric/f1tenth_ws_mpc_emergency/install/teleop_tools:/home/meric/f1tenth_ws_mpc_emergency/install/teleop_tools_msgs:/home/meric/f1tenth_ws_mpc_emergency/install/safety_node:/home/meric/f1tenth_ws_mpc_emergency/install/pure_pursuit:/home/meric/f1tenth_ws_mpc_emergency/install/ackermann_mux:/home/meric/f1tenth_ws/install:/home/meric/f1tenth_ws_mpc_emergency/install/f1tenth_stack:/home/meric/f1tenth_ws_mpc_emergency/install/joy_teleop:/home/meric/f1tenth_ws_mpc_emergency/install/stanley2_avoidance:/home/meric/f1tenth_ws_mpc_emergency/install/simple_teleop:/home/meric/f1tenth_ws_mpc_emergency/install/particle_filter:/home/meric/f1tenth_ws_mpc_emergency/install/mouse_teleop:/home/meric/f1tenth_ws_mpc_emergency/install/key_teleop:/opt/ros/foxy LD_LIBRARY_PATH=/home/meric/f1tenth_ws_mpc_emergency/install/vesc_msgs/lib:/home/meric/f1tenth_ws_mpc_emergency/install/vesc_driver/lib:/home/meric/f1tenth_ws_mpc_emergency/install/vesc_ackermann/lib:/home/meric/f1tenth_ws_mpc_emergency/install/teleop_tools_msgs/lib:/usr/local/cuda-11.4/lib64:/usr/local/cuda/lib64:/home/meric/ORBLIB/Pangolin/build/:/usr/local/cuda-11.4/lib64:/usr/local/cuda/lib64:/home/meric/f1tenth_ws/install/lib:/home/meric/ORBLIB/Pangolin/build/:/opt/ros/foxy/opt/yaml_cpp_vendor/lib:/opt/ros/foxy/opt/rviz_ogre_vendor/lib:/opt/ros/foxy/lib/aarch64-linux-gnu:/opt/ros/foxy/lib:/home/meric/ORBLIB/ORB_SLAM3/lib:/home/meric/ORBLIB/ORB_SLAM3/lib PS1=\[\e]0;\u@\h: \w\a\]${debian_chroot:+($debian_chroot)}\[\033[01;32m\]\u@\h\[\033[00m\]:\[\033[01;34m\]\w\[\033[00m\]\$ PYTHONPATH=/home/meric/f1tenth_ws_mpc_emergency/install/vesc_msgs/lib/python3.8/site-packages:/home/meric/f1tenth_ws_mpc_emergency/install/f1tenth_stack/lib/python3.8/site-packages:/home/meric/f1tenth_ws_mpc_emergency/install/joy_teleop/lib/python3.8/site-packages:/home/meric/f1tenth_ws_mpc_emergency/install/teleop_tools_msgs/lib/python3.8/site-packages:/home/meric/f1tenth_ws_mpc_emergency/install/stanley2_avoidance/lib/python3.8/site-packages:/home/meric/f1tenth_ws_mpc_emergency/install/simple_teleop/lib/python3.8/site-packages:/home/meric/f1tenth_ws_mpc_emergency/install/safety_node/lib/python3.8/site-packages:/home/meric/f1tenth_ws_mpc_emergency/install/particle_filter/lib/python3.8/site-packages:/home/meric/f1tenth_ws_mpc_emergency/install/mouse_teleop/lib/python3.8/site-packages:/home/meric/f1tenth_ws_mpc_emergency/install/key_teleop/lib/python3.8/site-packages:/home/meric/f1tenth_ws/build/f1tenth_stack:/home/meric/f1tenth_ws/build/joy_teleop:/home/meric/f1tenth_ws/build/stanley2_avoidance:/home/meric/f1tenth_ws/build/simple_teleop:/home/meric/f1tenth_ws/build/particle_filter:/home/meric/f1tenth_ws/build/mouse_teleop:/home/meric/f1tenth_ws/build/key_teleop:/home/meric/f1tenth_ws/install/lib/python3.8/site-packages:/opt/ros/foxy/lib/python3.8/site-packages /snap/bin/cmake /home/meric/f1tenth_ws_mpc_emergency/src/f1tenth_system/vesc/vesc_ackermann -DCMAKE_INSTALL_PREFIX=/home/meric/f1tenth_ws_mpc_emergency/install/vesc_ackermann
[7.638s] Invoking command in '/home/meric/f1tenth_ws_mpc_emergency/build/vesc_ackermann': CMAKE_PREFIX_PATH=/home/meric/f1tenth_ws_mpc_emergency/install/vesc_msgs:/home/meric/f1tenth_ws_mpc_emergency/install/waypoint_generator:/home/meric/f1tenth_ws_mpc_emergency/install/vesc:/home/meric/f1tenth_ws_mpc_emergency/install/vesc_driver:/home/meric/f1tenth_ws_mpc_emergency/install/vesc_ackermann:/home/meric/f1tenth_ws_mpc_emergency/install/teleop_tools:/home/meric/f1tenth_ws_mpc_emergency/install/teleop_tools_msgs:/home/meric/f1tenth_ws_mpc_emergency/install/safety_node:/home/meric/f1tenth_ws_mpc_emergency/install/pure_pursuit:/home/meric/f1tenth_ws_mpc_emergency/install/ackermann_mux:/home/meric/f1tenth_ws/install:/home/meric/f1tenth_ws_mpc_emergency/install/f1tenth_stack:/home/meric/f1tenth_ws_mpc_emergency/install/joy_teleop:/home/meric/f1tenth_ws_mpc_emergency/install/stanley2_avoidance:/home/meric/f1tenth_ws_mpc_emergency/install/simple_teleop:/home/meric/f1tenth_ws_mpc_emergency/install/particle_filter:/home/meric/f1tenth_ws_mpc_emergency/install/mouse_teleop:/home/meric/f1tenth_ws_mpc_emergency/install/key_teleop:/opt/ros/foxy LD_LIBRARY_PATH=/home/meric/f1tenth_ws_mpc_emergency/install/vesc_msgs/lib:/home/meric/f1tenth_ws_mpc_emergency/install/vesc_driver/lib:/home/meric/f1tenth_ws_mpc_emergency/install/vesc_ackermann/lib:/home/meric/f1tenth_ws_mpc_emergency/install/teleop_tools_msgs/lib:/usr/local/cuda-11.4/lib64:/usr/local/cuda/lib64:/home/meric/ORBLIB/Pangolin/build/:/usr/local/cuda-11.4/lib64:/usr/local/cuda/lib64:/home/meric/f1tenth_ws/install/lib:/home/meric/ORBLIB/Pangolin/build/:/opt/ros/foxy/opt/yaml_cpp_vendor/lib:/opt/ros/foxy/opt/rviz_ogre_vendor/lib:/opt/ros/foxy/lib/aarch64-linux-gnu:/opt/ros/foxy/lib:/home/meric/ORBLIB/ORB_SLAM3/lib:/home/meric/ORBLIB/ORB_SLAM3/lib PS1=\[\e]0;\u@\h: \w\a\]${debian_chroot:+($debian_chroot)}\[\033[01;32m\]\u@\h\[\033[00m\]:\[\033[01;34m\]\w\[\033[00m\]\$ PYTHONPATH=/home/meric/f1tenth_ws_mpc_emergency/install/vesc_msgs/lib/python3.8/site-packages:/home/meric/f1tenth_ws_mpc_emergency/install/f1tenth_stack/lib/python3.8/site-packages:/home/meric/f1tenth_ws_mpc_emergency/install/joy_teleop/lib/python3.8/site-packages:/home/meric/f1tenth_ws_mpc_emergency/install/teleop_tools_msgs/lib/python3.8/site-packages:/home/meric/f1tenth_ws_mpc_emergency/install/stanley2_avoidance/lib/python3.8/site-packages:/home/meric/f1tenth_ws_mpc_emergency/install/simple_teleop/lib/python3.8/site-packages:/home/meric/f1tenth_ws_mpc_emergency/install/safety_node/lib/python3.8/site-packages:/home/meric/f1tenth_ws_mpc_emergency/install/particle_filter/lib/python3.8/site-packages:/home/meric/f1tenth_ws_mpc_emergency/install/mouse_teleop/lib/python3.8/site-packages:/home/meric/f1tenth_ws_mpc_emergency/install/key_teleop/lib/python3.8/site-packages:/home/meric/f1tenth_ws/build/f1tenth_stack:/home/meric/f1tenth_ws/build/joy_teleop:/home/meric/f1tenth_ws/build/stanley2_avoidance:/home/meric/f1tenth_ws/build/simple_teleop:/home/meric/f1tenth_ws/build/particle_filter:/home/meric/f1tenth_ws/build/mouse_teleop:/home/meric/f1tenth_ws/build/key_teleop:/home/meric/f1tenth_ws/install/lib/python3.8/site-packages:/opt/ros/foxy/lib/python3.8/site-packages /snap/bin/cmake --build /home/meric/f1tenth_ws_mpc_emergency/build/vesc_ackermann -- -j6 -l6
[9.768s] [ 14%] [32mBuilding CXX object CMakeFiles/vesc_ackermann.dir/src/ackermann_to_vesc.cpp.o[0m
[9.769s] [ 28%] [32mBuilding CXX object CMakeFiles/vesc_ackermann.dir/src/vesc_to_odom.cpp.o[0m
[9.769s] [ 42%] [32mBuilding CXX object CMakeFiles/ackermann_to_vesc_node.dir/rclcpp_components/node_main_ackermann_to_vesc_node.cpp.o[0m
[9.769s] [ 57%] [32mBuilding CXX object CMakeFiles/vesc_to_odom_node.dir/rclcpp_components/node_main_vesc_to_odom_node.cpp.o[0m
[9.777s] 2025/10/10 21:11:15.100298 cmd_run.go:1398: WARNING: cannot create user data directory: failed to verify SELinux context of /home/meric/snap: cannot locate "matchpathcon" executable
[18.060s] [ 71%] [1m[32mLinking CXX executable vesc_to_odom_node[0m
[18.592s] [ 71%] Built target vesc_to_odom_node
[19.230s] [ 85%] [1m[32mLinking CXX executable ackermann_to_vesc_node[0m
[19.534s] [ 85%] Built target ackermann_to_vesc_node
[29.458s] [100%] [1m[32mLinking CXX shared library libvesc_ackermann.so[0m
[30.659s] [100%] Built target vesc_ackermann
[30.667s] Invoked command in '/home/meric/f1tenth_ws_mpc_emergency/build/vesc_ackermann' returned '0': CMAKE_PREFIX_PATH=/home/meric/f1tenth_ws_mpc_emergency/install/vesc_msgs:/home/meric/f1tenth_ws_mpc_emergency/install/waypoint_generator:/home/meric/f1tenth_ws_mpc_emergency/install/vesc:/home/meric/f1tenth_ws_mpc_emergency/install/vesc_driver:/home/meric/f1tenth_ws_mpc_emergency/install/vesc_ackermann:/home/meric/f1tenth_ws_mpc_emergency/install/teleop_tools:/home/meric/f1tenth_ws_mpc_emergency/install/teleop_tools_msgs:/home/meric/f1tenth_ws_mpc_emergency/install/safety_node:/home/meric/f1tenth_ws_mpc_emergency/install/pure_pursuit:/home/meric/f1tenth_ws_mpc_emergency/install/ackermann_mux:/home/meric/f1tenth_ws/install:/home/meric/f1tenth_ws_mpc_emergency/install/f1tenth_stack:/home/meric/f1tenth_ws_mpc_emergency/install/joy_teleop:/home/meric/f1tenth_ws_mpc_emergency/install/stanley2_avoidance:/home/meric/f1tenth_ws_mpc_emergency/install/simple_teleop:/home/meric/f1tenth_ws_mpc_emergency/install/particle_filter:/home/meric/f1tenth_ws_mpc_emergency/install/mouse_teleop:/home/meric/f1tenth_ws_mpc_emergency/install/key_teleop:/opt/ros/foxy LD_LIBRARY_PATH=/home/meric/f1tenth_ws_mpc_emergency/install/vesc_msgs/lib:/home/meric/f1tenth_ws_mpc_emergency/install/vesc_driver/lib:/home/meric/f1tenth_ws_mpc_emergency/install/vesc_ackermann/lib:/home/meric/f1tenth_ws_mpc_emergency/install/teleop_tools_msgs/lib:/usr/local/cuda-11.4/lib64:/usr/local/cuda/lib64:/home/meric/ORBLIB/Pangolin/build/:/usr/local/cuda-11.4/lib64:/usr/local/cuda/lib64:/home/meric/f1tenth_ws/install/lib:/home/meric/ORBLIB/Pangolin/build/:/opt/ros/foxy/opt/yaml_cpp_vendor/lib:/opt/ros/foxy/opt/rviz_ogre_vendor/lib:/opt/ros/foxy/lib/aarch64-linux-gnu:/opt/ros/foxy/lib:/home/meric/ORBLIB/ORB_SLAM3/lib:/home/meric/ORBLIB/ORB_SLAM3/lib PS1=\[\e]0;\u@\h: \w\a\]${debian_chroot:+($debian_chroot)}\[\033[01;32m\]\u@\h\[\033[00m\]:\[\033[01;34m\]\w\[\033[00m\]\$ PYTHONPATH=/home/meric/f1tenth_ws_mpc_emergency/install/vesc_msgs/lib/python3.8/site-packages:/home/meric/f1tenth_ws_mpc_emergency/install/f1tenth_stack/lib/python3.8/site-packages:/home/meric/f1tenth_ws_mpc_emergency/install/joy_teleop/lib/python3.8/site-packages:/home/meric/f1tenth_ws_mpc_emergency/install/teleop_tools_msgs/lib/python3.8/site-packages:/home/meric/f1tenth_ws_mpc_emergency/install/stanley2_avoidance/lib/python3.8/site-packages:/home/meric/f1tenth_ws_mpc_emergency/install/simple_teleop/lib/python3.8/site-packages:/home/meric/f1tenth_ws_mpc_emergency/install/safety_node/lib/python3.8/site-packages:/home/meric/f1tenth_ws_mpc_emergency/install/particle_filter/lib/python3.8/site-packages:/home/meric/f1tenth_ws_mpc_emergency/install/mouse_teleop/lib/python3.8/site-packages:/home/meric/f1tenth_ws_mpc_emergency/install/key_teleop/lib/python3.8/site-packages:/home/meric/f1tenth_ws/build/f1tenth_stack:/home/meric/f1tenth_ws/build/joy_teleop:/home/meric/f1tenth_ws/build/stanley2_avoidance:/home/meric/f1tenth_ws/build/simple_teleop:/home/meric/f1tenth_ws/build/particle_filter:/home/meric/f1tenth_ws/build/mouse_teleop:/home/meric/f1tenth_ws/build/key_teleop:/home/meric/f1tenth_ws/install/lib/python3.8/site-packages:/opt/ros/foxy/lib/python3.8/site-packages /snap/bin/cmake --build /home/meric/f1tenth_ws_mpc_emergency/build/vesc_ackermann -- -j6 -l6
[30.674s] Invoking command in '/home/meric/f1tenth_ws_mpc_emergency/build/vesc_ackermann': CMAKE_PREFIX_PATH=/home/meric/f1tenth_ws_mpc_emergency/install/vesc_msgs:/home/meric/f1tenth_ws_mpc_emergency/install/waypoint_generator:/home/meric/f1tenth_ws_mpc_emergency/install/vesc:/home/meric/f1tenth_ws_mpc_emergency/install/vesc_driver:/home/meric/f1tenth_ws_mpc_emergency/install/vesc_ackermann:/home/meric/f1tenth_ws_mpc_emergency/install/teleop_tools:/home/meric/f1tenth_ws_mpc_emergency/install/teleop_tools_msgs:/home/meric/f1tenth_ws_mpc_emergency/install/safety_node:/home/meric/f1tenth_ws_mpc_emergency/install/pure_pursuit:/home/meric/f1tenth_ws_mpc_emergency/install/ackermann_mux:/home/meric/f1tenth_ws/install:/home/meric/f1tenth_ws_mpc_emergency/install/f1tenth_stack:/home/meric/f1tenth_ws_mpc_emergency/install/joy_teleop:/home/meric/f1tenth_ws_mpc_emergency/install/stanley2_avoidance:/home/meric/f1tenth_ws_mpc_emergency/install/simple_teleop:/home/meric/f1tenth_ws_mpc_emergency/install/particle_filter:/home/meric/f1tenth_ws_mpc_emergency/install/mouse_teleop:/home/meric/f1tenth_ws_mpc_emergency/install/key_teleop:/opt/ros/foxy LD_LIBRARY_PATH=/home/meric/f1tenth_ws_mpc_emergency/install/vesc_msgs/lib:/home/meric/f1tenth_ws_mpc_emergency/install/vesc_driver/lib:/home/meric/f1tenth_ws_mpc_emergency/install/vesc_ackermann/lib:/home/meric/f1tenth_ws_mpc_emergency/install/teleop_tools_msgs/lib:/usr/local/cuda-11.4/lib64:/usr/local/cuda/lib64:/home/meric/ORBLIB/Pangolin/build/:/usr/local/cuda-11.4/lib64:/usr/local/cuda/lib64:/home/meric/f1tenth_ws/install/lib:/home/meric/ORBLIB/Pangolin/build/:/opt/ros/foxy/opt/yaml_cpp_vendor/lib:/opt/ros/foxy/opt/rviz_ogre_vendor/lib:/opt/ros/foxy/lib/aarch64-linux-gnu:/opt/ros/foxy/lib:/home/meric/ORBLIB/ORB_SLAM3/lib:/home/meric/ORBLIB/ORB_SLAM3/lib PS1=\[\e]0;\u@\h: \w\a\]${debian_chroot:+($debian_chroot)}\[\033[01;32m\]\u@\h\[\033[00m\]:\[\033[01;34m\]\w\[\033[00m\]\$ PYTHONPATH=/home/meric/f1tenth_ws_mpc_emergency/install/vesc_msgs/lib/python3.8/site-packages:/home/meric/f1tenth_ws_mpc_emergency/install/f1tenth_stack/lib/python3.8/site-packages:/home/meric/f1tenth_ws_mpc_emergency/install/joy_teleop/lib/python3.8/site-packages:/home/meric/f1tenth_ws_mpc_emergency/install/teleop_tools_msgs/lib/python3.8/site-packages:/home/meric/f1tenth_ws_mpc_emergency/install/stanley2_avoidance/lib/python3.8/site-packages:/home/meric/f1tenth_ws_mpc_emergency/install/simple_teleop/lib/python3.8/site-packages:/home/meric/f1tenth_ws_mpc_emergency/install/safety_node/lib/python3.8/site-packages:/home/meric/f1tenth_ws_mpc_emergency/install/particle_filter/lib/python3.8/site-packages:/home/meric/f1tenth_ws_mpc_emergency/install/mouse_teleop/lib/python3.8/site-packages:/home/meric/f1tenth_ws_mpc_emergency/install/key_teleop/lib/python3.8/site-packages:/home/meric/f1tenth_ws/build/f1tenth_stack:/home/meric/f1tenth_ws/build/joy_teleop:/home/meric/f1tenth_ws/build/stanley2_avoidance:/home/meric/f1tenth_ws/build/simple_teleop:/home/meric/f1tenth_ws/build/particle_filter:/home/meric/f1tenth_ws/build/mouse_teleop:/home/meric/f1tenth_ws/build/key_teleop:/home/meric/f1tenth_ws/install/lib/python3.8/site-packages:/opt/ros/foxy/lib/python3.8/site-packages /snap/bin/cmake --build /home/meric/f1tenth_ws_mpc_emergency/build/vesc_ackermann --target install -- -j6 -l6
[30.780s] 2025/10/10 21:11:38.008060 cmd_run.go:1398: WARNING: cannot create user data directory: failed to verify SELinux context of /home/meric/snap: cannot locate "matchpathcon" executable
[30.863s] [ 28%] Built target ackermann_to_vesc_node
[30.869s] [ 71%] Built target vesc_ackermann
[30.890s] [100%] Built target vesc_to_odom_node
[30.902s] [36mInstall the project...[0m
[30.908s] -- Install configuration: ""
[30.908s] -- Installing: /home/meric/f1tenth_ws_mpc_emergency/install/vesc_ackermann/lib/vesc_ackermann/ackermann_to_vesc_node
[30.909s] -- Set non-toolchain portion of runtime path of "/home/meric/f1tenth_ws_mpc_emergency/install/vesc_ackermann/lib/vesc_ackermann/ackermann_to_vesc_node" to ""
[30.909s] -- Installing: /home/meric/f1tenth_ws_mpc_emergency/install/vesc_ackermann/lib/vesc_ackermann/vesc_to_odom_node
[30.910s] -- Set non-toolchain portion of runtime path of "/home/meric/f1tenth_ws_mpc_emergency/install/vesc_ackermann/lib/vesc_ackermann/vesc_to_odom_node" to ""
[30.910s] -- Installing: /home/meric/f1tenth_ws_mpc_emergency/install/vesc_ackermann/include
[30.911s] -- Installing: /home/meric/f1tenth_ws_mpc_emergency/install/vesc_ackermann/include/vesc_ackermann
[30.911s] -- Installing: /home/meric/f1tenth_ws_mpc_emergency/install/vesc_ackermann/include/vesc_ackermann/ackermann_to_vesc.hpp
[30.911s] -- Installing: /home/meric/f1tenth_ws_mpc_emergency/install/vesc_ackermann/include/vesc_ackermann/vesc_to_odom.hpp
[30.911s] -- Installing: /home/meric/f1tenth_ws_mpc_emergency/install/vesc_ackermann/share/vesc_ackermann/environment/library_path.sh
[30.911s] -- Installing: /home/meric/f1tenth_ws_mpc_emergency/install/vesc_ackermann/share/vesc_ackermann/environment/library_path.dsv
[30.912s] -- Installing: /home/meric/f1tenth_ws_mpc_emergency/install/vesc_ackermann/lib/libvesc_ackermann.so
[30.926s] -- Set non-toolchain portion of runtime path of "/home/meric/f1tenth_ws_mpc_emergency/install/vesc_ackermann/lib/libvesc_ackermann.so" to ""
[30.926s] -- Installing: /home/meric/f1tenth_ws_mpc_emergency/install/vesc_ackermann/share/vesc_ackermann/launch
[30.926s] -- Installing: /home/meric/f1tenth_ws_mpc_emergency/install/vesc_ackermann/share/vesc_ackermann/launch/vesc_to_odom_node.launch.xml
[30.926s] -- Installing: /home/meric/f1tenth_ws_mpc_emergency/install/vesc_ackermann/share/vesc_ackermann/launch/ackermann_to_vesc_node.launch.xml
[30.927s] -- Installing: /home/meric/f1tenth_ws_mpc_emergency/install/vesc_ackermann/share/ament_index/resource_index/package_run_dependencies/vesc_ackermann
[30.927s] -- Installing: /home/meric/f1tenth_ws_mpc_emergency/install/vesc_ackermann/share/ament_index/resource_index/parent_prefix_path/vesc_ackermann
[30.927s] -- Installing: /home/meric/f1tenth_ws_mpc_emergency/install/vesc_ackermann/share/vesc_ackermann/environment/ament_prefix_path.sh
[30.927s] -- Installing: /home/meric/f1tenth_ws_mpc_emergency/install/vesc_ackermann/share/vesc_ackermann/environment/ament_prefix_path.dsv
[30.927s] -- Installing: /home/meric/f1tenth_ws_mpc_emergency/install/vesc_ackermann/share/vesc_ackermann/environment/path.sh
[30.928s] -- Installing: /home/meric/f1tenth_ws_mpc_emergency/install/vesc_ackermann/share/vesc_ackermann/environment/path.dsv
[30.928s] -- Installing: /home/meric/f1tenth_ws_mpc_emergency/install/vesc_ackermann/share/vesc_ackermann/local_setup.bash
[30.928s] -- Installing: /home/meric/f1tenth_ws_mpc_emergency/install/vesc_ackermann/share/vesc_ackermann/local_setup.sh
[30.928s] -- Installing: /home/meric/f1tenth_ws_mpc_emergency/install/vesc_ackermann/share/vesc_ackermann/local_setup.zsh
[30.929s] -- Installing: /home/meric/f1tenth_ws_mpc_emergency/install/vesc_ackermann/share/vesc_ackermann/local_setup.dsv
[30.929s] -- Installing: /home/meric/f1tenth_ws_mpc_emergency/install/vesc_ackermann/share/vesc_ackermann/package.dsv
[30.929s] -- Installing: /home/meric/f1tenth_ws_mpc_emergency/install/vesc_ackermann/share/ament_index/resource_index/packages/vesc_ackermann
[30.929s] -- Installing: /home/meric/f1tenth_ws_mpc_emergency/install/vesc_ackermann/share/ament_index/resource_index/rclcpp_components/vesc_ackermann
[30.930s] -- Installing: /home/meric/f1tenth_ws_mpc_emergency/install/vesc_ackermann/share/vesc_ackermann/cmake/ament_cmake_export_dependencies-extras.cmake
[30.930s] -- Installing: /home/meric/f1tenth_ws_mpc_emergency/install/vesc_ackermann/share/vesc_ackermann/cmake/ament_cmake_export_include_directories-extras.cmake
[30.930s] -- Installing: /home/meric/f1tenth_ws_mpc_emergency/install/vesc_ackermann/share/vesc_ackermann/cmake/ament_cmake_export_libraries-extras.cmake
[30.930s] -- Installing: /home/meric/f1tenth_ws_mpc_emergency/install/vesc_ackermann/share/vesc_ackermann/cmake/vesc_ackermannConfig.cmake
[30.931s] -- Installing: /home/meric/f1tenth_ws_mpc_emergency/install/vesc_ackermann/share/vesc_ackermann/cmake/vesc_ackermannConfig-version.cmake
[30.931s] -- Installing: /home/meric/f1tenth_ws_mpc_emergency/install/vesc_ackermann/share/vesc_ackermann/package.xml
[30.938s] Invoked command in '/home/meric/f1tenth_ws_mpc_emergency/build/vesc_ackermann' returned '0': CMAKE_PREFIX_PATH=/home/meric/f1tenth_ws_mpc_emergency/install/vesc_msgs:/home/meric/f1tenth_ws_mpc_emergency/install/waypoint_generator:/home/meric/f1tenth_ws_mpc_emergency/install/vesc:/home/meric/f1tenth_ws_mpc_emergency/install/vesc_driver:/home/meric/f1tenth_ws_mpc_emergency/install/vesc_ackermann:/home/meric/f1tenth_ws_mpc_emergency/install/teleop_tools:/home/meric/f1tenth_ws_mpc_emergency/install/teleop_tools_msgs:/home/meric/f1tenth_ws_mpc_emergency/install/safety_node:/home/meric/f1tenth_ws_mpc_emergency/install/pure_pursuit:/home/meric/f1tenth_ws_mpc_emergency/install/ackermann_mux:/home/meric/f1tenth_ws/install:/home/meric/f1tenth_ws_mpc_emergency/install/f1tenth_stack:/home/meric/f1tenth_ws_mpc_emergency/install/joy_teleop:/home/meric/f1tenth_ws_mpc_emergency/install/stanley2_avoidance:/home/meric/f1tenth_ws_mpc_emergency/install/simple_teleop:/home/meric/f1tenth_ws_mpc_emergency/install/particle_filter:/home/meric/f1tenth_ws_mpc_emergency/install/mouse_teleop:/home/meric/f1tenth_ws_mpc_emergency/install/key_teleop:/opt/ros/foxy LD_LIBRARY_PATH=/home/meric/f1tenth_ws_mpc_emergency/install/vesc_msgs/lib:/home/meric/f1tenth_ws_mpc_emergency/install/vesc_driver/lib:/home/meric/f1tenth_ws_mpc_emergency/install/vesc_ackermann/lib:/home/meric/f1tenth_ws_mpc_emergency/install/teleop_tools_msgs/lib:/usr/local/cuda-11.4/lib64:/usr/local/cuda/lib64:/home/meric/ORBLIB/Pangolin/build/:/usr/local/cuda-11.4/lib64:/usr/local/cuda/lib64:/home/meric/f1tenth_ws/install/lib:/home/meric/ORBLIB/Pangolin/build/:/opt/ros/foxy/opt/yaml_cpp_vendor/lib:/opt/ros/foxy/opt/rviz_ogre_vendor/lib:/opt/ros/foxy/lib/aarch64-linux-gnu:/opt/ros/foxy/lib:/home/meric/ORBLIB/ORB_SLAM3/lib:/home/meric/ORBLIB/ORB_SLAM3/lib PS1=\[\e]0;\u@\h: \w\a\]${debian_chroot:+($debian_chroot)}\[\033[01;32m\]\u@\h\[\033[00m\]:\[\033[01;34m\]\w\[\033[00m\]\$ PYTHONPATH=/home/meric/f1tenth_ws_mpc_emergency/install/vesc_msgs/lib/python3.8/site-packages:/home/meric/f1tenth_ws_mpc_emergency/install/f1tenth_stack/lib/python3.8/site-packages:/home/meric/f1tenth_ws_mpc_emergency/install/joy_teleop/lib/python3.8/site-packages:/home/meric/f1tenth_ws_mpc_emergency/install/teleop_tools_msgs/lib/python3.8/site-packages:/home/meric/f1tenth_ws_mpc_emergency/install/stanley2_avoidance/lib/python3.8/site-packages:/home/meric/f1tenth_ws_mpc_emergency/install/simple_teleop/lib/python3.8/site-packages:/home/meric/f1tenth_ws_mpc_emergency/install/safety_node/lib/python3.8/site-packages:/home/meric/f1tenth_ws_mpc_emergency/install/particle_filter/lib/python3.8/site-packages:/home/meric/f1tenth_ws_mpc_emergency/install/mouse_teleop/lib/python3.8/site-packages:/home/meric/f1tenth_ws_mpc_emergency/install/key_teleop/lib/python3.8/site-packages:/home/meric/f1tenth_ws/build/f1tenth_stack:/home/meric/f1tenth_ws/build/joy_teleop:/home/meric/f1tenth_ws/build/stanley2_avoidance:/home/meric/f1tenth_ws/build/simple_teleop:/home/meric/f1tenth_ws/build/particle_filter:/home/meric/f1tenth_ws/build/mouse_teleop:/home/meric/f1tenth_ws/build/key_teleop:/home/meric/f1tenth_ws/install/lib/python3.8/site-packages:/opt/ros/foxy/lib/python3.8/site-packages /snap/bin/cmake --build /home/meric/f1tenth_ws_mpc_emergency/build/vesc_ackermann --target install -- -j6 -l6
