[2.419s] Invoking command in '/home/meric/f1tenth_ws_rl/src/simple_teleop': PYTHONPATH=/home/meric/f1tenth_ws_rl/build/simple_teleop/prefix_override:/usr/lib/python3/dist-packages/colcon_core/task/python/colcon_distutils_commands:/home/meric/f1tenth_ws_rl/install/simple_teleop/lib/python3.8/site-packages:${PYTHONPATH} /usr/bin/python3 -W ignore:setup.py install is deprecated -W ignore:easy_install command is deprecated setup.py egg_info --egg-base ../../build/simple_teleop build --build-base /home/meric/f1tenth_ws_rl/build/simple_teleop/build install --record /home/meric/f1tenth_ws_rl/build/simple_teleop/install.log --install-scripts $base/lib/simple_teleop --single-version-externally-managed install_data
[4.167s] running egg_info
[4.168s] creating ../../build/simple_teleop/simple_teleop.egg-info
[4.169s] writing ../../build/simple_teleop/simple_teleop.egg-info/PKG-INFO
[4.169s] writing dependency_links to ../../build/simple_teleop/simple_teleop.egg-info/dependency_links.txt
[4.170s] writing entry points to ../../build/simple_teleop/simple_teleop.egg-info/entry_points.txt
[4.170s] writing requirements to ../../build/simple_teleop/simple_teleop.egg-info/requires.txt
[4.170s] writing top-level names to ../../build/simple_teleop/simple_teleop.egg-info/top_level.txt
[4.170s] writing manifest file '../../build/simple_teleop/simple_teleop.egg-info/SOURCES.txt'
[4.170s] reading manifest file '../../build/simple_teleop/simple_teleop.egg-info/SOURCES.txt'
[4.170s] writing manifest file '../../build/simple_teleop/simple_teleop.egg-info/SOURCES.txt'
[4.170s] running build
[4.170s] running build_py
[4.171s] creating /home/meric/f1tenth_ws_rl/build/simple_teleop/build
[4.171s] creating /home/meric/f1tenth_ws_rl/build/simple_teleop/build/lib
[4.171s] creating /home/meric/f1tenth_ws_rl/build/simple_teleop/build/lib/simple_teleop
[4.171s] copying simple_teleop/__init__.py -> /home/meric/f1tenth_ws_rl/build/simple_teleop/build/lib/simple_teleop
[4.176s] copying simple_teleop/simple_teleop.py -> /home/meric/f1tenth_ws_rl/build/simple_teleop/build/lib/simple_teleop
[4.177s] running install
[4.178s] running install_lib
[4.178s] creating /home/meric/f1tenth_ws_rl/install/simple_teleop/lib/python3.8/site-packages/simple_teleop
[4.179s] copying /home/meric/f1tenth_ws_rl/build/simple_teleop/build/lib/simple_teleop/__init__.py -> /home/meric/f1tenth_ws_rl/install/simple_teleop/lib/python3.8/site-packages/simple_teleop
[4.179s] copying /home/meric/f1tenth_ws_rl/build/simple_teleop/build/lib/simple_teleop/simple_teleop.py -> /home/meric/f1tenth_ws_rl/install/simple_teleop/lib/python3.8/site-packages/simple_teleop
[4.179s] byte-compiling /home/meric/f1tenth_ws_rl/install/simple_teleop/lib/python3.8/site-packages/simple_teleop/__init__.py to __init__.cpython-38.pyc
[4.179s] byte-compiling /home/meric/f1tenth_ws_rl/install/simple_teleop/lib/python3.8/site-packages/simple_teleop/simple_teleop.py to simple_teleop.cpython-38.pyc
[4.179s] running install_data
[4.179s] creating /home/meric/f1tenth_ws_rl/install/simple_teleop/share/ament_index
[4.179s] creating /home/meric/f1tenth_ws_rl/install/simple_teleop/share/ament_index/resource_index
[4.180s] creating /home/meric/f1tenth_ws_rl/install/simple_teleop/share/ament_index/resource_index/packages
[4.184s] copying resource/simple_teleop -> /home/meric/f1tenth_ws_rl/install/simple_teleop/share/ament_index/resource_index/packages
[4.184s] copying package.xml -> /home/meric/f1tenth_ws_rl/install/simple_teleop/share/simple_teleop
[4.184s] running install_egg_info
[4.185s] Copying ../../build/simple_teleop/simple_teleop.egg-info to /home/meric/f1tenth_ws_rl/install/simple_teleop/lib/python3.8/site-packages/simple_teleop-0.0.0-py3.8.egg-info
[4.185s] running install_scripts
[4.185s] Installing simple_teleop script to /home/meric/f1tenth_ws_rl/install/simple_teleop/lib/simple_teleop
[4.185s] writing list of installed files to '/home/meric/f1tenth_ws_rl/build/simple_teleop/install.log'
[4.496s] Invoked command in '/home/meric/f1tenth_ws_rl/src/simple_teleop' returned '0': PYTHONPATH=/home/meric/f1tenth_ws_rl/build/simple_teleop/prefix_override:/usr/lib/python3/dist-packages/colcon_core/task/python/colcon_distutils_commands:/home/meric/f1tenth_ws_rl/install/simple_teleop/lib/python3.8/site-packages:${PYTHONPATH} /usr/bin/python3 -W ignore:setup.py install is deprecated -W ignore:easy_install command is deprecated setup.py egg_info --egg-base ../../build/simple_teleop build --build-base /home/meric/f1tenth_ws_rl/build/simple_teleop/build install --record /home/meric/f1tenth_ws_rl/build/simple_teleop/install.log --install-scripts $base/lib/simple_teleop --single-version-externally-managed install_data
