[1.133s] Invoking command in '/home/meric/f1tenth_ws_mpc_emergency/build/vesc': AMENT_PREFIX_PATH=/home/meric/f1tenth_ws_mpc_emergency/install/vesc_driver:/home/meric/f1tenth_ws_mpc_emergency/install/vesc_ackermann:/home/meric/f1tenth_ws_mpc_emergency/install/vesc_msgs:${AMENT_PREFIX_PATH} CMAKE_PREFIX_PATH=/home/meric/f1tenth_ws_mpc_emergency/install/vesc_driver:/home/meric/f1tenth_ws_mpc_emergency/install/vesc_ackermann:/home/meric/f1tenth_ws_mpc_emergency/install/vesc_msgs:/home/meric/f1tenth_ws/install:/opt/ros/foxy LD_LIBRARY_PATH=/home/meric/f1tenth_ws_mpc_emergency/install/vesc_driver/lib:/home/meric/f1tenth_ws_mpc_emergency/install/vesc_ackermann/lib:/home/meric/f1tenth_ws_mpc_emergency/install/vesc_msgs/lib:${LD_LIBRARY_PATH} PYTHONPATH=/home/meric/f1tenth_ws_mpc_emergency/install/vesc_msgs/lib/python3.8/site-packages:${PYTHONPATH} /snap/bin/cmake --build /home/meric/f1tenth_ws_mpc_emergency/build/vesc -- -j6 -l6
[1.259s] 2025/10/23 12:59:59.191951 cmd_run.go:1398: WARNING: cannot create user data directory: failed to verify SELinux context of /home/meric/snap: cannot locate "matchpathcon" executable
[1.343s] Invoked command in '/home/meric/f1tenth_ws_mpc_emergency/build/vesc' returned '0': AMENT_PREFIX_PATH=/home/meric/f1tenth_ws_mpc_emergency/install/vesc_driver:/home/meric/f1tenth_ws_mpc_emergency/install/vesc_ackermann:/home/meric/f1tenth_ws_mpc_emergency/install/vesc_msgs:${AMENT_PREFIX_PATH} CMAKE_PREFIX_PATH=/home/meric/f1tenth_ws_mpc_emergency/install/vesc_driver:/home/meric/f1tenth_ws_mpc_emergency/install/vesc_ackermann:/home/meric/f1tenth_ws_mpc_emergency/install/vesc_msgs:/home/meric/f1tenth_ws/install:/opt/ros/foxy LD_LIBRARY_PATH=/home/meric/f1tenth_ws_mpc_emergency/install/vesc_driver/lib:/home/meric/f1tenth_ws_mpc_emergency/install/vesc_ackermann/lib:/home/meric/f1tenth_ws_mpc_emergency/install/vesc_msgs/lib:${LD_LIBRARY_PATH} PYTHONPATH=/home/meric/f1tenth_ws_mpc_emergency/install/vesc_msgs/lib/python3.8/site-packages:${PYTHONPATH} /snap/bin/cmake --build /home/meric/f1tenth_ws_mpc_emergency/build/vesc -- -j6 -l6
[1.351s] Invoking command in '/home/meric/f1tenth_ws_mpc_emergency/build/vesc': AMENT_PREFIX_PATH=/home/meric/f1tenth_ws_mpc_emergency/install/vesc_driver:/home/meric/f1tenth_ws_mpc_emergency/install/vesc_ackermann:/home/meric/f1tenth_ws_mpc_emergency/install/vesc_msgs:${AMENT_PREFIX_PATH} CMAKE_PREFIX_PATH=/home/meric/f1tenth_ws_mpc_emergency/install/vesc_driver:/home/meric/f1tenth_ws_mpc_emergency/install/vesc_ackermann:/home/meric/f1tenth_ws_mpc_emergency/install/vesc_msgs:/home/meric/f1tenth_ws/install:/opt/ros/foxy LD_LIBRARY_PATH=/home/meric/f1tenth_ws_mpc_emergency/install/vesc_driver/lib:/home/meric/f1tenth_ws_mpc_emergency/install/vesc_ackermann/lib:/home/meric/f1tenth_ws_mpc_emergency/install/vesc_msgs/lib:${LD_LIBRARY_PATH} PYTHONPATH=/home/meric/f1tenth_ws_mpc_emergency/install/vesc_msgs/lib/python3.8/site-packages:${PYTHONPATH} /snap/bin/cmake --build /home/meric/f1tenth_ws_mpc_emergency/build/vesc --target install -- -j6 -l6
[1.513s] 2025/10/23 12:59:59.446260 cmd_run.go:1398: WARNING: cannot create user data directory: failed to verify SELinux context of /home/meric/snap: cannot locate "matchpathcon" executable
[1.617s] [36mInstall the project...[0m
[1.621s] -- Install configuration: ""
[1.621s] -- Up-to-date: /home/meric/f1tenth_ws_mpc_emergency/install/vesc/share/ament_index/resource_index/package_run_dependencies/vesc
[1.622s] -- Up-to-date: /home/meric/f1tenth_ws_mpc_emergency/install/vesc/share/ament_index/resource_index/parent_prefix_path/vesc
[1.622s] -- Up-to-date: /home/meric/f1tenth_ws_mpc_emergency/install/vesc/share/vesc/environment/ament_prefix_path.sh
[1.622s] -- Up-to-date: /home/meric/f1tenth_ws_mpc_emergency/install/vesc/share/vesc/environment/ament_prefix_path.dsv
[1.622s] -- Up-to-date: /home/meric/f1tenth_ws_mpc_emergency/install/vesc/share/vesc/environment/path.sh
[1.623s] -- Up-to-date: /home/meric/f1tenth_ws_mpc_emergency/install/vesc/share/vesc/environment/path.dsv
[1.623s] -- Up-to-date: /home/meric/f1tenth_ws_mpc_emergency/install/vesc/share/vesc/local_setup.bash
[1.623s] -- Up-to-date: /home/meric/f1tenth_ws_mpc_emergency/install/vesc/share/vesc/local_setup.sh
[1.623s] -- Up-to-date: /home/meric/f1tenth_ws_mpc_emergency/install/vesc/share/vesc/local_setup.zsh
[1.624s] -- Up-to-date: /home/meric/f1tenth_ws_mpc_emergency/install/vesc/share/vesc/local_setup.dsv
[1.624s] -- Installing: /home/meric/f1tenth_ws_mpc_emergency/install/vesc/share/vesc/package.dsv
[1.624s] -- Up-to-date: /home/meric/f1tenth_ws_mpc_emergency/install/vesc/share/ament_index/resource_index/packages/vesc
[1.624s] -- Up-to-date: /home/meric/f1tenth_ws_mpc_emergency/install/vesc/share/vesc/cmake/vescConfig.cmake
[1.624s] -- Up-to-date: /home/meric/f1tenth_ws_mpc_emergency/install/vesc/share/vesc/cmake/vescConfig-version.cmake
[1.624s] -- Up-to-date: /home/meric/f1tenth_ws_mpc_emergency/install/vesc/share/vesc/package.xml
[1.633s] Invoked command in '/home/meric/f1tenth_ws_mpc_emergency/build/vesc' returned '0': AMENT_PREFIX_PATH=/home/meric/f1tenth_ws_mpc_emergency/install/vesc_driver:/home/meric/f1tenth_ws_mpc_emergency/install/vesc_ackermann:/home/meric/f1tenth_ws_mpc_emergency/install/vesc_msgs:${AMENT_PREFIX_PATH} CMAKE_PREFIX_PATH=/home/meric/f1tenth_ws_mpc_emergency/install/vesc_driver:/home/meric/f1tenth_ws_mpc_emergency/install/vesc_ackermann:/home/meric/f1tenth_ws_mpc_emergency/install/vesc_msgs:/home/meric/f1tenth_ws/install:/opt/ros/foxy LD_LIBRARY_PATH=/home/meric/f1tenth_ws_mpc_emergency/install/vesc_driver/lib:/home/meric/f1tenth_ws_mpc_emergency/install/vesc_ackermann/lib:/home/meric/f1tenth_ws_mpc_emergency/install/vesc_msgs/lib:${LD_LIBRARY_PATH} PYTHONPATH=/home/meric/f1tenth_ws_mpc_emergency/install/vesc_msgs/lib/python3.8/site-packages:${PYTHONPATH} /snap/bin/cmake --build /home/meric/f1tenth_ws_mpc_emergency/build/vesc --target install -- -j6 -l6
