2025/11/14 20:35:27.635146 cmd_run.go:1400: WARNING: cannot create user data directory: failed to verify SELinux context of /home/meric/snap: cannot locate "matchpathcon" executable
[0mCMake Deprecation Warning at CMakeLists.txt:1 (cmake_minimum_required):
  Compatibility with CMake < 3.10 will be removed from a future version of
  CMake.

  Update the VERSION argument <min> value.  Or, use the <min>...<max> syntax
  to tell CMake that the project requires at least <min> but has been updated
  to work with policies introduced by <max> or earlier.

[0m
-- Found ament_cmake: 0.9.12 (/opt/ros/foxy/share/ament_cmake/cmake)
[33mCMake Warning (dev) at /opt/ros/foxy/share/ament_cmake_core/cmake/core/python.cmake:22 (find_package):
  Policy CMP0148 is not set: The FindPythonInterp and FindPythonLibs modules
  are removed.  Run "cmake --help-policy CMP0148" for policy details.  Use
  the cmake_policy command to set the policy and suppress this warning.

Call Stack (most recent call first):
  /opt/ros/foxy/share/ament_cmake_core/cmake/core/all.cmake:53 (include)
  /opt/ros/foxy/share/ament_cmake_core/cmake/ament_cmake_core-extras.cmake:17 (include)
  /opt/ros/foxy/share/ament_cmake_core/cmake/ament_cmake_coreConfig.cmake:41 (include)
  /opt/ros/foxy/share/ament_cmake/cmake/ament_cmake_export_dependencies-extras.cmake:15 (find_package)
  /opt/ros/foxy/share/ament_cmake/cmake/ament_cmakeConfig.cmake:41 (include)
  CMakeLists.txt:5 (find_package)
This warning is for project developers.  Use -Wno-dev to suppress it.
[0m
-- Found PythonInterp: /usr/bin/python3 (found suitable version "3.8.10", minimum required is "3")
-- Using PYTHON_EXECUTABLE: /usr/bin/python3
-- Configuring done (1.6s)
-- Generating done (0.0s)
-- Build files have been written to: /home/meric/f1tenth_ws_rl/build/teleop_tools
2025/11/14 20:35:29.497564 cmd_run.go:1400: WARNING: cannot create user data directory: failed to verify SELinux context of /home/meric/snap: cannot locate "matchpathcon" executable
[36mInstall the project...[0m
-- Install configuration: ""
-- Installing: /home/meric/f1tenth_ws_rl/install/teleop_tools/share/ament_index/resource_index/package_run_dependencies/teleop_tools
-- Installing: /home/meric/f1tenth_ws_rl/install/teleop_tools/share/ament_index/resource_index/parent_prefix_path/teleop_tools
-- Installing: /home/meric/f1tenth_ws_rl/install/teleop_tools/share/teleop_tools/environment/ament_prefix_path.sh
-- Installing: /home/meric/f1tenth_ws_rl/install/teleop_tools/share/teleop_tools/environment/ament_prefix_path.dsv
-- Installing: /home/meric/f1tenth_ws_rl/install/teleop_tools/share/teleop_tools/environment/path.sh
-- Installing: /home/meric/f1tenth_ws_rl/install/teleop_tools/share/teleop_tools/environment/path.dsv
-- Installing: /home/meric/f1tenth_ws_rl/install/teleop_tools/share/teleop_tools/local_setup.bash
-- Installing: /home/meric/f1tenth_ws_rl/install/teleop_tools/share/teleop_tools/local_setup.sh
-- Installing: /home/meric/f1tenth_ws_rl/install/teleop_tools/share/teleop_tools/local_setup.zsh
-- Installing: /home/meric/f1tenth_ws_rl/install/teleop_tools/share/teleop_tools/local_setup.dsv
-- Installing: /home/meric/f1tenth_ws_rl/install/teleop_tools/share/teleop_tools/package.dsv
-- Installing: /home/meric/f1tenth_ws_rl/install/teleop_tools/share/ament_index/resource_index/packages/teleop_tools
-- Installing: /home/meric/f1tenth_ws_rl/install/teleop_tools/share/teleop_tools/cmake/teleop_toolsConfig.cmake
-- Installing: /home/meric/f1tenth_ws_rl/install/teleop_tools/share/teleop_tools/cmake/teleop_toolsConfig-version.cmake
-- Installing: /home/meric/f1tenth_ws_rl/install/teleop_tools/share/teleop_tools/package.xml
2025/11/14 20:35:33.318351 cmd_run.go:1400: WARNING: cannot create user data directory: failed to verify SELinux context of /home/meric/snap: cannot locate "matchpathcon" executable
