[0.099s] Invoking command in '/home/meric/f1tenth_ws_mpc_emergency/build/vesc': AMENT_PREFIX_PATH=/home/meric/f1tenth_ws_mpc_emergency/install/vesc_driver:/home/meric/f1tenth_ws_mpc_emergency/install/vesc_ackermann:/home/meric/f1tenth_ws_mpc_emergency/install/vesc_msgs:${AMENT_PREFIX_PATH} CMAKE_PREFIX_PATH=/home/meric/f1tenth_ws_mpc_emergency/install/vesc_driver:/home/meric/f1tenth_ws_mpc_emergency/install/vesc_ackermann:/home/meric/f1tenth_ws_mpc_emergency/install/vesc_msgs:/home/meric/f1tenth_ws/install:/opt/ros/foxy LD_LIBRARY_PATH=/home/meric/f1tenth_ws_mpc_emergency/install/vesc_driver/lib:/home/meric/f1tenth_ws_mpc_emergency/install/vesc_ackermann/lib:/home/meric/f1tenth_ws_mpc_emergency/install/vesc_msgs/lib:${LD_LIBRARY_PATH} PYTHONPATH=/home/meric/f1tenth_ws_mpc_emergency/install/vesc_msgs/lib/python3.8/site-packages:${PYTHONPATH} /snap/bin/cmake --build /home/meric/f1tenth_ws_mpc_emergency/build/vesc -- -j6 -l6
[0.219s] 2025/10/23 13:51:12.457983 cmd_run.go:1398: WARNING: cannot create user data directory: failed to verify SELinux context of /home/meric/snap: cannot locate "matchpathcon" executable
[0.301s] Invoked command in '/home/meric/f1tenth_ws_mpc_emergency/build/vesc' returned '0': AMENT_PREFIX_PATH=/home/meric/f1tenth_ws_mpc_emergency/install/vesc_driver:/home/meric/f1tenth_ws_mpc_emergency/install/vesc_ackermann:/home/meric/f1tenth_ws_mpc_emergency/install/vesc_msgs:${AMENT_PREFIX_PATH} CMAKE_PREFIX_PATH=/home/meric/f1tenth_ws_mpc_emergency/install/vesc_driver:/home/meric/f1tenth_ws_mpc_emergency/install/vesc_ackermann:/home/meric/f1tenth_ws_mpc_emergency/install/vesc_msgs:/home/meric/f1tenth_ws/install:/opt/ros/foxy LD_LIBRARY_PATH=/home/meric/f1tenth_ws_mpc_emergency/install/vesc_driver/lib:/home/meric/f1tenth_ws_mpc_emergency/install/vesc_ackermann/lib:/home/meric/f1tenth_ws_mpc_emergency/install/vesc_msgs/lib:${LD_LIBRARY_PATH} PYTHONPATH=/home/meric/f1tenth_ws_mpc_emergency/install/vesc_msgs/lib/python3.8/site-packages:${PYTHONPATH} /snap/bin/cmake --build /home/meric/f1tenth_ws_mpc_emergency/build/vesc -- -j6 -l6
[0.303s] Invoking command in '/home/meric/f1tenth_ws_mpc_emergency/build/vesc': AMENT_PREFIX_PATH=/home/meric/f1tenth_ws_mpc_emergency/install/vesc_driver:/home/meric/f1tenth_ws_mpc_emergency/install/vesc_ackermann:/home/meric/f1tenth_ws_mpc_emergency/install/vesc_msgs:${AMENT_PREFIX_PATH} CMAKE_PREFIX_PATH=/home/meric/f1tenth_ws_mpc_emergency/install/vesc_driver:/home/meric/f1tenth_ws_mpc_emergency/install/vesc_ackermann:/home/meric/f1tenth_ws_mpc_emergency/install/vesc_msgs:/home/meric/f1tenth_ws/install:/opt/ros/foxy LD_LIBRARY_PATH=/home/meric/f1tenth_ws_mpc_emergency/install/vesc_driver/lib:/home/meric/f1tenth_ws_mpc_emergency/install/vesc_ackermann/lib:/home/meric/f1tenth_ws_mpc_emergency/install/vesc_msgs/lib:${LD_LIBRARY_PATH} PYTHONPATH=/home/meric/f1tenth_ws_mpc_emergency/install/vesc_msgs/lib/python3.8/site-packages:${PYTHONPATH} /snap/bin/cmake --build /home/meric/f1tenth_ws_mpc_emergency/build/vesc --target install -- -j6 -l6
[0.466s] 2025/10/23 13:51:12.704965 cmd_run.go:1398: WARNING: cannot create user data directory: failed to verify SELinux context of /home/meric/snap: cannot locate "matchpathcon" executable
[0.533s] [36mInstall the project...[0m
[0.537s] -- Install configuration: ""
[0.538s] -- Up-to-date: /home/meric/f1tenth_ws_mpc_emergency/install/vesc/share/ament_index/resource_index/package_run_dependencies/vesc
[0.539s] -- Up-to-date: /home/meric/f1tenth_ws_mpc_emergency/install/vesc/share/ament_index/resource_index/parent_prefix_path/vesc
[0.539s] -- Up-to-date: /home/meric/f1tenth_ws_mpc_emergency/install/vesc/share/vesc/environment/ament_prefix_path.sh
[0.540s] -- Up-to-date: /home/meric/f1tenth_ws_mpc_emergency/install/vesc/share/vesc/environment/ament_prefix_path.dsv
[0.541s] -- Up-to-date: /home/meric/f1tenth_ws_mpc_emergency/install/vesc/share/vesc/environment/path.sh
[0.542s] -- Up-to-date: /home/meric/f1tenth_ws_mpc_emergency/install/vesc/share/vesc/environment/path.dsv
[0.542s] -- Up-to-date: /home/meric/f1tenth_ws_mpc_emergency/install/vesc/share/vesc/local_setup.bash
[0.542s] -- Up-to-date: /home/meric/f1tenth_ws_mpc_emergency/install/vesc/share/vesc/local_setup.sh
[0.543s] -- Up-to-date: /home/meric/f1tenth_ws_mpc_emergency/install/vesc/share/vesc/local_setup.zsh
[0.546s] -- Up-to-date: /home/meric/f1tenth_ws_mpc_emergency/install/vesc/share/vesc/local_setup.dsv
[0.547s] -- Installing: /home/meric/f1tenth_ws_mpc_emergency/install/vesc/share/vesc/package.dsv
[0.548s] -- Up-to-date: /home/meric/f1tenth_ws_mpc_emergency/install/vesc/share/ament_index/resource_index/packages/vesc
[0.549s] -- Up-to-date: /home/meric/f1tenth_ws_mpc_emergency/install/vesc/share/vesc/cmake/vescConfig.cmake
[0.549s] -- Up-to-date: /home/meric/f1tenth_ws_mpc_emergency/install/vesc/share/vesc/cmake/vescConfig-version.cmake
[0.550s] -- Up-to-date: /home/meric/f1tenth_ws_mpc_emergency/install/vesc/share/vesc/package.xml
[0.562s] Invoked command in '/home/meric/f1tenth_ws_mpc_emergency/build/vesc' returned '0': AMENT_PREFIX_PATH=/home/meric/f1tenth_ws_mpc_emergency/install/vesc_driver:/home/meric/f1tenth_ws_mpc_emergency/install/vesc_ackermann:/home/meric/f1tenth_ws_mpc_emergency/install/vesc_msgs:${AMENT_PREFIX_PATH} CMAKE_PREFIX_PATH=/home/meric/f1tenth_ws_mpc_emergency/install/vesc_driver:/home/meric/f1tenth_ws_mpc_emergency/install/vesc_ackermann:/home/meric/f1tenth_ws_mpc_emergency/install/vesc_msgs:/home/meric/f1tenth_ws/install:/opt/ros/foxy LD_LIBRARY_PATH=/home/meric/f1tenth_ws_mpc_emergency/install/vesc_driver/lib:/home/meric/f1tenth_ws_mpc_emergency/install/vesc_ackermann/lib:/home/meric/f1tenth_ws_mpc_emergency/install/vesc_msgs/lib:${LD_LIBRARY_PATH} PYTHONPATH=/home/meric/f1tenth_ws_mpc_emergency/install/vesc_msgs/lib/python3.8/site-packages:${PYTHONPATH} /snap/bin/cmake --build /home/meric/f1tenth_ws_mpc_emergency/build/vesc --target install -- -j6 -l6
