[3.527s] Invoking command in '/home/meric/f1tenth_ws_mpc_emergency/src/f1tenth_system/teleop_tools/key_teleop': PYTHONPATH=/home/meric/f1tenth_ws_mpc_emergency/build/key_teleop/prefix_override:/usr/lib/python3/dist-packages/colcon_core/task/python/colcon_distutils_commands:/home/meric/f1tenth_ws_mpc_emergency/install/key_teleop/lib/python3.8/site-packages:${PYTHONPATH} /usr/bin/python3 -W ignore:setup.py install is deprecated -W ignore:easy_install command is deprecated setup.py egg_info --egg-base ../../../../build/key_teleop build --build-base /home/meric/f1tenth_ws_mpc_emergency/build/key_teleop/build install --record /home/meric/f1tenth_ws_mpc_emergency/build/key_teleop/install.log --install-scripts $base/lib/key_teleop --single-version-externally-managed install_data
[4.112s] running egg_info
[4.114s] writing ../../../../build/key_teleop/key_teleop.egg-info/PKG-INFO
[4.116s] writing dependency_links to ../../../../build/key_teleop/key_teleop.egg-info/dependency_links.txt
[4.116s] writing entry points to ../../../../build/key_teleop/key_teleop.egg-info/entry_points.txt
[4.117s] writing requirements to ../../../../build/key_teleop/key_teleop.egg-info/requires.txt
[4.117s] writing top-level names to ../../../../build/key_teleop/key_teleop.egg-info/top_level.txt
[4.203s] reading manifest file '../../../../build/key_teleop/key_teleop.egg-info/SOURCES.txt'
[4.206s] writing manifest file '../../../../build/key_teleop/key_teleop.egg-info/SOURCES.txt'
[4.207s] running build
[4.208s] running build_py
[4.210s] running install
[4.215s] running install_lib
[4.224s] running install_data
[4.225s] running install_egg_info
[4.235s] removing '/home/meric/f1tenth_ws_mpc_emergency/install/key_teleop/lib/python3.8/site-packages/key_teleop-0.3.0-py3.8.egg-info' (and everything under it)
[4.241s] Copying ../../../../build/key_teleop/key_teleop.egg-info to /home/meric/f1tenth_ws_mpc_emergency/install/key_teleop/lib/python3.8/site-packages/key_teleop-0.3.0-py3.8.egg-info
[4.242s] running install_scripts
[4.283s] Installing key_teleop script to /home/meric/f1tenth_ws_mpc_emergency/install/key_teleop/lib/key_teleop
[4.285s] writing list of installed files to '/home/meric/f1tenth_ws_mpc_emergency/build/key_teleop/install.log'
[4.400s] Invoked command in '/home/meric/f1tenth_ws_mpc_emergency/src/f1tenth_system/teleop_tools/key_teleop' returned '0': PYTHONPATH=/home/meric/f1tenth_ws_mpc_emergency/build/key_teleop/prefix_override:/usr/lib/python3/dist-packages/colcon_core/task/python/colcon_distutils_commands:/home/meric/f1tenth_ws_mpc_emergency/install/key_teleop/lib/python3.8/site-packages:${PYTHONPATH} /usr/bin/python3 -W ignore:setup.py install is deprecated -W ignore:easy_install command is deprecated setup.py egg_info --egg-base ../../../../build/key_teleop build --build-base /home/meric/f1tenth_ws_mpc_emergency/build/key_teleop/build install --record /home/meric/f1tenth_ws_mpc_emergency/build/key_teleop/install.log --install-scripts $base/lib/key_teleop --single-version-externally-managed install_data
