[0.141s] Invoking command in '/home/meric/f1tenth_ws_mpc_emergency/build/teleop_tools_msgs': CMAKE_PREFIX_PATH=${CMAKE_PREFIX_PATH}:/home/meric/f1tenth_ws_mpc_emergency/install/f1tenth_stack:/home/meric/f1tenth_ws_mpc_emergency/install/joy_teleop:/home/meric/f1tenth_ws_mpc_emergency/install/stanley2_avoidance:/home/meric/f1tenth_ws_mpc_emergency/install/simple_teleop:/home/meric/f1tenth_ws_mpc_emergency/install/particle_filter:/home/meric/f1tenth_ws_mpc_emergency/install/mouse_teleop:/home/meric/f1tenth_ws_mpc_emergency/install/key_teleop:/opt/ros/foxy /snap/bin/cmake --build /home/meric/f1tenth_ws_mpc_emergency/build/teleop_tools_msgs -- -j6 -l6
[1.291s] [  3%] Built target teleop_tools_msgs__cpp
[1.291s] [ 12%] Built target teleop_tools_msgs__rosidl_generator_c
[1.292s] [ 22%] Built target teleop_tools_msgs__rosidl_typesupport_introspection_cpp
[1.292s] [ 32%] Built target teleop_tools_msgs__rosidl_typesupport_introspection_c
[1.292s] [ 41%] Built target teleop_tools_msgs__rosidl_typesupport_cpp
[1.292s] [ 51%] Built target teleop_tools_msgs__rosidl_typesupport_c
[1.293s] 2025/10/23 16:20:54.470395 cmd_run.go:1398: WARNING: cannot create user data directory: failed to verify SELinux context of /home/meric/snap: cannot locate "matchpathcon" executable
[1.294s] [ 61%] Built target teleop_tools_msgs__rosidl_typesupport_fastrtps_cpp
[1.318s] [ 70%] Built target teleop_tools_msgs__rosidl_typesupport_fastrtps_c
[1.337s] [ 70%] Built target teleop_tools_msgs
[1.356s] [ 74%] Built target teleop_tools_msgs__py
[1.377s] [ 80%] Built target teleop_tools_msgs__python
[1.400s] [ 87%] Built target teleop_tools_msgs__rosidl_typesupport_introspection_c__pyext
[1.402s] [ 93%] Built target teleop_tools_msgs__rosidl_typesupport_c__pyext
[1.404s] [100%] Built target teleop_tools_msgs__rosidl_typesupport_fastrtps_c__pyext
[1.982s] Invoked command in '/home/meric/f1tenth_ws_mpc_emergency/build/teleop_tools_msgs' returned '0': CMAKE_PREFIX_PATH=${CMAKE_PREFIX_PATH}:/home/meric/f1tenth_ws_mpc_emergency/install/f1tenth_stack:/home/meric/f1tenth_ws_mpc_emergency/install/joy_teleop:/home/meric/f1tenth_ws_mpc_emergency/install/stanley2_avoidance:/home/meric/f1tenth_ws_mpc_emergency/install/simple_teleop:/home/meric/f1tenth_ws_mpc_emergency/install/particle_filter:/home/meric/f1tenth_ws_mpc_emergency/install/mouse_teleop:/home/meric/f1tenth_ws_mpc_emergency/install/key_teleop:/opt/ros/foxy /snap/bin/cmake --build /home/meric/f1tenth_ws_mpc_emergency/build/teleop_tools_msgs -- -j6 -l6
[1.986s] Invoking command in '/home/meric/f1tenth_ws_mpc_emergency/build/teleop_tools_msgs': CMAKE_PREFIX_PATH=${CMAKE_PREFIX_PATH}:/home/meric/f1tenth_ws_mpc_emergency/install/f1tenth_stack:/home/meric/f1tenth_ws_mpc_emergency/install/joy_teleop:/home/meric/f1tenth_ws_mpc_emergency/install/stanley2_avoidance:/home/meric/f1tenth_ws_mpc_emergency/install/simple_teleop:/home/meric/f1tenth_ws_mpc_emergency/install/particle_filter:/home/meric/f1tenth_ws_mpc_emergency/install/mouse_teleop:/home/meric/f1tenth_ws_mpc_emergency/install/key_teleop:/opt/ros/foxy /snap/bin/cmake --build /home/meric/f1tenth_ws_mpc_emergency/build/teleop_tools_msgs --target install -- -j6 -l6
[2.123s] 2025/10/23 16:20:56.339807 cmd_run.go:1398: WARNING: cannot create user data directory: failed to verify SELinux context of /home/meric/snap: cannot locate "matchpathcon" executable
[2.227s] [  3%] Built target teleop_tools_msgs__cpp
[2.231s] [ 12%] Built target teleop_tools_msgs__rosidl_generator_c
[2.279s] [ 22%] Built target teleop_tools_msgs__rosidl_typesupport_cpp
[2.281s] [ 32%] Built target teleop_tools_msgs__rosidl_typesupport_fastrtps_cpp
[2.285s] [ 41%] Built target teleop_tools_msgs__rosidl_typesupport_introspection_cpp
[2.343s] [ 51%] Built target teleop_tools_msgs__rosidl_typesupport_fastrtps_c
[2.350s] [ 61%] Built target teleop_tools_msgs__rosidl_typesupport_c
[2.352s] [ 70%] Built target teleop_tools_msgs__rosidl_typesupport_introspection_c
[2.368s] [ 70%] Built target teleop_tools_msgs
[2.399s] [ 74%] Built target teleop_tools_msgs__py
[2.448s] [ 80%] Built target teleop_tools_msgs__python
[2.486s] [ 87%] Built target teleop_tools_msgs__rosidl_typesupport_introspection_c__pyext
[2.504s] [ 93%] Built target teleop_tools_msgs__rosidl_typesupport_fastrtps_c__pyext
[2.513s] [100%] Built target teleop_tools_msgs__rosidl_typesupport_c__pyext
[2.530s] [36mInstall the project...[0m
[2.537s] -- Install configuration: ""
[2.538s] -- Up-to-date: /home/meric/f1tenth_ws_mpc_emergency/install/teleop_tools_msgs/share/ament_index/resource_index/rosidl_interfaces/teleop_tools_msgs
[2.540s] -- Up-to-date: /home/meric/f1tenth_ws_mpc_emergency/install/teleop_tools_msgs/include/teleop_tools_msgs
[2.541s] -- Up-to-date: /home/meric/f1tenth_ws_mpc_emergency/install/teleop_tools_msgs/include/teleop_tools_msgs/msg
[2.541s] -- Up-to-date: /home/meric/f1tenth_ws_mpc_emergency/install/teleop_tools_msgs/include/teleop_tools_msgs/msg/rosidl_generator_c__visibility_control.h
[2.542s] -- Up-to-date: /home/meric/f1tenth_ws_mpc_emergency/install/teleop_tools_msgs/include/teleop_tools_msgs/action
[2.542s] -- Up-to-date: /home/meric/f1tenth_ws_mpc_emergency/install/teleop_tools_msgs/include/teleop_tools_msgs/action/detail
[2.543s] -- Up-to-date: /home/meric/f1tenth_ws_mpc_emergency/install/teleop_tools_msgs/include/teleop_tools_msgs/action/detail/increment__functions.h
[2.543s] -- Up-to-date: /home/meric/f1tenth_ws_mpc_emergency/install/teleop_tools_msgs/include/teleop_tools_msgs/action/detail/increment__struct.h
[2.544s] -- Up-to-date: /home/meric/f1tenth_ws_mpc_emergency/install/teleop_tools_msgs/include/teleop_tools_msgs/action/detail/increment__type_support.h
[2.544s] -- Up-to-date: /home/meric/f1tenth_ws_mpc_emergency/install/teleop_tools_msgs/include/teleop_tools_msgs/action/detail/increment__functions.c
[2.545s] -- Up-to-date: /home/meric/f1tenth_ws_mpc_emergency/install/teleop_tools_msgs/include/teleop_tools_msgs/action/increment.h
[2.545s] -- Up-to-date: /home/meric/f1tenth_ws_mpc_emergency/install/teleop_tools_msgs/share/teleop_tools_msgs/environment/library_path.sh
[2.546s] -- Up-to-date: /home/meric/f1tenth_ws_mpc_emergency/install/teleop_tools_msgs/share/teleop_tools_msgs/environment/library_path.dsv
[2.556s] -- Up-to-date: /home/meric/f1tenth_ws_mpc_emergency/install/teleop_tools_msgs/lib/libteleop_tools_msgs__rosidl_generator_c.so
[2.556s] -- Up-to-date: /home/meric/f1tenth_ws_mpc_emergency/install/teleop_tools_msgs/include/teleop_tools_msgs
[2.557s] -- Up-to-date: /home/meric/f1tenth_ws_mpc_emergency/install/teleop_tools_msgs/include/teleop_tools_msgs/msg
[2.557s] -- Up-to-date: /home/meric/f1tenth_ws_mpc_emergency/install/teleop_tools_msgs/include/teleop_tools_msgs/msg/rosidl_typesupport_fastrtps_c__visibility_control.h
[2.557s] -- Up-to-date: /home/meric/f1tenth_ws_mpc_emergency/install/teleop_tools_msgs/include/teleop_tools_msgs/action
[2.557s] -- Up-to-date: /home/meric/f1tenth_ws_mpc_emergency/install/teleop_tools_msgs/include/teleop_tools_msgs/action/detail
[2.558s] -- Up-to-date: /home/meric/f1tenth_ws_mpc_emergency/install/teleop_tools_msgs/include/teleop_tools_msgs/action/detail/increment__rosidl_typesupport_fastrtps_c.h
[2.558s] -- Up-to-date: /home/meric/f1tenth_ws_mpc_emergency/install/teleop_tools_msgs/lib/libteleop_tools_msgs__rosidl_typesupport_fastrtps_c.so
[2.559s] -- Up-to-date: /home/meric/f1tenth_ws_mpc_emergency/install/teleop_tools_msgs/include/teleop_tools_msgs
[2.560s] -- Up-to-date: /home/meric/f1tenth_ws_mpc_emergency/install/teleop_tools_msgs/include/teleop_tools_msgs/msg
[2.560s] -- Up-to-date: /home/meric/f1tenth_ws_mpc_emergency/install/teleop_tools_msgs/include/teleop_tools_msgs/msg/rosidl_typesupport_fastrtps_cpp__visibility_control.h
[2.560s] -- Up-to-date: /home/meric/f1tenth_ws_mpc_emergency/install/teleop_tools_msgs/include/teleop_tools_msgs/action
[2.561s] -- Up-to-date: /home/meric/f1tenth_ws_mpc_emergency/install/teleop_tools_msgs/include/teleop_tools_msgs/action/detail
[2.562s] -- Up-to-date: /home/meric/f1tenth_ws_mpc_emergency/install/teleop_tools_msgs/include/teleop_tools_msgs/action/detail/increment__rosidl_typesupport_fastrtps_cpp.hpp
[2.562s] -- Up-to-date: /home/meric/f1tenth_ws_mpc_emergency/install/teleop_tools_msgs/include/teleop_tools_msgs/action/detail/dds_fastrtps
[2.564s] -- Up-to-date: /home/meric/f1tenth_ws_mpc_emergency/install/teleop_tools_msgs/lib/libteleop_tools_msgs__rosidl_typesupport_fastrtps_cpp.so
[2.565s] -- Up-to-date: /home/meric/f1tenth_ws_mpc_emergency/install/teleop_tools_msgs/include/teleop_tools_msgs
[2.565s] -- Up-to-date: /home/meric/f1tenth_ws_mpc_emergency/install/teleop_tools_msgs/include/teleop_tools_msgs/msg
[2.566s] -- Up-to-date: /home/meric/f1tenth_ws_mpc_emergency/install/teleop_tools_msgs/include/teleop_tools_msgs/msg/rosidl_typesupport_introspection_c__visibility_control.h
[2.567s] -- Up-to-date: /home/meric/f1tenth_ws_mpc_emergency/install/teleop_tools_msgs/include/teleop_tools_msgs/action
[2.571s] -- Up-to-date: /home/meric/f1tenth_ws_mpc_emergency/install/teleop_tools_msgs/include/teleop_tools_msgs/action/detail
[2.572s] -- Up-to-date: /home/meric/f1tenth_ws_mpc_emergency/install/teleop_tools_msgs/include/teleop_tools_msgs/action/detail/increment__rosidl_typesupport_introspection_c.h
[2.574s] -- Up-to-date: /home/meric/f1tenth_ws_mpc_emergency/install/teleop_tools_msgs/include/teleop_tools_msgs/action/detail/increment__type_support.c
[2.577s] -- Up-to-date: /home/meric/f1tenth_ws_mpc_emergency/install/teleop_tools_msgs/lib/libteleop_tools_msgs__rosidl_typesupport_introspection_c.so
[2.580s] -- Up-to-date: /home/meric/f1tenth_ws_mpc_emergency/install/teleop_tools_msgs/lib/libteleop_tools_msgs__rosidl_typesupport_c.so
[2.580s] -- Up-to-date: /home/meric/f1tenth_ws_mpc_emergency/install/teleop_tools_msgs/include/teleop_tools_msgs
[2.580s] -- Up-to-date: /home/meric/f1tenth_ws_mpc_emergency/install/teleop_tools_msgs/include/teleop_tools_msgs/msg
[2.580s] -- Up-to-date: /home/meric/f1tenth_ws_mpc_emergency/install/teleop_tools_msgs/include/teleop_tools_msgs/msg/rosidl_generator_cpp__visibility_control.hpp
[2.580s] -- Up-to-date: /home/meric/f1tenth_ws_mpc_emergency/install/teleop_tools_msgs/include/teleop_tools_msgs/action
[2.581s] -- Up-to-date: /home/meric/f1tenth_ws_mpc_emergency/install/teleop_tools_msgs/include/teleop_tools_msgs/action/increment.hpp
[2.581s] -- Up-to-date: /home/meric/f1tenth_ws_mpc_emergency/install/teleop_tools_msgs/include/teleop_tools_msgs/action/detail
[2.581s] -- Up-to-date: /home/meric/f1tenth_ws_mpc_emergency/install/teleop_tools_msgs/include/teleop_tools_msgs/action/detail/increment__struct.hpp
[2.581s] -- Up-to-date: /home/meric/f1tenth_ws_mpc_emergency/install/teleop_tools_msgs/include/teleop_tools_msgs/action/detail/increment__traits.hpp
[2.581s] -- Up-to-date: /home/meric/f1tenth_ws_mpc_emergency/install/teleop_tools_msgs/include/teleop_tools_msgs/action/detail/increment__type_support.hpp
[2.582s] -- Up-to-date: /home/meric/f1tenth_ws_mpc_emergency/install/teleop_tools_msgs/include/teleop_tools_msgs/action/detail/increment__builder.hpp
[2.582s] -- Up-to-date: /home/meric/f1tenth_ws_mpc_emergency/install/teleop_tools_msgs/include/teleop_tools_msgs
[2.582s] -- Up-to-date: /home/meric/f1tenth_ws_mpc_emergency/install/teleop_tools_msgs/include/teleop_tools_msgs/action
[2.583s] -- Up-to-date: /home/meric/f1tenth_ws_mpc_emergency/install/teleop_tools_msgs/include/teleop_tools_msgs/action/detail
[2.583s] -- Up-to-date: /home/meric/f1tenth_ws_mpc_emergency/install/teleop_tools_msgs/include/teleop_tools_msgs/action/detail/increment__rosidl_typesupport_introspection_cpp.hpp
[2.583s] -- Up-to-date: /home/meric/f1tenth_ws_mpc_emergency/install/teleop_tools_msgs/include/teleop_tools_msgs/action/detail/increment__type_support.cpp
[2.583s] -- Up-to-date: /home/meric/f1tenth_ws_mpc_emergency/install/teleop_tools_msgs/lib/libteleop_tools_msgs__rosidl_typesupport_introspection_cpp.so
[2.587s] -- Up-to-date: /home/meric/f1tenth_ws_mpc_emergency/install/teleop_tools_msgs/lib/libteleop_tools_msgs__rosidl_typesupport_cpp.so
[2.597s] -- Up-to-date: /home/meric/f1tenth_ws_mpc_emergency/install/teleop_tools_msgs/share/teleop_tools_msgs/environment/pythonpath.sh
[2.597s] -- Up-to-date: /home/meric/f1tenth_ws_mpc_emergency/install/teleop_tools_msgs/share/teleop_tools_msgs/environment/pythonpath.dsv
[2.597s] -- Up-to-date: /home/meric/f1tenth_ws_mpc_emergency/install/teleop_tools_msgs/lib/python3.8/site-packages/teleop_tools_msgs/__init__.py
[2.722s] -- Up-to-date: /home/meric/f1tenth_ws_mpc_emergency/install/teleop_tools_msgs/lib/python3.8/site-packages/teleop_tools_msgs/action
[2.722s] -- Up-to-date: /home/meric/f1tenth_ws_mpc_emergency/install/teleop_tools_msgs/lib/python3.8/site-packages/teleop_tools_msgs/action/_increment.py
[2.723s] -- Up-to-date: /home/meric/f1tenth_ws_mpc_emergency/install/teleop_tools_msgs/lib/python3.8/site-packages/teleop_tools_msgs/action/__init__.py
[2.723s] -- Up-to-date: /home/meric/f1tenth_ws_mpc_emergency/install/teleop_tools_msgs/lib/python3.8/site-packages/teleop_tools_msgs/action/_increment_s.c
[2.725s] -- Up-to-date: /home/meric/f1tenth_ws_mpc_emergency/install/teleop_tools_msgs/lib/python3.8/site-packages/teleop_tools_msgs/teleop_tools_msgs_s__rosidl_typesupport_fastrtps_c.cpython-38-aarch64-linux-gnu.so
[2.726s] -- Up-to-date: /home/meric/f1tenth_ws_mpc_emergency/install/teleop_tools_msgs/lib/python3.8/site-packages/teleop_tools_msgs/teleop_tools_msgs_s__rosidl_typesupport_introspection_c.cpython-38-aarch64-linux-gnu.so
[2.728s] -- Up-to-date: /home/meric/f1tenth_ws_mpc_emergency/install/teleop_tools_msgs/lib/python3.8/site-packages/teleop_tools_msgs/teleop_tools_msgs_s__rosidl_typesupport_c.cpython-38-aarch64-linux-gnu.so
[2.730s] -- Up-to-date: /home/meric/f1tenth_ws_mpc_emergency/install/teleop_tools_msgs/lib/libteleop_tools_msgs__python.so
[2.731s] -- Up-to-date: /home/meric/f1tenth_ws_mpc_emergency/install/teleop_tools_msgs/share/teleop_tools_msgs/action/Increment.idl
[2.731s] -- Up-to-date: /home/meric/f1tenth_ws_mpc_emergency/install/teleop_tools_msgs/share/teleop_tools_msgs/action/Increment.action
[2.732s] -- Up-to-date: /home/meric/f1tenth_ws_mpc_emergency/install/teleop_tools_msgs/share/ament_index/resource_index/package_run_dependencies/teleop_tools_msgs
[2.732s] -- Up-to-date: /home/meric/f1tenth_ws_mpc_emergency/install/teleop_tools_msgs/share/ament_index/resource_index/parent_prefix_path/teleop_tools_msgs
[2.733s] -- Up-to-date: /home/meric/f1tenth_ws_mpc_emergency/install/teleop_tools_msgs/share/teleop_tools_msgs/environment/ament_prefix_path.sh
[2.734s] -- Up-to-date: /home/meric/f1tenth_ws_mpc_emergency/install/teleop_tools_msgs/share/teleop_tools_msgs/environment/ament_prefix_path.dsv
[2.735s] -- Up-to-date: /home/meric/f1tenth_ws_mpc_emergency/install/teleop_tools_msgs/share/teleop_tools_msgs/environment/path.sh
[2.735s] -- Up-to-date: /home/meric/f1tenth_ws_mpc_emergency/install/teleop_tools_msgs/share/teleop_tools_msgs/environment/path.dsv
[2.735s] -- Up-to-date: /home/meric/f1tenth_ws_mpc_emergency/install/teleop_tools_msgs/share/teleop_tools_msgs/local_setup.bash
[2.738s] -- Up-to-date: /home/meric/f1tenth_ws_mpc_emergency/install/teleop_tools_msgs/share/teleop_tools_msgs/local_setup.sh
[2.738s] -- Up-to-date: /home/meric/f1tenth_ws_mpc_emergency/install/teleop_tools_msgs/share/teleop_tools_msgs/local_setup.zsh
[2.739s] -- Up-to-date: /home/meric/f1tenth_ws_mpc_emergency/install/teleop_tools_msgs/share/teleop_tools_msgs/local_setup.dsv
[2.740s] -- Installing: /home/meric/f1tenth_ws_mpc_emergency/install/teleop_tools_msgs/share/teleop_tools_msgs/package.dsv
[2.742s] -- Up-to-date: /home/meric/f1tenth_ws_mpc_emergency/install/teleop_tools_msgs/share/ament_index/resource_index/packages/teleop_tools_msgs
[2.743s] -- Up-to-date: /home/meric/f1tenth_ws_mpc_emergency/install/teleop_tools_msgs/share/teleop_tools_msgs/cmake/teleop_tools_msgs__rosidl_generator_cExport.cmake
[2.743s] -- Up-to-date: /home/meric/f1tenth_ws_mpc_emergency/install/teleop_tools_msgs/share/teleop_tools_msgs/cmake/teleop_tools_msgs__rosidl_generator_cExport-noconfig.cmake
[2.744s] -- Up-to-date: /home/meric/f1tenth_ws_mpc_emergency/install/teleop_tools_msgs/share/teleop_tools_msgs/cmake/teleop_tools_msgs__rosidl_typesupport_introspection_cExport.cmake
[2.744s] -- Up-to-date: /home/meric/f1tenth_ws_mpc_emergency/install/teleop_tools_msgs/share/teleop_tools_msgs/cmake/teleop_tools_msgs__rosidl_typesupport_introspection_cExport-noconfig.cmake
[2.745s] -- Up-to-date: /home/meric/f1tenth_ws_mpc_emergency/install/teleop_tools_msgs/share/teleop_tools_msgs/cmake/teleop_tools_msgs__rosidl_typesupport_cExport.cmake
[2.745s] -- Up-to-date: /home/meric/f1tenth_ws_mpc_emergency/install/teleop_tools_msgs/share/teleop_tools_msgs/cmake/teleop_tools_msgs__rosidl_typesupport_cExport-noconfig.cmake
[2.749s] -- Up-to-date: /home/meric/f1tenth_ws_mpc_emergency/install/teleop_tools_msgs/share/teleop_tools_msgs/cmake/teleop_tools_msgs__rosidl_generator_cppExport.cmake
[2.750s] -- Up-to-date: /home/meric/f1tenth_ws_mpc_emergency/install/teleop_tools_msgs/share/teleop_tools_msgs/cmake/teleop_tools_msgs__rosidl_typesupport_introspection_cppExport.cmake
[2.750s] -- Up-to-date: /home/meric/f1tenth_ws_mpc_emergency/install/teleop_tools_msgs/share/teleop_tools_msgs/cmake/teleop_tools_msgs__rosidl_typesupport_introspection_cppExport-noconfig.cmake
[2.752s] -- Up-to-date: /home/meric/f1tenth_ws_mpc_emergency/install/teleop_tools_msgs/share/teleop_tools_msgs/cmake/teleop_tools_msgs__rosidl_typesupport_cppExport.cmake
[2.752s] -- Up-to-date: /home/meric/f1tenth_ws_mpc_emergency/install/teleop_tools_msgs/share/teleop_tools_msgs/cmake/teleop_tools_msgs__rosidl_typesupport_cppExport-noconfig.cmake
[2.753s] -- Up-to-date: /home/meric/f1tenth_ws_mpc_emergency/install/teleop_tools_msgs/share/teleop_tools_msgs/cmake/rosidl_cmake-extras.cmake
[2.753s] -- Up-to-date: /home/meric/f1tenth_ws_mpc_emergency/install/teleop_tools_msgs/share/teleop_tools_msgs/cmake/ament_cmake_export_dependencies-extras.cmake
[2.753s] -- Up-to-date: /home/meric/f1tenth_ws_mpc_emergency/install/teleop_tools_msgs/share/teleop_tools_msgs/cmake/ament_cmake_export_libraries-extras.cmake
[2.754s] -- Up-to-date: /home/meric/f1tenth_ws_mpc_emergency/install/teleop_tools_msgs/share/teleop_tools_msgs/cmake/ament_cmake_export_targets-extras.cmake
[2.754s] -- Up-to-date: /home/meric/f1tenth_ws_mpc_emergency/install/teleop_tools_msgs/share/teleop_tools_msgs/cmake/ament_cmake_export_include_directories-extras.cmake
[2.754s] -- Up-to-date: /home/meric/f1tenth_ws_mpc_emergency/install/teleop_tools_msgs/share/teleop_tools_msgs/cmake/rosidl_cmake_export_typesupport_libraries-extras.cmake
[2.754s] -- Up-to-date: /home/meric/f1tenth_ws_mpc_emergency/install/teleop_tools_msgs/share/teleop_tools_msgs/cmake/rosidl_cmake_export_typesupport_targets-extras.cmake
[2.754s] -- Up-to-date: /home/meric/f1tenth_ws_mpc_emergency/install/teleop_tools_msgs/share/teleop_tools_msgs/cmake/teleop_tools_msgsConfig.cmake
[2.754s] -- Up-to-date: /home/meric/f1tenth_ws_mpc_emergency/install/teleop_tools_msgs/share/teleop_tools_msgs/cmake/teleop_tools_msgsConfig-version.cmake
[2.754s] -- Up-to-date: /home/meric/f1tenth_ws_mpc_emergency/install/teleop_tools_msgs/share/teleop_tools_msgs/package.xml
[2.844s] Invoked command in '/home/meric/f1tenth_ws_mpc_emergency/build/teleop_tools_msgs' returned '0': CMAKE_PREFIX_PATH=${CMAKE_PREFIX_PATH}:/home/meric/f1tenth_ws_mpc_emergency/install/f1tenth_stack:/home/meric/f1tenth_ws_mpc_emergency/install/joy_teleop:/home/meric/f1tenth_ws_mpc_emergency/install/stanley2_avoidance:/home/meric/f1tenth_ws_mpc_emergency/install/simple_teleop:/home/meric/f1tenth_ws_mpc_emergency/install/particle_filter:/home/meric/f1tenth_ws_mpc_emergency/install/mouse_teleop:/home/meric/f1tenth_ws_mpc_emergency/install/key_teleop:/opt/ros/foxy /snap/bin/cmake --build /home/meric/f1tenth_ws_mpc_emergency/build/teleop_tools_msgs --target install -- -j6 -l6
